3.1312 	ERROR 	Plugin `psychopy-cedrus` entry point requires module `psychopy_cedrus`, but it cannot be imported.
3.4066 	ERROR 	Support for the `sounddevice` audio backend is not available this session. Please install `psychopy-sounddevice` and restart the session to enable support.
12.8818 	WARNING 	User requested fullscreen with size [1440  900], but screen is actually [1512, 982]. Using actual size
13.0475 	EXP 	Created window1 = Window(allowGUI=True, allowStencil=False, autoLog=True, backendConf=UNKNOWN, backgroundFit=<method-wrapper '__getattribute__' of attributeSetter object at 0x7f9b1f976190>, backgroundImage=<method-wrapper '__getattribute__' of attributeSetter object at 0x7f9b1f976130>, bitsMode=UNKNOWN, blendMode='avg', bpc=(8, 8, 8), color=array([0, 0, 0]), colorSpace='rgb', depthBits=8, fullscr=<method-wrapper '__getattribute__' of attributeSetter object at 0x7f9b3102dfd0>, gamma=None, gammaErrorPolicy='raise', infoMsg=UNKNOWN, lms=UNKNOWN, monitor=<psychopy.monitors.calibTools.Monitor object at 0x7f9b405e8700>, multiSample=False, name='window1', numSamples=2, pos=[378.0, 245.5], screen=0, size=array([3024, 1964]), stencilBits=0, stereo=False, title='PsychoPy', units='height', useFBO=True, useRetina=True, viewOri=0.0, viewPos=None, viewScale=None, waitBlanking=True, winType='pyglet')
13.0476 	EXP 	window1: mouseVisible = True
13.0476 	EXP 	window1: backgroundImage = ''
13.0476 	EXP 	window1: backgroundFit = 'none'
13.0478 	EXP 	window1: mouseVisible = True
13.0479 	EXP 	window1: mouseVisible = True
13.0498 	EXP 	window1: mouseVisible = True
13.0502 	EXP 	window1: mouseVisible = True
13.0802 	EXP 	window1: mouseVisible = True
13.0803 	EXP 	window1: mouseVisible = True
13.0807 	EXP 	window1: mouseVisible = True
13.0811 	EXP 	window1: mouseVisible = True
13.0922 	EXP 	window1: Attempting to measure frame rate of screen (0) ...
13.0923 	EXP 	window1: recordFrameIntervals = False
13.1985 	EXP 	window1: recordFrameIntervals = True
14.0289 	WARNING 	Couldn't measure a consistent frame rate!
  - Is your graphics card set to sync to vertical blank?
  - Are you running other processes on your computer?

14.0334 	EXP 	window1: mouseVisible = False
15.8334 	EXP 	helloworld: status = STARTED
15.8343 	EXP 	window1: mouseVisible = True
15.8719 	EXP 	Created start_trial_text = TextStim(__class__=<class 'psychopy.visual.text.TextStim'>, alignHoriz=method-wrapper(...), alignText='center', alignVert=method-wrapper(...), anchorHoriz='center', anchorVert='center', antialias=True, autoDraw=False, autoLog=True, bold=False, color=array([1., 1., 1.]), colorSpace='rgb', contrast=1.0, depth=0.0, draggable=False, flipHoriz=False, flipVert=False, font='Arial', fontFiles=[], height=0.04, italic=False, languageStyle='LTR', name='start_trial_text', opacity=1.0, ori=0.0, pos=array([-0.3 ,  0.25]), rgb=UNKNOWN, text='Press any button to continue', units='height', win=Window(...), wrapWidth=1)
15.8719 	EXP 	window1: mouseVisible = True
15.8720 	EXP 	window1: mouseVisible = True
15.8725 	EXP 	window1: mouseVisible = True
15.8737 	EXP 	Created noise_0 = NoiseStim(__class__=<class 'psychopy_visionscience.noise.NoiseStim'>, anchor='center', autoDraw=False, autoLog=True, blendmode='add', color=array([0.5, 0.5, 0.5]), colorSpace='rgb', contrast=0.5, depth=-1.0, draggable=False, interpolate=False, mask='none', maskParams=None, name='noise_0', opacity=1.0, ori=0.0, phase=array([0., 0.]), pos=array([0., 0.]), rgbPedestal=array([0., 0., 0.]), sf=array([1., 1.]), size=array([1., 1.]), tex='sin', texRes=128, units='height', win=Window(...))
15.9193 	EXP 	window1: mouseVisible = True
15.9204 	EXP 	Created noise = NoiseStim(__class__=<class 'psychopy_visionscience.noise.NoiseStim'>, anchor='center', autoDraw=False, autoLog=True, blendmode='add', color=array([0.5, 0.5, 0.5]), colorSpace='rgb', contrast=0.5, depth=-2.0, draggable=False, interpolate=False, mask='none', maskParams=None, name='noise', opacity=1.0, ori=0.0, phase=array([0., 0.]), pos=array([0., 0.]), rgbPedestal=array([0., 0., 0.]), sf=array([1., 1.]), size=array([1., 1.]), tex='sin', texRes=128, units='height', win=Window(...))
15.9607 	EXP 	window1: mouseVisible = True
15.9788 	EXP 	Created blob_0 = GratingStim(__class__=<class 'psychopy.visual.grating.GratingStim'>, anchor='center', autoDraw=False, autoLog=True, blendmode='add', color=array([1., 1., 1.]), colorSpace='rgb', contrast=1.0, depth=-3.0, draggable=False, interpolate=True, mask='gauss', maskParams=None, name='blob_0', opacity=1.0, ori=45.0, phase=array([0.25, 0.25]), pos=array([0., 0.]), rgbPedestal=array([0., 0., 0.]), sf=array([1., 1.]), size=array([1., 1.]), tex=ndarray(...), texRes=512.0, units='height', win=Window(...))
15.9789 	EXP 	window1: mouseVisible = True
15.9921 	EXP 	Created blob = GratingStim(__class__=<class 'psychopy.visual.grating.GratingStim'>, anchor='center', autoDraw=False, autoLog=True, blendmode='add', color=array([1., 1., 1.]), colorSpace='rgb', contrast=1.0, depth=-4.0, draggable=False, interpolate=True, mask='gauss', maskParams=None, name='blob', opacity=1.0, ori=45.0, phase=array([0.25, 0.25]), pos=array([0., 0.]), rgbPedestal=array([0., 0., 0.]), sf=array([1., 1.]), size=array([1., 1.]), tex=ndarray(...), texRes=512.0, units='height', win=Window(...))
15.9923 	EXP 	window1: mouseVisible = True
15.9979 	EXP 	Created cursor = ShapeStim(__class__=<class 'psychopy.visual.shape.ShapeStim'>, anchor=('center', 'center'), autoDraw=False, autoLog=True, closeShape=True, color=method-wrapper(...), colorSpace='rgb', contrast=None, depth=-6.0, draggable=False, fillColor=array([ 1, -1, -1]), fillColorSpace='rgb', fillRGB=array([ 1, -1, -1]), interpolate=True, lineColor=array([ 1., -1., -1.]), lineColorSpace='rgb', lineRGB=array([ 1, -1, -1]), lineWidth=1.0, name='cursor', opacity=1.0, ori=0.0, pos=array([0., 0.]), size=array([0.005, 0.005]), units='height', vertices=ndarray(...), win=Window(...), windingRule=None)
0.0072 	EXP 	noise_0: blendmode = 'add'
0.0072 	EXP 	noise_0: mask = None
0.0072 	EXP 	noise_0: texRes = 512
0.0072 	EXP 	noise_0: noiseType = 'White'
0.0072 	EXP 	noise_0: noiseImage = None
0.0072 	EXP 	noise_0: noiseElementSize = [0.0625]
0.0072 	EXP 	noise_0: noiseBaseSf = 8.0
0.0072 	EXP 	noise_0: noiseBW = 1.0
0.0072 	EXP 	noise_0: noiseBWO = 30.0
0.0072 	EXP 	noise_0: noiseFractalPower = 0.0
0.0072 	EXP 	noise_0: noiseFilterUpper = 8.0
0.0072 	EXP 	noise_0: noiseFilterLower = 1.0
0.0072 	EXP 	noise_0: noiseFilterOrder = 0.0
0.0072 	EXP 	noise_0: noiseClip = 3.0
0.0072 	EXP 	noise_0: filter = None
0.0072 	EXP 	noise_0: tex = <class 'numpy.ndarray'>
0.0072 	EXP 	noise_0: tex = <class 'numpy.ndarray'>
0.0072 	EXP 	noise: blendmode = 'add'
0.0072 	EXP 	noise: mask = None
0.0072 	EXP 	noise: texRes = 512
0.0072 	EXP 	noise: noiseType = 'White'
0.0072 	EXP 	noise: noiseImage = None
0.0072 	EXP 	noise: noiseElementSize = [0.0625]
0.0072 	EXP 	noise: noiseBaseSf = 8.0
0.0072 	EXP 	noise: noiseBW = 1.0
0.0072 	EXP 	noise: noiseBWO = 30.0
0.0072 	EXP 	noise: noiseFractalPower = 0.0
0.0072 	EXP 	noise: noiseFilterUpper = 8.0
0.0072 	EXP 	noise: noiseFilterLower = 1.0
0.0072 	EXP 	noise: noiseFilterOrder = 0.0
0.0072 	EXP 	noise: noiseClip = 3.0
0.0072 	EXP 	noise: filter = None
0.0072 	EXP 	noise: tex = <class 'numpy.ndarray'>
0.0072 	EXP 	noise: tex = <class 'numpy.ndarray'>
0.0127 	EXP 	Imported Bonnen2015Conditions.csv as conditions, 4 conditions, 4 params
0.0131 	EXP 	Created sequence: random, trialTypes=4, nReps=1, seed=None
0.0133 	EXP 	New trial (rep=0, index=0): OrderedDict([('blobHeight', 0.2593), ('blobWidth', 0.27), ('mask', '$np.ones((512,512))'), ('sig', 0.01)])
0.0178 	EXP 	start_trial_text: autoDraw = True
1.3249 	DATA 	Keypress: return
1.3282 	WARNING 	t of last frame was 36.68ms (=1/27)
2.9108 	DATA 	Keypress: space
3.2746 	DATA 	Mouse: Left button down, pos=(808,690)
3.3097 	EXP 	window1: mouseVisible = 0
3.3776 	WARNING 	t of last frame was 103.72ms (=1/9)
3.3776 	EXP 	start_trial_text: autoDraw = False
3.3776 	EXP 	blob_0: tex = <class 'numpy.ndarray'>
3.3776 	EXP 	blob: tex = <class 'numpy.ndarray'>
3.3776 	EXP 	noise_0: autoDraw = True
3.3776 	EXP 	noise_0: tex = <class 'numpy.ndarray'>
3.3776 	EXP 	blob_0: autoDraw = True
3.3776 	EXP 	cursor: autoDraw = True
3.3970 	DATA 	Mouse:  Left button up, pos=(756,491)
3.3990 	WARNING 	t of last frame was 21.38ms (=1/46)
3.3990 	EXP 	noise_0: tex = <class 'numpy.ndarray'>
3.4202 	WARNING 	t of last frame was 21.19ms (=1/47)
3.4202 	EXP 	noise_0: tex = <class 'numpy.ndarray'>
3.4386 	EXP 	noise_0: tex = <class 'numpy.ndarray'>
3.4548 	EXP 	noise_0: tex = <class 'numpy.ndarray'>
3.4709 	EXP 	noise_0: tex = <class 'numpy.ndarray'>
3.4872 	EXP 	noise_0: tex = <class 'numpy.ndarray'>
3.5032 	EXP 	noise_0: tex = <class 'numpy.ndarray'>
3.5195 	EXP 	noise_0: tex = <class 'numpy.ndarray'>
3.5362 	EXP 	noise_0: tex = <class 'numpy.ndarray'>
3.5524 	EXP 	noise_0: tex = <class 'numpy.ndarray'>
3.5686 	EXP 	noise_0: tex = <class 'numpy.ndarray'>
3.5844 	EXP 	noise_0: tex = <class 'numpy.ndarray'>
3.6011 	EXP 	noise_0: tex = <class 'numpy.ndarray'>
3.6170 	EXP 	noise_0: tex = <class 'numpy.ndarray'>
3.6331 	EXP 	noise_0: tex = <class 'numpy.ndarray'>
3.6492 	EXP 	noise_0: tex = <class 'numpy.ndarray'>
3.6654 	EXP 	noise_0: tex = <class 'numpy.ndarray'>
3.6814 	EXP 	noise_0: tex = <class 'numpy.ndarray'>
3.6975 	EXP 	noise_0: tex = <class 'numpy.ndarray'>
3.7139 	EXP 	noise_0: tex = <class 'numpy.ndarray'>
3.7301 	EXP 	noise_0: tex = <class 'numpy.ndarray'>
3.7466 	EXP 	noise_0: tex = <class 'numpy.ndarray'>
3.7631 	EXP 	noise_0: tex = <class 'numpy.ndarray'>
3.7809 	EXP 	noise_0: tex = <class 'numpy.ndarray'>
3.8125 	WARNING 	Multiple dropped frames have occurred - I'll stop bothering you about them!
3.8125 	EXP 	noise_0: tex = <class 'numpy.ndarray'>
3.8125 	EXP 	noise: autoDraw = True
3.8125 	EXP 	noise: tex = <class 'numpy.ndarray'>
3.8125 	EXP 	blob: autoDraw = True
3.8425 	EXP 	noise_0: tex = <class 'numpy.ndarray'>
3.8425 	EXP 	noise: tex = <class 'numpy.ndarray'>
3.8719 	EXP 	noise_0: tex = <class 'numpy.ndarray'>
3.8719 	EXP 	noise: tex = <class 'numpy.ndarray'>
3.8885 	EXP 	noise_0: autoDraw = False
3.8885 	EXP 	noise: tex = <class 'numpy.ndarray'>
3.8885 	EXP 	blob_0: autoDraw = False
3.9062 	EXP 	noise: tex = <class 'numpy.ndarray'>
3.9227 	EXP 	noise: tex = <class 'numpy.ndarray'>
3.9390 	EXP 	noise: tex = <class 'numpy.ndarray'>
3.9553 	EXP 	noise: tex = <class 'numpy.ndarray'>
3.9714 	EXP 	noise: tex = <class 'numpy.ndarray'>
3.9878 	EXP 	noise: tex = <class 'numpy.ndarray'>
4.0043 	EXP 	noise: tex = <class 'numpy.ndarray'>
4.0210 	EXP 	noise: tex = <class 'numpy.ndarray'>
4.0372 	EXP 	noise: tex = <class 'numpy.ndarray'>
4.0534 	EXP 	noise: tex = <class 'numpy.ndarray'>
4.0699 	EXP 	noise: tex = <class 'numpy.ndarray'>
4.0862 	EXP 	noise: tex = <class 'numpy.ndarray'>
4.1022 	EXP 	noise: tex = <class 'numpy.ndarray'>
4.1188 	EXP 	noise: tex = <class 'numpy.ndarray'>
4.1365 	EXP 	noise: tex = <class 'numpy.ndarray'>
4.1531 	EXP 	noise: tex = <class 'numpy.ndarray'>
4.1692 	EXP 	noise: tex = <class 'numpy.ndarray'>
4.1856 	EXP 	noise: tex = <class 'numpy.ndarray'>
4.2021 	EXP 	noise: tex = <class 'numpy.ndarray'>
4.2183 	EXP 	noise: tex = <class 'numpy.ndarray'>
4.2345 	EXP 	noise: tex = <class 'numpy.ndarray'>
4.2507 	EXP 	noise: tex = <class 'numpy.ndarray'>
4.2671 	EXP 	noise: tex = <class 'numpy.ndarray'>
4.2838 	EXP 	noise: tex = <class 'numpy.ndarray'>
4.3006 	EXP 	noise: tex = <class 'numpy.ndarray'>
4.3172 	EXP 	noise: tex = <class 'numpy.ndarray'>
4.3339 	EXP 	noise: tex = <class 'numpy.ndarray'>
4.3504 	EXP 	noise: tex = <class 'numpy.ndarray'>
4.3666 	EXP 	noise: tex = <class 'numpy.ndarray'>
4.3828 	EXP 	noise: tex = <class 'numpy.ndarray'>
4.3992 	EXP 	noise: tex = <class 'numpy.ndarray'>
4.4153 	EXP 	noise: tex = <class 'numpy.ndarray'>
4.4318 	EXP 	noise: tex = <class 'numpy.ndarray'>
4.4482 	EXP 	noise: tex = <class 'numpy.ndarray'>
4.4646 	EXP 	noise: tex = <class 'numpy.ndarray'>
4.4809 	EXP 	noise: tex = <class 'numpy.ndarray'>
4.4969 	EXP 	noise: tex = <class 'numpy.ndarray'>
4.5131 	EXP 	noise: tex = <class 'numpy.ndarray'>
4.5293 	EXP 	noise: tex = <class 'numpy.ndarray'>
4.5459 	EXP 	noise: tex = <class 'numpy.ndarray'>
4.5623 	EXP 	noise: tex = <class 'numpy.ndarray'>
4.5785 	EXP 	noise: tex = <class 'numpy.ndarray'>
4.5947 	EXP 	noise: tex = <class 'numpy.ndarray'>
4.6111 	EXP 	noise: tex = <class 'numpy.ndarray'>
4.6272 	EXP 	noise: tex = <class 'numpy.ndarray'>
4.6436 	EXP 	noise: tex = <class 'numpy.ndarray'>
4.6597 	EXP 	noise: tex = <class 'numpy.ndarray'>
4.6762 	EXP 	noise: tex = <class 'numpy.ndarray'>
4.6922 	EXP 	noise: tex = <class 'numpy.ndarray'>
4.7082 	EXP 	noise: tex = <class 'numpy.ndarray'>
4.7244 	EXP 	noise: tex = <class 'numpy.ndarray'>
4.7406 	EXP 	noise: tex = <class 'numpy.ndarray'>
4.7570 	EXP 	noise: tex = <class 'numpy.ndarray'>
4.7733 	EXP 	noise: tex = <class 'numpy.ndarray'>
4.7898 	EXP 	noise: tex = <class 'numpy.ndarray'>
4.8061 	EXP 	noise: tex = <class 'numpy.ndarray'>
4.8224 	EXP 	noise: tex = <class 'numpy.ndarray'>
4.8387 	EXP 	noise: tex = <class 'numpy.ndarray'>
4.8552 	EXP 	noise: tex = <class 'numpy.ndarray'>
4.8715 	EXP 	noise: tex = <class 'numpy.ndarray'>
4.8876 	EXP 	noise: tex = <class 'numpy.ndarray'>
4.9040 	EXP 	noise: tex = <class 'numpy.ndarray'>
4.9201 	EXP 	noise: tex = <class 'numpy.ndarray'>
4.9366 	EXP 	noise: tex = <class 'numpy.ndarray'>
4.9531 	EXP 	noise: tex = <class 'numpy.ndarray'>
4.9696 	EXP 	noise: tex = <class 'numpy.ndarray'>
4.9858 	EXP 	noise: tex = <class 'numpy.ndarray'>
5.0021 	EXP 	noise: tex = <class 'numpy.ndarray'>
5.0186 	EXP 	noise: tex = <class 'numpy.ndarray'>
5.0356 	EXP 	noise: tex = <class 'numpy.ndarray'>
5.0518 	EXP 	noise: tex = <class 'numpy.ndarray'>
5.0678 	EXP 	noise: tex = <class 'numpy.ndarray'>
5.0841 	EXP 	noise: tex = <class 'numpy.ndarray'>
5.1006 	EXP 	noise: tex = <class 'numpy.ndarray'>
5.1169 	EXP 	noise: tex = <class 'numpy.ndarray'>
5.1331 	EXP 	noise: tex = <class 'numpy.ndarray'>
5.1495 	EXP 	noise: tex = <class 'numpy.ndarray'>
5.1655 	EXP 	noise: tex = <class 'numpy.ndarray'>
5.1817 	EXP 	noise: tex = <class 'numpy.ndarray'>
5.1979 	EXP 	noise: tex = <class 'numpy.ndarray'>
5.2142 	EXP 	noise: tex = <class 'numpy.ndarray'>
5.2303 	EXP 	noise: tex = <class 'numpy.ndarray'>
5.2469 	EXP 	noise: tex = <class 'numpy.ndarray'>
5.2624 	EXP 	noise: tex = <class 'numpy.ndarray'>
5.2785 	EXP 	noise: tex = <class 'numpy.ndarray'>
5.2947 	EXP 	noise: tex = <class 'numpy.ndarray'>
5.3109 	EXP 	noise: tex = <class 'numpy.ndarray'>
5.3271 	EXP 	noise: tex = <class 'numpy.ndarray'>
5.3436 	EXP 	noise: tex = <class 'numpy.ndarray'>
5.3602 	EXP 	noise: tex = <class 'numpy.ndarray'>
5.3763 	EXP 	noise: tex = <class 'numpy.ndarray'>
5.3924 	EXP 	noise: tex = <class 'numpy.ndarray'>
5.4085 	EXP 	noise: tex = <class 'numpy.ndarray'>
5.4245 	EXP 	noise: tex = <class 'numpy.ndarray'>
5.4406 	EXP 	noise: tex = <class 'numpy.ndarray'>
5.4568 	EXP 	noise: tex = <class 'numpy.ndarray'>
5.4728 	EXP 	noise: tex = <class 'numpy.ndarray'>
5.4894 	EXP 	noise: tex = <class 'numpy.ndarray'>
5.5058 	EXP 	noise: tex = <class 'numpy.ndarray'>
5.5223 	EXP 	noise: tex = <class 'numpy.ndarray'>
5.5385 	EXP 	noise: tex = <class 'numpy.ndarray'>
5.5546 	EXP 	noise: tex = <class 'numpy.ndarray'>
5.5708 	EXP 	noise: tex = <class 'numpy.ndarray'>
5.5870 	EXP 	noise: tex = <class 'numpy.ndarray'>
5.6032 	EXP 	noise: tex = <class 'numpy.ndarray'>
5.6193 	EXP 	noise: tex = <class 'numpy.ndarray'>
5.6354 	EXP 	noise: tex = <class 'numpy.ndarray'>
5.6517 	EXP 	noise: tex = <class 'numpy.ndarray'>
5.6678 	EXP 	noise: tex = <class 'numpy.ndarray'>
5.6837 	EXP 	noise: tex = <class 'numpy.ndarray'>
5.7000 	EXP 	noise: tex = <class 'numpy.ndarray'>
5.7161 	EXP 	noise: tex = <class 'numpy.ndarray'>
5.7319 	EXP 	noise: tex = <class 'numpy.ndarray'>
5.7481 	EXP 	noise: tex = <class 'numpy.ndarray'>
5.7643 	EXP 	noise: tex = <class 'numpy.ndarray'>
5.7804 	EXP 	noise: tex = <class 'numpy.ndarray'>
5.7963 	EXP 	noise: tex = <class 'numpy.ndarray'>
5.8128 	EXP 	noise: tex = <class 'numpy.ndarray'>
5.8292 	EXP 	noise: tex = <class 'numpy.ndarray'>
5.8452 	EXP 	noise: tex = <class 'numpy.ndarray'>
5.8612 	EXP 	noise: tex = <class 'numpy.ndarray'>
5.8775 	EXP 	noise: tex = <class 'numpy.ndarray'>
5.8938 	EXP 	noise: tex = <class 'numpy.ndarray'>
5.9104 	EXP 	noise: tex = <class 'numpy.ndarray'>
5.9267 	EXP 	noise: tex = <class 'numpy.ndarray'>
5.9430 	EXP 	noise: tex = <class 'numpy.ndarray'>
5.9593 	EXP 	noise: tex = <class 'numpy.ndarray'>
5.9754 	EXP 	noise: tex = <class 'numpy.ndarray'>
5.9915 	EXP 	noise: tex = <class 'numpy.ndarray'>
6.0077 	EXP 	noise: tex = <class 'numpy.ndarray'>
6.0238 	EXP 	noise: tex = <class 'numpy.ndarray'>
6.0398 	EXP 	noise: tex = <class 'numpy.ndarray'>
6.0561 	EXP 	noise: tex = <class 'numpy.ndarray'>
6.0723 	EXP 	noise: tex = <class 'numpy.ndarray'>
6.0885 	EXP 	noise: tex = <class 'numpy.ndarray'>
6.1046 	EXP 	noise: tex = <class 'numpy.ndarray'>
6.1207 	EXP 	noise: tex = <class 'numpy.ndarray'>
6.1370 	EXP 	noise: tex = <class 'numpy.ndarray'>
6.1533 	EXP 	noise: tex = <class 'numpy.ndarray'>
6.1694 	EXP 	noise: tex = <class 'numpy.ndarray'>
6.1859 	EXP 	noise: tex = <class 'numpy.ndarray'>
6.2023 	EXP 	noise: tex = <class 'numpy.ndarray'>
6.2186 	EXP 	noise: tex = <class 'numpy.ndarray'>
6.2348 	EXP 	noise: tex = <class 'numpy.ndarray'>
6.2510 	EXP 	noise: tex = <class 'numpy.ndarray'>
6.2673 	EXP 	noise: tex = <class 'numpy.ndarray'>
6.2835 	EXP 	noise: tex = <class 'numpy.ndarray'>
6.2995 	EXP 	noise: tex = <class 'numpy.ndarray'>
6.3156 	EXP 	noise: tex = <class 'numpy.ndarray'>
6.3317 	EXP 	noise: tex = <class 'numpy.ndarray'>
6.3479 	EXP 	noise: tex = <class 'numpy.ndarray'>
6.3641 	EXP 	noise: tex = <class 'numpy.ndarray'>
6.3802 	EXP 	noise: tex = <class 'numpy.ndarray'>
6.3963 	EXP 	noise: tex = <class 'numpy.ndarray'>
6.4122 	EXP 	noise: tex = <class 'numpy.ndarray'>
6.4282 	EXP 	noise: tex = <class 'numpy.ndarray'>
6.4444 	EXP 	noise: tex = <class 'numpy.ndarray'>
6.4605 	EXP 	noise: tex = <class 'numpy.ndarray'>
6.4765 	EXP 	noise: tex = <class 'numpy.ndarray'>
6.4929 	EXP 	noise: tex = <class 'numpy.ndarray'>
6.5091 	EXP 	noise: tex = <class 'numpy.ndarray'>
6.5254 	EXP 	noise: tex = <class 'numpy.ndarray'>
6.5418 	EXP 	noise: tex = <class 'numpy.ndarray'>
6.5583 	EXP 	noise: tex = <class 'numpy.ndarray'>
6.5744 	EXP 	noise: tex = <class 'numpy.ndarray'>
6.5907 	EXP 	noise: tex = <class 'numpy.ndarray'>
6.6068 	EXP 	noise: tex = <class 'numpy.ndarray'>
6.6230 	EXP 	noise: tex = <class 'numpy.ndarray'>
6.6395 	EXP 	noise: tex = <class 'numpy.ndarray'>
6.6560 	EXP 	noise: tex = <class 'numpy.ndarray'>
6.6724 	EXP 	noise: tex = <class 'numpy.ndarray'>
6.6890 	EXP 	noise: tex = <class 'numpy.ndarray'>
6.7054 	EXP 	noise: tex = <class 'numpy.ndarray'>
6.7218 	EXP 	noise: tex = <class 'numpy.ndarray'>
6.7383 	EXP 	noise: tex = <class 'numpy.ndarray'>
6.7547 	EXP 	noise: tex = <class 'numpy.ndarray'>
6.7709 	EXP 	noise: tex = <class 'numpy.ndarray'>
6.7875 	EXP 	noise: tex = <class 'numpy.ndarray'>
6.8040 	EXP 	noise: tex = <class 'numpy.ndarray'>
6.8202 	EXP 	noise: tex = <class 'numpy.ndarray'>
6.8368 	EXP 	noise: tex = <class 'numpy.ndarray'>
6.8531 	EXP 	noise: tex = <class 'numpy.ndarray'>
6.8696 	EXP 	noise: tex = <class 'numpy.ndarray'>
6.8858 	EXP 	noise: tex = <class 'numpy.ndarray'>
6.9021 	EXP 	noise: tex = <class 'numpy.ndarray'>
6.9187 	EXP 	noise: tex = <class 'numpy.ndarray'>
6.9352 	EXP 	noise: tex = <class 'numpy.ndarray'>
6.9519 	EXP 	noise: tex = <class 'numpy.ndarray'>
6.9681 	EXP 	noise: tex = <class 'numpy.ndarray'>
6.9846 	EXP 	noise: tex = <class 'numpy.ndarray'>
7.0013 	EXP 	noise: tex = <class 'numpy.ndarray'>
7.0175 	EXP 	noise: tex = <class 'numpy.ndarray'>
7.0340 	EXP 	noise: tex = <class 'numpy.ndarray'>
7.0504 	EXP 	noise: tex = <class 'numpy.ndarray'>
7.0668 	EXP 	noise: tex = <class 'numpy.ndarray'>
7.0835 	EXP 	noise: tex = <class 'numpy.ndarray'>
7.0999 	EXP 	noise: tex = <class 'numpy.ndarray'>
7.1168 	EXP 	noise: tex = <class 'numpy.ndarray'>
7.1332 	EXP 	noise: tex = <class 'numpy.ndarray'>
7.1498 	EXP 	noise: tex = <class 'numpy.ndarray'>
7.1662 	EXP 	noise: tex = <class 'numpy.ndarray'>
7.1821 	EXP 	noise: tex = <class 'numpy.ndarray'>
7.1982 	EXP 	noise: tex = <class 'numpy.ndarray'>
7.2147 	EXP 	noise: tex = <class 'numpy.ndarray'>
7.2310 	EXP 	noise: tex = <class 'numpy.ndarray'>
7.2471 	EXP 	noise: tex = <class 'numpy.ndarray'>
7.2631 	EXP 	noise: tex = <class 'numpy.ndarray'>
7.2792 	EXP 	noise: tex = <class 'numpy.ndarray'>
7.2953 	EXP 	noise: tex = <class 'numpy.ndarray'>
7.3112 	EXP 	noise: tex = <class 'numpy.ndarray'>
7.3274 	EXP 	noise: tex = <class 'numpy.ndarray'>
7.3438 	EXP 	noise: tex = <class 'numpy.ndarray'>
7.3599 	EXP 	noise: tex = <class 'numpy.ndarray'>
7.3761 	EXP 	noise: tex = <class 'numpy.ndarray'>
7.3923 	EXP 	noise: tex = <class 'numpy.ndarray'>
7.4091 	EXP 	noise: tex = <class 'numpy.ndarray'>
7.4259 	EXP 	noise: tex = <class 'numpy.ndarray'>
7.4421 	EXP 	noise: tex = <class 'numpy.ndarray'>
7.4586 	EXP 	noise: tex = <class 'numpy.ndarray'>
7.4749 	EXP 	noise: tex = <class 'numpy.ndarray'>
7.4913 	EXP 	noise: tex = <class 'numpy.ndarray'>
7.5076 	EXP 	noise: tex = <class 'numpy.ndarray'>
7.5241 	EXP 	noise: tex = <class 'numpy.ndarray'>
7.5404 	EXP 	noise: tex = <class 'numpy.ndarray'>
7.5573 	EXP 	noise: tex = <class 'numpy.ndarray'>
7.5735 	EXP 	noise: tex = <class 'numpy.ndarray'>
7.5897 	EXP 	noise: tex = <class 'numpy.ndarray'>
7.6058 	EXP 	noise: tex = <class 'numpy.ndarray'>
7.6220 	EXP 	noise: tex = <class 'numpy.ndarray'>
7.6382 	EXP 	noise: tex = <class 'numpy.ndarray'>
7.6548 	EXP 	noise: tex = <class 'numpy.ndarray'>
7.6711 	EXP 	noise: tex = <class 'numpy.ndarray'>
7.6873 	EXP 	noise: tex = <class 'numpy.ndarray'>
7.7036 	EXP 	noise: tex = <class 'numpy.ndarray'>
7.7199 	EXP 	noise: tex = <class 'numpy.ndarray'>
7.7368 	EXP 	noise: tex = <class 'numpy.ndarray'>
7.7533 	EXP 	noise: tex = <class 'numpy.ndarray'>
7.7698 	EXP 	noise: tex = <class 'numpy.ndarray'>
7.7860 	EXP 	noise: tex = <class 'numpy.ndarray'>
7.8024 	EXP 	noise: tex = <class 'numpy.ndarray'>
7.8192 	EXP 	noise: tex = <class 'numpy.ndarray'>
7.8356 	EXP 	noise: tex = <class 'numpy.ndarray'>
7.8520 	EXP 	noise: tex = <class 'numpy.ndarray'>
7.8683 	EXP 	noise: tex = <class 'numpy.ndarray'>
7.8842 	EXP 	noise: tex = <class 'numpy.ndarray'>
7.9007 	EXP 	noise: tex = <class 'numpy.ndarray'>
7.9171 	EXP 	noise: tex = <class 'numpy.ndarray'>
7.9333 	EXP 	noise: tex = <class 'numpy.ndarray'>
7.9496 	EXP 	noise: tex = <class 'numpy.ndarray'>
7.9656 	EXP 	noise: tex = <class 'numpy.ndarray'>
7.9821 	EXP 	noise: tex = <class 'numpy.ndarray'>
7.9982 	EXP 	noise: tex = <class 'numpy.ndarray'>
8.0143 	EXP 	noise: tex = <class 'numpy.ndarray'>
8.0304 	EXP 	noise: tex = <class 'numpy.ndarray'>
8.0466 	EXP 	noise: tex = <class 'numpy.ndarray'>
8.0628 	EXP 	noise: tex = <class 'numpy.ndarray'>
8.0792 	EXP 	noise: tex = <class 'numpy.ndarray'>
8.0953 	EXP 	noise: tex = <class 'numpy.ndarray'>
8.1114 	EXP 	noise: tex = <class 'numpy.ndarray'>
8.1274 	EXP 	noise: tex = <class 'numpy.ndarray'>
8.1437 	EXP 	noise: tex = <class 'numpy.ndarray'>
8.1604 	EXP 	noise: tex = <class 'numpy.ndarray'>
8.1765 	EXP 	noise: tex = <class 'numpy.ndarray'>
8.1929 	EXP 	noise: tex = <class 'numpy.ndarray'>
8.2092 	EXP 	noise: tex = <class 'numpy.ndarray'>
8.2258 	EXP 	noise: tex = <class 'numpy.ndarray'>
8.2421 	EXP 	noise: tex = <class 'numpy.ndarray'>
8.2582 	EXP 	noise: tex = <class 'numpy.ndarray'>
8.2743 	EXP 	noise: tex = <class 'numpy.ndarray'>
8.2908 	EXP 	noise: tex = <class 'numpy.ndarray'>
8.3069 	EXP 	noise: tex = <class 'numpy.ndarray'>
8.3231 	EXP 	noise: tex = <class 'numpy.ndarray'>
8.3394 	EXP 	noise: tex = <class 'numpy.ndarray'>
8.3561 	EXP 	noise: tex = <class 'numpy.ndarray'>
8.3725 	EXP 	noise: tex = <class 'numpy.ndarray'>
8.3886 	EXP 	noise: tex = <class 'numpy.ndarray'>
8.4049 	EXP 	noise: tex = <class 'numpy.ndarray'>
8.4215 	EXP 	noise: tex = <class 'numpy.ndarray'>
8.4378 	EXP 	noise: tex = <class 'numpy.ndarray'>
8.4542 	EXP 	noise: tex = <class 'numpy.ndarray'>
8.4705 	EXP 	noise: tex = <class 'numpy.ndarray'>
8.4863 	EXP 	noise: tex = <class 'numpy.ndarray'>
8.5026 	EXP 	noise: tex = <class 'numpy.ndarray'>
8.5189 	EXP 	noise: tex = <class 'numpy.ndarray'>
8.5350 	EXP 	noise: tex = <class 'numpy.ndarray'>
8.5511 	EXP 	noise: tex = <class 'numpy.ndarray'>
8.5672 	EXP 	noise: tex = <class 'numpy.ndarray'>
8.5838 	EXP 	noise: tex = <class 'numpy.ndarray'>
8.6025 	EXP 	noise: tex = <class 'numpy.ndarray'>
8.6194 	EXP 	noise: tex = <class 'numpy.ndarray'>
8.6361 	EXP 	noise: tex = <class 'numpy.ndarray'>
8.6527 	EXP 	noise: tex = <class 'numpy.ndarray'>
8.6690 	EXP 	noise: tex = <class 'numpy.ndarray'>
8.6853 	EXP 	noise: tex = <class 'numpy.ndarray'>
8.7013 	EXP 	noise: tex = <class 'numpy.ndarray'>
8.7174 	EXP 	noise: tex = <class 'numpy.ndarray'>
8.7339 	EXP 	noise: tex = <class 'numpy.ndarray'>
8.7501 	EXP 	noise: tex = <class 'numpy.ndarray'>
8.7661 	EXP 	noise: tex = <class 'numpy.ndarray'>
8.7822 	EXP 	noise: tex = <class 'numpy.ndarray'>
8.7985 	EXP 	noise: tex = <class 'numpy.ndarray'>
8.8148 	EXP 	noise: tex = <class 'numpy.ndarray'>
8.8312 	EXP 	noise: tex = <class 'numpy.ndarray'>
8.8474 	EXP 	noise: tex = <class 'numpy.ndarray'>
8.8637 	EXP 	noise: tex = <class 'numpy.ndarray'>
8.8798 	EXP 	noise: tex = <class 'numpy.ndarray'>
8.8959 	EXP 	noise: tex = <class 'numpy.ndarray'>
8.9120 	EXP 	noise: tex = <class 'numpy.ndarray'>
8.9283 	EXP 	noise: tex = <class 'numpy.ndarray'>
8.9444 	EXP 	noise: tex = <class 'numpy.ndarray'>
8.9606 	EXP 	noise: tex = <class 'numpy.ndarray'>
8.9772 	EXP 	noise: tex = <class 'numpy.ndarray'>
8.9934 	EXP 	noise: tex = <class 'numpy.ndarray'>
9.0097 	EXP 	noise: tex = <class 'numpy.ndarray'>
9.0259 	EXP 	noise: tex = <class 'numpy.ndarray'>
9.0420 	EXP 	noise: tex = <class 'numpy.ndarray'>
9.0584 	EXP 	noise: tex = <class 'numpy.ndarray'>
9.0744 	EXP 	noise: tex = <class 'numpy.ndarray'>
9.0907 	EXP 	noise: tex = <class 'numpy.ndarray'>
9.1072 	EXP 	noise: tex = <class 'numpy.ndarray'>
9.1235 	EXP 	noise: tex = <class 'numpy.ndarray'>
9.1399 	EXP 	noise: tex = <class 'numpy.ndarray'>
9.1559 	EXP 	noise: tex = <class 'numpy.ndarray'>
9.1721 	EXP 	noise: tex = <class 'numpy.ndarray'>
9.1882 	EXP 	noise: tex = <class 'numpy.ndarray'>
9.2045 	EXP 	noise: tex = <class 'numpy.ndarray'>
9.2208 	EXP 	noise: tex = <class 'numpy.ndarray'>
9.2369 	EXP 	noise: tex = <class 'numpy.ndarray'>
9.2527 	EXP 	noise: tex = <class 'numpy.ndarray'>
9.2687 	EXP 	noise: tex = <class 'numpy.ndarray'>
9.2847 	EXP 	noise: tex = <class 'numpy.ndarray'>
9.3009 	EXP 	noise: tex = <class 'numpy.ndarray'>
9.3172 	EXP 	noise: tex = <class 'numpy.ndarray'>
9.3330 	EXP 	noise: tex = <class 'numpy.ndarray'>
9.3491 	EXP 	noise: tex = <class 'numpy.ndarray'>
9.3652 	EXP 	noise: tex = <class 'numpy.ndarray'>
9.3814 	EXP 	noise: tex = <class 'numpy.ndarray'>
9.3974 	EXP 	noise: tex = <class 'numpy.ndarray'>
9.4136 	EXP 	noise: tex = <class 'numpy.ndarray'>
9.4299 	EXP 	noise: tex = <class 'numpy.ndarray'>
9.4461 	EXP 	noise: tex = <class 'numpy.ndarray'>
9.4622 	EXP 	noise: tex = <class 'numpy.ndarray'>
9.4784 	EXP 	noise: tex = <class 'numpy.ndarray'>
9.4945 	EXP 	noise: tex = <class 'numpy.ndarray'>
9.5106 	EXP 	noise: tex = <class 'numpy.ndarray'>
9.5270 	EXP 	noise: tex = <class 'numpy.ndarray'>
9.5433 	EXP 	noise: tex = <class 'numpy.ndarray'>
9.5594 	EXP 	noise: tex = <class 'numpy.ndarray'>
9.5759 	EXP 	noise: tex = <class 'numpy.ndarray'>
9.5922 	EXP 	noise: tex = <class 'numpy.ndarray'>
9.6083 	EXP 	noise: tex = <class 'numpy.ndarray'>
9.6244 	EXP 	noise: tex = <class 'numpy.ndarray'>
9.6407 	EXP 	noise: tex = <class 'numpy.ndarray'>
9.6571 	EXP 	noise: tex = <class 'numpy.ndarray'>
9.6735 	EXP 	noise: tex = <class 'numpy.ndarray'>
9.6898 	EXP 	noise: tex = <class 'numpy.ndarray'>
9.7061 	EXP 	noise: tex = <class 'numpy.ndarray'>
9.7241 	EXP 	noise: tex = <class 'numpy.ndarray'>
9.7444 	EXP 	noise: tex = <class 'numpy.ndarray'>
9.7610 	EXP 	noise: tex = <class 'numpy.ndarray'>
9.7776 	EXP 	noise: tex = <class 'numpy.ndarray'>
9.7944 	EXP 	noise: tex = <class 'numpy.ndarray'>
9.8107 	EXP 	noise: tex = <class 'numpy.ndarray'>
9.8325 	EXP 	noise: tex = <class 'numpy.ndarray'>
9.8488 	EXP 	noise: tex = <class 'numpy.ndarray'>
9.8650 	EXP 	noise: tex = <class 'numpy.ndarray'>
9.8812 	EXP 	noise: tex = <class 'numpy.ndarray'>
9.8975 	EXP 	noise: tex = <class 'numpy.ndarray'>
9.9135 	EXP 	noise: tex = <class 'numpy.ndarray'>
9.9297 	EXP 	noise: tex = <class 'numpy.ndarray'>
9.9462 	EXP 	noise: tex = <class 'numpy.ndarray'>
9.9649 	EXP 	noise: tex = <class 'numpy.ndarray'>
9.9814 	EXP 	noise: tex = <class 'numpy.ndarray'>
9.9978 	EXP 	noise: tex = <class 'numpy.ndarray'>
10.0140 	EXP 	noise: tex = <class 'numpy.ndarray'>
10.0302 	EXP 	noise: tex = <class 'numpy.ndarray'>
10.0465 	EXP 	noise: tex = <class 'numpy.ndarray'>
10.0627 	EXP 	noise: tex = <class 'numpy.ndarray'>
10.0792 	EXP 	noise: tex = <class 'numpy.ndarray'>
10.0955 	EXP 	noise: tex = <class 'numpy.ndarray'>
10.1118 	EXP 	noise: tex = <class 'numpy.ndarray'>
10.1285 	EXP 	noise: tex = <class 'numpy.ndarray'>
10.1452 	EXP 	noise: tex = <class 'numpy.ndarray'>
10.1616 	EXP 	noise: tex = <class 'numpy.ndarray'>
10.1777 	EXP 	noise: tex = <class 'numpy.ndarray'>
10.1937 	EXP 	noise: tex = <class 'numpy.ndarray'>
10.2104 	EXP 	noise: tex = <class 'numpy.ndarray'>
10.2269 	EXP 	noise: tex = <class 'numpy.ndarray'>
10.2430 	EXP 	noise: tex = <class 'numpy.ndarray'>
10.2595 	EXP 	noise: tex = <class 'numpy.ndarray'>
10.2755 	EXP 	noise: tex = <class 'numpy.ndarray'>
10.2921 	EXP 	noise: tex = <class 'numpy.ndarray'>
10.3087 	EXP 	noise: tex = <class 'numpy.ndarray'>
10.3247 	EXP 	noise: tex = <class 'numpy.ndarray'>
10.3411 	EXP 	noise: tex = <class 'numpy.ndarray'>
10.3572 	EXP 	noise: tex = <class 'numpy.ndarray'>
10.3736 	EXP 	noise: tex = <class 'numpy.ndarray'>
10.3898 	EXP 	noise: tex = <class 'numpy.ndarray'>
10.4060 	EXP 	noise: tex = <class 'numpy.ndarray'>
10.4222 	EXP 	noise: tex = <class 'numpy.ndarray'>
10.4385 	EXP 	noise: tex = <class 'numpy.ndarray'>
10.4552 	EXP 	noise: tex = <class 'numpy.ndarray'>
10.4714 	EXP 	noise: tex = <class 'numpy.ndarray'>
10.4881 	EXP 	noise: tex = <class 'numpy.ndarray'>
10.5045 	EXP 	noise: tex = <class 'numpy.ndarray'>
10.5211 	EXP 	noise: tex = <class 'numpy.ndarray'>
10.5376 	EXP 	noise: tex = <class 'numpy.ndarray'>
10.5538 	EXP 	noise: tex = <class 'numpy.ndarray'>
10.5699 	EXP 	noise: tex = <class 'numpy.ndarray'>
10.5861 	EXP 	noise: tex = <class 'numpy.ndarray'>
10.6061 	EXP 	noise: tex = <class 'numpy.ndarray'>
10.6228 	EXP 	noise: tex = <class 'numpy.ndarray'>
10.6389 	EXP 	noise: tex = <class 'numpy.ndarray'>
10.6556 	EXP 	noise: tex = <class 'numpy.ndarray'>
10.6717 	EXP 	noise: tex = <class 'numpy.ndarray'>
10.6884 	EXP 	noise: tex = <class 'numpy.ndarray'>
10.7047 	EXP 	noise: tex = <class 'numpy.ndarray'>
10.7213 	EXP 	noise: tex = <class 'numpy.ndarray'>
10.7374 	EXP 	noise: tex = <class 'numpy.ndarray'>
10.7536 	EXP 	noise: tex = <class 'numpy.ndarray'>
10.7698 	EXP 	noise: tex = <class 'numpy.ndarray'>
10.7861 	EXP 	noise: tex = <class 'numpy.ndarray'>
10.8023 	EXP 	noise: tex = <class 'numpy.ndarray'>
10.8183 	EXP 	noise: tex = <class 'numpy.ndarray'>
10.8346 	EXP 	noise: tex = <class 'numpy.ndarray'>
10.8508 	EXP 	noise: tex = <class 'numpy.ndarray'>
10.8671 	EXP 	noise: tex = <class 'numpy.ndarray'>
10.8831 	EXP 	noise: tex = <class 'numpy.ndarray'>
10.9002 	EXP 	noise: tex = <class 'numpy.ndarray'>
10.9169 	EXP 	noise: tex = <class 'numpy.ndarray'>
10.9335 	EXP 	noise: tex = <class 'numpy.ndarray'>
10.9502 	EXP 	noise: tex = <class 'numpy.ndarray'>
10.9669 	EXP 	noise: tex = <class 'numpy.ndarray'>
10.9834 	EXP 	noise: tex = <class 'numpy.ndarray'>
11.0001 	EXP 	noise: tex = <class 'numpy.ndarray'>
11.0165 	EXP 	noise: tex = <class 'numpy.ndarray'>
11.0326 	EXP 	noise: tex = <class 'numpy.ndarray'>
11.0492 	EXP 	noise: tex = <class 'numpy.ndarray'>
11.0657 	EXP 	noise: tex = <class 'numpy.ndarray'>
11.0821 	EXP 	noise: tex = <class 'numpy.ndarray'>
11.0984 	EXP 	noise: tex = <class 'numpy.ndarray'>
11.1148 	EXP 	noise: tex = <class 'numpy.ndarray'>
11.1311 	EXP 	noise: tex = <class 'numpy.ndarray'>
11.1473 	EXP 	noise: tex = <class 'numpy.ndarray'>
11.1634 	EXP 	noise: tex = <class 'numpy.ndarray'>
11.1796 	EXP 	noise: tex = <class 'numpy.ndarray'>
11.1959 	EXP 	noise: tex = <class 'numpy.ndarray'>
11.2118 	EXP 	noise: tex = <class 'numpy.ndarray'>
11.2284 	EXP 	noise: tex = <class 'numpy.ndarray'>
11.2442 	EXP 	noise: tex = <class 'numpy.ndarray'>
11.2605 	EXP 	noise: tex = <class 'numpy.ndarray'>
11.2767 	EXP 	noise: tex = <class 'numpy.ndarray'>
11.2928 	EXP 	noise: tex = <class 'numpy.ndarray'>
11.3089 	EXP 	noise: tex = <class 'numpy.ndarray'>
11.3251 	EXP 	noise: tex = <class 'numpy.ndarray'>
11.3411 	EXP 	noise: tex = <class 'numpy.ndarray'>
11.3574 	EXP 	noise: tex = <class 'numpy.ndarray'>
11.3735 	EXP 	noise: tex = <class 'numpy.ndarray'>
11.3896 	EXP 	noise: tex = <class 'numpy.ndarray'>
11.4057 	EXP 	noise: tex = <class 'numpy.ndarray'>
11.4219 	EXP 	noise: tex = <class 'numpy.ndarray'>
11.4382 	EXP 	noise: tex = <class 'numpy.ndarray'>
11.4549 	EXP 	noise: tex = <class 'numpy.ndarray'>
11.4711 	EXP 	noise: tex = <class 'numpy.ndarray'>
11.4876 	EXP 	noise: tex = <class 'numpy.ndarray'>
11.5039 	EXP 	noise: tex = <class 'numpy.ndarray'>
11.5200 	EXP 	noise: tex = <class 'numpy.ndarray'>
11.5368 	EXP 	noise: tex = <class 'numpy.ndarray'>
11.5533 	EXP 	noise: tex = <class 'numpy.ndarray'>
11.5699 	EXP 	noise: tex = <class 'numpy.ndarray'>
11.5859 	EXP 	noise: tex = <class 'numpy.ndarray'>
11.6021 	EXP 	noise: tex = <class 'numpy.ndarray'>
11.6183 	EXP 	noise: tex = <class 'numpy.ndarray'>
11.6345 	EXP 	noise: tex = <class 'numpy.ndarray'>
11.6507 	EXP 	noise: tex = <class 'numpy.ndarray'>
11.6671 	EXP 	noise: tex = <class 'numpy.ndarray'>
11.6835 	EXP 	noise: tex = <class 'numpy.ndarray'>
11.7003 	EXP 	noise: tex = <class 'numpy.ndarray'>
11.7168 	EXP 	noise: tex = <class 'numpy.ndarray'>
11.7341 	EXP 	noise: tex = <class 'numpy.ndarray'>
11.7505 	EXP 	noise: tex = <class 'numpy.ndarray'>
11.7670 	EXP 	noise: tex = <class 'numpy.ndarray'>
11.7836 	EXP 	noise: tex = <class 'numpy.ndarray'>
11.8003 	EXP 	noise: tex = <class 'numpy.ndarray'>
11.8171 	EXP 	noise: tex = <class 'numpy.ndarray'>
11.8334 	EXP 	noise: tex = <class 'numpy.ndarray'>
11.8497 	EXP 	noise: tex = <class 'numpy.ndarray'>
11.8659 	EXP 	noise: tex = <class 'numpy.ndarray'>
11.8824 	EXP 	noise: tex = <class 'numpy.ndarray'>
11.8986 	EXP 	noise: tex = <class 'numpy.ndarray'>
11.9164 	EXP 	noise: tex = <class 'numpy.ndarray'>
11.9328 	EXP 	noise: tex = <class 'numpy.ndarray'>
11.9491 	EXP 	noise: tex = <class 'numpy.ndarray'>
11.9654 	EXP 	noise: tex = <class 'numpy.ndarray'>
11.9820 	EXP 	noise: tex = <class 'numpy.ndarray'>
11.9982 	EXP 	noise: tex = <class 'numpy.ndarray'>
12.0143 	EXP 	noise: tex = <class 'numpy.ndarray'>
12.0309 	EXP 	noise: tex = <class 'numpy.ndarray'>
12.0470 	EXP 	noise: tex = <class 'numpy.ndarray'>
12.0631 	EXP 	noise: tex = <class 'numpy.ndarray'>
12.0792 	EXP 	noise: tex = <class 'numpy.ndarray'>
12.0952 	EXP 	noise: tex = <class 'numpy.ndarray'>
12.1112 	EXP 	noise: tex = <class 'numpy.ndarray'>
12.1274 	EXP 	noise: tex = <class 'numpy.ndarray'>
12.1436 	EXP 	noise: tex = <class 'numpy.ndarray'>
12.1598 	EXP 	noise: tex = <class 'numpy.ndarray'>
12.1758 	EXP 	noise: tex = <class 'numpy.ndarray'>
12.1920 	EXP 	noise: tex = <class 'numpy.ndarray'>
12.2083 	EXP 	noise: tex = <class 'numpy.ndarray'>
12.2250 	EXP 	noise: tex = <class 'numpy.ndarray'>
12.2411 	EXP 	noise: tex = <class 'numpy.ndarray'>
12.2572 	EXP 	noise: tex = <class 'numpy.ndarray'>
12.2733 	EXP 	noise: tex = <class 'numpy.ndarray'>
12.2899 	EXP 	noise: tex = <class 'numpy.ndarray'>
12.3062 	EXP 	noise: tex = <class 'numpy.ndarray'>
12.3225 	EXP 	noise: tex = <class 'numpy.ndarray'>
12.3386 	EXP 	noise: tex = <class 'numpy.ndarray'>
12.3550 	EXP 	noise: tex = <class 'numpy.ndarray'>
12.3713 	EXP 	noise: tex = <class 'numpy.ndarray'>
12.3879 	EXP 	noise: tex = <class 'numpy.ndarray'>
12.4041 	EXP 	noise: tex = <class 'numpy.ndarray'>
12.4203 	EXP 	noise: tex = <class 'numpy.ndarray'>
12.4366 	EXP 	noise: tex = <class 'numpy.ndarray'>
12.4528 	EXP 	noise: tex = <class 'numpy.ndarray'>
12.4691 	EXP 	noise: tex = <class 'numpy.ndarray'>
12.4855 	EXP 	noise: tex = <class 'numpy.ndarray'>
12.5016 	EXP 	noise: tex = <class 'numpy.ndarray'>
12.5178 	EXP 	noise: tex = <class 'numpy.ndarray'>
12.5342 	EXP 	noise: tex = <class 'numpy.ndarray'>
12.5507 	EXP 	noise: tex = <class 'numpy.ndarray'>
12.5670 	EXP 	noise: tex = <class 'numpy.ndarray'>
12.5835 	EXP 	noise: tex = <class 'numpy.ndarray'>
12.6001 	EXP 	noise: tex = <class 'numpy.ndarray'>
12.6162 	EXP 	noise: tex = <class 'numpy.ndarray'>
12.6323 	EXP 	noise: tex = <class 'numpy.ndarray'>
12.6485 	EXP 	noise: tex = <class 'numpy.ndarray'>
12.6645 	EXP 	noise: tex = <class 'numpy.ndarray'>
12.6806 	EXP 	noise: tex = <class 'numpy.ndarray'>
12.6967 	EXP 	noise: tex = <class 'numpy.ndarray'>
12.7131 	EXP 	noise: tex = <class 'numpy.ndarray'>
12.7293 	EXP 	noise: tex = <class 'numpy.ndarray'>
12.7467 	EXP 	noise: tex = <class 'numpy.ndarray'>
12.7627 	EXP 	noise: tex = <class 'numpy.ndarray'>
12.7788 	EXP 	noise: tex = <class 'numpy.ndarray'>
12.7949 	EXP 	noise: tex = <class 'numpy.ndarray'>
12.8111 	EXP 	noise: tex = <class 'numpy.ndarray'>
12.8279 	EXP 	noise: tex = <class 'numpy.ndarray'>
12.8442 	EXP 	noise: tex = <class 'numpy.ndarray'>
12.8604 	EXP 	noise: tex = <class 'numpy.ndarray'>
12.8765 	EXP 	noise: tex = <class 'numpy.ndarray'>
12.8929 	EXP 	noise: tex = <class 'numpy.ndarray'>
12.9098 	EXP 	noise: tex = <class 'numpy.ndarray'>
12.9261 	EXP 	noise: tex = <class 'numpy.ndarray'>
12.9422 	EXP 	noise: tex = <class 'numpy.ndarray'>
12.9587 	EXP 	noise: tex = <class 'numpy.ndarray'>
12.9753 	EXP 	noise: tex = <class 'numpy.ndarray'>
12.9919 	EXP 	noise: tex = <class 'numpy.ndarray'>
13.0085 	EXP 	noise: tex = <class 'numpy.ndarray'>
13.0247 	EXP 	noise: tex = <class 'numpy.ndarray'>
13.0413 	EXP 	noise: tex = <class 'numpy.ndarray'>
13.0575 	EXP 	noise: tex = <class 'numpy.ndarray'>
13.0739 	EXP 	noise: tex = <class 'numpy.ndarray'>
13.0905 	EXP 	noise: tex = <class 'numpy.ndarray'>
13.1066 	EXP 	noise: tex = <class 'numpy.ndarray'>
13.1230 	EXP 	noise: tex = <class 'numpy.ndarray'>
13.1392 	EXP 	noise: tex = <class 'numpy.ndarray'>
13.1554 	EXP 	noise: tex = <class 'numpy.ndarray'>
13.1716 	EXP 	noise: tex = <class 'numpy.ndarray'>
13.1879 	EXP 	noise: tex = <class 'numpy.ndarray'>
13.2043 	EXP 	noise: tex = <class 'numpy.ndarray'>
13.2208 	EXP 	noise: tex = <class 'numpy.ndarray'>
13.2369 	EXP 	noise: tex = <class 'numpy.ndarray'>
13.2526 	EXP 	noise: tex = <class 'numpy.ndarray'>
13.2687 	EXP 	noise: tex = <class 'numpy.ndarray'>
13.2846 	EXP 	noise: tex = <class 'numpy.ndarray'>
13.3006 	EXP 	noise: tex = <class 'numpy.ndarray'>
13.3170 	EXP 	noise: tex = <class 'numpy.ndarray'>
13.3335 	EXP 	noise: tex = <class 'numpy.ndarray'>
13.3500 	EXP 	noise: tex = <class 'numpy.ndarray'>
13.3662 	EXP 	noise: tex = <class 'numpy.ndarray'>
13.3821 	EXP 	noise: tex = <class 'numpy.ndarray'>
13.3982 	EXP 	noise: tex = <class 'numpy.ndarray'>
13.4144 	EXP 	noise: tex = <class 'numpy.ndarray'>
13.4304 	EXP 	noise: tex = <class 'numpy.ndarray'>
13.4467 	EXP 	noise: tex = <class 'numpy.ndarray'>
13.4633 	EXP 	noise: tex = <class 'numpy.ndarray'>
13.4797 	EXP 	noise: tex = <class 'numpy.ndarray'>
13.4963 	EXP 	noise: tex = <class 'numpy.ndarray'>
13.5131 	EXP 	noise: tex = <class 'numpy.ndarray'>
13.5293 	EXP 	noise: tex = <class 'numpy.ndarray'>
13.5455 	EXP 	noise: tex = <class 'numpy.ndarray'>
13.5616 	EXP 	noise: tex = <class 'numpy.ndarray'>
13.5776 	EXP 	noise: tex = <class 'numpy.ndarray'>
13.5941 	EXP 	noise: tex = <class 'numpy.ndarray'>
13.6106 	EXP 	noise: tex = <class 'numpy.ndarray'>
13.6265 	EXP 	noise: tex = <class 'numpy.ndarray'>
13.6428 	EXP 	noise: tex = <class 'numpy.ndarray'>
13.6593 	EXP 	noise: tex = <class 'numpy.ndarray'>
13.6757 	EXP 	noise: tex = <class 'numpy.ndarray'>
13.6921 	EXP 	noise: tex = <class 'numpy.ndarray'>
13.7084 	EXP 	noise: tex = <class 'numpy.ndarray'>
13.7250 	EXP 	noise: tex = <class 'numpy.ndarray'>
13.7412 	EXP 	noise: tex = <class 'numpy.ndarray'>
13.7573 	EXP 	noise: tex = <class 'numpy.ndarray'>
13.7735 	EXP 	noise: tex = <class 'numpy.ndarray'>
13.7901 	EXP 	noise: tex = <class 'numpy.ndarray'>
13.8064 	EXP 	noise: tex = <class 'numpy.ndarray'>
13.8227 	EXP 	noise: tex = <class 'numpy.ndarray'>
13.8390 	EXP 	noise: tex = <class 'numpy.ndarray'>
13.8551 	EXP 	noise: tex = <class 'numpy.ndarray'>
13.8715 	EXP 	noise: tex = <class 'numpy.ndarray'>
13.8878 	EXP 	noise: tex = <class 'numpy.ndarray'>
13.9039 	EXP 	noise: tex = <class 'numpy.ndarray'>
13.9201 	EXP 	noise: tex = <class 'numpy.ndarray'>
13.9360 	EXP 	noise: tex = <class 'numpy.ndarray'>
13.9525 	EXP 	noise: tex = <class 'numpy.ndarray'>
13.9689 	EXP 	noise: tex = <class 'numpy.ndarray'>
13.9850 	EXP 	noise: tex = <class 'numpy.ndarray'>
14.0012 	EXP 	noise: tex = <class 'numpy.ndarray'>
14.0173 	EXP 	noise: tex = <class 'numpy.ndarray'>
14.0339 	EXP 	noise: tex = <class 'numpy.ndarray'>
14.0504 	EXP 	noise: tex = <class 'numpy.ndarray'>
14.0668 	EXP 	noise: tex = <class 'numpy.ndarray'>
14.0831 	EXP 	noise: tex = <class 'numpy.ndarray'>
14.0994 	EXP 	noise: tex = <class 'numpy.ndarray'>
14.1156 	EXP 	noise: tex = <class 'numpy.ndarray'>
14.1318 	EXP 	noise: tex = <class 'numpy.ndarray'>
14.1483 	EXP 	noise: tex = <class 'numpy.ndarray'>
14.1646 	EXP 	noise: tex = <class 'numpy.ndarray'>
14.1808 	EXP 	noise: tex = <class 'numpy.ndarray'>
14.1972 	EXP 	noise: tex = <class 'numpy.ndarray'>
14.2137 	EXP 	noise: tex = <class 'numpy.ndarray'>
14.2300 	EXP 	noise: tex = <class 'numpy.ndarray'>
14.2464 	EXP 	noise: tex = <class 'numpy.ndarray'>
14.2629 	EXP 	noise: tex = <class 'numpy.ndarray'>
14.2797 	EXP 	noise: tex = <class 'numpy.ndarray'>
14.2963 	EXP 	noise: tex = <class 'numpy.ndarray'>
14.3128 	EXP 	noise: tex = <class 'numpy.ndarray'>
14.3295 	EXP 	noise: tex = <class 'numpy.ndarray'>
14.3457 	EXP 	noise: tex = <class 'numpy.ndarray'>
14.3620 	EXP 	noise: tex = <class 'numpy.ndarray'>
14.3781 	EXP 	noise: tex = <class 'numpy.ndarray'>
14.3949 	EXP 	noise: tex = <class 'numpy.ndarray'>
14.4116 	EXP 	noise: tex = <class 'numpy.ndarray'>
14.4277 	EXP 	noise: tex = <class 'numpy.ndarray'>
14.4441 	EXP 	noise: tex = <class 'numpy.ndarray'>
14.4606 	EXP 	noise: tex = <class 'numpy.ndarray'>
14.4772 	EXP 	noise: tex = <class 'numpy.ndarray'>
14.4933 	EXP 	noise: tex = <class 'numpy.ndarray'>
14.5097 	EXP 	noise: tex = <class 'numpy.ndarray'>
14.5260 	EXP 	noise: tex = <class 'numpy.ndarray'>
14.5419 	EXP 	noise: tex = <class 'numpy.ndarray'>
14.5579 	EXP 	noise: tex = <class 'numpy.ndarray'>
14.5739 	EXP 	noise: tex = <class 'numpy.ndarray'>
14.5904 	EXP 	noise: tex = <class 'numpy.ndarray'>
14.6068 	EXP 	noise: tex = <class 'numpy.ndarray'>
14.6230 	EXP 	noise: tex = <class 'numpy.ndarray'>
14.6392 	EXP 	noise: tex = <class 'numpy.ndarray'>
14.6554 	EXP 	noise: tex = <class 'numpy.ndarray'>
14.6716 	EXP 	noise: tex = <class 'numpy.ndarray'>
14.6883 	EXP 	noise: tex = <class 'numpy.ndarray'>
14.7046 	EXP 	noise: tex = <class 'numpy.ndarray'>
14.7211 	EXP 	noise: tex = <class 'numpy.ndarray'>
14.7374 	EXP 	noise: tex = <class 'numpy.ndarray'>
14.7536 	EXP 	noise: tex = <class 'numpy.ndarray'>
14.7700 	EXP 	noise: tex = <class 'numpy.ndarray'>
14.7863 	EXP 	noise: tex = <class 'numpy.ndarray'>
14.8029 	EXP 	noise: tex = <class 'numpy.ndarray'>
14.8190 	EXP 	noise: tex = <class 'numpy.ndarray'>
14.8351 	EXP 	noise: tex = <class 'numpy.ndarray'>
14.8512 	EXP 	noise: tex = <class 'numpy.ndarray'>
14.8676 	EXP 	noise: tex = <class 'numpy.ndarray'>
14.8837 	EXP 	noise: tex = <class 'numpy.ndarray'>
14.8999 	EXP 	noise: tex = <class 'numpy.ndarray'>
14.9160 	EXP 	noise: tex = <class 'numpy.ndarray'>
14.9322 	EXP 	noise: tex = <class 'numpy.ndarray'>
14.9483 	EXP 	noise: tex = <class 'numpy.ndarray'>
14.9644 	EXP 	noise: tex = <class 'numpy.ndarray'>
14.9808 	EXP 	noise: tex = <class 'numpy.ndarray'>
14.9977 	EXP 	noise: tex = <class 'numpy.ndarray'>
15.0138 	EXP 	noise: tex = <class 'numpy.ndarray'>
15.0301 	EXP 	noise: tex = <class 'numpy.ndarray'>
15.0465 	EXP 	noise: tex = <class 'numpy.ndarray'>
15.0630 	EXP 	noise: tex = <class 'numpy.ndarray'>
15.0790 	EXP 	noise: tex = <class 'numpy.ndarray'>
15.0956 	EXP 	noise: tex = <class 'numpy.ndarray'>
15.1118 	EXP 	noise: tex = <class 'numpy.ndarray'>
15.1283 	EXP 	noise: tex = <class 'numpy.ndarray'>
15.1445 	EXP 	noise: tex = <class 'numpy.ndarray'>
15.1605 	EXP 	noise: tex = <class 'numpy.ndarray'>
15.1769 	EXP 	noise: tex = <class 'numpy.ndarray'>
15.1930 	EXP 	noise: tex = <class 'numpy.ndarray'>
15.2090 	EXP 	noise: tex = <class 'numpy.ndarray'>
15.2255 	EXP 	noise: tex = <class 'numpy.ndarray'>
15.2420 	EXP 	noise: tex = <class 'numpy.ndarray'>
15.2578 	EXP 	noise: tex = <class 'numpy.ndarray'>
15.2740 	EXP 	noise: tex = <class 'numpy.ndarray'>
15.2903 	EXP 	noise: tex = <class 'numpy.ndarray'>
15.3064 	EXP 	noise: tex = <class 'numpy.ndarray'>
15.3227 	EXP 	noise: tex = <class 'numpy.ndarray'>
15.3387 	EXP 	noise: tex = <class 'numpy.ndarray'>
15.3550 	EXP 	noise: tex = <class 'numpy.ndarray'>
15.3713 	EXP 	noise: tex = <class 'numpy.ndarray'>
15.3879 	EXP 	noise: tex = <class 'numpy.ndarray'>
15.4043 	EXP 	noise: tex = <class 'numpy.ndarray'>
15.4203 	EXP 	noise: tex = <class 'numpy.ndarray'>
15.4367 	EXP 	noise: tex = <class 'numpy.ndarray'>
15.4532 	EXP 	noise: tex = <class 'numpy.ndarray'>
15.4696 	EXP 	noise: tex = <class 'numpy.ndarray'>
15.4859 	EXP 	noise: tex = <class 'numpy.ndarray'>
15.5024 	EXP 	noise: tex = <class 'numpy.ndarray'>
15.5187 	EXP 	noise: tex = <class 'numpy.ndarray'>
15.5353 	EXP 	noise: tex = <class 'numpy.ndarray'>
15.5516 	EXP 	noise: tex = <class 'numpy.ndarray'>
15.5678 	EXP 	noise: tex = <class 'numpy.ndarray'>
15.5840 	EXP 	noise: tex = <class 'numpy.ndarray'>
15.6003 	EXP 	noise: tex = <class 'numpy.ndarray'>
15.6170 	EXP 	noise: tex = <class 'numpy.ndarray'>
15.6335 	EXP 	noise: tex = <class 'numpy.ndarray'>
15.6503 	EXP 	noise: tex = <class 'numpy.ndarray'>
15.6668 	EXP 	noise: tex = <class 'numpy.ndarray'>
15.6835 	EXP 	noise: tex = <class 'numpy.ndarray'>
15.7005 	EXP 	noise: tex = <class 'numpy.ndarray'>
15.7168 	EXP 	noise: tex = <class 'numpy.ndarray'>
15.7337 	EXP 	noise: tex = <class 'numpy.ndarray'>
15.7505 	EXP 	noise: tex = <class 'numpy.ndarray'>
15.7668 	EXP 	noise: tex = <class 'numpy.ndarray'>
15.7831 	EXP 	noise: tex = <class 'numpy.ndarray'>
15.7994 	EXP 	noise: tex = <class 'numpy.ndarray'>
15.8157 	EXP 	noise: tex = <class 'numpy.ndarray'>
15.8321 	EXP 	noise: tex = <class 'numpy.ndarray'>
15.8484 	EXP 	noise: tex = <class 'numpy.ndarray'>
15.8649 	EXP 	noise: tex = <class 'numpy.ndarray'>
15.8813 	EXP 	noise: tex = <class 'numpy.ndarray'>
15.8977 	EXP 	noise: tex = <class 'numpy.ndarray'>
15.9140 	EXP 	noise: tex = <class 'numpy.ndarray'>
15.9303 	EXP 	noise: tex = <class 'numpy.ndarray'>
15.9469 	EXP 	noise: tex = <class 'numpy.ndarray'>
15.9633 	EXP 	noise: tex = <class 'numpy.ndarray'>
15.9795 	EXP 	noise: tex = <class 'numpy.ndarray'>
15.9956 	EXP 	noise: tex = <class 'numpy.ndarray'>
16.0118 	EXP 	noise: tex = <class 'numpy.ndarray'>
16.0285 	EXP 	noise: tex = <class 'numpy.ndarray'>
16.0446 	EXP 	noise: tex = <class 'numpy.ndarray'>
16.0609 	EXP 	noise: tex = <class 'numpy.ndarray'>
16.0771 	EXP 	noise: tex = <class 'numpy.ndarray'>
16.0931 	EXP 	noise: tex = <class 'numpy.ndarray'>
16.1091 	EXP 	noise: tex = <class 'numpy.ndarray'>
16.1254 	EXP 	noise: tex = <class 'numpy.ndarray'>
16.1414 	EXP 	noise: tex = <class 'numpy.ndarray'>
16.1577 	EXP 	noise: tex = <class 'numpy.ndarray'>
16.1742 	EXP 	noise: tex = <class 'numpy.ndarray'>
16.1903 	EXP 	noise: tex = <class 'numpy.ndarray'>
16.2061 	EXP 	noise: tex = <class 'numpy.ndarray'>
16.2223 	EXP 	noise: tex = <class 'numpy.ndarray'>
16.2388 	EXP 	noise: tex = <class 'numpy.ndarray'>
16.2550 	EXP 	noise: tex = <class 'numpy.ndarray'>
16.2714 	EXP 	noise: tex = <class 'numpy.ndarray'>
16.2877 	EXP 	noise: tex = <class 'numpy.ndarray'>
16.3041 	EXP 	noise: tex = <class 'numpy.ndarray'>
16.3202 	EXP 	noise: tex = <class 'numpy.ndarray'>
16.3365 	EXP 	noise: tex = <class 'numpy.ndarray'>
16.3529 	EXP 	noise: tex = <class 'numpy.ndarray'>
16.3692 	EXP 	noise: tex = <class 'numpy.ndarray'>
16.3856 	EXP 	noise: tex = <class 'numpy.ndarray'>
16.4024 	EXP 	noise: tex = <class 'numpy.ndarray'>
16.4188 	EXP 	noise: tex = <class 'numpy.ndarray'>
16.4353 	EXP 	noise: tex = <class 'numpy.ndarray'>
16.4516 	EXP 	noise: tex = <class 'numpy.ndarray'>
16.4678 	EXP 	noise: tex = <class 'numpy.ndarray'>
16.4841 	EXP 	noise: tex = <class 'numpy.ndarray'>
16.5005 	EXP 	noise: tex = <class 'numpy.ndarray'>
16.5172 	EXP 	noise: tex = <class 'numpy.ndarray'>
16.5339 	EXP 	noise: tex = <class 'numpy.ndarray'>
16.5504 	EXP 	noise: tex = <class 'numpy.ndarray'>
16.5669 	EXP 	noise: tex = <class 'numpy.ndarray'>
16.5837 	EXP 	noise: tex = <class 'numpy.ndarray'>
16.6004 	EXP 	noise: tex = <class 'numpy.ndarray'>
16.6167 	EXP 	noise: tex = <class 'numpy.ndarray'>
16.6335 	EXP 	noise: tex = <class 'numpy.ndarray'>
16.6503 	EXP 	noise: tex = <class 'numpy.ndarray'>
16.6673 	EXP 	noise: tex = <class 'numpy.ndarray'>
16.6837 	EXP 	noise: tex = <class 'numpy.ndarray'>
16.7004 	EXP 	noise: tex = <class 'numpy.ndarray'>
16.7170 	EXP 	noise: tex = <class 'numpy.ndarray'>
16.7336 	EXP 	noise: tex = <class 'numpy.ndarray'>
16.7500 	EXP 	noise: tex = <class 'numpy.ndarray'>
16.7662 	EXP 	noise: tex = <class 'numpy.ndarray'>
16.7825 	EXP 	noise: tex = <class 'numpy.ndarray'>
16.7989 	EXP 	noise: tex = <class 'numpy.ndarray'>
16.8154 	EXP 	noise: tex = <class 'numpy.ndarray'>
16.8317 	EXP 	noise: tex = <class 'numpy.ndarray'>
16.8480 	EXP 	noise: tex = <class 'numpy.ndarray'>
16.8646 	EXP 	noise: tex = <class 'numpy.ndarray'>
16.8806 	EXP 	noise: tex = <class 'numpy.ndarray'>
16.8970 	EXP 	noise: tex = <class 'numpy.ndarray'>
16.9133 	EXP 	noise: tex = <class 'numpy.ndarray'>
16.9296 	EXP 	noise: tex = <class 'numpy.ndarray'>
16.9456 	EXP 	noise: tex = <class 'numpy.ndarray'>
16.9618 	EXP 	noise: tex = <class 'numpy.ndarray'>
16.9779 	EXP 	noise: tex = <class 'numpy.ndarray'>
16.9945 	EXP 	noise: tex = <class 'numpy.ndarray'>
17.0108 	EXP 	noise: tex = <class 'numpy.ndarray'>
17.0276 	EXP 	noise: tex = <class 'numpy.ndarray'>
17.0440 	EXP 	noise: tex = <class 'numpy.ndarray'>
17.0603 	EXP 	noise: tex = <class 'numpy.ndarray'>
17.0764 	EXP 	noise: tex = <class 'numpy.ndarray'>
17.0925 	EXP 	noise: tex = <class 'numpy.ndarray'>
17.1088 	EXP 	noise: tex = <class 'numpy.ndarray'>
17.1251 	EXP 	noise: tex = <class 'numpy.ndarray'>
17.1414 	EXP 	noise: tex = <class 'numpy.ndarray'>
17.1575 	EXP 	noise: tex = <class 'numpy.ndarray'>
17.1738 	EXP 	noise: tex = <class 'numpy.ndarray'>
17.1899 	EXP 	noise: tex = <class 'numpy.ndarray'>
17.2060 	EXP 	noise: tex = <class 'numpy.ndarray'>
17.2231 	EXP 	noise: tex = <class 'numpy.ndarray'>
17.2398 	EXP 	noise: tex = <class 'numpy.ndarray'>
17.2561 	EXP 	noise: tex = <class 'numpy.ndarray'>
17.2724 	EXP 	noise: tex = <class 'numpy.ndarray'>
17.2888 	EXP 	noise: tex = <class 'numpy.ndarray'>
17.3051 	EXP 	noise: tex = <class 'numpy.ndarray'>
17.3216 	EXP 	noise: tex = <class 'numpy.ndarray'>
17.3378 	EXP 	noise: tex = <class 'numpy.ndarray'>
17.3541 	EXP 	noise: tex = <class 'numpy.ndarray'>
17.3705 	EXP 	noise: tex = <class 'numpy.ndarray'>
17.3871 	EXP 	noise: tex = <class 'numpy.ndarray'>
17.4034 	EXP 	noise: tex = <class 'numpy.ndarray'>
17.4197 	EXP 	noise: tex = <class 'numpy.ndarray'>
17.4358 	EXP 	noise: tex = <class 'numpy.ndarray'>
17.4522 	EXP 	noise: tex = <class 'numpy.ndarray'>
17.4687 	EXP 	noise: tex = <class 'numpy.ndarray'>
17.4854 	EXP 	noise: tex = <class 'numpy.ndarray'>
17.5019 	EXP 	noise: tex = <class 'numpy.ndarray'>
17.5186 	EXP 	noise: tex = <class 'numpy.ndarray'>
17.5348 	EXP 	noise: tex = <class 'numpy.ndarray'>
17.5512 	EXP 	noise: tex = <class 'numpy.ndarray'>
17.5673 	EXP 	noise: tex = <class 'numpy.ndarray'>
17.5834 	EXP 	noise: tex = <class 'numpy.ndarray'>
17.5994 	EXP 	noise: tex = <class 'numpy.ndarray'>
17.6158 	EXP 	noise: tex = <class 'numpy.ndarray'>
17.6320 	EXP 	noise: tex = <class 'numpy.ndarray'>
17.6483 	EXP 	noise: tex = <class 'numpy.ndarray'>
17.6643 	EXP 	noise: tex = <class 'numpy.ndarray'>
17.6806 	EXP 	noise: tex = <class 'numpy.ndarray'>
17.6968 	EXP 	noise: tex = <class 'numpy.ndarray'>
17.7131 	EXP 	noise: tex = <class 'numpy.ndarray'>
17.7293 	EXP 	noise: tex = <class 'numpy.ndarray'>
17.7452 	EXP 	noise: tex = <class 'numpy.ndarray'>
17.7612 	EXP 	noise: tex = <class 'numpy.ndarray'>
17.7776 	EXP 	noise: tex = <class 'numpy.ndarray'>
17.7940 	EXP 	noise: tex = <class 'numpy.ndarray'>
17.8100 	EXP 	noise: tex = <class 'numpy.ndarray'>
17.8270 	EXP 	noise: tex = <class 'numpy.ndarray'>
17.8433 	EXP 	noise: tex = <class 'numpy.ndarray'>
17.8596 	EXP 	noise: tex = <class 'numpy.ndarray'>
17.8758 	EXP 	noise: tex = <class 'numpy.ndarray'>
17.8921 	EXP 	noise: tex = <class 'numpy.ndarray'>
17.9085 	EXP 	noise: tex = <class 'numpy.ndarray'>
17.9246 	EXP 	noise: tex = <class 'numpy.ndarray'>
17.9408 	EXP 	noise: tex = <class 'numpy.ndarray'>
17.9571 	EXP 	noise: tex = <class 'numpy.ndarray'>
17.9733 	EXP 	noise: tex = <class 'numpy.ndarray'>
17.9897 	EXP 	noise: tex = <class 'numpy.ndarray'>
18.0060 	EXP 	noise: tex = <class 'numpy.ndarray'>
18.0221 	EXP 	noise: tex = <class 'numpy.ndarray'>
18.0383 	EXP 	noise: tex = <class 'numpy.ndarray'>
18.0544 	EXP 	noise: tex = <class 'numpy.ndarray'>
18.0711 	EXP 	noise: tex = <class 'numpy.ndarray'>
18.0874 	EXP 	noise: tex = <class 'numpy.ndarray'>
18.1045 	EXP 	noise: tex = <class 'numpy.ndarray'>
18.1213 	EXP 	noise: tex = <class 'numpy.ndarray'>
18.1376 	EXP 	noise: tex = <class 'numpy.ndarray'>
18.1545 	EXP 	noise: tex = <class 'numpy.ndarray'>
18.1708 	EXP 	noise: tex = <class 'numpy.ndarray'>
18.1872 	EXP 	noise: tex = <class 'numpy.ndarray'>
18.2037 	EXP 	noise: tex = <class 'numpy.ndarray'>
18.2198 	EXP 	noise: tex = <class 'numpy.ndarray'>
18.2360 	EXP 	noise: tex = <class 'numpy.ndarray'>
18.2521 	EXP 	noise: tex = <class 'numpy.ndarray'>
18.2684 	EXP 	noise: tex = <class 'numpy.ndarray'>
18.2847 	EXP 	noise: tex = <class 'numpy.ndarray'>
18.3015 	EXP 	noise: tex = <class 'numpy.ndarray'>
18.3176 	EXP 	noise: tex = <class 'numpy.ndarray'>
18.3343 	EXP 	noise: tex = <class 'numpy.ndarray'>
18.3506 	EXP 	noise: tex = <class 'numpy.ndarray'>
18.3668 	EXP 	noise: tex = <class 'numpy.ndarray'>
18.3834 	EXP 	noise: tex = <class 'numpy.ndarray'>
18.4000 	EXP 	noise: tex = <class 'numpy.ndarray'>
18.4167 	EXP 	noise: tex = <class 'numpy.ndarray'>
18.4332 	EXP 	noise: tex = <class 'numpy.ndarray'>
18.4496 	EXP 	noise: tex = <class 'numpy.ndarray'>
18.4657 	EXP 	noise: tex = <class 'numpy.ndarray'>
18.4819 	EXP 	noise: tex = <class 'numpy.ndarray'>
18.4982 	EXP 	noise: tex = <class 'numpy.ndarray'>
18.5143 	EXP 	noise: tex = <class 'numpy.ndarray'>
18.5306 	EXP 	noise: tex = <class 'numpy.ndarray'>
18.5469 	EXP 	noise: tex = <class 'numpy.ndarray'>
18.5634 	EXP 	noise: tex = <class 'numpy.ndarray'>
18.5795 	EXP 	noise: tex = <class 'numpy.ndarray'>
18.5954 	EXP 	noise: tex = <class 'numpy.ndarray'>
18.6116 	EXP 	noise: tex = <class 'numpy.ndarray'>
18.6288 	EXP 	noise: tex = <class 'numpy.ndarray'>
18.6455 	EXP 	noise: tex = <class 'numpy.ndarray'>
18.6618 	EXP 	noise: tex = <class 'numpy.ndarray'>
18.6783 	EXP 	noise: tex = <class 'numpy.ndarray'>
18.6946 	EXP 	noise: tex = <class 'numpy.ndarray'>
18.7109 	EXP 	noise: tex = <class 'numpy.ndarray'>
18.7274 	EXP 	noise: tex = <class 'numpy.ndarray'>
18.7436 	EXP 	noise: tex = <class 'numpy.ndarray'>
18.7599 	EXP 	noise: tex = <class 'numpy.ndarray'>
18.7762 	EXP 	noise: tex = <class 'numpy.ndarray'>
18.7924 	EXP 	noise: tex = <class 'numpy.ndarray'>
18.8040 	EXP 	New trial (rep=0, index=1): OrderedDict([('blobHeight', 1.0), ('blobWidth', 0.07), ('mask', '$np.ones((512,512))'), ('sig', 0.01)])
18.8068 	EXP 	noise_0: autoDraw = False
18.8068 	EXP 	noise: autoDraw = False
18.8068 	EXP 	blob_0: autoDraw = False
18.8068 	EXP 	blob: autoDraw = False
18.8068 	EXP 	cursor: autoDraw = False
18.8068 	EXP 	start_trial_text: autoDraw = True
19.8618 	DATA 	Keypress: escape
19.9542 	EXP 	helloworld: status = STOPPED
19.9569 	EXP 	start_trial_text: autoDraw = False
19.9570 	EXP 	helloworld: status = STOPPED
20.0224 	EXP 	window1: mouseVisible = True
