0.9074 	WARNING 	We strongly recommend you activate the PTB sound engine in PsychoPy prefs as the preferred audio engine. Its timing is vastly superior. Your prefs are currently set to use ['sounddevice', 'PTB', 'pyo', 'pygame'] (in that order).
6.4820 	EXP 	Created window1 = Window(allowGUI=True, allowStencil=False, autoLog=True, backendConf=UNKNOWN, bitsMode=UNKNOWN, blendMode='avg', bpc=(8, 8, 8), color=array([0, 0, 0]), colorSpace='rgb', depthBits=8, fullscr=<method-wrapper '__getattribute__' of attributeSetter object at 0x7f9a59ce9fd0>, gamma=None, gammaErrorPolicy='raise', lms=UNKNOWN, monitor=<psychopy.monitors.calibTools.Monitor object at 0x7f9a7e17d790>, multiSample=False, name='window1', numSamples=2, pos=[360.0, 225.0], screen=0, size=array([2880, 1800]), stencilBits=0, stereo=False, units='height', useFBO=True, useRetina=True, viewOri=0.0, viewPos=None, viewScale=None, waitBlanking=True, winType='pyglet')
6.4822 	EXP 	window1: mouseVisible = True
6.4834 	EXP 	window1: mouseVisible = False
6.4835 	EXP 	window1: Attempting to measure frame rate of screen (0) ...
6.4835 	EXP 	window1: recordFrameIntervals = False
6.6482 	EXP 	window1: recordFrameIntervals = True
6.8318 	EXP 	Screen (0) actual frame rate measured at 59.85Hz
6.8318 	EXP 	window1: recordFrameIntervals = False
8.6859 	EXP 	Created start_trial_text = TextStim(__class__=<class 'psychopy.visual.text.TextStim'>, alignHoriz=method-wrapper(...), alignText='center', alignVert=method-wrapper(...), anchorHoriz='center', anchorVert='center', antialias=True, autoDraw=False, autoLog=True, bold=False, color=array([1., 1., 1.]), colorSpace='rgb', contrast=1.0, depth=0.0, flipHoriz=False, flipVert=False, font='Arial', fontFiles=[], height=0.04, italic=False, languageStyle='LTR', name='start_trial_text', opacity=1.0, ori=0.0, pos=array([-0.3 ,  0.25]), rgb=UNKNOWN, text='Press any button to continue', units='height', win=Window(...), wrapWidth=1)
8.6861 	EXP 	window1: mouseVisible = True
8.6862 	EXP 	window1: mouseVisible = True
8.6930 	EXP 	Created noise_0 = NoiseStim(__class__=<class 'psychopy.visual.noise.NoiseStim'>, anchor='center', autoDraw=False, autoLog=True, blendmode='add', color=array([0.5, 0.5, 0.5]), colorSpace='rgb', contrast=0.5, depth=-1.0, interpolate=False, mask='none', maskParams=None, name='noise_0', opacity=1.0, ori=0.0, phase=array([0., 0.]), pos=array([0., 0.]), rgbPedestal=array([0., 0., 0.]), sf=array([1., 1.]), size=array([1., 1.]), tex='sin', texRes=128, units='height', win=Window(...))
8.7654 	EXP 	Created noise = NoiseStim(__class__=<class 'psychopy.visual.noise.NoiseStim'>, anchor='center', autoDraw=False, autoLog=True, blendmode='add', color=array([0.5, 0.5, 0.5]), colorSpace='rgb', contrast=0.5, depth=-2.0, interpolate=False, mask='none', maskParams=None, name='noise', opacity=1.0, ori=0.0, phase=array([0., 0.]), pos=array([0., 0.]), rgbPedestal=array([0., 0., 0.]), sf=array([1., 1.]), size=array([1., 1.]), tex='sin', texRes=128, units='height', win=Window(...))
8.8823 	EXP 	Created blob_0 = GratingStim(__class__=<class 'psychopy.visual.grating.GratingStim'>, anchor='center', autoDraw=False, autoLog=True, blendmode='add', color=array([1., 1., 1.]), colorSpace='rgb', contrast=1.0, depth=-3.0, interpolate=True, mask='gauss', maskParams=None, name='blob_0', opacity=1.0, ori=45.0, phase=array([0.25, 0.25]), pos=array([0., 0.]), rgbPedestal=array([0., 0., 0.]), sf=array([1., 1.]), size=array([1., 1.]), tex=ndarray(...), texRes=512.0, units='height', win=Window(...))
8.9083 	EXP 	Created blob = GratingStim(__class__=<class 'psychopy.visual.grating.GratingStim'>, anchor='center', autoDraw=False, autoLog=True, blendmode='add', color=array([1., 1., 1.]), colorSpace='rgb', contrast=1.0, depth=-4.0, interpolate=True, mask='gauss', maskParams=None, name='blob', opacity=1.0, ori=45.0, phase=array([0.25, 0.25]), pos=array([0., 0.]), rgbPedestal=array([0., 0., 0.]), sf=array([1., 1.]), size=array([1., 1.]), tex=ndarray(...), texRes=512.0, units='height', win=Window(...))
8.9146 	EXP 	Created cursor = ShapeStim(__class__=<class 'psychopy.visual.shape.ShapeStim'>, anchor=('center', 'center'), autoDraw=False, autoLog=True, closeShape=True, color=method-wrapper(...), colorSpace='rgb', contrast=None, depth=-6.0, fillColor=array([ 1, -1, -1]), fillColorSpace='rgb', fillRGB=array([ 1, -1, -1]), interpolate=True, lineColor=array([ 1., -1., -1.]), lineColorSpace='rgb', lineRGB=array([ 1, -1, -1]), lineWidth=1.0, name='cursor', opacity=1.0, ori=0.0, pos=array([0., 0.]), size=array([0.005, 0.005]), units='height', vertices=ndarray(...), win=Window(...), windingRule=None)
8.9195 	EXP 	Imported Bonnen2015Conditions.csv as conditions, 4 conditions, 4 params
8.9199 	EXP 	Created sequence: random, trialTypes=4, nReps=1, seed=None
8.9202 	EXP 	New trial (rep=0, index=0): OrderedDict([('blobHeight', 1.0), ('blobWidth', 0.07), ('mask', '$np.ones((512,512))'), ('sig', 0.01)])
8.9213 	DATA 	Mouse: Left button down, pos=(562,662)
8.9220 	DATA 	Mouse:  Left button up, pos=(562,662)
8.9579 	EXP 	noise_0: blendmode = 'add'
8.9579 	EXP 	noise_0: mask = None
8.9579 	EXP 	noise_0: texRes = 512
8.9579 	EXP 	noise_0: noiseType = 'White'
8.9579 	EXP 	noise_0: noiseImage = None
8.9579 	EXP 	noise_0: noiseElementSize = [0.0625]
8.9579 	EXP 	noise_0: noiseBaseSf = 8.0
8.9579 	EXP 	noise_0: noiseBW = 1.0
8.9579 	EXP 	noise_0: noiseBWO = 30.0
8.9579 	EXP 	noise_0: noiseFractalPower = 0.0
8.9579 	EXP 	noise_0: noiseFilterUpper = 8.0
8.9579 	EXP 	noise_0: noiseFilterLower = 1.0
8.9579 	EXP 	noise_0: noiseFilterOrder = 0.0
8.9579 	EXP 	noise_0: noiseClip = 3.0
8.9579 	EXP 	noise_0: filter = None
8.9579 	EXP 	noise_0: tex = <class 'numpy.ndarray'>
8.9579 	EXP 	noise_0: tex = <class 'numpy.ndarray'>
8.9579 	EXP 	noise: blendmode = 'add'
8.9579 	EXP 	noise: mask = None
8.9579 	EXP 	noise: texRes = 512
8.9579 	EXP 	noise: noiseType = 'White'
8.9579 	EXP 	noise: noiseImage = None
8.9579 	EXP 	noise: noiseElementSize = [0.0625]
8.9579 	EXP 	noise: noiseBaseSf = 8.0
8.9579 	EXP 	noise: noiseBW = 1.0
8.9579 	EXP 	noise: noiseBWO = 30.0
8.9579 	EXP 	noise: noiseFractalPower = 0.0
8.9579 	EXP 	noise: noiseFilterUpper = 8.0
8.9579 	EXP 	noise: noiseFilterLower = 1.0
8.9579 	EXP 	noise: noiseFilterOrder = 0.0
8.9579 	EXP 	noise: noiseClip = 3.0
8.9579 	EXP 	noise: filter = None
8.9579 	EXP 	noise: tex = <class 'numpy.ndarray'>
8.9579 	EXP 	noise: tex = <class 'numpy.ndarray'>
8.9579 	EXP 	start_trial_text: autoDraw = True
9.5977 	DATA 	Mouse: Left button down, pos=(562,662)
9.6146 	EXP 	window1: mouseVisible = 0
9.6806 	EXP 	start_trial_text: autoDraw = False
9.6806 	EXP 	blob_0: tex = <class 'numpy.ndarray'>
9.6806 	EXP 	blob: tex = <class 'numpy.ndarray'>
9.6806 	EXP 	noise_0: autoDraw = True
9.6806 	EXP 	noise_0: tex = <class 'numpy.ndarray'>
9.6806 	EXP 	blob_0: autoDraw = True
9.6806 	EXP 	cursor: autoDraw = True
9.7127 	DATA 	Mouse:  Left button up, pos=(720,450)
9.7309 	EXP 	noise_0: tex = <class 'numpy.ndarray'>
9.7804 	EXP 	noise_0: tex = <class 'numpy.ndarray'>
9.8315 	EXP 	noise_0: tex = <class 'numpy.ndarray'>
9.8810 	EXP 	noise_0: tex = <class 'numpy.ndarray'>
9.9307 	EXP 	noise_0: tex = <class 'numpy.ndarray'>
9.9808 	EXP 	noise_0: tex = <class 'numpy.ndarray'>
10.0330 	EXP 	noise_0: tex = <class 'numpy.ndarray'>
10.0862 	EXP 	noise_0: tex = <class 'numpy.ndarray'>
10.1784 	EXP 	noise_0: tex = <class 'numpy.ndarray'>
10.1784 	EXP 	noise: autoDraw = True
10.1784 	EXP 	noise: tex = <class 'numpy.ndarray'>
10.1784 	EXP 	blob: autoDraw = True
10.2401 	EXP 	noise_0: autoDraw = False
10.2401 	EXP 	noise: tex = <class 'numpy.ndarray'>
10.2401 	EXP 	blob_0: autoDraw = False
10.2873 	EXP 	noise: tex = <class 'numpy.ndarray'>
10.3377 	EXP 	noise: tex = <class 'numpy.ndarray'>
10.3877 	EXP 	noise: tex = <class 'numpy.ndarray'>
10.4472 	EXP 	noise: tex = <class 'numpy.ndarray'>
10.5071 	EXP 	noise: tex = <class 'numpy.ndarray'>
10.5551 	EXP 	noise: tex = <class 'numpy.ndarray'>
10.6028 	EXP 	noise: tex = <class 'numpy.ndarray'>
10.6536 	EXP 	noise: tex = <class 'numpy.ndarray'>
10.6991 	EXP 	noise: tex = <class 'numpy.ndarray'>
10.7496 	EXP 	noise: tex = <class 'numpy.ndarray'>
10.8035 	EXP 	noise: tex = <class 'numpy.ndarray'>
10.8486 	EXP 	noise: tex = <class 'numpy.ndarray'>
10.8984 	EXP 	noise: tex = <class 'numpy.ndarray'>
10.9472 	EXP 	noise: tex = <class 'numpy.ndarray'>
10.9972 	EXP 	noise: tex = <class 'numpy.ndarray'>
11.0579 	EXP 	noise: tex = <class 'numpy.ndarray'>
11.1138 	EXP 	noise: tex = <class 'numpy.ndarray'>
11.1639 	EXP 	noise: tex = <class 'numpy.ndarray'>
11.2140 	EXP 	noise: tex = <class 'numpy.ndarray'>
11.2650 	EXP 	noise: tex = <class 'numpy.ndarray'>
11.3147 	EXP 	noise: tex = <class 'numpy.ndarray'>
11.3641 	EXP 	noise: tex = <class 'numpy.ndarray'>
11.4139 	EXP 	noise: tex = <class 'numpy.ndarray'>
11.4639 	EXP 	noise: tex = <class 'numpy.ndarray'>
11.5139 	EXP 	noise: tex = <class 'numpy.ndarray'>
11.5641 	EXP 	noise: tex = <class 'numpy.ndarray'>
11.6140 	EXP 	noise: tex = <class 'numpy.ndarray'>
11.6641 	EXP 	noise: tex = <class 'numpy.ndarray'>
11.7162 	EXP 	noise: tex = <class 'numpy.ndarray'>
11.7638 	EXP 	noise: tex = <class 'numpy.ndarray'>
11.8138 	EXP 	noise: tex = <class 'numpy.ndarray'>
11.8641 	EXP 	noise: tex = <class 'numpy.ndarray'>
11.9138 	EXP 	noise: tex = <class 'numpy.ndarray'>
11.9763 	EXP 	noise: tex = <class 'numpy.ndarray'>
12.0304 	EXP 	noise: tex = <class 'numpy.ndarray'>
12.0808 	EXP 	noise: tex = <class 'numpy.ndarray'>
12.1307 	EXP 	noise: tex = <class 'numpy.ndarray'>
12.1810 	EXP 	noise: tex = <class 'numpy.ndarray'>
12.2304 	EXP 	noise: tex = <class 'numpy.ndarray'>
12.2806 	EXP 	noise: tex = <class 'numpy.ndarray'>
12.3310 	EXP 	noise: tex = <class 'numpy.ndarray'>
12.3822 	EXP 	noise: tex = <class 'numpy.ndarray'>
12.4305 	EXP 	noise: tex = <class 'numpy.ndarray'>
12.4822 	EXP 	noise: tex = <class 'numpy.ndarray'>
12.5305 	EXP 	noise: tex = <class 'numpy.ndarray'>
12.5807 	EXP 	noise: tex = <class 'numpy.ndarray'>
12.6408 	EXP 	noise: tex = <class 'numpy.ndarray'>
12.6972 	EXP 	noise: tex = <class 'numpy.ndarray'>
12.7582 	EXP 	noise: tex = <class 'numpy.ndarray'>
12.8062 	EXP 	noise: tex = <class 'numpy.ndarray'>
12.8536 	EXP 	noise: tex = <class 'numpy.ndarray'>
12.9046 	EXP 	noise: tex = <class 'numpy.ndarray'>
12.9552 	EXP 	noise: tex = <class 'numpy.ndarray'>
13.0064 	EXP 	noise: tex = <class 'numpy.ndarray'>
13.0552 	EXP 	noise: tex = <class 'numpy.ndarray'>
13.1046 	EXP 	noise: tex = <class 'numpy.ndarray'>
13.1500 	EXP 	noise: tex = <class 'numpy.ndarray'>
13.2019 	EXP 	noise: tex = <class 'numpy.ndarray'>
13.2543 	EXP 	noise: tex = <class 'numpy.ndarray'>
13.3040 	EXP 	noise: tex = <class 'numpy.ndarray'>
13.3550 	EXP 	noise: tex = <class 'numpy.ndarray'>
13.4027 	EXP 	noise: tex = <class 'numpy.ndarray'>
13.4551 	EXP 	noise: tex = <class 'numpy.ndarray'>
13.5027 	EXP 	noise: tex = <class 'numpy.ndarray'>
13.5510 	EXP 	noise: tex = <class 'numpy.ndarray'>
13.5978 	EXP 	noise: tex = <class 'numpy.ndarray'>
13.6579 	EXP 	noise: tex = <class 'numpy.ndarray'>
13.7140 	EXP 	noise: tex = <class 'numpy.ndarray'>
13.7646 	EXP 	noise: tex = <class 'numpy.ndarray'>
13.8152 	EXP 	noise: tex = <class 'numpy.ndarray'>
13.8647 	EXP 	noise: tex = <class 'numpy.ndarray'>
13.9138 	EXP 	noise: tex = <class 'numpy.ndarray'>
13.9653 	EXP 	noise: tex = <class 'numpy.ndarray'>
14.0140 	EXP 	noise: tex = <class 'numpy.ndarray'>
14.0639 	EXP 	noise: tex = <class 'numpy.ndarray'>
14.1162 	EXP 	noise: tex = <class 'numpy.ndarray'>
14.1680 	EXP 	noise: tex = <class 'numpy.ndarray'>
14.2202 	EXP 	noise: tex = <class 'numpy.ndarray'>
14.2832 	EXP 	noise: tex = <class 'numpy.ndarray'>
14.3371 	EXP 	noise: tex = <class 'numpy.ndarray'>
14.3874 	EXP 	noise: tex = <class 'numpy.ndarray'>
14.4359 	EXP 	noise: tex = <class 'numpy.ndarray'>
14.4873 	EXP 	noise: tex = <class 'numpy.ndarray'>
14.5359 	EXP 	noise: tex = <class 'numpy.ndarray'>
14.5875 	EXP 	noise: tex = <class 'numpy.ndarray'>
14.6350 	EXP 	noise: tex = <class 'numpy.ndarray'>
14.6836 	EXP 	noise: tex = <class 'numpy.ndarray'>
14.7343 	EXP 	noise: tex = <class 'numpy.ndarray'>
14.7839 	EXP 	noise: tex = <class 'numpy.ndarray'>
14.8343 	EXP 	noise: tex = <class 'numpy.ndarray'>
14.8854 	EXP 	noise: tex = <class 'numpy.ndarray'>
14.9327 	EXP 	noise: tex = <class 'numpy.ndarray'>
14.9841 	EXP 	noise: tex = <class 'numpy.ndarray'>
15.0357 	EXP 	noise: tex = <class 'numpy.ndarray'>
15.0896 	EXP 	noise: tex = <class 'numpy.ndarray'>
15.1454 	EXP 	noise: tex = <class 'numpy.ndarray'>
15.1979 	EXP 	noise: tex = <class 'numpy.ndarray'>
15.2580 	EXP 	noise: tex = <class 'numpy.ndarray'>
15.3138 	EXP 	noise: tex = <class 'numpy.ndarray'>
15.3643 	EXP 	noise: tex = <class 'numpy.ndarray'>
15.4181 	EXP 	noise: tex = <class 'numpy.ndarray'>
15.4669 	EXP 	noise: tex = <class 'numpy.ndarray'>
15.5183 	EXP 	noise: tex = <class 'numpy.ndarray'>
15.5832 	EXP 	noise: tex = <class 'numpy.ndarray'>
15.6308 	EXP 	noise: tex = <class 'numpy.ndarray'>
15.6807 	EXP 	noise: tex = <class 'numpy.ndarray'>
15.7307 	EXP 	noise: tex = <class 'numpy.ndarray'>
15.7807 	EXP 	noise: tex = <class 'numpy.ndarray'>
15.8306 	EXP 	noise: tex = <class 'numpy.ndarray'>
15.8806 	EXP 	noise: tex = <class 'numpy.ndarray'>
15.9305 	EXP 	noise: tex = <class 'numpy.ndarray'>
15.9930 	EXP 	noise: tex = <class 'numpy.ndarray'>
16.0469 	EXP 	noise: tex = <class 'numpy.ndarray'>
16.0974 	EXP 	noise: tex = <class 'numpy.ndarray'>
16.1474 	EXP 	noise: tex = <class 'numpy.ndarray'>
16.1986 	EXP 	noise: tex = <class 'numpy.ndarray'>
16.2500 	EXP 	noise: tex = <class 'numpy.ndarray'>
16.2995 	EXP 	noise: tex = <class 'numpy.ndarray'>
16.3491 	EXP 	noise: tex = <class 'numpy.ndarray'>
16.3982 	EXP 	noise: tex = <class 'numpy.ndarray'>
16.4481 	EXP 	noise: tex = <class 'numpy.ndarray'>
16.4975 	EXP 	noise: tex = <class 'numpy.ndarray'>
16.5475 	EXP 	noise: tex = <class 'numpy.ndarray'>
16.5970 	EXP 	noise: tex = <class 'numpy.ndarray'>
16.6470 	EXP 	noise: tex = <class 'numpy.ndarray'>
16.7087 	EXP 	noise: tex = <class 'numpy.ndarray'>
16.7651 	EXP 	noise: tex = <class 'numpy.ndarray'>
16.8155 	EXP 	noise: tex = <class 'numpy.ndarray'>
16.8673 	EXP 	noise: tex = <class 'numpy.ndarray'>
16.9147 	EXP 	noise: tex = <class 'numpy.ndarray'>
16.9639 	EXP 	noise: tex = <class 'numpy.ndarray'>
17.0138 	EXP 	noise: tex = <class 'numpy.ndarray'>
17.0639 	EXP 	noise: tex = <class 'numpy.ndarray'>
17.1140 	EXP 	noise: tex = <class 'numpy.ndarray'>
17.1639 	EXP 	noise: tex = <class 'numpy.ndarray'>
17.2171 	EXP 	noise: tex = <class 'numpy.ndarray'>
17.2665 	EXP 	noise: tex = <class 'numpy.ndarray'>
17.3138 	EXP 	noise: tex = <class 'numpy.ndarray'>
17.3641 	EXP 	noise: tex = <class 'numpy.ndarray'>
17.4160 	EXP 	noise: tex = <class 'numpy.ndarray'>
17.4669 	EXP 	noise: tex = <class 'numpy.ndarray'>
17.5210 	EXP 	noise: tex = <class 'numpy.ndarray'>
17.5775 	EXP 	noise: tex = <class 'numpy.ndarray'>
17.6305 	EXP 	noise: tex = <class 'numpy.ndarray'>
17.6807 	EXP 	noise: tex = <class 'numpy.ndarray'>
17.7304 	EXP 	noise: tex = <class 'numpy.ndarray'>
17.7803 	EXP 	noise: tex = <class 'numpy.ndarray'>
17.8452 	EXP 	noise: tex = <class 'numpy.ndarray'>
17.8975 	EXP 	noise: tex = <class 'numpy.ndarray'>
17.9579 	EXP 	noise: tex = <class 'numpy.ndarray'>
18.0047 	EXP 	noise: tex = <class 'numpy.ndarray'>
18.0535 	EXP 	noise: tex = <class 'numpy.ndarray'>
18.1027 	EXP 	noise: tex = <class 'numpy.ndarray'>
18.1497 	EXP 	noise: tex = <class 'numpy.ndarray'>
18.1992 	EXP 	noise: tex = <class 'numpy.ndarray'>
18.2525 	EXP 	noise: tex = <class 'numpy.ndarray'>
18.3042 	EXP 	noise: tex = <class 'numpy.ndarray'>
18.3509 	EXP 	noise: tex = <class 'numpy.ndarray'>
18.4006 	EXP 	noise: tex = <class 'numpy.ndarray'>
18.4519 	EXP 	noise: tex = <class 'numpy.ndarray'>
18.5029 	EXP 	noise: tex = <class 'numpy.ndarray'>
18.5533 	EXP 	noise: tex = <class 'numpy.ndarray'>
18.6163 	EXP 	noise: tex = <class 'numpy.ndarray'>
18.6656 	EXP 	noise: tex = <class 'numpy.ndarray'>
18.7156 	EXP 	noise: tex = <class 'numpy.ndarray'>
18.7637 	EXP 	noise: tex = <class 'numpy.ndarray'>
18.8139 	EXP 	noise: tex = <class 'numpy.ndarray'>
18.8640 	EXP 	noise: tex = <class 'numpy.ndarray'>
18.9142 	EXP 	noise: tex = <class 'numpy.ndarray'>
18.9669 	EXP 	noise: tex = <class 'numpy.ndarray'>
19.0186 	EXP 	noise: tex = <class 'numpy.ndarray'>
19.0684 	EXP 	noise: tex = <class 'numpy.ndarray'>
19.1155 	EXP 	noise: tex = <class 'numpy.ndarray'>
19.1638 	EXP 	noise: tex = <class 'numpy.ndarray'>
19.2137 	EXP 	noise: tex = <class 'numpy.ndarray'>
19.2636 	EXP 	noise: tex = <class 'numpy.ndarray'>
19.3140 	EXP 	noise: tex = <class 'numpy.ndarray'>
19.3653 	EXP 	noise: tex = <class 'numpy.ndarray'>
19.4139 	EXP 	noise: tex = <class 'numpy.ndarray'>
19.4639 	EXP 	noise: tex = <class 'numpy.ndarray'>
19.5139 	EXP 	noise: tex = <class 'numpy.ndarray'>
19.5669 	EXP 	noise: tex = <class 'numpy.ndarray'>
19.6140 	EXP 	noise: tex = <class 'numpy.ndarray'>
19.6639 	EXP 	noise: tex = <class 'numpy.ndarray'>
19.7140 	EXP 	noise: tex = <class 'numpy.ndarray'>
19.7639 	EXP 	noise: tex = <class 'numpy.ndarray'>
19.8239 	EXP 	noise: tex = <class 'numpy.ndarray'>
19.8709 	EXP 	noise: tex = <class 'numpy.ndarray'>
19.9194 	EXP 	noise: tex = <class 'numpy.ndarray'>
19.9676 	EXP 	noise: tex = <class 'numpy.ndarray'>
20.0170 	EXP 	noise: tex = <class 'numpy.ndarray'>
20.0668 	EXP 	noise: tex = <class 'numpy.ndarray'>
20.1190 	EXP 	noise: tex = <class 'numpy.ndarray'>
20.1671 	EXP 	noise: tex = <class 'numpy.ndarray'>
20.2141 	EXP 	noise: tex = <class 'numpy.ndarray'>
20.2639 	EXP 	noise: tex = <class 'numpy.ndarray'>
20.3138 	EXP 	noise: tex = <class 'numpy.ndarray'>
20.3638 	EXP 	noise: tex = <class 'numpy.ndarray'>
20.4137 	EXP 	noise: tex = <class 'numpy.ndarray'>
20.4637 	EXP 	noise: tex = <class 'numpy.ndarray'>
20.5137 	EXP 	noise: tex = <class 'numpy.ndarray'>
20.5639 	EXP 	noise: tex = <class 'numpy.ndarray'>
20.6248 	EXP 	noise: tex = <class 'numpy.ndarray'>
20.6834 	EXP 	noise: tex = <class 'numpy.ndarray'>
20.7344 	EXP 	noise: tex = <class 'numpy.ndarray'>
20.7857 	EXP 	noise: tex = <class 'numpy.ndarray'>
20.8501 	EXP 	noise: tex = <class 'numpy.ndarray'>
20.8984 	EXP 	noise: tex = <class 'numpy.ndarray'>
20.9473 	EXP 	noise: tex = <class 'numpy.ndarray'>
20.9979 	EXP 	noise: tex = <class 'numpy.ndarray'>
21.0471 	EXP 	noise: tex = <class 'numpy.ndarray'>
21.1083 	EXP 	noise: tex = <class 'numpy.ndarray'>
21.1635 	EXP 	noise: tex = <class 'numpy.ndarray'>
21.2137 	EXP 	noise: tex = <class 'numpy.ndarray'>
21.2744 	EXP 	noise: tex = <class 'numpy.ndarray'>
21.3214 	EXP 	noise: tex = <class 'numpy.ndarray'>
21.3681 	EXP 	noise: tex = <class 'numpy.ndarray'>
21.4174 	EXP 	noise: tex = <class 'numpy.ndarray'>
21.4656 	EXP 	noise: tex = <class 'numpy.ndarray'>
21.5153 	EXP 	noise: tex = <class 'numpy.ndarray'>
21.5638 	EXP 	noise: tex = <class 'numpy.ndarray'>
21.6137 	EXP 	noise: tex = <class 'numpy.ndarray'>
21.6639 	EXP 	noise: tex = <class 'numpy.ndarray'>
21.7138 	EXP 	noise: tex = <class 'numpy.ndarray'>
21.7638 	EXP 	noise: tex = <class 'numpy.ndarray'>
21.8159 	EXP 	noise: tex = <class 'numpy.ndarray'>
21.8770 	EXP 	noise: tex = <class 'numpy.ndarray'>
21.9307 	EXP 	noise: tex = <class 'numpy.ndarray'>
21.9806 	EXP 	noise: tex = <class 'numpy.ndarray'>
22.0417 	EXP 	noise: tex = <class 'numpy.ndarray'>
22.0968 	EXP 	noise: tex = <class 'numpy.ndarray'>
22.1470 	EXP 	noise: tex = <class 'numpy.ndarray'>
22.2001 	EXP 	noise: tex = <class 'numpy.ndarray'>
22.2550 	EXP 	noise: tex = <class 'numpy.ndarray'>
22.3106 	EXP 	noise: tex = <class 'numpy.ndarray'>
22.3711 	EXP 	noise: tex = <class 'numpy.ndarray'>
22.4204 	EXP 	noise: tex = <class 'numpy.ndarray'>
22.4684 	EXP 	noise: tex = <class 'numpy.ndarray'>
22.5200 	EXP 	noise: tex = <class 'numpy.ndarray'>
22.5833 	EXP 	noise: tex = <class 'numpy.ndarray'>
22.6360 	EXP 	noise: tex = <class 'numpy.ndarray'>
22.6863 	EXP 	noise: tex = <class 'numpy.ndarray'>
22.7308 	EXP 	noise: tex = <class 'numpy.ndarray'>
22.7812 	EXP 	noise: tex = <class 'numpy.ndarray'>
22.8304 	EXP 	noise: tex = <class 'numpy.ndarray'>
22.8805 	EXP 	noise: tex = <class 'numpy.ndarray'>
22.9313 	EXP 	noise: tex = <class 'numpy.ndarray'>
22.9915 	EXP 	noise: tex = <class 'numpy.ndarray'>
23.0471 	EXP 	noise: tex = <class 'numpy.ndarray'>
23.0971 	EXP 	noise: tex = <class 'numpy.ndarray'>
23.1475 	EXP 	noise: tex = <class 'numpy.ndarray'>
23.2106 	EXP 	noise: tex = <class 'numpy.ndarray'>
23.2640 	EXP 	noise: tex = <class 'numpy.ndarray'>
23.3140 	EXP 	noise: tex = <class 'numpy.ndarray'>
23.3639 	EXP 	noise: tex = <class 'numpy.ndarray'>
23.4144 	EXP 	noise: tex = <class 'numpy.ndarray'>
23.4647 	EXP 	noise: tex = <class 'numpy.ndarray'>
23.5151 	EXP 	noise: tex = <class 'numpy.ndarray'>
23.5638 	EXP 	noise: tex = <class 'numpy.ndarray'>
23.6164 	EXP 	noise: tex = <class 'numpy.ndarray'>
23.6682 	EXP 	noise: tex = <class 'numpy.ndarray'>
23.7184 	EXP 	noise: tex = <class 'numpy.ndarray'>
23.7658 	EXP 	noise: tex = <class 'numpy.ndarray'>
23.8157 	EXP 	noise: tex = <class 'numpy.ndarray'>
23.8638 	EXP 	noise: tex = <class 'numpy.ndarray'>
23.9147 	EXP 	noise: tex = <class 'numpy.ndarray'>
23.9649 	EXP 	noise: tex = <class 'numpy.ndarray'>
24.0140 	EXP 	noise: tex = <class 'numpy.ndarray'>
24.0640 	EXP 	noise: tex = <class 'numpy.ndarray'>
24.1262 	EXP 	noise: tex = <class 'numpy.ndarray'>
24.1804 	EXP 	noise: tex = <class 'numpy.ndarray'>
24.2304 	EXP 	noise: tex = <class 'numpy.ndarray'>
24.2823 	EXP 	noise: tex = <class 'numpy.ndarray'>
24.3306 	EXP 	noise: tex = <class 'numpy.ndarray'>
24.3806 	EXP 	noise: tex = <class 'numpy.ndarray'>
24.4305 	EXP 	noise: tex = <class 'numpy.ndarray'>
24.4803 	EXP 	noise: tex = <class 'numpy.ndarray'>
24.5422 	EXP 	noise: tex = <class 'numpy.ndarray'>
24.5891 	EXP 	noise: tex = <class 'numpy.ndarray'>
24.6363 	EXP 	noise: tex = <class 'numpy.ndarray'>
24.6848 	EXP 	noise: tex = <class 'numpy.ndarray'>
24.7325 	EXP 	noise: tex = <class 'numpy.ndarray'>
24.7809 	EXP 	noise: tex = <class 'numpy.ndarray'>
24.8309 	EXP 	noise: tex = <class 'numpy.ndarray'>
24.8807 	EXP 	noise: tex = <class 'numpy.ndarray'>
24.9308 	EXP 	noise: tex = <class 'numpy.ndarray'>
24.9922 	EXP 	noise: tex = <class 'numpy.ndarray'>
25.0401 	EXP 	noise: tex = <class 'numpy.ndarray'>
25.0880 	EXP 	noise: tex = <class 'numpy.ndarray'>
25.1352 	EXP 	noise: tex = <class 'numpy.ndarray'>
25.1401 	EXP 	New trial (rep=0, index=1): OrderedDict([('blobHeight', 0.4188), ('blobWidth', 0.17), ('mask', '$np.ones((512,512))'), ('sig', 0.01)])
25.1640 	EXP 	noise_0: autoDraw = False
25.1640 	EXP 	noise: autoDraw = False
25.1640 	EXP 	blob_0: autoDraw = False
25.1640 	EXP 	blob: autoDraw = False
25.1640 	EXP 	cursor: autoDraw = False
25.1640 	EXP 	start_trial_text: autoDraw = True
25.8150 	DATA 	Mouse: Left button down, pos=(756,348)
25.8304 	EXP 	window1: mouseVisible = 0
25.8915 	EXP 	start_trial_text: autoDraw = False
25.8915 	EXP 	blob_0: tex = <class 'numpy.ndarray'>
25.8915 	EXP 	blob: tex = <class 'numpy.ndarray'>
25.8915 	EXP 	noise_0: autoDraw = True
25.8915 	EXP 	noise_0: tex = <class 'numpy.ndarray'>
25.8915 	EXP 	blob_0: autoDraw = True
25.8915 	EXP 	cursor: autoDraw = True
25.9224 	DATA 	Mouse:  Left button up, pos=(720,450)
25.9393 	EXP 	noise_0: tex = <class 'numpy.ndarray'>
25.9872 	EXP 	noise_0: tex = <class 'numpy.ndarray'>
26.0344 	EXP 	noise_0: tex = <class 'numpy.ndarray'>
26.0852 	EXP 	noise_0: tex = <class 'numpy.ndarray'>
26.1376 	EXP 	noise_0: tex = <class 'numpy.ndarray'>
26.1873 	EXP 	noise_0: tex = <class 'numpy.ndarray'>
26.2331 	EXP 	noise_0: tex = <class 'numpy.ndarray'>
26.2835 	EXP 	noise_0: tex = <class 'numpy.ndarray'>
26.3372 	EXP 	noise_0: tex = <class 'numpy.ndarray'>
26.4267 	EXP 	noise_0: tex = <class 'numpy.ndarray'>
26.4267 	EXP 	noise: autoDraw = True
26.4267 	EXP 	noise: tex = <class 'numpy.ndarray'>
26.4267 	EXP 	blob: autoDraw = True
26.4805 	EXP 	noise_0: autoDraw = False
26.4805 	EXP 	noise: tex = <class 'numpy.ndarray'>
26.4805 	EXP 	blob_0: autoDraw = False
26.5324 	EXP 	noise: tex = <class 'numpy.ndarray'>
26.5951 	EXP 	noise: tex = <class 'numpy.ndarray'>
26.6570 	EXP 	noise: tex = <class 'numpy.ndarray'>
26.7050 	EXP 	noise: tex = <class 'numpy.ndarray'>
26.7531 	EXP 	noise: tex = <class 'numpy.ndarray'>
26.8035 	EXP 	noise: tex = <class 'numpy.ndarray'>
26.8531 	EXP 	noise: tex = <class 'numpy.ndarray'>
26.9028 	EXP 	noise: tex = <class 'numpy.ndarray'>
26.9526 	EXP 	noise: tex = <class 'numpy.ndarray'>
27.0048 	EXP 	noise: tex = <class 'numpy.ndarray'>
27.0665 	EXP 	noise: tex = <class 'numpy.ndarray'>
27.1148 	EXP 	noise: tex = <class 'numpy.ndarray'>
27.1656 	EXP 	noise: tex = <class 'numpy.ndarray'>
27.2138 	EXP 	noise: tex = <class 'numpy.ndarray'>
27.2778 	EXP 	noise: tex = <class 'numpy.ndarray'>
27.3306 	EXP 	noise: tex = <class 'numpy.ndarray'>
27.3835 	EXP 	noise: tex = <class 'numpy.ndarray'>
27.4337 	EXP 	noise: tex = <class 'numpy.ndarray'>
27.4840 	EXP 	noise: tex = <class 'numpy.ndarray'>
27.5302 	EXP 	noise: tex = <class 'numpy.ndarray'>
27.5801 	EXP 	noise: tex = <class 'numpy.ndarray'>
27.6301 	EXP 	noise: tex = <class 'numpy.ndarray'>
27.6802 	EXP 	noise: tex = <class 'numpy.ndarray'>
27.7306 	EXP 	noise: tex = <class 'numpy.ndarray'>
27.7811 	EXP 	noise: tex = <class 'numpy.ndarray'>
27.8312 	EXP 	noise: tex = <class 'numpy.ndarray'>
27.8832 	EXP 	noise: tex = <class 'numpy.ndarray'>
27.9320 	EXP 	noise: tex = <class 'numpy.ndarray'>
27.9828 	EXP 	noise: tex = <class 'numpy.ndarray'>
28.0331 	EXP 	noise: tex = <class 'numpy.ndarray'>
28.0842 	EXP 	noise: tex = <class 'numpy.ndarray'>
28.1356 	EXP 	noise: tex = <class 'numpy.ndarray'>
28.1831 	EXP 	noise: tex = <class 'numpy.ndarray'>
28.2341 	EXP 	noise: tex = <class 'numpy.ndarray'>
28.2841 	EXP 	noise: tex = <class 'numpy.ndarray'>
28.3354 	EXP 	noise: tex = <class 'numpy.ndarray'>
28.3859 	EXP 	noise: tex = <class 'numpy.ndarray'>
28.4359 	EXP 	noise: tex = <class 'numpy.ndarray'>
28.4996 	EXP 	noise: tex = <class 'numpy.ndarray'>
28.5556 	EXP 	noise: tex = <class 'numpy.ndarray'>
28.6136 	EXP 	noise: tex = <class 'numpy.ndarray'>
28.6641 	EXP 	noise: tex = <class 'numpy.ndarray'>
28.7135 	EXP 	noise: tex = <class 'numpy.ndarray'>
28.7746 	EXP 	noise: tex = <class 'numpy.ndarray'>
28.8232 	EXP 	noise: tex = <class 'numpy.ndarray'>
28.8725 	EXP 	noise: tex = <class 'numpy.ndarray'>
28.9352 	EXP 	noise: tex = <class 'numpy.ndarray'>
28.9846 	EXP 	noise: tex = <class 'numpy.ndarray'>
29.0323 	EXP 	noise: tex = <class 'numpy.ndarray'>
29.0803 	EXP 	noise: tex = <class 'numpy.ndarray'>
29.1337 	EXP 	noise: tex = <class 'numpy.ndarray'>
29.1838 	EXP 	noise: tex = <class 'numpy.ndarray'>
29.2324 	EXP 	noise: tex = <class 'numpy.ndarray'>
29.2803 	EXP 	noise: tex = <class 'numpy.ndarray'>
29.3301 	EXP 	noise: tex = <class 'numpy.ndarray'>
29.3811 	EXP 	noise: tex = <class 'numpy.ndarray'>
29.4438 	EXP 	noise: tex = <class 'numpy.ndarray'>
29.4972 	EXP 	noise: tex = <class 'numpy.ndarray'>
29.5477 	EXP 	noise: tex = <class 'numpy.ndarray'>
29.5968 	EXP 	noise: tex = <class 'numpy.ndarray'>
29.6469 	EXP 	noise: tex = <class 'numpy.ndarray'>
29.7114 	EXP 	noise: tex = <class 'numpy.ndarray'>
29.7636 	EXP 	noise: tex = <class 'numpy.ndarray'>
29.8162 	EXP 	noise: tex = <class 'numpy.ndarray'>
29.8658 	EXP 	noise: tex = <class 'numpy.ndarray'>
29.9267 	EXP 	noise: tex = <class 'numpy.ndarray'>
29.9805 	EXP 	noise: tex = <class 'numpy.ndarray'>
30.0303 	EXP 	noise: tex = <class 'numpy.ndarray'>
30.0812 	EXP 	noise: tex = <class 'numpy.ndarray'>
30.1304 	EXP 	noise: tex = <class 'numpy.ndarray'>
30.1804 	EXP 	noise: tex = <class 'numpy.ndarray'>
30.2406 	EXP 	noise: tex = <class 'numpy.ndarray'>
30.2971 	EXP 	noise: tex = <class 'numpy.ndarray'>
30.3601 	EXP 	noise: tex = <class 'numpy.ndarray'>
30.4136 	EXP 	noise: tex = <class 'numpy.ndarray'>
30.4642 	EXP 	noise: tex = <class 'numpy.ndarray'>
30.5138 	EXP 	noise: tex = <class 'numpy.ndarray'>
30.5640 	EXP 	noise: tex = <class 'numpy.ndarray'>
30.6146 	EXP 	noise: tex = <class 'numpy.ndarray'>
30.6640 	EXP 	noise: tex = <class 'numpy.ndarray'>
30.7142 	EXP 	noise: tex = <class 'numpy.ndarray'>
30.7636 	EXP 	noise: tex = <class 'numpy.ndarray'>
30.8136 	EXP 	noise: tex = <class 'numpy.ndarray'>
30.8670 	EXP 	noise: tex = <class 'numpy.ndarray'>
30.9161 	EXP 	noise: tex = <class 'numpy.ndarray'>
30.9650 	EXP 	noise: tex = <class 'numpy.ndarray'>
31.0137 	EXP 	noise: tex = <class 'numpy.ndarray'>
31.0655 	EXP 	noise: tex = <class 'numpy.ndarray'>
31.1136 	EXP 	noise: tex = <class 'numpy.ndarray'>
31.1640 	EXP 	noise: tex = <class 'numpy.ndarray'>
31.2166 	EXP 	noise: tex = <class 'numpy.ndarray'>
31.2701 	EXP 	noise: tex = <class 'numpy.ndarray'>
31.3225 	EXP 	noise: tex = <class 'numpy.ndarray'>
31.3735 	EXP 	noise: tex = <class 'numpy.ndarray'>
31.4340 	EXP 	noise: tex = <class 'numpy.ndarray'>
31.4846 	EXP 	noise: tex = <class 'numpy.ndarray'>
31.5316 	EXP 	noise: tex = <class 'numpy.ndarray'>
31.5803 	EXP 	noise: tex = <class 'numpy.ndarray'>
31.6307 	EXP 	noise: tex = <class 'numpy.ndarray'>
31.6833 	EXP 	noise: tex = <class 'numpy.ndarray'>
31.7340 	EXP 	noise: tex = <class 'numpy.ndarray'>
31.7801 	EXP 	noise: tex = <class 'numpy.ndarray'>
31.8301 	EXP 	noise: tex = <class 'numpy.ndarray'>
31.8803 	EXP 	noise: tex = <class 'numpy.ndarray'>
31.9302 	EXP 	noise: tex = <class 'numpy.ndarray'>
31.9808 	EXP 	noise: tex = <class 'numpy.ndarray'>
32.0312 	EXP 	noise: tex = <class 'numpy.ndarray'>
32.0846 	EXP 	noise: tex = <class 'numpy.ndarray'>
32.1360 	EXP 	noise: tex = <class 'numpy.ndarray'>
32.1821 	EXP 	noise: tex = <class 'numpy.ndarray'>
32.2307 	EXP 	noise: tex = <class 'numpy.ndarray'>
32.2832 	EXP 	noise: tex = <class 'numpy.ndarray'>
32.3363 	EXP 	noise: tex = <class 'numpy.ndarray'>
32.3832 	EXP 	noise: tex = <class 'numpy.ndarray'>
32.4313 	EXP 	noise: tex = <class 'numpy.ndarray'>
32.4802 	EXP 	noise: tex = <class 'numpy.ndarray'>
32.5301 	EXP 	noise: tex = <class 'numpy.ndarray'>
32.5804 	EXP 	noise: tex = <class 'numpy.ndarray'>
32.6314 	EXP 	noise: tex = <class 'numpy.ndarray'>
32.6817 	EXP 	noise: tex = <class 'numpy.ndarray'>
32.7303 	EXP 	noise: tex = <class 'numpy.ndarray'>
32.7964 	EXP 	noise: tex = <class 'numpy.ndarray'>
32.8469 	EXP 	noise: tex = <class 'numpy.ndarray'>
32.8968 	EXP 	noise: tex = <class 'numpy.ndarray'>
32.9492 	EXP 	noise: tex = <class 'numpy.ndarray'>
33.0015 	EXP 	noise: tex = <class 'numpy.ndarray'>
33.0495 	EXP 	noise: tex = <class 'numpy.ndarray'>
33.0978 	EXP 	noise: tex = <class 'numpy.ndarray'>
33.1493 	EXP 	noise: tex = <class 'numpy.ndarray'>
33.2104 	EXP 	noise: tex = <class 'numpy.ndarray'>
33.2635 	EXP 	noise: tex = <class 'numpy.ndarray'>
33.3135 	EXP 	noise: tex = <class 'numpy.ndarray'>
33.3635 	EXP 	noise: tex = <class 'numpy.ndarray'>
33.4138 	EXP 	noise: tex = <class 'numpy.ndarray'>
33.4652 	EXP 	noise: tex = <class 'numpy.ndarray'>
33.5142 	EXP 	noise: tex = <class 'numpy.ndarray'>
33.5637 	EXP 	noise: tex = <class 'numpy.ndarray'>
33.6134 	EXP 	noise: tex = <class 'numpy.ndarray'>
33.6640 	EXP 	noise: tex = <class 'numpy.ndarray'>
33.7137 	EXP 	noise: tex = <class 'numpy.ndarray'>
33.7636 	EXP 	noise: tex = <class 'numpy.ndarray'>
33.8173 	EXP 	noise: tex = <class 'numpy.ndarray'>
33.8708 	EXP 	noise: tex = <class 'numpy.ndarray'>
33.9329 	EXP 	noise: tex = <class 'numpy.ndarray'>
33.9831 	EXP 	noise: tex = <class 'numpy.ndarray'>
34.0374 	EXP 	noise: tex = <class 'numpy.ndarray'>
34.0954 	EXP 	noise: tex = <class 'numpy.ndarray'>
34.1468 	EXP 	noise: tex = <class 'numpy.ndarray'>
34.1968 	EXP 	noise: tex = <class 'numpy.ndarray'>
34.2476 	EXP 	noise: tex = <class 'numpy.ndarray'>
34.2978 	EXP 	noise: tex = <class 'numpy.ndarray'>
34.3491 	EXP 	noise: tex = <class 'numpy.ndarray'>
34.4020 	EXP 	noise: tex = <class 'numpy.ndarray'>
34.4531 	EXP 	noise: tex = <class 'numpy.ndarray'>
34.5014 	EXP 	noise: tex = <class 'numpy.ndarray'>
34.5523 	EXP 	noise: tex = <class 'numpy.ndarray'>
34.6023 	EXP 	noise: tex = <class 'numpy.ndarray'>
34.6557 	EXP 	noise: tex = <class 'numpy.ndarray'>
34.7048 	EXP 	noise: tex = <class 'numpy.ndarray'>
34.7557 	EXP 	noise: tex = <class 'numpy.ndarray'>
34.8026 	EXP 	noise: tex = <class 'numpy.ndarray'>
34.8660 	EXP 	noise: tex = <class 'numpy.ndarray'>
34.9199 	EXP 	noise: tex = <class 'numpy.ndarray'>
34.9673 	EXP 	noise: tex = <class 'numpy.ndarray'>
35.0327 	EXP 	noise: tex = <class 'numpy.ndarray'>
35.0827 	EXP 	noise: tex = <class 'numpy.ndarray'>
35.1330 	EXP 	noise: tex = <class 'numpy.ndarray'>
35.1801 	EXP 	noise: tex = <class 'numpy.ndarray'>
35.2305 	EXP 	noise: tex = <class 'numpy.ndarray'>
35.2805 	EXP 	noise: tex = <class 'numpy.ndarray'>
35.3302 	EXP 	noise: tex = <class 'numpy.ndarray'>
35.3801 	EXP 	noise: tex = <class 'numpy.ndarray'>
35.4303 	EXP 	noise: tex = <class 'numpy.ndarray'>
35.4808 	EXP 	noise: tex = <class 'numpy.ndarray'>
35.5301 	EXP 	noise: tex = <class 'numpy.ndarray'>
35.5800 	EXP 	noise: tex = <class 'numpy.ndarray'>
35.6300 	EXP 	noise: tex = <class 'numpy.ndarray'>
35.6804 	EXP 	noise: tex = <class 'numpy.ndarray'>
35.7309 	EXP 	noise: tex = <class 'numpy.ndarray'>
35.7802 	EXP 	noise: tex = <class 'numpy.ndarray'>
35.8303 	EXP 	noise: tex = <class 'numpy.ndarray'>
35.8800 	EXP 	noise: tex = <class 'numpy.ndarray'>
35.9301 	EXP 	noise: tex = <class 'numpy.ndarray'>
35.9917 	EXP 	noise: tex = <class 'numpy.ndarray'>
36.0401 	EXP 	noise: tex = <class 'numpy.ndarray'>
36.0893 	EXP 	noise: tex = <class 'numpy.ndarray'>
36.1466 	EXP 	noise: tex = <class 'numpy.ndarray'>
36.1986 	EXP 	noise: tex = <class 'numpy.ndarray'>
36.2478 	EXP 	noise: tex = <class 'numpy.ndarray'>
36.2982 	EXP 	noise: tex = <class 'numpy.ndarray'>
36.3600 	EXP 	noise: tex = <class 'numpy.ndarray'>
36.4136 	EXP 	noise: tex = <class 'numpy.ndarray'>
36.4640 	EXP 	noise: tex = <class 'numpy.ndarray'>
36.5134 	EXP 	noise: tex = <class 'numpy.ndarray'>
36.5782 	EXP 	noise: tex = <class 'numpy.ndarray'>
36.6355 	EXP 	noise: tex = <class 'numpy.ndarray'>
36.6834 	EXP 	noise: tex = <class 'numpy.ndarray'>
36.7493 	EXP 	noise: tex = <class 'numpy.ndarray'>
36.8033 	EXP 	noise: tex = <class 'numpy.ndarray'>
36.8529 	EXP 	noise: tex = <class 'numpy.ndarray'>
36.9043 	EXP 	noise: tex = <class 'numpy.ndarray'>
36.9554 	EXP 	noise: tex = <class 'numpy.ndarray'>
37.0053 	EXP 	noise: tex = <class 'numpy.ndarray'>
37.0504 	EXP 	noise: tex = <class 'numpy.ndarray'>
37.0986 	EXP 	noise: tex = <class 'numpy.ndarray'>
37.1468 	EXP 	noise: tex = <class 'numpy.ndarray'>
37.1983 	EXP 	noise: tex = <class 'numpy.ndarray'>
37.2635 	EXP 	noise: tex = <class 'numpy.ndarray'>
37.3134 	EXP 	noise: tex = <class 'numpy.ndarray'>
37.3634 	EXP 	noise: tex = <class 'numpy.ndarray'>
37.4166 	EXP 	noise: tex = <class 'numpy.ndarray'>
37.4644 	EXP 	noise: tex = <class 'numpy.ndarray'>
37.5144 	EXP 	noise: tex = <class 'numpy.ndarray'>
37.5660 	EXP 	noise: tex = <class 'numpy.ndarray'>
37.6192 	EXP 	noise: tex = <class 'numpy.ndarray'>
37.6670 	EXP 	noise: tex = <class 'numpy.ndarray'>
37.7328 	EXP 	noise: tex = <class 'numpy.ndarray'>
37.7815 	EXP 	noise: tex = <class 'numpy.ndarray'>
37.8328 	EXP 	noise: tex = <class 'numpy.ndarray'>
37.8823 	EXP 	noise: tex = <class 'numpy.ndarray'>
37.9342 	EXP 	noise: tex = <class 'numpy.ndarray'>
37.9996 	EXP 	noise: tex = <class 'numpy.ndarray'>
38.0538 	EXP 	noise: tex = <class 'numpy.ndarray'>
38.1044 	EXP 	noise: tex = <class 'numpy.ndarray'>
38.1536 	EXP 	noise: tex = <class 'numpy.ndarray'>
38.2026 	EXP 	noise: tex = <class 'numpy.ndarray'>
38.2527 	EXP 	noise: tex = <class 'numpy.ndarray'>
38.3000 	EXP 	noise: tex = <class 'numpy.ndarray'>
38.3476 	EXP 	noise: tex = <class 'numpy.ndarray'>
38.3970 	EXP 	noise: tex = <class 'numpy.ndarray'>
38.4477 	EXP 	noise: tex = <class 'numpy.ndarray'>
38.4995 	EXP 	noise: tex = <class 'numpy.ndarray'>
38.5469 	EXP 	noise: tex = <class 'numpy.ndarray'>
38.5968 	EXP 	noise: tex = <class 'numpy.ndarray'>
38.6570 	EXP 	noise: tex = <class 'numpy.ndarray'>
38.7039 	EXP 	noise: tex = <class 'numpy.ndarray'>
38.7557 	EXP 	noise: tex = <class 'numpy.ndarray'>
38.8037 	EXP 	noise: tex = <class 'numpy.ndarray'>
38.8518 	EXP 	noise: tex = <class 'numpy.ndarray'>
38.8997 	EXP 	noise: tex = <class 'numpy.ndarray'>
38.9501 	EXP 	noise: tex = <class 'numpy.ndarray'>
38.9988 	EXP 	noise: tex = <class 'numpy.ndarray'>
39.0473 	EXP 	noise: tex = <class 'numpy.ndarray'>
39.0967 	EXP 	noise: tex = <class 'numpy.ndarray'>
39.1500 	EXP 	noise: tex = <class 'numpy.ndarray'>
39.1982 	EXP 	noise: tex = <class 'numpy.ndarray'>
39.2578 	EXP 	noise: tex = <class 'numpy.ndarray'>
39.3132 	EXP 	noise: tex = <class 'numpy.ndarray'>
39.3734 	EXP 	noise: tex = <class 'numpy.ndarray'>
39.4298 	EXP 	noise: tex = <class 'numpy.ndarray'>
39.4803 	EXP 	noise: tex = <class 'numpy.ndarray'>
39.5302 	EXP 	noise: tex = <class 'numpy.ndarray'>
39.5812 	EXP 	noise: tex = <class 'numpy.ndarray'>
39.6353 	EXP 	noise: tex = <class 'numpy.ndarray'>
39.6872 	EXP 	noise: tex = <class 'numpy.ndarray'>
39.7464 	EXP 	noise: tex = <class 'numpy.ndarray'>
39.8133 	EXP 	noise: tex = <class 'numpy.ndarray'>
39.8648 	EXP 	noise: tex = <class 'numpy.ndarray'>
39.9133 	EXP 	noise: tex = <class 'numpy.ndarray'>
39.9748 	EXP 	noise: tex = <class 'numpy.ndarray'>
40.0208 	EXP 	noise: tex = <class 'numpy.ndarray'>
40.0683 	EXP 	noise: tex = <class 'numpy.ndarray'>
40.1132 	EXP 	noise: tex = <class 'numpy.ndarray'>
40.1642 	EXP 	noise: tex = <class 'numpy.ndarray'>
40.2133 	EXP 	noise: tex = <class 'numpy.ndarray'>
40.2565 	EXP 	noise: tex = <class 'numpy.ndarray'>
40.3134 	EXP 	noise: tex = <class 'numpy.ndarray'>
40.3633 	EXP 	noise: tex = <class 'numpy.ndarray'>
40.4151 	EXP 	noise: tex = <class 'numpy.ndarray'>
40.4760 	EXP 	noise: tex = <class 'numpy.ndarray'>
40.5300 	EXP 	noise: tex = <class 'numpy.ndarray'>
40.5809 	EXP 	noise: tex = <class 'numpy.ndarray'>
40.6311 	EXP 	noise: tex = <class 'numpy.ndarray'>
40.6802 	EXP 	noise: tex = <class 'numpy.ndarray'>
40.7302 	EXP 	noise: tex = <class 'numpy.ndarray'>
40.7819 	EXP 	noise: tex = <class 'numpy.ndarray'>
40.8305 	EXP 	noise: tex = <class 'numpy.ndarray'>
40.8939 	EXP 	noise: tex = <class 'numpy.ndarray'>
40.9468 	EXP 	noise: tex = <class 'numpy.ndarray'>
40.9972 	EXP 	noise: tex = <class 'numpy.ndarray'>
41.0507 	EXP 	noise: tex = <class 'numpy.ndarray'>
41.1039 	EXP 	noise: tex = <class 'numpy.ndarray'>
41.1629 	EXP 	noise: tex = <class 'numpy.ndarray'>
41.2136 	EXP 	noise: tex = <class 'numpy.ndarray'>
41.2634 	EXP 	noise: tex = <class 'numpy.ndarray'>
41.3240 	EXP 	noise: tex = <class 'numpy.ndarray'>
41.3283 	EXP 	New trial (rep=0, index=2): OrderedDict([('blobHeight', 0.2593), ('blobWidth', 0.27), ('mask', '$np.ones((512,512))'), ('sig', 0.01)])
41.3461 	EXP 	noise_0: autoDraw = False
41.3461 	EXP 	noise: autoDraw = False
41.3461 	EXP 	blob_0: autoDraw = False
41.3461 	EXP 	blob: autoDraw = False
41.3461 	EXP 	cursor: autoDraw = False
41.3461 	EXP 	start_trial_text: autoDraw = True
42.0146 	DATA 	Mouse: Left button down, pos=(465,389)
42.0335 	EXP 	window1: mouseVisible = 0
42.0963 	EXP 	start_trial_text: autoDraw = False
42.0963 	EXP 	blob_0: tex = <class 'numpy.ndarray'>
42.0963 	EXP 	blob: tex = <class 'numpy.ndarray'>
42.0963 	EXP 	noise_0: autoDraw = True
42.0963 	EXP 	noise_0: tex = <class 'numpy.ndarray'>
42.0963 	EXP 	blob_0: autoDraw = True
42.0963 	EXP 	cursor: autoDraw = True
42.1253 	DATA 	Mouse:  Left button up, pos=(720,450)
42.1473 	EXP 	noise_0: tex = <class 'numpy.ndarray'>
42.2004 	EXP 	noise_0: tex = <class 'numpy.ndarray'>
42.2467 	EXP 	noise_0: tex = <class 'numpy.ndarray'>
42.2969 	EXP 	noise_0: tex = <class 'numpy.ndarray'>
42.3468 	EXP 	noise_0: tex = <class 'numpy.ndarray'>
42.3968 	EXP 	noise_0: tex = <class 'numpy.ndarray'>
42.4469 	EXP 	noise_0: tex = <class 'numpy.ndarray'>
42.4970 	EXP 	noise_0: tex = <class 'numpy.ndarray'>
42.5471 	EXP 	noise_0: tex = <class 'numpy.ndarray'>
42.6349 	EXP 	noise_0: tex = <class 'numpy.ndarray'>
42.6349 	EXP 	noise: autoDraw = True
42.6349 	EXP 	noise: tex = <class 'numpy.ndarray'>
42.6349 	EXP 	blob: autoDraw = True
42.6839 	EXP 	noise_0: autoDraw = False
42.6839 	EXP 	noise: tex = <class 'numpy.ndarray'>
42.6839 	EXP 	blob_0: autoDraw = False
42.7347 	EXP 	noise: tex = <class 'numpy.ndarray'>
42.7853 	EXP 	noise: tex = <class 'numpy.ndarray'>
42.8367 	EXP 	noise: tex = <class 'numpy.ndarray'>
42.8836 	EXP 	noise: tex = <class 'numpy.ndarray'>
42.9350 	EXP 	noise: tex = <class 'numpy.ndarray'>
42.9855 	EXP 	noise: tex = <class 'numpy.ndarray'>
43.0371 	EXP 	noise: tex = <class 'numpy.ndarray'>
43.0884 	EXP 	noise: tex = <class 'numpy.ndarray'>
43.1374 	EXP 	noise: tex = <class 'numpy.ndarray'>
43.1870 	EXP 	noise: tex = <class 'numpy.ndarray'>
43.2372 	EXP 	noise: tex = <class 'numpy.ndarray'>
43.2844 	EXP 	noise: tex = <class 'numpy.ndarray'>
43.3349 	EXP 	noise: tex = <class 'numpy.ndarray'>
43.3872 	EXP 	noise: tex = <class 'numpy.ndarray'>
43.4399 	EXP 	noise: tex = <class 'numpy.ndarray'>
43.4882 	EXP 	noise: tex = <class 'numpy.ndarray'>
43.5391 	EXP 	noise: tex = <class 'numpy.ndarray'>
43.5899 	EXP 	noise: tex = <class 'numpy.ndarray'>
43.6467 	EXP 	noise: tex = <class 'numpy.ndarray'>
43.7083 	EXP 	noise: tex = <class 'numpy.ndarray'>
43.7541 	EXP 	noise: tex = <class 'numpy.ndarray'>
43.8027 	EXP 	noise: tex = <class 'numpy.ndarray'>
43.8532 	EXP 	noise: tex = <class 'numpy.ndarray'>
43.9005 	EXP 	noise: tex = <class 'numpy.ndarray'>
43.9516 	EXP 	noise: tex = <class 'numpy.ndarray'>
44.0058 	EXP 	noise: tex = <class 'numpy.ndarray'>
44.0590 	EXP 	noise: tex = <class 'numpy.ndarray'>
44.1130 	EXP 	noise: tex = <class 'numpy.ndarray'>
44.1762 	EXP 	noise: tex = <class 'numpy.ndarray'>
44.2332 	EXP 	noise: tex = <class 'numpy.ndarray'>
44.2815 	EXP 	noise: tex = <class 'numpy.ndarray'>
44.3302 	EXP 	noise: tex = <class 'numpy.ndarray'>
44.3809 	EXP 	noise: tex = <class 'numpy.ndarray'>
44.4327 	EXP 	noise: tex = <class 'numpy.ndarray'>
44.4824 	EXP 	noise: tex = <class 'numpy.ndarray'>
44.5326 	EXP 	noise: tex = <class 'numpy.ndarray'>
44.5802 	EXP 	noise: tex = <class 'numpy.ndarray'>
44.6308 	EXP 	noise: tex = <class 'numpy.ndarray'>
44.6809 	EXP 	noise: tex = <class 'numpy.ndarray'>
44.7299 	EXP 	noise: tex = <class 'numpy.ndarray'>
44.7812 	EXP 	noise: tex = <class 'numpy.ndarray'>
44.8303 	EXP 	noise: tex = <class 'numpy.ndarray'>
44.8812 	EXP 	noise: tex = <class 'numpy.ndarray'>
44.9299 	EXP 	noise: tex = <class 'numpy.ndarray'>
44.9828 	EXP 	noise: tex = <class 'numpy.ndarray'>
45.0366 	EXP 	noise: tex = <class 'numpy.ndarray'>
45.0871 	EXP 	noise: tex = <class 'numpy.ndarray'>
45.1357 	EXP 	noise: tex = <class 'numpy.ndarray'>
45.1874 	EXP 	noise: tex = <class 'numpy.ndarray'>
45.2347 	EXP 	noise: tex = <class 'numpy.ndarray'>
45.2850 	EXP 	noise: tex = <class 'numpy.ndarray'>
45.3338 	EXP 	noise: tex = <class 'numpy.ndarray'>
45.3843 	EXP 	noise: tex = <class 'numpy.ndarray'>
45.4382 	EXP 	noise: tex = <class 'numpy.ndarray'>
45.4963 	EXP 	noise: tex = <class 'numpy.ndarray'>
45.5466 	EXP 	noise: tex = <class 'numpy.ndarray'>
45.5966 	EXP 	noise: tex = <class 'numpy.ndarray'>
45.6466 	EXP 	noise: tex = <class 'numpy.ndarray'>
45.6968 	EXP 	noise: tex = <class 'numpy.ndarray'>
45.7486 	EXP 	noise: tex = <class 'numpy.ndarray'>
45.7988 	EXP 	noise: tex = <class 'numpy.ndarray'>
45.8592 	EXP 	noise: tex = <class 'numpy.ndarray'>
45.9133 	EXP 	noise: tex = <class 'numpy.ndarray'>
45.9634 	EXP 	noise: tex = <class 'numpy.ndarray'>
46.0136 	EXP 	noise: tex = <class 'numpy.ndarray'>
46.0652 	EXP 	noise: tex = <class 'numpy.ndarray'>
46.1135 	EXP 	noise: tex = <class 'numpy.ndarray'>
46.1634 	EXP 	noise: tex = <class 'numpy.ndarray'>
46.2135 	EXP 	noise: tex = <class 'numpy.ndarray'>
46.2631 	EXP 	noise: tex = <class 'numpy.ndarray'>
46.3164 	EXP 	noise: tex = <class 'numpy.ndarray'>
46.3651 	EXP 	noise: tex = <class 'numpy.ndarray'>
46.4274 	EXP 	noise: tex = <class 'numpy.ndarray'>
46.4842 	EXP 	noise: tex = <class 'numpy.ndarray'>
46.5332 	EXP 	noise: tex = <class 'numpy.ndarray'>
46.5799 	EXP 	noise: tex = <class 'numpy.ndarray'>
46.6298 	EXP 	noise: tex = <class 'numpy.ndarray'>
46.6798 	EXP 	noise: tex = <class 'numpy.ndarray'>
46.7303 	EXP 	noise: tex = <class 'numpy.ndarray'>
46.7818 	EXP 	noise: tex = <class 'numpy.ndarray'>
46.8494 	EXP 	noise: tex = <class 'numpy.ndarray'>
46.9033 	EXP 	noise: tex = <class 'numpy.ndarray'>
46.9541 	EXP 	noise: tex = <class 'numpy.ndarray'>
47.0059 	EXP 	noise: tex = <class 'numpy.ndarray'>
47.0661 	EXP 	noise: tex = <class 'numpy.ndarray'>
47.1189 	EXP 	noise: tex = <class 'numpy.ndarray'>
47.1705 	EXP 	noise: tex = <class 'numpy.ndarray'>
47.2208 	EXP 	noise: tex = <class 'numpy.ndarray'>
47.2699 	EXP 	noise: tex = <class 'numpy.ndarray'>
47.3187 	EXP 	noise: tex = <class 'numpy.ndarray'>
47.3660 	EXP 	noise: tex = <class 'numpy.ndarray'>
47.4148 	EXP 	noise: tex = <class 'numpy.ndarray'>
47.4663 	EXP 	noise: tex = <class 'numpy.ndarray'>
47.5206 	EXP 	noise: tex = <class 'numpy.ndarray'>
47.5689 	EXP 	noise: tex = <class 'numpy.ndarray'>
47.6182 	EXP 	noise: tex = <class 'numpy.ndarray'>
47.6674 	EXP 	noise: tex = <class 'numpy.ndarray'>
47.7193 	EXP 	noise: tex = <class 'numpy.ndarray'>
47.7668 	EXP 	noise: tex = <class 'numpy.ndarray'>
47.8137 	EXP 	noise: tex = <class 'numpy.ndarray'>
47.8742 	EXP 	noise: tex = <class 'numpy.ndarray'>
47.9298 	EXP 	noise: tex = <class 'numpy.ndarray'>
47.9799 	EXP 	noise: tex = <class 'numpy.ndarray'>
48.0298 	EXP 	noise: tex = <class 'numpy.ndarray'>
48.0800 	EXP 	noise: tex = <class 'numpy.ndarray'>
48.1307 	EXP 	noise: tex = <class 'numpy.ndarray'>
48.1799 	EXP 	noise: tex = <class 'numpy.ndarray'>
48.2298 	EXP 	noise: tex = <class 'numpy.ndarray'>
48.2941 	EXP 	noise: tex = <class 'numpy.ndarray'>
48.3469 	EXP 	noise: tex = <class 'numpy.ndarray'>
48.3987 	EXP 	noise: tex = <class 'numpy.ndarray'>
48.4504 	EXP 	noise: tex = <class 'numpy.ndarray'>
48.5021 	EXP 	noise: tex = <class 'numpy.ndarray'>
48.5520 	EXP 	noise: tex = <class 'numpy.ndarray'>
48.6035 	EXP 	noise: tex = <class 'numpy.ndarray'>
48.6560 	EXP 	noise: tex = <class 'numpy.ndarray'>
48.7160 	EXP 	noise: tex = <class 'numpy.ndarray'>
48.7715 	EXP 	noise: tex = <class 'numpy.ndarray'>
48.8328 	EXP 	noise: tex = <class 'numpy.ndarray'>
48.8966 	EXP 	noise: tex = <class 'numpy.ndarray'>
48.9590 	EXP 	noise: tex = <class 'numpy.ndarray'>
49.0129 	EXP 	noise: tex = <class 'numpy.ndarray'>
49.0658 	EXP 	noise: tex = <class 'numpy.ndarray'>
49.1194 	EXP 	noise: tex = <class 'numpy.ndarray'>
49.1706 	EXP 	noise: tex = <class 'numpy.ndarray'>
49.2227 	EXP 	noise: tex = <class 'numpy.ndarray'>
49.2733 	EXP 	noise: tex = <class 'numpy.ndarray'>
49.3219 	EXP 	noise: tex = <class 'numpy.ndarray'>
49.3799 	EXP 	noise: tex = <class 'numpy.ndarray'>
49.4320 	EXP 	noise: tex = <class 'numpy.ndarray'>
49.4948 	EXP 	noise: tex = <class 'numpy.ndarray'>
49.5466 	EXP 	noise: tex = <class 'numpy.ndarray'>
49.5970 	EXP 	noise: tex = <class 'numpy.ndarray'>
49.6479 	EXP 	noise: tex = <class 'numpy.ndarray'>
49.6969 	EXP 	noise: tex = <class 'numpy.ndarray'>
49.7479 	EXP 	noise: tex = <class 'numpy.ndarray'>
49.7972 	EXP 	noise: tex = <class 'numpy.ndarray'>
49.8492 	EXP 	noise: tex = <class 'numpy.ndarray'>
49.8993 	EXP 	noise: tex = <class 'numpy.ndarray'>
49.9488 	EXP 	noise: tex = <class 'numpy.ndarray'>
50.0092 	EXP 	noise: tex = <class 'numpy.ndarray'>
50.0631 	EXP 	noise: tex = <class 'numpy.ndarray'>
50.1142 	EXP 	noise: tex = <class 'numpy.ndarray'>
50.1646 	EXP 	noise: tex = <class 'numpy.ndarray'>
50.2184 	EXP 	noise: tex = <class 'numpy.ndarray'>
50.2685 	EXP 	noise: tex = <class 'numpy.ndarray'>
50.3202 	EXP 	noise: tex = <class 'numpy.ndarray'>
50.3731 	EXP 	noise: tex = <class 'numpy.ndarray'>
50.4212 	EXP 	noise: tex = <class 'numpy.ndarray'>
50.4704 	EXP 	noise: tex = <class 'numpy.ndarray'>
50.5226 	EXP 	noise: tex = <class 'numpy.ndarray'>
50.5799 	EXP 	noise: tex = <class 'numpy.ndarray'>
50.6298 	EXP 	noise: tex = <class 'numpy.ndarray'>
50.6817 	EXP 	noise: tex = <class 'numpy.ndarray'>
50.7331 	EXP 	noise: tex = <class 'numpy.ndarray'>
50.7874 	EXP 	noise: tex = <class 'numpy.ndarray'>
50.8440 	EXP 	noise: tex = <class 'numpy.ndarray'>
50.8965 	EXP 	noise: tex = <class 'numpy.ndarray'>
50.9472 	EXP 	noise: tex = <class 'numpy.ndarray'>
50.9982 	EXP 	noise: tex = <class 'numpy.ndarray'>
51.0505 	EXP 	noise: tex = <class 'numpy.ndarray'>
51.0994 	EXP 	noise: tex = <class 'numpy.ndarray'>
51.1466 	EXP 	noise: tex = <class 'numpy.ndarray'>
51.1968 	EXP 	noise: tex = <class 'numpy.ndarray'>
51.2466 	EXP 	noise: tex = <class 'numpy.ndarray'>
51.3073 	EXP 	noise: tex = <class 'numpy.ndarray'>
51.3533 	EXP 	noise: tex = <class 'numpy.ndarray'>
51.4013 	EXP 	noise: tex = <class 'numpy.ndarray'>
51.4530 	EXP 	noise: tex = <class 'numpy.ndarray'>
51.5035 	EXP 	noise: tex = <class 'numpy.ndarray'>
51.5527 	EXP 	noise: tex = <class 'numpy.ndarray'>
51.6018 	EXP 	noise: tex = <class 'numpy.ndarray'>
51.6506 	EXP 	noise: tex = <class 'numpy.ndarray'>
51.6986 	EXP 	noise: tex = <class 'numpy.ndarray'>
51.7549 	EXP 	noise: tex = <class 'numpy.ndarray'>
51.8100 	EXP 	noise: tex = <class 'numpy.ndarray'>
51.8569 	EXP 	noise: tex = <class 'numpy.ndarray'>
51.9132 	EXP 	noise: tex = <class 'numpy.ndarray'>
51.9652 	EXP 	noise: tex = <class 'numpy.ndarray'>
52.0162 	EXP 	noise: tex = <class 'numpy.ndarray'>
52.0654 	EXP 	noise: tex = <class 'numpy.ndarray'>
52.1165 	EXP 	noise: tex = <class 'numpy.ndarray'>
52.1697 	EXP 	noise: tex = <class 'numpy.ndarray'>
52.2326 	EXP 	noise: tex = <class 'numpy.ndarray'>
52.2832 	EXP 	noise: tex = <class 'numpy.ndarray'>
52.3354 	EXP 	noise: tex = <class 'numpy.ndarray'>
52.3869 	EXP 	noise: tex = <class 'numpy.ndarray'>
52.4386 	EXP 	noise: tex = <class 'numpy.ndarray'>
52.4880 	EXP 	noise: tex = <class 'numpy.ndarray'>
52.5355 	EXP 	noise: tex = <class 'numpy.ndarray'>
52.5835 	EXP 	noise: tex = <class 'numpy.ndarray'>
52.6314 	EXP 	noise: tex = <class 'numpy.ndarray'>
52.6820 	EXP 	noise: tex = <class 'numpy.ndarray'>
52.7340 	EXP 	noise: tex = <class 'numpy.ndarray'>
52.7825 	EXP 	noise: tex = <class 'numpy.ndarray'>
52.8324 	EXP 	noise: tex = <class 'numpy.ndarray'>
52.8826 	EXP 	noise: tex = <class 'numpy.ndarray'>
52.9333 	EXP 	noise: tex = <class 'numpy.ndarray'>
52.9849 	EXP 	noise: tex = <class 'numpy.ndarray'>
53.0325 	EXP 	noise: tex = <class 'numpy.ndarray'>
53.0935 	EXP 	noise: tex = <class 'numpy.ndarray'>
53.1465 	EXP 	noise: tex = <class 'numpy.ndarray'>
53.1963 	EXP 	noise: tex = <class 'numpy.ndarray'>
53.2477 	EXP 	noise: tex = <class 'numpy.ndarray'>
53.2965 	EXP 	noise: tex = <class 'numpy.ndarray'>
53.3489 	EXP 	noise: tex = <class 'numpy.ndarray'>
53.4004 	EXP 	noise: tex = <class 'numpy.ndarray'>
53.4518 	EXP 	noise: tex = <class 'numpy.ndarray'>
53.5029 	EXP 	noise: tex = <class 'numpy.ndarray'>
53.5657 	EXP 	noise: tex = <class 'numpy.ndarray'>
53.6174 	EXP 	noise: tex = <class 'numpy.ndarray'>
53.6824 	EXP 	noise: tex = <class 'numpy.ndarray'>
53.7345 	EXP 	noise: tex = <class 'numpy.ndarray'>
53.7810 	EXP 	noise: tex = <class 'numpy.ndarray'>
53.8318 	EXP 	noise: tex = <class 'numpy.ndarray'>
53.8799 	EXP 	noise: tex = <class 'numpy.ndarray'>
53.9300 	EXP 	noise: tex = <class 'numpy.ndarray'>
53.9814 	EXP 	noise: tex = <class 'numpy.ndarray'>
54.0337 	EXP 	noise: tex = <class 'numpy.ndarray'>
54.0889 	EXP 	noise: tex = <class 'numpy.ndarray'>
54.1425 	EXP 	noise: tex = <class 'numpy.ndarray'>
54.1965 	EXP 	noise: tex = <class 'numpy.ndarray'>
54.2483 	EXP 	noise: tex = <class 'numpy.ndarray'>
54.2978 	EXP 	noise: tex = <class 'numpy.ndarray'>
54.3491 	EXP 	noise: tex = <class 'numpy.ndarray'>
54.3964 	EXP 	noise: tex = <class 'numpy.ndarray'>
54.4493 	EXP 	noise: tex = <class 'numpy.ndarray'>
54.5090 	EXP 	noise: tex = <class 'numpy.ndarray'>
54.5548 	EXP 	noise: tex = <class 'numpy.ndarray'>
54.6036 	EXP 	noise: tex = <class 'numpy.ndarray'>
54.6535 	EXP 	noise: tex = <class 'numpy.ndarray'>
54.7160 	EXP 	noise: tex = <class 'numpy.ndarray'>
54.7640 	EXP 	noise: tex = <class 'numpy.ndarray'>
54.8132 	EXP 	noise: tex = <class 'numpy.ndarray'>
54.8630 	EXP 	noise: tex = <class 'numpy.ndarray'>
54.9132 	EXP 	noise: tex = <class 'numpy.ndarray'>
54.9635 	EXP 	noise: tex = <class 'numpy.ndarray'>
55.0134 	EXP 	noise: tex = <class 'numpy.ndarray'>
55.0632 	EXP 	noise: tex = <class 'numpy.ndarray'>
55.1130 	EXP 	noise: tex = <class 'numpy.ndarray'>
55.1631 	EXP 	noise: tex = <class 'numpy.ndarray'>
55.2248 	EXP 	noise: tex = <class 'numpy.ndarray'>
55.2875 	EXP 	noise: tex = <class 'numpy.ndarray'>
55.3465 	EXP 	noise: tex = <class 'numpy.ndarray'>
55.4131 	EXP 	noise: tex = <class 'numpy.ndarray'>
55.4736 	EXP 	noise: tex = <class 'numpy.ndarray'>
55.5212 	EXP 	noise: tex = <class 'numpy.ndarray'>
55.5825 	EXP 	noise: tex = <class 'numpy.ndarray'>
55.6373 	EXP 	noise: tex = <class 'numpy.ndarray'>
55.6843 	EXP 	noise: tex = <class 'numpy.ndarray'>
55.7349 	EXP 	noise: tex = <class 'numpy.ndarray'>
55.7873 	EXP 	noise: tex = <class 'numpy.ndarray'>
55.8462 	EXP 	noise: tex = <class 'numpy.ndarray'>
55.8964 	EXP 	noise: tex = <class 'numpy.ndarray'>
55.9465 	EXP 	noise: tex = <class 'numpy.ndarray'>
55.9967 	EXP 	noise: tex = <class 'numpy.ndarray'>
56.0480 	EXP 	noise: tex = <class 'numpy.ndarray'>
56.0998 	EXP 	noise: tex = <class 'numpy.ndarray'>
56.1516 	EXP 	noise: tex = <class 'numpy.ndarray'>
56.2061 	EXP 	noise: tex = <class 'numpy.ndarray'>
56.2611 	EXP 	noise: tex = <class 'numpy.ndarray'>
56.3132 	EXP 	noise: tex = <class 'numpy.ndarray'>
56.3648 	EXP 	noise: tex = <class 'numpy.ndarray'>
56.4260 	EXP 	noise: tex = <class 'numpy.ndarray'>
56.4727 	EXP 	noise: tex = <class 'numpy.ndarray'>
56.5206 	EXP 	noise: tex = <class 'numpy.ndarray'>
56.5722 	EXP 	noise: tex = <class 'numpy.ndarray'>
56.6201 	EXP 	noise: tex = <class 'numpy.ndarray'>
56.6798 	EXP 	noise: tex = <class 'numpy.ndarray'>
56.7303 	EXP 	noise: tex = <class 'numpy.ndarray'>
56.7799 	EXP 	noise: tex = <class 'numpy.ndarray'>
56.8319 	EXP 	noise: tex = <class 'numpy.ndarray'>
56.8798 	EXP 	noise: tex = <class 'numpy.ndarray'>
56.9298 	EXP 	noise: tex = <class 'numpy.ndarray'>
56.9926 	EXP 	noise: tex = <class 'numpy.ndarray'>
57.0468 	EXP 	noise: tex = <class 'numpy.ndarray'>
57.0971 	EXP 	noise: tex = <class 'numpy.ndarray'>
57.1466 	EXP 	noise: tex = <class 'numpy.ndarray'>
57.2005 	EXP 	noise: tex = <class 'numpy.ndarray'>
57.2496 	EXP 	noise: tex = <class 'numpy.ndarray'>
57.3012 	EXP 	noise: tex = <class 'numpy.ndarray'>
57.3486 	EXP 	noise: tex = <class 'numpy.ndarray'>
57.4100 	EXP 	noise: tex = <class 'numpy.ndarray'>
57.4634 	EXP 	noise: tex = <class 'numpy.ndarray'>
57.5147 	EXP 	noise: tex = <class 'numpy.ndarray'>
57.5717 	EXP 	noise: tex = <class 'numpy.ndarray'>
57.5756 	EXP 	New trial (rep=0, index=3): OrderedDict([('blobHeight', 0.1892), ('blobWidth', 0.37), ('mask', '$np.ones((512,512))'), ('sig', 0.01)])
57.5964 	EXP 	noise_0: autoDraw = False
57.5964 	EXP 	noise: autoDraw = False
57.5964 	EXP 	blob_0: autoDraw = False
57.5964 	EXP 	blob: autoDraw = False
57.5964 	EXP 	cursor: autoDraw = False
57.5964 	EXP 	start_trial_text: autoDraw = True
58.1999 	DATA 	Mouse: Left button down, pos=(928,627)
58.2320 	EXP 	window1: mouseVisible = 0
58.2908 	EXP 	start_trial_text: autoDraw = False
58.2908 	EXP 	blob_0: tex = <class 'numpy.ndarray'>
58.2908 	EXP 	blob: tex = <class 'numpy.ndarray'>
58.2908 	EXP 	noise_0: autoDraw = True
58.2908 	EXP 	noise_0: tex = <class 'numpy.ndarray'>
58.2908 	EXP 	blob_0: autoDraw = True
58.2908 	EXP 	cursor: autoDraw = True
58.3392 	EXP 	noise_0: tex = <class 'numpy.ndarray'>
58.3406 	DATA 	Mouse:  Left button up, pos=(720,450)
58.3898 	EXP 	noise_0: tex = <class 'numpy.ndarray'>
58.4353 	EXP 	noise_0: tex = <class 'numpy.ndarray'>
58.4877 	EXP 	noise_0: tex = <class 'numpy.ndarray'>
58.5328 	EXP 	noise_0: tex = <class 'numpy.ndarray'>
58.5811 	EXP 	noise_0: tex = <class 'numpy.ndarray'>
58.6334 	EXP 	noise_0: tex = <class 'numpy.ndarray'>
58.6816 	EXP 	noise_0: tex = <class 'numpy.ndarray'>
58.7306 	EXP 	noise_0: tex = <class 'numpy.ndarray'>
58.8161 	EXP 	noise_0: tex = <class 'numpy.ndarray'>
58.8161 	EXP 	noise: autoDraw = True
58.8161 	EXP 	noise: tex = <class 'numpy.ndarray'>
58.8161 	EXP 	blob: autoDraw = True
58.8667 	EXP 	noise_0: autoDraw = False
58.8667 	EXP 	noise: tex = <class 'numpy.ndarray'>
58.8667 	EXP 	blob_0: autoDraw = False
58.9151 	EXP 	noise: tex = <class 'numpy.ndarray'>
58.9645 	EXP 	noise: tex = <class 'numpy.ndarray'>
59.0182 	EXP 	noise: tex = <class 'numpy.ndarray'>
59.0687 	EXP 	noise: tex = <class 'numpy.ndarray'>
59.1223 	EXP 	noise: tex = <class 'numpy.ndarray'>
59.1701 	EXP 	noise: tex = <class 'numpy.ndarray'>
59.2219 	EXP 	noise: tex = <class 'numpy.ndarray'>
59.2798 	EXP 	noise: tex = <class 'numpy.ndarray'>
59.3299 	EXP 	noise: tex = <class 'numpy.ndarray'>
59.3800 	EXP 	noise: tex = <class 'numpy.ndarray'>
59.4304 	EXP 	noise: tex = <class 'numpy.ndarray'>
59.4799 	EXP 	noise: tex = <class 'numpy.ndarray'>
59.5334 	EXP 	noise: tex = <class 'numpy.ndarray'>
59.5822 	EXP 	noise: tex = <class 'numpy.ndarray'>
59.6316 	EXP 	noise: tex = <class 'numpy.ndarray'>
59.6808 	EXP 	noise: tex = <class 'numpy.ndarray'>
59.7321 	EXP 	noise: tex = <class 'numpy.ndarray'>
59.7804 	EXP 	noise: tex = <class 'numpy.ndarray'>
59.8304 	EXP 	noise: tex = <class 'numpy.ndarray'>
59.8839 	EXP 	noise: tex = <class 'numpy.ndarray'>
59.9350 	EXP 	noise: tex = <class 'numpy.ndarray'>
59.9839 	EXP 	noise: tex = <class 'numpy.ndarray'>
60.0299 	EXP 	noise: tex = <class 'numpy.ndarray'>
60.0807 	EXP 	noise: tex = <class 'numpy.ndarray'>
60.1306 	EXP 	noise: tex = <class 'numpy.ndarray'>
60.1797 	EXP 	noise: tex = <class 'numpy.ndarray'>
60.2300 	EXP 	noise: tex = <class 'numpy.ndarray'>
60.2799 	EXP 	noise: tex = <class 'numpy.ndarray'>
60.3302 	EXP 	noise: tex = <class 'numpy.ndarray'>
60.3815 	EXP 	noise: tex = <class 'numpy.ndarray'>
60.4331 	EXP 	noise: tex = <class 'numpy.ndarray'>
60.4824 	EXP 	noise: tex = <class 'numpy.ndarray'>
60.5315 	EXP 	noise: tex = <class 'numpy.ndarray'>
60.5824 	EXP 	noise: tex = <class 'numpy.ndarray'>
60.6313 	EXP 	noise: tex = <class 'numpy.ndarray'>
60.6796 	EXP 	noise: tex = <class 'numpy.ndarray'>
60.7298 	EXP 	noise: tex = <class 'numpy.ndarray'>
60.7797 	EXP 	noise: tex = <class 'numpy.ndarray'>
60.8297 	EXP 	noise: tex = <class 'numpy.ndarray'>
60.8798 	EXP 	noise: tex = <class 'numpy.ndarray'>
60.9230 	EXP 	noise: tex = <class 'numpy.ndarray'>
60.9703 	EXP 	noise: tex = <class 'numpy.ndarray'>
61.0209 	EXP 	noise: tex = <class 'numpy.ndarray'>
61.0640 	EXP 	noise: tex = <class 'numpy.ndarray'>
61.1131 	EXP 	noise: tex = <class 'numpy.ndarray'>
61.1634 	EXP 	noise: tex = <class 'numpy.ndarray'>
61.2131 	EXP 	noise: tex = <class 'numpy.ndarray'>
61.2632 	EXP 	noise: tex = <class 'numpy.ndarray'>
61.3129 	EXP 	noise: tex = <class 'numpy.ndarray'>
61.3631 	EXP 	noise: tex = <class 'numpy.ndarray'>
61.4132 	EXP 	noise: tex = <class 'numpy.ndarray'>
61.4631 	EXP 	noise: tex = <class 'numpy.ndarray'>
61.5131 	EXP 	noise: tex = <class 'numpy.ndarray'>
61.5632 	EXP 	noise: tex = <class 'numpy.ndarray'>
61.6132 	EXP 	noise: tex = <class 'numpy.ndarray'>
61.6632 	EXP 	noise: tex = <class 'numpy.ndarray'>
61.7132 	EXP 	noise: tex = <class 'numpy.ndarray'>
61.7632 	EXP 	noise: tex = <class 'numpy.ndarray'>
61.8130 	EXP 	noise: tex = <class 'numpy.ndarray'>
61.8636 	EXP 	noise: tex = <class 'numpy.ndarray'>
61.9136 	EXP 	noise: tex = <class 'numpy.ndarray'>
61.9632 	EXP 	noise: tex = <class 'numpy.ndarray'>
62.0134 	EXP 	noise: tex = <class 'numpy.ndarray'>
62.0634 	EXP 	noise: tex = <class 'numpy.ndarray'>
62.1129 	EXP 	noise: tex = <class 'numpy.ndarray'>
62.1631 	EXP 	noise: tex = <class 'numpy.ndarray'>
62.2132 	EXP 	noise: tex = <class 'numpy.ndarray'>
62.2632 	EXP 	noise: tex = <class 'numpy.ndarray'>
62.3170 	EXP 	noise: tex = <class 'numpy.ndarray'>
62.3674 	EXP 	noise: tex = <class 'numpy.ndarray'>
62.4146 	EXP 	noise: tex = <class 'numpy.ndarray'>
62.4629 	EXP 	noise: tex = <class 'numpy.ndarray'>
62.5137 	EXP 	noise: tex = <class 'numpy.ndarray'>
62.5633 	EXP 	noise: tex = <class 'numpy.ndarray'>
62.6133 	EXP 	noise: tex = <class 'numpy.ndarray'>
62.6630 	EXP 	noise: tex = <class 'numpy.ndarray'>
62.7131 	EXP 	noise: tex = <class 'numpy.ndarray'>
62.7637 	EXP 	noise: tex = <class 'numpy.ndarray'>
62.8132 	EXP 	noise: tex = <class 'numpy.ndarray'>
62.8630 	EXP 	noise: tex = <class 'numpy.ndarray'>
62.9163 	EXP 	noise: tex = <class 'numpy.ndarray'>
62.9658 	EXP 	noise: tex = <class 'numpy.ndarray'>
63.0186 	EXP 	noise: tex = <class 'numpy.ndarray'>
63.0688 	EXP 	noise: tex = <class 'numpy.ndarray'>
63.1187 	EXP 	noise: tex = <class 'numpy.ndarray'>
63.1671 	EXP 	noise: tex = <class 'numpy.ndarray'>
63.2152 	EXP 	noise: tex = <class 'numpy.ndarray'>
63.2630 	EXP 	noise: tex = <class 'numpy.ndarray'>
63.3133 	EXP 	noise: tex = <class 'numpy.ndarray'>
63.3652 	EXP 	noise: tex = <class 'numpy.ndarray'>
63.4130 	EXP 	noise: tex = <class 'numpy.ndarray'>
63.4630 	EXP 	noise: tex = <class 'numpy.ndarray'>
63.5130 	EXP 	noise: tex = <class 'numpy.ndarray'>
63.5633 	EXP 	noise: tex = <class 'numpy.ndarray'>
63.6154 	EXP 	noise: tex = <class 'numpy.ndarray'>
63.6669 	EXP 	noise: tex = <class 'numpy.ndarray'>
63.7207 	EXP 	noise: tex = <class 'numpy.ndarray'>
63.7669 	EXP 	noise: tex = <class 'numpy.ndarray'>
63.8153 	EXP 	noise: tex = <class 'numpy.ndarray'>
63.8641 	EXP 	noise: tex = <class 'numpy.ndarray'>
63.9132 	EXP 	noise: tex = <class 'numpy.ndarray'>
63.9642 	EXP 	noise: tex = <class 'numpy.ndarray'>
64.0156 	EXP 	noise: tex = <class 'numpy.ndarray'>
64.0688 	EXP 	noise: tex = <class 'numpy.ndarray'>
64.1191 	EXP 	noise: tex = <class 'numpy.ndarray'>
64.1679 	EXP 	noise: tex = <class 'numpy.ndarray'>
64.2229 	EXP 	noise: tex = <class 'numpy.ndarray'>
64.2751 	EXP 	noise: tex = <class 'numpy.ndarray'>
64.3296 	EXP 	noise: tex = <class 'numpy.ndarray'>
64.3796 	EXP 	noise: tex = <class 'numpy.ndarray'>
64.4301 	EXP 	noise: tex = <class 'numpy.ndarray'>
64.4796 	EXP 	noise: tex = <class 'numpy.ndarray'>
64.5298 	EXP 	noise: tex = <class 'numpy.ndarray'>
64.5798 	EXP 	noise: tex = <class 'numpy.ndarray'>
64.6297 	EXP 	noise: tex = <class 'numpy.ndarray'>
64.6820 	EXP 	noise: tex = <class 'numpy.ndarray'>
64.7318 	EXP 	noise: tex = <class 'numpy.ndarray'>
64.7796 	EXP 	noise: tex = <class 'numpy.ndarray'>
64.8297 	EXP 	noise: tex = <class 'numpy.ndarray'>
64.8797 	EXP 	noise: tex = <class 'numpy.ndarray'>
64.9297 	EXP 	noise: tex = <class 'numpy.ndarray'>
64.9819 	EXP 	noise: tex = <class 'numpy.ndarray'>
65.0351 	EXP 	noise: tex = <class 'numpy.ndarray'>
65.0878 	EXP 	noise: tex = <class 'numpy.ndarray'>
65.1361 	EXP 	noise: tex = <class 'numpy.ndarray'>
65.1847 	EXP 	noise: tex = <class 'numpy.ndarray'>
65.2364 	EXP 	noise: tex = <class 'numpy.ndarray'>
65.2847 	EXP 	noise: tex = <class 'numpy.ndarray'>
65.3306 	EXP 	noise: tex = <class 'numpy.ndarray'>
65.3798 	EXP 	noise: tex = <class 'numpy.ndarray'>
65.4299 	EXP 	noise: tex = <class 'numpy.ndarray'>
65.4800 	EXP 	noise: tex = <class 'numpy.ndarray'>
65.5300 	EXP 	noise: tex = <class 'numpy.ndarray'>
65.5801 	EXP 	noise: tex = <class 'numpy.ndarray'>
65.6298 	EXP 	noise: tex = <class 'numpy.ndarray'>
65.6799 	EXP 	noise: tex = <class 'numpy.ndarray'>
65.7336 	EXP 	noise: tex = <class 'numpy.ndarray'>
65.7822 	EXP 	noise: tex = <class 'numpy.ndarray'>
65.8295 	EXP 	noise: tex = <class 'numpy.ndarray'>
65.8798 	EXP 	noise: tex = <class 'numpy.ndarray'>
65.9311 	EXP 	noise: tex = <class 'numpy.ndarray'>
65.9800 	EXP 	noise: tex = <class 'numpy.ndarray'>
66.0297 	EXP 	noise: tex = <class 'numpy.ndarray'>
66.0798 	EXP 	noise: tex = <class 'numpy.ndarray'>
66.1295 	EXP 	noise: tex = <class 'numpy.ndarray'>
66.1795 	EXP 	noise: tex = <class 'numpy.ndarray'>
66.2306 	EXP 	noise: tex = <class 'numpy.ndarray'>
66.2798 	EXP 	noise: tex = <class 'numpy.ndarray'>
66.3296 	EXP 	noise: tex = <class 'numpy.ndarray'>
66.3798 	EXP 	noise: tex = <class 'numpy.ndarray'>
66.4314 	EXP 	noise: tex = <class 'numpy.ndarray'>
66.4919 	EXP 	noise: tex = <class 'numpy.ndarray'>
66.5372 	EXP 	noise: tex = <class 'numpy.ndarray'>
66.5853 	EXP 	noise: tex = <class 'numpy.ndarray'>
66.6361 	EXP 	noise: tex = <class 'numpy.ndarray'>
66.6842 	EXP 	noise: tex = <class 'numpy.ndarray'>
66.7330 	EXP 	noise: tex = <class 'numpy.ndarray'>
66.7836 	EXP 	noise: tex = <class 'numpy.ndarray'>
66.8369 	EXP 	noise: tex = <class 'numpy.ndarray'>
66.8852 	EXP 	noise: tex = <class 'numpy.ndarray'>
66.9340 	EXP 	noise: tex = <class 'numpy.ndarray'>
66.9832 	EXP 	noise: tex = <class 'numpy.ndarray'>
67.0342 	EXP 	noise: tex = <class 'numpy.ndarray'>
67.0871 	EXP 	noise: tex = <class 'numpy.ndarray'>
67.1384 	EXP 	noise: tex = <class 'numpy.ndarray'>
67.1887 	EXP 	noise: tex = <class 'numpy.ndarray'>
67.2461 	EXP 	noise: tex = <class 'numpy.ndarray'>
67.2964 	EXP 	noise: tex = <class 'numpy.ndarray'>
67.3469 	EXP 	noise: tex = <class 'numpy.ndarray'>
67.3965 	EXP 	noise: tex = <class 'numpy.ndarray'>
67.4465 	EXP 	noise: tex = <class 'numpy.ndarray'>
67.4963 	EXP 	noise: tex = <class 'numpy.ndarray'>
67.5500 	EXP 	noise: tex = <class 'numpy.ndarray'>
67.6008 	EXP 	noise: tex = <class 'numpy.ndarray'>
67.6521 	EXP 	noise: tex = <class 'numpy.ndarray'>
67.7010 	EXP 	noise: tex = <class 'numpy.ndarray'>
67.7476 	EXP 	noise: tex = <class 'numpy.ndarray'>
67.7976 	EXP 	noise: tex = <class 'numpy.ndarray'>
67.8479 	EXP 	noise: tex = <class 'numpy.ndarray'>
67.8962 	EXP 	noise: tex = <class 'numpy.ndarray'>
67.9462 	EXP 	noise: tex = <class 'numpy.ndarray'>
67.9966 	EXP 	noise: tex = <class 'numpy.ndarray'>
68.0590 	EXP 	noise: tex = <class 'numpy.ndarray'>
68.1129 	EXP 	noise: tex = <class 'numpy.ndarray'>
68.1629 	EXP 	noise: tex = <class 'numpy.ndarray'>
68.2147 	EXP 	noise: tex = <class 'numpy.ndarray'>
68.2637 	EXP 	noise: tex = <class 'numpy.ndarray'>
68.3128 	EXP 	noise: tex = <class 'numpy.ndarray'>
68.3628 	EXP 	noise: tex = <class 'numpy.ndarray'>
68.4132 	EXP 	noise: tex = <class 'numpy.ndarray'>
68.4655 	EXP 	noise: tex = <class 'numpy.ndarray'>
68.5148 	EXP 	noise: tex = <class 'numpy.ndarray'>
68.5667 	EXP 	noise: tex = <class 'numpy.ndarray'>
68.6211 	EXP 	noise: tex = <class 'numpy.ndarray'>
68.6770 	EXP 	noise: tex = <class 'numpy.ndarray'>
68.7298 	EXP 	noise: tex = <class 'numpy.ndarray'>
68.7799 	EXP 	noise: tex = <class 'numpy.ndarray'>
68.8296 	EXP 	noise: tex = <class 'numpy.ndarray'>
68.8827 	EXP 	noise: tex = <class 'numpy.ndarray'>
68.9333 	EXP 	noise: tex = <class 'numpy.ndarray'>
68.9845 	EXP 	noise: tex = <class 'numpy.ndarray'>
69.0340 	EXP 	noise: tex = <class 'numpy.ndarray'>
69.0845 	EXP 	noise: tex = <class 'numpy.ndarray'>
69.1312 	EXP 	noise: tex = <class 'numpy.ndarray'>
69.1801 	EXP 	noise: tex = <class 'numpy.ndarray'>
69.2295 	EXP 	noise: tex = <class 'numpy.ndarray'>
69.2796 	EXP 	noise: tex = <class 'numpy.ndarray'>
69.3296 	EXP 	noise: tex = <class 'numpy.ndarray'>
69.3794 	EXP 	noise: tex = <class 'numpy.ndarray'>
69.4296 	EXP 	noise: tex = <class 'numpy.ndarray'>
69.4799 	EXP 	noise: tex = <class 'numpy.ndarray'>
69.5297 	EXP 	noise: tex = <class 'numpy.ndarray'>
69.5818 	EXP 	noise: tex = <class 'numpy.ndarray'>
69.6295 	EXP 	noise: tex = <class 'numpy.ndarray'>
69.6803 	EXP 	noise: tex = <class 'numpy.ndarray'>
69.7296 	EXP 	noise: tex = <class 'numpy.ndarray'>
69.7793 	EXP 	noise: tex = <class 'numpy.ndarray'>
69.8309 	EXP 	noise: tex = <class 'numpy.ndarray'>
69.8812 	EXP 	noise: tex = <class 'numpy.ndarray'>
69.9343 	EXP 	noise: tex = <class 'numpy.ndarray'>
69.9850 	EXP 	noise: tex = <class 'numpy.ndarray'>
70.0346 	EXP 	noise: tex = <class 'numpy.ndarray'>
70.0800 	EXP 	noise: tex = <class 'numpy.ndarray'>
70.1298 	EXP 	noise: tex = <class 'numpy.ndarray'>
70.1797 	EXP 	noise: tex = <class 'numpy.ndarray'>
70.2294 	EXP 	noise: tex = <class 'numpy.ndarray'>
70.2795 	EXP 	noise: tex = <class 'numpy.ndarray'>
70.3295 	EXP 	noise: tex = <class 'numpy.ndarray'>
70.3796 	EXP 	noise: tex = <class 'numpy.ndarray'>
70.4295 	EXP 	noise: tex = <class 'numpy.ndarray'>
70.4798 	EXP 	noise: tex = <class 'numpy.ndarray'>
70.5296 	EXP 	noise: tex = <class 'numpy.ndarray'>
70.5822 	EXP 	noise: tex = <class 'numpy.ndarray'>
70.6324 	EXP 	noise: tex = <class 'numpy.ndarray'>
70.6833 	EXP 	noise: tex = <class 'numpy.ndarray'>
70.7353 	EXP 	noise: tex = <class 'numpy.ndarray'>
70.7861 	EXP 	noise: tex = <class 'numpy.ndarray'>
70.8331 	EXP 	noise: tex = <class 'numpy.ndarray'>
70.8868 	EXP 	noise: tex = <class 'numpy.ndarray'>
70.9333 	EXP 	noise: tex = <class 'numpy.ndarray'>
70.9832 	EXP 	noise: tex = <class 'numpy.ndarray'>
71.0310 	EXP 	noise: tex = <class 'numpy.ndarray'>
71.0928 	EXP 	noise: tex = <class 'numpy.ndarray'>
71.1395 	EXP 	noise: tex = <class 'numpy.ndarray'>
71.1962 	EXP 	noise: tex = <class 'numpy.ndarray'>
71.2564 	EXP 	noise: tex = <class 'numpy.ndarray'>
71.3029 	EXP 	noise: tex = <class 'numpy.ndarray'>
71.3519 	EXP 	noise: tex = <class 'numpy.ndarray'>
71.3987 	EXP 	noise: tex = <class 'numpy.ndarray'>
71.4465 	EXP 	noise: tex = <class 'numpy.ndarray'>
71.4961 	EXP 	noise: tex = <class 'numpy.ndarray'>
71.5461 	EXP 	noise: tex = <class 'numpy.ndarray'>
71.5961 	EXP 	noise: tex = <class 'numpy.ndarray'>
71.6461 	EXP 	noise: tex = <class 'numpy.ndarray'>
71.6976 	EXP 	noise: tex = <class 'numpy.ndarray'>
71.7506 	EXP 	noise: tex = <class 'numpy.ndarray'>
71.8016 	EXP 	noise: tex = <class 'numpy.ndarray'>
71.8494 	EXP 	noise: tex = <class 'numpy.ndarray'>
71.8989 	EXP 	noise: tex = <class 'numpy.ndarray'>
71.9499 	EXP 	noise: tex = <class 'numpy.ndarray'>
72.0010 	EXP 	noise: tex = <class 'numpy.ndarray'>
72.0508 	EXP 	noise: tex = <class 'numpy.ndarray'>
72.1002 	EXP 	noise: tex = <class 'numpy.ndarray'>
72.1500 	EXP 	noise: tex = <class 'numpy.ndarray'>
72.1991 	EXP 	noise: tex = <class 'numpy.ndarray'>
72.2469 	EXP 	noise: tex = <class 'numpy.ndarray'>
72.2970 	EXP 	noise: tex = <class 'numpy.ndarray'>
72.3484 	EXP 	noise: tex = <class 'numpy.ndarray'>
72.3961 	EXP 	noise: tex = <class 'numpy.ndarray'>
72.4467 	EXP 	noise: tex = <class 'numpy.ndarray'>
72.4985 	EXP 	noise: tex = <class 'numpy.ndarray'>
72.5481 	EXP 	noise: tex = <class 'numpy.ndarray'>
72.5979 	EXP 	noise: tex = <class 'numpy.ndarray'>
72.6481 	EXP 	noise: tex = <class 'numpy.ndarray'>
72.6983 	EXP 	noise: tex = <class 'numpy.ndarray'>
72.7462 	EXP 	noise: tex = <class 'numpy.ndarray'>
72.7963 	EXP 	noise: tex = <class 'numpy.ndarray'>
72.8474 	EXP 	noise: tex = <class 'numpy.ndarray'>
72.8972 	EXP 	noise: tex = <class 'numpy.ndarray'>
72.9486 	EXP 	noise: tex = <class 'numpy.ndarray'>
72.9969 	EXP 	noise: tex = <class 'numpy.ndarray'>
73.0495 	EXP 	noise: tex = <class 'numpy.ndarray'>
73.1027 	EXP 	noise: tex = <class 'numpy.ndarray'>
73.1508 	EXP 	noise: tex = <class 'numpy.ndarray'>
73.1995 	EXP 	noise: tex = <class 'numpy.ndarray'>
73.2472 	EXP 	noise: tex = <class 'numpy.ndarray'>
73.2972 	EXP 	noise: tex = <class 'numpy.ndarray'>
73.3461 	EXP 	noise: tex = <class 'numpy.ndarray'>
73.3959 	EXP 	noise: tex = <class 'numpy.ndarray'>
73.4470 	EXP 	noise: tex = <class 'numpy.ndarray'>
73.4960 	EXP 	noise: tex = <class 'numpy.ndarray'>
73.5462 	EXP 	noise: tex = <class 'numpy.ndarray'>
73.5964 	EXP 	noise: tex = <class 'numpy.ndarray'>
73.6462 	EXP 	noise: tex = <class 'numpy.ndarray'>
73.6971 	EXP 	noise: tex = <class 'numpy.ndarray'>
73.7465 	EXP 	noise: tex = <class 'numpy.ndarray'>
73.7629 	EXP 	noise_0: autoDraw = False
73.7629 	EXP 	noise: autoDraw = False
73.7629 	EXP 	blob_0: autoDraw = False
73.7629 	EXP 	blob: autoDraw = False
73.7629 	EXP 	cursor: autoDraw = False
74.0938 	EXP 	window1: mouseVisible = True
