0.8775 	WARNING 	We strongly recommend you activate the PTB sound engine in PsychoPy prefs as the preferred audio engine. Its timing is vastly superior. Your prefs are currently set to use ['sounddevice', 'PTB', 'pyo', 'pygame'] (in that order).
6.1384 	EXP 	Created window1 = Window(allowGUI=True, allowStencil=False, autoLog=True, backendConf=UNKNOWN, bitsMode=UNKNOWN, blendMode='avg', bpc=(8, 8, 8), color=array([0, 0, 0]), colorSpace='rgb', depthBits=8, fullscr=<method-wrapper '__getattribute__' of attributeSetter object at 0x7fd740cbafa0>, gamma=None, gammaErrorPolicy='raise', lms=UNKNOWN, monitor=<psychopy.monitors.calibTools.Monitor object at 0x7fd6f2285910>, multiSample=False, name='window1', numSamples=2, pos=[360.0, 225.0], screen=0, size=array([2880, 1800]), stencilBits=0, stereo=False, units='height', useFBO=True, useRetina=True, viewOri=0.0, viewPos=None, viewScale=None, waitBlanking=True, winType='pyglet')
6.1386 	EXP 	window1: mouseVisible = True
6.1396 	EXP 	window1: mouseVisible = False
6.1396 	EXP 	window1: Attempting to measure frame rate of screen (0) ...
6.1397 	EXP 	window1: recordFrameIntervals = False
6.3047 	EXP 	window1: recordFrameIntervals = True
6.4883 	EXP 	Screen (0) actual frame rate measured at 59.94Hz
6.4884 	EXP 	window1: recordFrameIntervals = False
8.2065 	EXP 	Created start_trial_text = TextStim(__class__=<class 'psychopy.visual.text.TextStim'>, alignHoriz=method-wrapper(...), alignText='center', alignVert=method-wrapper(...), anchorHoriz='center', anchorVert='center', antialias=True, autoDraw=False, autoLog=True, bold=False, color=array([1., 1., 1.]), colorSpace='rgb', contrast=1.0, depth=0.0, flipHoriz=False, flipVert=False, font='Arial', fontFiles=[], height=0.04, italic=False, languageStyle='LTR', name='start_trial_text', opacity=1.0, ori=0.0, pos=array([-0.3 ,  0.25]), rgb=UNKNOWN, text='Press any button to continue', units='height', win=Window(...), wrapWidth=1)
8.2067 	EXP 	window1: mouseVisible = True
8.2068 	EXP 	window1: mouseVisible = True
8.2143 	EXP 	Created noise_0 = NoiseStim(__class__=<class 'psychopy.visual.noise.NoiseStim'>, anchor='center', autoDraw=False, autoLog=True, blendmode='add', color=array([0.5, 0.5, 0.5]), colorSpace='rgb', contrast=0.5, depth=-1.0, interpolate=False, mask='none', maskParams=None, name='noise_0', opacity=1.0, ori=0.0, phase=array([0., 0.]), pos=array([0., 0.]), rgbPedestal=array([0., 0., 0.]), sf=array([1., 1.]), size=array([1., 1.]), tex='sin', texRes=128, units='height', win=Window(...))
8.2948 	EXP 	Created noise = NoiseStim(__class__=<class 'psychopy.visual.noise.NoiseStim'>, anchor='center', autoDraw=False, autoLog=True, blendmode='add', color=array([0.5, 0.5, 0.5]), colorSpace='rgb', contrast=0.5, depth=-2.0, interpolate=False, mask='none', maskParams=None, name='noise', opacity=1.0, ori=0.0, phase=array([0., 0.]), pos=array([0., 0.]), rgbPedestal=array([0., 0., 0.]), sf=array([1., 1.]), size=array([1., 1.]), tex='sin', texRes=128, units='height', win=Window(...))
8.4149 	EXP 	Created blob_0 = GratingStim(__class__=<class 'psychopy.visual.grating.GratingStim'>, anchor='center', autoDraw=False, autoLog=True, blendmode='add', color=array([1., 1., 1.]), colorSpace='rgb', contrast=1.0, depth=-3.0, interpolate=True, mask='gauss', maskParams=None, name='blob_0', opacity=1.0, ori=45.0, phase=array([0.25, 0.25]), pos=array([0., 0.]), rgbPedestal=array([0., 0., 0.]), sf=array([1., 1.]), size=array([1., 1.]), tex=ndarray(...), texRes=512.0, units='height', win=Window(...))
8.4445 	EXP 	Created blob = GratingStim(__class__=<class 'psychopy.visual.grating.GratingStim'>, anchor='center', autoDraw=False, autoLog=True, blendmode='add', color=array([1., 1., 1.]), colorSpace='rgb', contrast=1.0, depth=-4.0, interpolate=True, mask='gauss', maskParams=None, name='blob', opacity=1.0, ori=45.0, phase=array([0.25, 0.25]), pos=array([0., 0.]), rgbPedestal=array([0., 0., 0.]), sf=array([1., 1.]), size=array([1., 1.]), tex=ndarray(...), texRes=512.0, units='height', win=Window(...))
8.4508 	EXP 	Created cursor = ShapeStim(__class__=<class 'psychopy.visual.shape.ShapeStim'>, anchor=('center', 'center'), autoDraw=False, autoLog=True, closeShape=True, color=method-wrapper(...), colorSpace='rgb', contrast=None, depth=-6.0, fillColor=array([ 1, -1, -1]), fillColorSpace='rgb', fillRGB=array([ 1, -1, -1]), interpolate=True, lineColor=array([ 1., -1., -1.]), lineColorSpace='rgb', lineRGB=array([ 1, -1, -1]), lineWidth=1.0, name='cursor', opacity=1.0, ori=0.0, pos=array([0., 0.]), size=array([0.005, 0.005]), units='height', vertices=ndarray(...), win=Window(...), windingRule=None)
8.4556 	EXP 	Imported Bonnen2015Conditions.csv as conditions, 4 conditions, 4 params
8.4560 	EXP 	Created sequence: random, trialTypes=4, nReps=1, seed=None
8.4563 	EXP 	New trial (rep=0, index=0): OrderedDict([('blobHeight', 0.4188), ('blobWidth', 0.17), ('mask', '$np.ones((512,512))'), ('sig', 0.01)])
8.4950 	EXP 	noise_0: blendmode = 'add'
8.4950 	EXP 	noise_0: mask = None
8.4950 	EXP 	noise_0: texRes = 512
8.4950 	EXP 	noise_0: noiseType = 'White'
8.4950 	EXP 	noise_0: noiseImage = None
8.4950 	EXP 	noise_0: noiseElementSize = [0.0625]
8.4950 	EXP 	noise_0: noiseBaseSf = 8.0
8.4950 	EXP 	noise_0: noiseBW = 1.0
8.4950 	EXP 	noise_0: noiseBWO = 30.0
8.4950 	EXP 	noise_0: noiseFractalPower = 0.0
8.4950 	EXP 	noise_0: noiseFilterUpper = 8.0
8.4950 	EXP 	noise_0: noiseFilterLower = 1.0
8.4950 	EXP 	noise_0: noiseFilterOrder = 0.0
8.4950 	EXP 	noise_0: noiseClip = 3.0
8.4950 	EXP 	noise_0: filter = None
8.4950 	EXP 	noise_0: tex = <class 'numpy.ndarray'>
8.4950 	EXP 	noise_0: tex = <class 'numpy.ndarray'>
8.4950 	EXP 	noise: blendmode = 'add'
8.4950 	EXP 	noise: mask = None
8.4950 	EXP 	noise: texRes = 512
8.4950 	EXP 	noise: noiseType = 'White'
8.4950 	EXP 	noise: noiseImage = None
8.4950 	EXP 	noise: noiseElementSize = [0.0625]
8.4950 	EXP 	noise: noiseBaseSf = 8.0
8.4950 	EXP 	noise: noiseBW = 1.0
8.4950 	EXP 	noise: noiseBWO = 30.0
8.4950 	EXP 	noise: noiseFractalPower = 0.0
8.4950 	EXP 	noise: noiseFilterUpper = 8.0
8.4950 	EXP 	noise: noiseFilterLower = 1.0
8.4950 	EXP 	noise: noiseFilterOrder = 0.0
8.4950 	EXP 	noise: noiseClip = 3.0
8.4950 	EXP 	noise: filter = None
8.4950 	EXP 	noise: tex = <class 'numpy.ndarray'>
8.4950 	EXP 	noise: tex = <class 'numpy.ndarray'>
8.4950 	EXP 	start_trial_text: autoDraw = True
9.1044 	DATA 	Mouse: Left button down, pos=(621,469)
9.1246 	EXP 	window1: mouseVisible = 0
9.1977 	EXP 	start_trial_text: autoDraw = False
9.1977 	EXP 	blob_0: tex = <class 'numpy.ndarray'>
9.1977 	EXP 	blob: tex = <class 'numpy.ndarray'>
9.1977 	EXP 	noise_0: autoDraw = True
9.1977 	EXP 	noise_0: tex = <class 'numpy.ndarray'>
9.1977 	EXP 	blob_0: autoDraw = True
9.1977 	EXP 	cursor: autoDraw = True
9.1989 	DATA 	Mouse:  Left button up, pos=(720,450)
9.2540 	EXP 	noise_0: tex = <class 'numpy.ndarray'>
9.3042 	EXP 	noise_0: tex = <class 'numpy.ndarray'>
9.3542 	EXP 	noise_0: tex = <class 'numpy.ndarray'>
9.4041 	EXP 	noise_0: tex = <class 'numpy.ndarray'>
9.4542 	EXP 	noise_0: tex = <class 'numpy.ndarray'>
9.5039 	EXP 	noise_0: tex = <class 'numpy.ndarray'>
9.5542 	EXP 	noise_0: tex = <class 'numpy.ndarray'>
9.6058 	EXP 	noise_0: tex = <class 'numpy.ndarray'>
9.6995 	EXP 	noise_0: tex = <class 'numpy.ndarray'>
9.6995 	EXP 	noise: autoDraw = True
9.6995 	EXP 	noise: tex = <class 'numpy.ndarray'>
9.6995 	EXP 	blob: autoDraw = True
9.7584 	EXP 	noise_0: autoDraw = False
9.7584 	EXP 	noise: tex = <class 'numpy.ndarray'>
9.7584 	EXP 	blob_0: autoDraw = False
9.8107 	EXP 	noise: tex = <class 'numpy.ndarray'>
9.8622 	EXP 	noise: tex = <class 'numpy.ndarray'>
9.9103 	EXP 	noise: tex = <class 'numpy.ndarray'>
9.9587 	EXP 	noise: tex = <class 'numpy.ndarray'>
10.0101 	EXP 	noise: tex = <class 'numpy.ndarray'>
10.0570 	EXP 	noise: tex = <class 'numpy.ndarray'>
10.1054 	EXP 	noise: tex = <class 'numpy.ndarray'>
10.1540 	EXP 	noise: tex = <class 'numpy.ndarray'>
10.2038 	EXP 	noise: tex = <class 'numpy.ndarray'>
10.2539 	EXP 	noise: tex = <class 'numpy.ndarray'>
10.3038 	EXP 	noise: tex = <class 'numpy.ndarray'>
10.3539 	EXP 	noise: tex = <class 'numpy.ndarray'>
10.4040 	EXP 	noise: tex = <class 'numpy.ndarray'>
10.4541 	EXP 	noise: tex = <class 'numpy.ndarray'>
10.5058 	EXP 	noise: tex = <class 'numpy.ndarray'>
10.5591 	EXP 	noise: tex = <class 'numpy.ndarray'>
10.6077 	EXP 	noise: tex = <class 'numpy.ndarray'>
10.6585 	EXP 	noise: tex = <class 'numpy.ndarray'>
10.7087 	EXP 	noise: tex = <class 'numpy.ndarray'>
10.7597 	EXP 	noise: tex = <class 'numpy.ndarray'>
10.8061 	EXP 	noise: tex = <class 'numpy.ndarray'>
10.8540 	EXP 	noise: tex = <class 'numpy.ndarray'>
10.9039 	EXP 	noise: tex = <class 'numpy.ndarray'>
10.9537 	EXP 	noise: tex = <class 'numpy.ndarray'>
11.0041 	EXP 	noise: tex = <class 'numpy.ndarray'>
11.0541 	EXP 	noise: tex = <class 'numpy.ndarray'>
11.1041 	EXP 	noise: tex = <class 'numpy.ndarray'>
11.1543 	EXP 	noise: tex = <class 'numpy.ndarray'>
11.2040 	EXP 	noise: tex = <class 'numpy.ndarray'>
11.2540 	EXP 	noise: tex = <class 'numpy.ndarray'>
11.3042 	EXP 	noise: tex = <class 'numpy.ndarray'>
11.3538 	EXP 	noise: tex = <class 'numpy.ndarray'>
11.4040 	EXP 	noise: tex = <class 'numpy.ndarray'>
11.4551 	EXP 	noise: tex = <class 'numpy.ndarray'>
11.5046 	EXP 	noise: tex = <class 'numpy.ndarray'>
11.5538 	EXP 	noise: tex = <class 'numpy.ndarray'>
11.6041 	EXP 	noise: tex = <class 'numpy.ndarray'>
11.6542 	EXP 	noise: tex = <class 'numpy.ndarray'>
11.7042 	EXP 	noise: tex = <class 'numpy.ndarray'>
11.7540 	EXP 	noise: tex = <class 'numpy.ndarray'>
11.8043 	EXP 	noise: tex = <class 'numpy.ndarray'>
11.8544 	EXP 	noise: tex = <class 'numpy.ndarray'>
11.9042 	EXP 	noise: tex = <class 'numpy.ndarray'>
11.9538 	EXP 	noise: tex = <class 'numpy.ndarray'>
12.0037 	EXP 	noise: tex = <class 'numpy.ndarray'>
12.0540 	EXP 	noise: tex = <class 'numpy.ndarray'>
12.1038 	EXP 	noise: tex = <class 'numpy.ndarray'>
12.1540 	EXP 	noise: tex = <class 'numpy.ndarray'>
12.2042 	EXP 	noise: tex = <class 'numpy.ndarray'>
12.2542 	EXP 	noise: tex = <class 'numpy.ndarray'>
12.3040 	EXP 	noise: tex = <class 'numpy.ndarray'>
12.3538 	EXP 	noise: tex = <class 'numpy.ndarray'>
12.4056 	EXP 	noise: tex = <class 'numpy.ndarray'>
12.4548 	EXP 	noise: tex = <class 'numpy.ndarray'>
12.5044 	EXP 	noise: tex = <class 'numpy.ndarray'>
12.5551 	EXP 	noise: tex = <class 'numpy.ndarray'>
12.6041 	EXP 	noise: tex = <class 'numpy.ndarray'>
12.6544 	EXP 	noise: tex = <class 'numpy.ndarray'>
12.7054 	EXP 	noise: tex = <class 'numpy.ndarray'>
12.7563 	EXP 	noise: tex = <class 'numpy.ndarray'>
12.8040 	EXP 	noise: tex = <class 'numpy.ndarray'>
12.8559 	EXP 	noise: tex = <class 'numpy.ndarray'>
12.9052 	EXP 	noise: tex = <class 'numpy.ndarray'>
12.9538 	EXP 	noise: tex = <class 'numpy.ndarray'>
13.0040 	EXP 	noise: tex = <class 'numpy.ndarray'>
13.0537 	EXP 	noise: tex = <class 'numpy.ndarray'>
13.1039 	EXP 	noise: tex = <class 'numpy.ndarray'>
13.1701 	EXP 	noise: tex = <class 'numpy.ndarray'>
13.2291 	EXP 	noise: tex = <class 'numpy.ndarray'>
13.2799 	EXP 	noise: tex = <class 'numpy.ndarray'>
13.3289 	EXP 	noise: tex = <class 'numpy.ndarray'>
13.3717 	EXP 	noise: tex = <class 'numpy.ndarray'>
13.4203 	EXP 	noise: tex = <class 'numpy.ndarray'>
13.4703 	EXP 	noise: tex = <class 'numpy.ndarray'>
13.5205 	EXP 	noise: tex = <class 'numpy.ndarray'>
13.5703 	EXP 	noise: tex = <class 'numpy.ndarray'>
13.6204 	EXP 	noise: tex = <class 'numpy.ndarray'>
13.6703 	EXP 	noise: tex = <class 'numpy.ndarray'>
13.7207 	EXP 	noise: tex = <class 'numpy.ndarray'>
13.7710 	EXP 	noise: tex = <class 'numpy.ndarray'>
13.8203 	EXP 	noise: tex = <class 'numpy.ndarray'>
13.8703 	EXP 	noise: tex = <class 'numpy.ndarray'>
13.9208 	EXP 	noise: tex = <class 'numpy.ndarray'>
13.9704 	EXP 	noise: tex = <class 'numpy.ndarray'>
14.0131 	EXP 	noise: tex = <class 'numpy.ndarray'>
14.0608 	EXP 	noise: tex = <class 'numpy.ndarray'>
14.1065 	EXP 	noise: tex = <class 'numpy.ndarray'>
14.1536 	EXP 	noise: tex = <class 'numpy.ndarray'>
14.2038 	EXP 	noise: tex = <class 'numpy.ndarray'>
14.2537 	EXP 	noise: tex = <class 'numpy.ndarray'>
14.3040 	EXP 	noise: tex = <class 'numpy.ndarray'>
14.3537 	EXP 	noise: tex = <class 'numpy.ndarray'>
14.4036 	EXP 	noise: tex = <class 'numpy.ndarray'>
14.4461 	EXP 	noise: tex = <class 'numpy.ndarray'>
14.4919 	EXP 	noise: tex = <class 'numpy.ndarray'>
14.5395 	EXP 	noise: tex = <class 'numpy.ndarray'>
14.5870 	EXP 	noise: tex = <class 'numpy.ndarray'>
14.6370 	EXP 	noise: tex = <class 'numpy.ndarray'>
14.6869 	EXP 	noise: tex = <class 'numpy.ndarray'>
14.7370 	EXP 	noise: tex = <class 'numpy.ndarray'>
14.7869 	EXP 	noise: tex = <class 'numpy.ndarray'>
14.8374 	EXP 	noise: tex = <class 'numpy.ndarray'>
14.8894 	EXP 	noise: tex = <class 'numpy.ndarray'>
14.9381 	EXP 	noise: tex = <class 'numpy.ndarray'>
14.9871 	EXP 	noise: tex = <class 'numpy.ndarray'>
15.0302 	EXP 	noise: tex = <class 'numpy.ndarray'>
15.0731 	EXP 	noise: tex = <class 'numpy.ndarray'>
15.1220 	EXP 	noise: tex = <class 'numpy.ndarray'>
15.1703 	EXP 	noise: tex = <class 'numpy.ndarray'>
15.2204 	EXP 	noise: tex = <class 'numpy.ndarray'>
15.2639 	EXP 	noise: tex = <class 'numpy.ndarray'>
15.3100 	EXP 	noise: tex = <class 'numpy.ndarray'>
15.3536 	EXP 	noise: tex = <class 'numpy.ndarray'>
15.4037 	EXP 	noise: tex = <class 'numpy.ndarray'>
15.4557 	EXP 	noise: tex = <class 'numpy.ndarray'>
15.5036 	EXP 	noise: tex = <class 'numpy.ndarray'>
15.5537 	EXP 	noise: tex = <class 'numpy.ndarray'>
15.6037 	EXP 	noise: tex = <class 'numpy.ndarray'>
15.6538 	EXP 	noise: tex = <class 'numpy.ndarray'>
15.7037 	EXP 	noise: tex = <class 'numpy.ndarray'>
15.7539 	EXP 	noise: tex = <class 'numpy.ndarray'>
15.8045 	EXP 	noise: tex = <class 'numpy.ndarray'>
15.8538 	EXP 	noise: tex = <class 'numpy.ndarray'>
15.9038 	EXP 	noise: tex = <class 'numpy.ndarray'>
15.9537 	EXP 	noise: tex = <class 'numpy.ndarray'>
16.0038 	EXP 	noise: tex = <class 'numpy.ndarray'>
16.0537 	EXP 	noise: tex = <class 'numpy.ndarray'>
16.1036 	EXP 	noise: tex = <class 'numpy.ndarray'>
16.1537 	EXP 	noise: tex = <class 'numpy.ndarray'>
16.2054 	EXP 	noise: tex = <class 'numpy.ndarray'>
16.2566 	EXP 	noise: tex = <class 'numpy.ndarray'>
16.3055 	EXP 	noise: tex = <class 'numpy.ndarray'>
16.3541 	EXP 	noise: tex = <class 'numpy.ndarray'>
16.4036 	EXP 	noise: tex = <class 'numpy.ndarray'>
16.4537 	EXP 	noise: tex = <class 'numpy.ndarray'>
16.5038 	EXP 	noise: tex = <class 'numpy.ndarray'>
16.5538 	EXP 	noise: tex = <class 'numpy.ndarray'>
16.6038 	EXP 	noise: tex = <class 'numpy.ndarray'>
16.6539 	EXP 	noise: tex = <class 'numpy.ndarray'>
16.7047 	EXP 	noise: tex = <class 'numpy.ndarray'>
16.7537 	EXP 	noise: tex = <class 'numpy.ndarray'>
16.8038 	EXP 	noise: tex = <class 'numpy.ndarray'>
16.8538 	EXP 	noise: tex = <class 'numpy.ndarray'>
16.9058 	EXP 	noise: tex = <class 'numpy.ndarray'>
16.9548 	EXP 	noise: tex = <class 'numpy.ndarray'>
17.0039 	EXP 	noise: tex = <class 'numpy.ndarray'>
17.0540 	EXP 	noise: tex = <class 'numpy.ndarray'>
17.1040 	EXP 	noise: tex = <class 'numpy.ndarray'>
17.1536 	EXP 	noise: tex = <class 'numpy.ndarray'>
17.2040 	EXP 	noise: tex = <class 'numpy.ndarray'>
17.2542 	EXP 	noise: tex = <class 'numpy.ndarray'>
17.3039 	EXP 	noise: tex = <class 'numpy.ndarray'>
17.3538 	EXP 	noise: tex = <class 'numpy.ndarray'>
17.4038 	EXP 	noise: tex = <class 'numpy.ndarray'>
17.4537 	EXP 	noise: tex = <class 'numpy.ndarray'>
17.5037 	EXP 	noise: tex = <class 'numpy.ndarray'>
17.5538 	EXP 	noise: tex = <class 'numpy.ndarray'>
17.6040 	EXP 	noise: tex = <class 'numpy.ndarray'>
17.6559 	EXP 	noise: tex = <class 'numpy.ndarray'>
17.7046 	EXP 	noise: tex = <class 'numpy.ndarray'>
17.7539 	EXP 	noise: tex = <class 'numpy.ndarray'>
17.8037 	EXP 	noise: tex = <class 'numpy.ndarray'>
17.8537 	EXP 	noise: tex = <class 'numpy.ndarray'>
17.9037 	EXP 	noise: tex = <class 'numpy.ndarray'>
17.9539 	EXP 	noise: tex = <class 'numpy.ndarray'>
18.0041 	EXP 	noise: tex = <class 'numpy.ndarray'>
18.0544 	EXP 	noise: tex = <class 'numpy.ndarray'>
18.1042 	EXP 	noise: tex = <class 'numpy.ndarray'>
18.1538 	EXP 	noise: tex = <class 'numpy.ndarray'>
18.2036 	EXP 	noise: tex = <class 'numpy.ndarray'>
18.2539 	EXP 	noise: tex = <class 'numpy.ndarray'>
18.3050 	EXP 	noise: tex = <class 'numpy.ndarray'>
18.3541 	EXP 	noise: tex = <class 'numpy.ndarray'>
18.4040 	EXP 	noise: tex = <class 'numpy.ndarray'>
18.4539 	EXP 	noise: tex = <class 'numpy.ndarray'>
18.5038 	EXP 	noise: tex = <class 'numpy.ndarray'>
18.5539 	EXP 	noise: tex = <class 'numpy.ndarray'>
18.6042 	EXP 	noise: tex = <class 'numpy.ndarray'>
18.6539 	EXP 	noise: tex = <class 'numpy.ndarray'>
18.7038 	EXP 	noise: tex = <class 'numpy.ndarray'>
18.7537 	EXP 	noise: tex = <class 'numpy.ndarray'>
18.8045 	EXP 	noise: tex = <class 'numpy.ndarray'>
18.8537 	EXP 	noise: tex = <class 'numpy.ndarray'>
18.9039 	EXP 	noise: tex = <class 'numpy.ndarray'>
18.9544 	EXP 	noise: tex = <class 'numpy.ndarray'>
19.0037 	EXP 	noise: tex = <class 'numpy.ndarray'>
19.0540 	EXP 	noise: tex = <class 'numpy.ndarray'>
19.1147 	EXP 	noise: tex = <class 'numpy.ndarray'>
19.1607 	EXP 	noise: tex = <class 'numpy.ndarray'>
19.2065 	EXP 	noise: tex = <class 'numpy.ndarray'>
19.2543 	EXP 	noise: tex = <class 'numpy.ndarray'>
19.3038 	EXP 	noise: tex = <class 'numpy.ndarray'>
19.3538 	EXP 	noise: tex = <class 'numpy.ndarray'>
19.4036 	EXP 	noise: tex = <class 'numpy.ndarray'>
19.4539 	EXP 	noise: tex = <class 'numpy.ndarray'>
19.5037 	EXP 	noise: tex = <class 'numpy.ndarray'>
19.5539 	EXP 	noise: tex = <class 'numpy.ndarray'>
19.6038 	EXP 	noise: tex = <class 'numpy.ndarray'>
19.6538 	EXP 	noise: tex = <class 'numpy.ndarray'>
19.7038 	EXP 	noise: tex = <class 'numpy.ndarray'>
19.7539 	EXP 	noise: tex = <class 'numpy.ndarray'>
19.8038 	EXP 	noise: tex = <class 'numpy.ndarray'>
19.8537 	EXP 	noise: tex = <class 'numpy.ndarray'>
19.9036 	EXP 	noise: tex = <class 'numpy.ndarray'>
19.9538 	EXP 	noise: tex = <class 'numpy.ndarray'>
20.0062 	EXP 	noise: tex = <class 'numpy.ndarray'>
20.0560 	EXP 	noise: tex = <class 'numpy.ndarray'>
20.1038 	EXP 	noise: tex = <class 'numpy.ndarray'>
20.1538 	EXP 	noise: tex = <class 'numpy.ndarray'>
20.2037 	EXP 	noise: tex = <class 'numpy.ndarray'>
20.2537 	EXP 	noise: tex = <class 'numpy.ndarray'>
20.3038 	EXP 	noise: tex = <class 'numpy.ndarray'>
20.3539 	EXP 	noise: tex = <class 'numpy.ndarray'>
20.4041 	EXP 	noise: tex = <class 'numpy.ndarray'>
20.4538 	EXP 	noise: tex = <class 'numpy.ndarray'>
20.5170 	EXP 	noise: tex = <class 'numpy.ndarray'>
20.5619 	EXP 	noise: tex = <class 'numpy.ndarray'>
20.6114 	EXP 	noise: tex = <class 'numpy.ndarray'>
20.6590 	EXP 	noise: tex = <class 'numpy.ndarray'>
20.7043 	EXP 	noise: tex = <class 'numpy.ndarray'>
20.7545 	EXP 	noise: tex = <class 'numpy.ndarray'>
20.8038 	EXP 	noise: tex = <class 'numpy.ndarray'>
20.8539 	EXP 	noise: tex = <class 'numpy.ndarray'>
20.9048 	EXP 	noise: tex = <class 'numpy.ndarray'>
20.9536 	EXP 	noise: tex = <class 'numpy.ndarray'>
21.0039 	EXP 	noise: tex = <class 'numpy.ndarray'>
21.0540 	EXP 	noise: tex = <class 'numpy.ndarray'>
21.1041 	EXP 	noise: tex = <class 'numpy.ndarray'>
21.1541 	EXP 	noise: tex = <class 'numpy.ndarray'>
21.2037 	EXP 	noise: tex = <class 'numpy.ndarray'>
21.2537 	EXP 	noise: tex = <class 'numpy.ndarray'>
21.3036 	EXP 	noise: tex = <class 'numpy.ndarray'>
21.3569 	EXP 	noise: tex = <class 'numpy.ndarray'>
21.4037 	EXP 	noise: tex = <class 'numpy.ndarray'>
21.4538 	EXP 	noise: tex = <class 'numpy.ndarray'>
21.5038 	EXP 	noise: tex = <class 'numpy.ndarray'>
21.5539 	EXP 	noise: tex = <class 'numpy.ndarray'>
21.6163 	EXP 	noise: tex = <class 'numpy.ndarray'>
21.6620 	EXP 	noise: tex = <class 'numpy.ndarray'>
21.7076 	EXP 	noise: tex = <class 'numpy.ndarray'>
21.7540 	EXP 	noise: tex = <class 'numpy.ndarray'>
21.8041 	EXP 	noise: tex = <class 'numpy.ndarray'>
21.8549 	EXP 	noise: tex = <class 'numpy.ndarray'>
21.9070 	EXP 	noise: tex = <class 'numpy.ndarray'>
21.9556 	EXP 	noise: tex = <class 'numpy.ndarray'>
22.0037 	EXP 	noise: tex = <class 'numpy.ndarray'>
22.0538 	EXP 	noise: tex = <class 'numpy.ndarray'>
22.1035 	EXP 	noise: tex = <class 'numpy.ndarray'>
22.1462 	EXP 	noise: tex = <class 'numpy.ndarray'>
22.1927 	EXP 	noise: tex = <class 'numpy.ndarray'>
22.2406 	EXP 	noise: tex = <class 'numpy.ndarray'>
22.2870 	EXP 	noise: tex = <class 'numpy.ndarray'>
22.3370 	EXP 	noise: tex = <class 'numpy.ndarray'>
22.3891 	EXP 	noise: tex = <class 'numpy.ndarray'>
22.4369 	EXP 	noise: tex = <class 'numpy.ndarray'>
22.4870 	EXP 	noise: tex = <class 'numpy.ndarray'>
22.5370 	EXP 	noise: tex = <class 'numpy.ndarray'>
22.5872 	EXP 	noise: tex = <class 'numpy.ndarray'>
22.6370 	EXP 	noise: tex = <class 'numpy.ndarray'>
22.6870 	EXP 	noise: tex = <class 'numpy.ndarray'>
22.7371 	EXP 	noise: tex = <class 'numpy.ndarray'>
22.7870 	EXP 	noise: tex = <class 'numpy.ndarray'>
22.8385 	EXP 	noise: tex = <class 'numpy.ndarray'>
22.8872 	EXP 	noise: tex = <class 'numpy.ndarray'>
22.9371 	EXP 	noise: tex = <class 'numpy.ndarray'>
22.9871 	EXP 	noise: tex = <class 'numpy.ndarray'>
23.0370 	EXP 	noise: tex = <class 'numpy.ndarray'>
23.0908 	EXP 	noise: tex = <class 'numpy.ndarray'>
23.1430 	EXP 	noise: tex = <class 'numpy.ndarray'>
23.1927 	EXP 	noise: tex = <class 'numpy.ndarray'>
23.2433 	EXP 	noise: tex = <class 'numpy.ndarray'>
23.2922 	EXP 	noise: tex = <class 'numpy.ndarray'>
23.3423 	EXP 	noise: tex = <class 'numpy.ndarray'>
23.3903 	EXP 	noise: tex = <class 'numpy.ndarray'>
23.4370 	EXP 	noise: tex = <class 'numpy.ndarray'>
23.4871 	EXP 	noise: tex = <class 'numpy.ndarray'>
23.5373 	EXP 	noise: tex = <class 'numpy.ndarray'>
23.5894 	EXP 	noise: tex = <class 'numpy.ndarray'>
23.6397 	EXP 	noise: tex = <class 'numpy.ndarray'>
23.6882 	EXP 	noise: tex = <class 'numpy.ndarray'>
23.7372 	EXP 	noise: tex = <class 'numpy.ndarray'>
23.7871 	EXP 	noise: tex = <class 'numpy.ndarray'>
23.8370 	EXP 	noise: tex = <class 'numpy.ndarray'>
23.8873 	EXP 	noise: tex = <class 'numpy.ndarray'>
23.9372 	EXP 	noise: tex = <class 'numpy.ndarray'>
23.9868 	EXP 	noise: tex = <class 'numpy.ndarray'>
24.0371 	EXP 	noise: tex = <class 'numpy.ndarray'>
24.0871 	EXP 	noise: tex = <class 'numpy.ndarray'>
24.1373 	EXP 	noise: tex = <class 'numpy.ndarray'>
24.1871 	EXP 	noise: tex = <class 'numpy.ndarray'>
24.2378 	EXP 	noise: tex = <class 'numpy.ndarray'>
24.2873 	EXP 	noise: tex = <class 'numpy.ndarray'>
24.3370 	EXP 	noise: tex = <class 'numpy.ndarray'>
24.3871 	EXP 	noise: tex = <class 'numpy.ndarray'>
24.4370 	EXP 	noise: tex = <class 'numpy.ndarray'>
24.4873 	EXP 	noise: tex = <class 'numpy.ndarray'>
24.5372 	EXP 	noise: tex = <class 'numpy.ndarray'>
24.5871 	EXP 	noise: tex = <class 'numpy.ndarray'>
24.6372 	EXP 	noise: tex = <class 'numpy.ndarray'>
24.6426 	EXP 	New trial (rep=0, index=1): OrderedDict([('blobHeight', 0.1892), ('blobWidth', 0.37), ('mask', '$np.ones((512,512))'), ('sig', 0.01)])
24.6552 	EXP 	noise_0: autoDraw = False
24.6552 	EXP 	noise: autoDraw = False
24.6552 	EXP 	blob_0: autoDraw = False
24.6552 	EXP 	blob: autoDraw = False
24.6552 	EXP 	cursor: autoDraw = False
24.6552 	EXP 	start_trial_text: autoDraw = True
25.1886 	DATA 	Mouse: Left button down, pos=(840,367)
25.2076 	EXP 	window1: mouseVisible = 0
25.2665 	EXP 	start_trial_text: autoDraw = False
25.2665 	EXP 	blob_0: tex = <class 'numpy.ndarray'>
25.2665 	EXP 	blob: tex = <class 'numpy.ndarray'>
25.2665 	EXP 	noise_0: autoDraw = True
25.2665 	EXP 	noise_0: tex = <class 'numpy.ndarray'>
25.2665 	EXP 	blob_0: autoDraw = True
25.2665 	EXP 	cursor: autoDraw = True
25.3206 	EXP 	noise_0: tex = <class 'numpy.ndarray'>
25.3577 	DATA 	Mouse:  Left button up, pos=(720,450)
25.3815 	EXP 	noise_0: tex = <class 'numpy.ndarray'>
25.4372 	EXP 	noise_0: tex = <class 'numpy.ndarray'>
25.4872 	EXP 	noise_0: tex = <class 'numpy.ndarray'>
25.5372 	EXP 	noise_0: tex = <class 'numpy.ndarray'>
25.5870 	EXP 	noise_0: tex = <class 'numpy.ndarray'>
25.6368 	EXP 	noise_0: tex = <class 'numpy.ndarray'>
25.6873 	EXP 	noise_0: tex = <class 'numpy.ndarray'>
25.7704 	EXP 	noise_0: tex = <class 'numpy.ndarray'>
25.7704 	EXP 	noise: autoDraw = True
25.7704 	EXP 	noise: tex = <class 'numpy.ndarray'>
25.7704 	EXP 	blob: autoDraw = True
25.8203 	EXP 	noise_0: autoDraw = False
25.8203 	EXP 	noise: tex = <class 'numpy.ndarray'>
25.8203 	EXP 	blob_0: autoDraw = False
25.8707 	EXP 	noise: tex = <class 'numpy.ndarray'>
25.9203 	EXP 	noise: tex = <class 'numpy.ndarray'>
25.9705 	EXP 	noise: tex = <class 'numpy.ndarray'>
26.0206 	EXP 	noise: tex = <class 'numpy.ndarray'>
26.0706 	EXP 	noise: tex = <class 'numpy.ndarray'>
26.1204 	EXP 	noise: tex = <class 'numpy.ndarray'>
26.1703 	EXP 	noise: tex = <class 'numpy.ndarray'>
26.2204 	EXP 	noise: tex = <class 'numpy.ndarray'>
26.2703 	EXP 	noise: tex = <class 'numpy.ndarray'>
26.3205 	EXP 	noise: tex = <class 'numpy.ndarray'>
26.3728 	EXP 	noise: tex = <class 'numpy.ndarray'>
26.4273 	EXP 	noise: tex = <class 'numpy.ndarray'>
26.4746 	EXP 	noise: tex = <class 'numpy.ndarray'>
26.5255 	EXP 	noise: tex = <class 'numpy.ndarray'>
26.5721 	EXP 	noise: tex = <class 'numpy.ndarray'>
26.6221 	EXP 	noise: tex = <class 'numpy.ndarray'>
26.6729 	EXP 	noise: tex = <class 'numpy.ndarray'>
26.7204 	EXP 	noise: tex = <class 'numpy.ndarray'>
26.7703 	EXP 	noise: tex = <class 'numpy.ndarray'>
26.8203 	EXP 	noise: tex = <class 'numpy.ndarray'>
26.8704 	EXP 	noise: tex = <class 'numpy.ndarray'>
26.9213 	EXP 	noise: tex = <class 'numpy.ndarray'>
26.9705 	EXP 	noise: tex = <class 'numpy.ndarray'>
27.0206 	EXP 	noise: tex = <class 'numpy.ndarray'>
27.0703 	EXP 	noise: tex = <class 'numpy.ndarray'>
27.1243 	EXP 	noise: tex = <class 'numpy.ndarray'>
27.1704 	EXP 	noise: tex = <class 'numpy.ndarray'>
27.2205 	EXP 	noise: tex = <class 'numpy.ndarray'>
27.2704 	EXP 	noise: tex = <class 'numpy.ndarray'>
27.3217 	EXP 	noise: tex = <class 'numpy.ndarray'>
27.3747 	EXP 	noise: tex = <class 'numpy.ndarray'>
27.4266 	EXP 	noise: tex = <class 'numpy.ndarray'>
27.4725 	EXP 	noise: tex = <class 'numpy.ndarray'>
27.5223 	EXP 	noise: tex = <class 'numpy.ndarray'>
27.5709 	EXP 	noise: tex = <class 'numpy.ndarray'>
27.6227 	EXP 	noise: tex = <class 'numpy.ndarray'>
27.6756 	EXP 	noise: tex = <class 'numpy.ndarray'>
27.7212 	EXP 	noise: tex = <class 'numpy.ndarray'>
27.7755 	EXP 	noise: tex = <class 'numpy.ndarray'>
27.8213 	EXP 	noise: tex = <class 'numpy.ndarray'>
27.8729 	EXP 	noise: tex = <class 'numpy.ndarray'>
27.9203 	EXP 	noise: tex = <class 'numpy.ndarray'>
27.9707 	EXP 	noise: tex = <class 'numpy.ndarray'>
28.0203 	EXP 	noise: tex = <class 'numpy.ndarray'>
28.0704 	EXP 	noise: tex = <class 'numpy.ndarray'>
28.1203 	EXP 	noise: tex = <class 'numpy.ndarray'>
28.1711 	EXP 	noise: tex = <class 'numpy.ndarray'>
28.2221 	EXP 	noise: tex = <class 'numpy.ndarray'>
28.2763 	EXP 	noise: tex = <class 'numpy.ndarray'>
28.3281 	EXP 	noise: tex = <class 'numpy.ndarray'>
28.3791 	EXP 	noise: tex = <class 'numpy.ndarray'>
28.4300 	EXP 	noise: tex = <class 'numpy.ndarray'>
28.4778 	EXP 	noise: tex = <class 'numpy.ndarray'>
28.5269 	EXP 	noise: tex = <class 'numpy.ndarray'>
28.5747 	EXP 	noise: tex = <class 'numpy.ndarray'>
28.6208 	EXP 	noise: tex = <class 'numpy.ndarray'>
28.6710 	EXP 	noise: tex = <class 'numpy.ndarray'>
28.7238 	EXP 	noise: tex = <class 'numpy.ndarray'>
28.7758 	EXP 	noise: tex = <class 'numpy.ndarray'>
28.8242 	EXP 	noise: tex = <class 'numpy.ndarray'>
28.8749 	EXP 	noise: tex = <class 'numpy.ndarray'>
28.9221 	EXP 	noise: tex = <class 'numpy.ndarray'>
28.9703 	EXP 	noise: tex = <class 'numpy.ndarray'>
29.0206 	EXP 	noise: tex = <class 'numpy.ndarray'>
29.0708 	EXP 	noise: tex = <class 'numpy.ndarray'>
29.1203 	EXP 	noise: tex = <class 'numpy.ndarray'>
29.1702 	EXP 	noise: tex = <class 'numpy.ndarray'>
29.2201 	EXP 	noise: tex = <class 'numpy.ndarray'>
29.2721 	EXP 	noise: tex = <class 'numpy.ndarray'>
29.3233 	EXP 	noise: tex = <class 'numpy.ndarray'>
29.3705 	EXP 	noise: tex = <class 'numpy.ndarray'>
29.4204 	EXP 	noise: tex = <class 'numpy.ndarray'>
29.4703 	EXP 	noise: tex = <class 'numpy.ndarray'>
29.5232 	EXP 	noise: tex = <class 'numpy.ndarray'>
29.5747 	EXP 	noise: tex = <class 'numpy.ndarray'>
29.6208 	EXP 	noise: tex = <class 'numpy.ndarray'>
29.6701 	EXP 	noise: tex = <class 'numpy.ndarray'>
29.7204 	EXP 	noise: tex = <class 'numpy.ndarray'>
29.7705 	EXP 	noise: tex = <class 'numpy.ndarray'>
29.8202 	EXP 	noise: tex = <class 'numpy.ndarray'>
29.8640 	EXP 	noise: tex = <class 'numpy.ndarray'>
29.9102 	EXP 	noise: tex = <class 'numpy.ndarray'>
29.9550 	EXP 	noise: tex = <class 'numpy.ndarray'>
30.0038 	EXP 	noise: tex = <class 'numpy.ndarray'>
30.0535 	EXP 	noise: tex = <class 'numpy.ndarray'>
30.1036 	EXP 	noise: tex = <class 'numpy.ndarray'>
30.1537 	EXP 	noise: tex = <class 'numpy.ndarray'>
30.2056 	EXP 	noise: tex = <class 'numpy.ndarray'>
30.2536 	EXP 	noise: tex = <class 'numpy.ndarray'>
30.3035 	EXP 	noise: tex = <class 'numpy.ndarray'>
30.3535 	EXP 	noise: tex = <class 'numpy.ndarray'>
30.4036 	EXP 	noise: tex = <class 'numpy.ndarray'>
30.4537 	EXP 	noise: tex = <class 'numpy.ndarray'>
30.5037 	EXP 	noise: tex = <class 'numpy.ndarray'>
30.5536 	EXP 	noise: tex = <class 'numpy.ndarray'>
30.6034 	EXP 	noise: tex = <class 'numpy.ndarray'>
30.6535 	EXP 	noise: tex = <class 'numpy.ndarray'>
30.7034 	EXP 	noise: tex = <class 'numpy.ndarray'>
30.7536 	EXP 	noise: tex = <class 'numpy.ndarray'>
30.8036 	EXP 	noise: tex = <class 'numpy.ndarray'>
30.8538 	EXP 	noise: tex = <class 'numpy.ndarray'>
30.9040 	EXP 	noise: tex = <class 'numpy.ndarray'>
30.9535 	EXP 	noise: tex = <class 'numpy.ndarray'>
31.0036 	EXP 	noise: tex = <class 'numpy.ndarray'>
31.0537 	EXP 	noise: tex = <class 'numpy.ndarray'>
31.1048 	EXP 	noise: tex = <class 'numpy.ndarray'>
31.1553 	EXP 	noise: tex = <class 'numpy.ndarray'>
31.2064 	EXP 	noise: tex = <class 'numpy.ndarray'>
31.2536 	EXP 	noise: tex = <class 'numpy.ndarray'>
31.3044 	EXP 	noise: tex = <class 'numpy.ndarray'>
31.3534 	EXP 	noise: tex = <class 'numpy.ndarray'>
31.4034 	EXP 	noise: tex = <class 'numpy.ndarray'>
31.4538 	EXP 	noise: tex = <class 'numpy.ndarray'>
31.5036 	EXP 	noise: tex = <class 'numpy.ndarray'>
31.5537 	EXP 	noise: tex = <class 'numpy.ndarray'>
31.6048 	EXP 	noise: tex = <class 'numpy.ndarray'>
31.6538 	EXP 	noise: tex = <class 'numpy.ndarray'>
31.7036 	EXP 	noise: tex = <class 'numpy.ndarray'>
31.7540 	EXP 	noise: tex = <class 'numpy.ndarray'>
31.8039 	EXP 	noise: tex = <class 'numpy.ndarray'>
31.8536 	EXP 	noise: tex = <class 'numpy.ndarray'>
31.9036 	EXP 	noise: tex = <class 'numpy.ndarray'>
31.9537 	EXP 	noise: tex = <class 'numpy.ndarray'>
32.0040 	EXP 	noise: tex = <class 'numpy.ndarray'>
32.0585 	EXP 	noise: tex = <class 'numpy.ndarray'>
32.1104 	EXP 	noise: tex = <class 'numpy.ndarray'>
32.1558 	EXP 	noise: tex = <class 'numpy.ndarray'>
32.2053 	EXP 	noise: tex = <class 'numpy.ndarray'>
32.2536 	EXP 	noise: tex = <class 'numpy.ndarray'>
32.3036 	EXP 	noise: tex = <class 'numpy.ndarray'>
32.3538 	EXP 	noise: tex = <class 'numpy.ndarray'>
32.4035 	EXP 	noise: tex = <class 'numpy.ndarray'>
32.4536 	EXP 	noise: tex = <class 'numpy.ndarray'>
32.5049 	EXP 	noise: tex = <class 'numpy.ndarray'>
32.5564 	EXP 	noise: tex = <class 'numpy.ndarray'>
32.6050 	EXP 	noise: tex = <class 'numpy.ndarray'>
32.6539 	EXP 	noise: tex = <class 'numpy.ndarray'>
32.7034 	EXP 	noise: tex = <class 'numpy.ndarray'>
32.7534 	EXP 	noise: tex = <class 'numpy.ndarray'>
32.8035 	EXP 	noise: tex = <class 'numpy.ndarray'>
32.8558 	EXP 	noise: tex = <class 'numpy.ndarray'>
32.9062 	EXP 	noise: tex = <class 'numpy.ndarray'>
32.9547 	EXP 	noise: tex = <class 'numpy.ndarray'>
33.0037 	EXP 	noise: tex = <class 'numpy.ndarray'>
33.0537 	EXP 	noise: tex = <class 'numpy.ndarray'>
33.1052 	EXP 	noise: tex = <class 'numpy.ndarray'>
33.1546 	EXP 	noise: tex = <class 'numpy.ndarray'>
33.2040 	EXP 	noise: tex = <class 'numpy.ndarray'>
33.2535 	EXP 	noise: tex = <class 'numpy.ndarray'>
33.3037 	EXP 	noise: tex = <class 'numpy.ndarray'>
33.3539 	EXP 	noise: tex = <class 'numpy.ndarray'>
33.4037 	EXP 	noise: tex = <class 'numpy.ndarray'>
33.4547 	EXP 	noise: tex = <class 'numpy.ndarray'>
33.5072 	EXP 	noise: tex = <class 'numpy.ndarray'>
33.5552 	EXP 	noise: tex = <class 'numpy.ndarray'>
33.6037 	EXP 	noise: tex = <class 'numpy.ndarray'>
33.6540 	EXP 	noise: tex = <class 'numpy.ndarray'>
33.7038 	EXP 	noise: tex = <class 'numpy.ndarray'>
33.7561 	EXP 	noise: tex = <class 'numpy.ndarray'>
33.8053 	EXP 	noise: tex = <class 'numpy.ndarray'>
33.8538 	EXP 	noise: tex = <class 'numpy.ndarray'>
33.9037 	EXP 	noise: tex = <class 'numpy.ndarray'>
33.9539 	EXP 	noise: tex = <class 'numpy.ndarray'>
34.0036 	EXP 	noise: tex = <class 'numpy.ndarray'>
34.0537 	EXP 	noise: tex = <class 'numpy.ndarray'>
34.1067 	EXP 	noise: tex = <class 'numpy.ndarray'>
34.1567 	EXP 	noise: tex = <class 'numpy.ndarray'>
34.2037 	EXP 	noise: tex = <class 'numpy.ndarray'>
34.2578 	EXP 	noise: tex = <class 'numpy.ndarray'>
34.3041 	EXP 	noise: tex = <class 'numpy.ndarray'>
34.3537 	EXP 	noise: tex = <class 'numpy.ndarray'>
34.4074 	EXP 	noise: tex = <class 'numpy.ndarray'>
34.4551 	EXP 	noise: tex = <class 'numpy.ndarray'>
34.5038 	EXP 	noise: tex = <class 'numpy.ndarray'>
34.5536 	EXP 	noise: tex = <class 'numpy.ndarray'>
34.6037 	EXP 	noise: tex = <class 'numpy.ndarray'>
34.6535 	EXP 	noise: tex = <class 'numpy.ndarray'>
34.7036 	EXP 	noise: tex = <class 'numpy.ndarray'>
34.7556 	EXP 	noise: tex = <class 'numpy.ndarray'>
34.8036 	EXP 	noise: tex = <class 'numpy.ndarray'>
34.8537 	EXP 	noise: tex = <class 'numpy.ndarray'>
34.9037 	EXP 	noise: tex = <class 'numpy.ndarray'>
34.9551 	EXP 	noise: tex = <class 'numpy.ndarray'>
35.0067 	EXP 	noise: tex = <class 'numpy.ndarray'>
35.0536 	EXP 	noise: tex = <class 'numpy.ndarray'>
35.1056 	EXP 	noise: tex = <class 'numpy.ndarray'>
35.1539 	EXP 	noise: tex = <class 'numpy.ndarray'>
35.2035 	EXP 	noise: tex = <class 'numpy.ndarray'>
35.2539 	EXP 	noise: tex = <class 'numpy.ndarray'>
35.3041 	EXP 	noise: tex = <class 'numpy.ndarray'>
35.3564 	EXP 	noise: tex = <class 'numpy.ndarray'>
35.4048 	EXP 	noise: tex = <class 'numpy.ndarray'>
35.4536 	EXP 	noise: tex = <class 'numpy.ndarray'>
35.5034 	EXP 	noise: tex = <class 'numpy.ndarray'>
35.5541 	EXP 	noise: tex = <class 'numpy.ndarray'>
35.6035 	EXP 	noise: tex = <class 'numpy.ndarray'>
35.6568 	EXP 	noise: tex = <class 'numpy.ndarray'>
35.7062 	EXP 	noise: tex = <class 'numpy.ndarray'>
35.7573 	EXP 	noise: tex = <class 'numpy.ndarray'>
35.8102 	EXP 	noise: tex = <class 'numpy.ndarray'>
35.8577 	EXP 	noise: tex = <class 'numpy.ndarray'>
35.9056 	EXP 	noise: tex = <class 'numpy.ndarray'>
35.9559 	EXP 	noise: tex = <class 'numpy.ndarray'>
36.0038 	EXP 	noise: tex = <class 'numpy.ndarray'>
36.0538 	EXP 	noise: tex = <class 'numpy.ndarray'>
36.1037 	EXP 	noise: tex = <class 'numpy.ndarray'>
36.1540 	EXP 	noise: tex = <class 'numpy.ndarray'>
36.2058 	EXP 	noise: tex = <class 'numpy.ndarray'>
36.2540 	EXP 	noise: tex = <class 'numpy.ndarray'>
36.3041 	EXP 	noise: tex = <class 'numpy.ndarray'>
36.3537 	EXP 	noise: tex = <class 'numpy.ndarray'>
36.4036 	EXP 	noise: tex = <class 'numpy.ndarray'>
36.4535 	EXP 	noise: tex = <class 'numpy.ndarray'>
36.5050 	EXP 	noise: tex = <class 'numpy.ndarray'>
36.5536 	EXP 	noise: tex = <class 'numpy.ndarray'>
36.6037 	EXP 	noise: tex = <class 'numpy.ndarray'>
36.6563 	EXP 	noise: tex = <class 'numpy.ndarray'>
36.7051 	EXP 	noise: tex = <class 'numpy.ndarray'>
36.7565 	EXP 	noise: tex = <class 'numpy.ndarray'>
36.8048 	EXP 	noise: tex = <class 'numpy.ndarray'>
36.8538 	EXP 	noise: tex = <class 'numpy.ndarray'>
36.9039 	EXP 	noise: tex = <class 'numpy.ndarray'>
36.9536 	EXP 	noise: tex = <class 'numpy.ndarray'>
37.0037 	EXP 	noise: tex = <class 'numpy.ndarray'>
37.0554 	EXP 	noise: tex = <class 'numpy.ndarray'>
37.1079 	EXP 	noise: tex = <class 'numpy.ndarray'>
37.1535 	EXP 	noise: tex = <class 'numpy.ndarray'>
37.2036 	EXP 	noise: tex = <class 'numpy.ndarray'>
37.2554 	EXP 	noise: tex = <class 'numpy.ndarray'>
37.3043 	EXP 	noise: tex = <class 'numpy.ndarray'>
37.3539 	EXP 	noise: tex = <class 'numpy.ndarray'>
37.4039 	EXP 	noise: tex = <class 'numpy.ndarray'>
37.4539 	EXP 	noise: tex = <class 'numpy.ndarray'>
37.5037 	EXP 	noise: tex = <class 'numpy.ndarray'>
37.5539 	EXP 	noise: tex = <class 'numpy.ndarray'>
37.6036 	EXP 	noise: tex = <class 'numpy.ndarray'>
37.6538 	EXP 	noise: tex = <class 'numpy.ndarray'>
37.7036 	EXP 	noise: tex = <class 'numpy.ndarray'>
37.7536 	EXP 	noise: tex = <class 'numpy.ndarray'>
37.8035 	EXP 	noise: tex = <class 'numpy.ndarray'>
37.8536 	EXP 	noise: tex = <class 'numpy.ndarray'>
37.9036 	EXP 	noise: tex = <class 'numpy.ndarray'>
37.9537 	EXP 	noise: tex = <class 'numpy.ndarray'>
38.0039 	EXP 	noise: tex = <class 'numpy.ndarray'>
38.0552 	EXP 	noise: tex = <class 'numpy.ndarray'>
38.1063 	EXP 	noise: tex = <class 'numpy.ndarray'>
38.1567 	EXP 	noise: tex = <class 'numpy.ndarray'>
38.2067 	EXP 	noise: tex = <class 'numpy.ndarray'>
38.2580 	EXP 	noise: tex = <class 'numpy.ndarray'>
38.3067 	EXP 	noise: tex = <class 'numpy.ndarray'>
38.3554 	EXP 	noise: tex = <class 'numpy.ndarray'>
38.4071 	EXP 	noise: tex = <class 'numpy.ndarray'>
38.4571 	EXP 	noise: tex = <class 'numpy.ndarray'>
38.5052 	EXP 	noise: tex = <class 'numpy.ndarray'>
38.5541 	EXP 	noise: tex = <class 'numpy.ndarray'>
38.6034 	EXP 	noise: tex = <class 'numpy.ndarray'>
38.6570 	EXP 	noise: tex = <class 'numpy.ndarray'>
38.7037 	EXP 	noise: tex = <class 'numpy.ndarray'>
38.7537 	EXP 	noise: tex = <class 'numpy.ndarray'>
38.8036 	EXP 	noise: tex = <class 'numpy.ndarray'>
38.8538 	EXP 	noise: tex = <class 'numpy.ndarray'>
38.9032 	EXP 	noise: tex = <class 'numpy.ndarray'>
38.9533 	EXP 	noise: tex = <class 'numpy.ndarray'>
39.0037 	EXP 	noise: tex = <class 'numpy.ndarray'>
39.0535 	EXP 	noise: tex = <class 'numpy.ndarray'>
39.1038 	EXP 	noise: tex = <class 'numpy.ndarray'>
39.1534 	EXP 	noise: tex = <class 'numpy.ndarray'>
39.2034 	EXP 	noise: tex = <class 'numpy.ndarray'>
39.2558 	EXP 	noise: tex = <class 'numpy.ndarray'>
39.3046 	EXP 	noise: tex = <class 'numpy.ndarray'>
39.3533 	EXP 	noise: tex = <class 'numpy.ndarray'>
39.4040 	EXP 	noise: tex = <class 'numpy.ndarray'>
39.4535 	EXP 	noise: tex = <class 'numpy.ndarray'>
39.5071 	EXP 	noise: tex = <class 'numpy.ndarray'>
39.5539 	EXP 	noise: tex = <class 'numpy.ndarray'>
39.6034 	EXP 	noise: tex = <class 'numpy.ndarray'>
39.6534 	EXP 	noise: tex = <class 'numpy.ndarray'>
39.7032 	EXP 	noise: tex = <class 'numpy.ndarray'>
39.7535 	EXP 	noise: tex = <class 'numpy.ndarray'>
39.8034 	EXP 	noise: tex = <class 'numpy.ndarray'>
39.8534 	EXP 	noise: tex = <class 'numpy.ndarray'>
39.9048 	EXP 	noise: tex = <class 'numpy.ndarray'>
39.9533 	EXP 	noise: tex = <class 'numpy.ndarray'>
40.0041 	EXP 	noise: tex = <class 'numpy.ndarray'>
40.0538 	EXP 	noise: tex = <class 'numpy.ndarray'>
40.1050 	EXP 	noise: tex = <class 'numpy.ndarray'>
40.1535 	EXP 	noise: tex = <class 'numpy.ndarray'>
40.2035 	EXP 	noise: tex = <class 'numpy.ndarray'>
40.2535 	EXP 	noise: tex = <class 'numpy.ndarray'>
40.3033 	EXP 	noise: tex = <class 'numpy.ndarray'>
40.3541 	EXP 	noise: tex = <class 'numpy.ndarray'>
40.4035 	EXP 	noise: tex = <class 'numpy.ndarray'>
40.4534 	EXP 	noise: tex = <class 'numpy.ndarray'>
40.5042 	EXP 	noise: tex = <class 'numpy.ndarray'>
40.5534 	EXP 	noise: tex = <class 'numpy.ndarray'>
40.6033 	EXP 	noise: tex = <class 'numpy.ndarray'>
40.6534 	EXP 	noise: tex = <class 'numpy.ndarray'>
40.7034 	EXP 	noise: tex = <class 'numpy.ndarray'>
40.7082 	EXP 	New trial (rep=0, index=2): OrderedDict([('blobHeight', 1.0), ('blobWidth', 0.07), ('mask', '$np.ones((512,512))'), ('sig', 0.01)])
40.7204 	EXP 	noise_0: autoDraw = False
40.7204 	EXP 	noise: autoDraw = False
40.7204 	EXP 	blob_0: autoDraw = False
40.7204 	EXP 	blob: autoDraw = False
40.7204 	EXP 	cursor: autoDraw = False
40.7204 	EXP 	start_trial_text: autoDraw = True
41.3378 	DATA 	Mouse: Left button down, pos=(567,597)
41.3534 	EXP 	window1: mouseVisible = 0
41.4148 	EXP 	start_trial_text: autoDraw = False
41.4148 	EXP 	blob_0: tex = <class 'numpy.ndarray'>
41.4148 	EXP 	blob: tex = <class 'numpy.ndarray'>
41.4148 	EXP 	noise_0: autoDraw = True
41.4148 	EXP 	noise_0: tex = <class 'numpy.ndarray'>
41.4148 	EXP 	blob_0: autoDraw = True
41.4148 	EXP 	cursor: autoDraw = True
41.4621 	EXP 	noise_0: tex = <class 'numpy.ndarray'>
41.4626 	DATA 	Mouse:  Left button up, pos=(720,450)
41.5196 	EXP 	noise_0: tex = <class 'numpy.ndarray'>
41.5699 	EXP 	noise_0: tex = <class 'numpy.ndarray'>
41.6198 	EXP 	noise_0: tex = <class 'numpy.ndarray'>
41.6700 	EXP 	noise_0: tex = <class 'numpy.ndarray'>
41.7198 	EXP 	noise_0: tex = <class 'numpy.ndarray'>
41.7703 	EXP 	noise_0: tex = <class 'numpy.ndarray'>
41.8202 	EXP 	noise_0: tex = <class 'numpy.ndarray'>
41.8698 	EXP 	noise_0: tex = <class 'numpy.ndarray'>
41.9527 	EXP 	noise_0: tex = <class 'numpy.ndarray'>
41.9527 	EXP 	noise: autoDraw = True
41.9527 	EXP 	noise: tex = <class 'numpy.ndarray'>
41.9527 	EXP 	blob: autoDraw = True
42.0036 	EXP 	noise_0: autoDraw = False
42.0036 	EXP 	noise: tex = <class 'numpy.ndarray'>
42.0036 	EXP 	blob_0: autoDraw = False
42.0534 	EXP 	noise: tex = <class 'numpy.ndarray'>
42.1038 	EXP 	noise: tex = <class 'numpy.ndarray'>
42.1536 	EXP 	noise: tex = <class 'numpy.ndarray'>
42.2035 	EXP 	noise: tex = <class 'numpy.ndarray'>
42.2535 	EXP 	noise: tex = <class 'numpy.ndarray'>
42.3035 	EXP 	noise: tex = <class 'numpy.ndarray'>
42.3538 	EXP 	noise: tex = <class 'numpy.ndarray'>
42.4038 	EXP 	noise: tex = <class 'numpy.ndarray'>
42.4551 	EXP 	noise: tex = <class 'numpy.ndarray'>
42.5062 	EXP 	noise: tex = <class 'numpy.ndarray'>
42.5549 	EXP 	noise: tex = <class 'numpy.ndarray'>
42.6086 	EXP 	noise: tex = <class 'numpy.ndarray'>
42.6545 	EXP 	noise: tex = <class 'numpy.ndarray'>
42.7034 	EXP 	noise: tex = <class 'numpy.ndarray'>
42.7571 	EXP 	noise: tex = <class 'numpy.ndarray'>
42.8034 	EXP 	noise: tex = <class 'numpy.ndarray'>
42.8536 	EXP 	noise: tex = <class 'numpy.ndarray'>
42.9032 	EXP 	noise: tex = <class 'numpy.ndarray'>
42.9534 	EXP 	noise: tex = <class 'numpy.ndarray'>
43.0034 	EXP 	noise: tex = <class 'numpy.ndarray'>
43.0533 	EXP 	noise: tex = <class 'numpy.ndarray'>
43.1033 	EXP 	noise: tex = <class 'numpy.ndarray'>
43.1554 	EXP 	noise: tex = <class 'numpy.ndarray'>
43.2049 	EXP 	noise: tex = <class 'numpy.ndarray'>
43.2536 	EXP 	noise: tex = <class 'numpy.ndarray'>
43.3051 	EXP 	noise: tex = <class 'numpy.ndarray'>
43.3532 	EXP 	noise: tex = <class 'numpy.ndarray'>
43.4034 	EXP 	noise: tex = <class 'numpy.ndarray'>
43.4533 	EXP 	noise: tex = <class 'numpy.ndarray'>
43.5038 	EXP 	noise: tex = <class 'numpy.ndarray'>
43.5538 	EXP 	noise: tex = <class 'numpy.ndarray'>
43.6033 	EXP 	noise: tex = <class 'numpy.ndarray'>
43.6538 	EXP 	noise: tex = <class 'numpy.ndarray'>
43.7034 	EXP 	noise: tex = <class 'numpy.ndarray'>
43.7535 	EXP 	noise: tex = <class 'numpy.ndarray'>
43.8035 	EXP 	noise: tex = <class 'numpy.ndarray'>
43.8535 	EXP 	noise: tex = <class 'numpy.ndarray'>
43.9041 	EXP 	noise: tex = <class 'numpy.ndarray'>
43.9546 	EXP 	noise: tex = <class 'numpy.ndarray'>
44.0032 	EXP 	noise: tex = <class 'numpy.ndarray'>
44.0534 	EXP 	noise: tex = <class 'numpy.ndarray'>
44.1035 	EXP 	noise: tex = <class 'numpy.ndarray'>
44.1534 	EXP 	noise: tex = <class 'numpy.ndarray'>
44.2038 	EXP 	noise: tex = <class 'numpy.ndarray'>
44.2658 	EXP 	noise: tex = <class 'numpy.ndarray'>
44.3108 	EXP 	noise: tex = <class 'numpy.ndarray'>
44.3569 	EXP 	noise: tex = <class 'numpy.ndarray'>
44.4051 	EXP 	noise: tex = <class 'numpy.ndarray'>
44.4531 	EXP 	noise: tex = <class 'numpy.ndarray'>
44.5035 	EXP 	noise: tex = <class 'numpy.ndarray'>
44.5534 	EXP 	noise: tex = <class 'numpy.ndarray'>
44.6040 	EXP 	noise: tex = <class 'numpy.ndarray'>
44.6542 	EXP 	noise: tex = <class 'numpy.ndarray'>
44.7033 	EXP 	noise: tex = <class 'numpy.ndarray'>
44.7532 	EXP 	noise: tex = <class 'numpy.ndarray'>
44.8032 	EXP 	noise: tex = <class 'numpy.ndarray'>
44.8532 	EXP 	noise: tex = <class 'numpy.ndarray'>
44.9035 	EXP 	noise: tex = <class 'numpy.ndarray'>
44.9531 	EXP 	noise: tex = <class 'numpy.ndarray'>
45.0032 	EXP 	noise: tex = <class 'numpy.ndarray'>
45.0535 	EXP 	noise: tex = <class 'numpy.ndarray'>
45.1032 	EXP 	noise: tex = <class 'numpy.ndarray'>
45.1534 	EXP 	noise: tex = <class 'numpy.ndarray'>
45.2034 	EXP 	noise: tex = <class 'numpy.ndarray'>
45.2533 	EXP 	noise: tex = <class 'numpy.ndarray'>
45.3033 	EXP 	noise: tex = <class 'numpy.ndarray'>
45.3532 	EXP 	noise: tex = <class 'numpy.ndarray'>
45.4145 	EXP 	noise: tex = <class 'numpy.ndarray'>
45.4697 	EXP 	noise: tex = <class 'numpy.ndarray'>
45.5197 	EXP 	noise: tex = <class 'numpy.ndarray'>
45.5704 	EXP 	noise: tex = <class 'numpy.ndarray'>
45.6210 	EXP 	noise: tex = <class 'numpy.ndarray'>
45.6699 	EXP 	noise: tex = <class 'numpy.ndarray'>
45.7198 	EXP 	noise: tex = <class 'numpy.ndarray'>
45.7699 	EXP 	noise: tex = <class 'numpy.ndarray'>
45.8198 	EXP 	noise: tex = <class 'numpy.ndarray'>
45.8699 	EXP 	noise: tex = <class 'numpy.ndarray'>
45.9198 	EXP 	noise: tex = <class 'numpy.ndarray'>
45.9727 	EXP 	noise: tex = <class 'numpy.ndarray'>
46.0207 	EXP 	noise: tex = <class 'numpy.ndarray'>
46.0742 	EXP 	noise: tex = <class 'numpy.ndarray'>
46.1249 	EXP 	noise: tex = <class 'numpy.ndarray'>
46.1719 	EXP 	noise: tex = <class 'numpy.ndarray'>
46.2199 	EXP 	noise: tex = <class 'numpy.ndarray'>
46.2704 	EXP 	noise: tex = <class 'numpy.ndarray'>
46.3209 	EXP 	noise: tex = <class 'numpy.ndarray'>
46.3701 	EXP 	noise: tex = <class 'numpy.ndarray'>
46.4198 	EXP 	noise: tex = <class 'numpy.ndarray'>
46.4705 	EXP 	noise: tex = <class 'numpy.ndarray'>
46.5201 	EXP 	noise: tex = <class 'numpy.ndarray'>
46.5703 	EXP 	noise: tex = <class 'numpy.ndarray'>
46.6201 	EXP 	noise: tex = <class 'numpy.ndarray'>
46.6698 	EXP 	noise: tex = <class 'numpy.ndarray'>
46.7200 	EXP 	noise: tex = <class 'numpy.ndarray'>
46.7698 	EXP 	noise: tex = <class 'numpy.ndarray'>
46.8199 	EXP 	noise: tex = <class 'numpy.ndarray'>
46.8699 	EXP 	noise: tex = <class 'numpy.ndarray'>
46.9201 	EXP 	noise: tex = <class 'numpy.ndarray'>
46.9700 	EXP 	noise: tex = <class 'numpy.ndarray'>
47.0198 	EXP 	noise: tex = <class 'numpy.ndarray'>
47.0698 	EXP 	noise: tex = <class 'numpy.ndarray'>
47.1198 	EXP 	noise: tex = <class 'numpy.ndarray'>
47.1698 	EXP 	noise: tex = <class 'numpy.ndarray'>
47.2204 	EXP 	noise: tex = <class 'numpy.ndarray'>
47.2700 	EXP 	noise: tex = <class 'numpy.ndarray'>
47.3201 	EXP 	noise: tex = <class 'numpy.ndarray'>
47.3699 	EXP 	noise: tex = <class 'numpy.ndarray'>
47.4210 	EXP 	noise: tex = <class 'numpy.ndarray'>
47.4707 	EXP 	noise: tex = <class 'numpy.ndarray'>
47.5201 	EXP 	noise: tex = <class 'numpy.ndarray'>
47.5706 	EXP 	noise: tex = <class 'numpy.ndarray'>
47.6201 	EXP 	noise: tex = <class 'numpy.ndarray'>
47.6720 	EXP 	noise: tex = <class 'numpy.ndarray'>
47.7200 	EXP 	noise: tex = <class 'numpy.ndarray'>
47.7700 	EXP 	noise: tex = <class 'numpy.ndarray'>
47.8201 	EXP 	noise: tex = <class 'numpy.ndarray'>
47.8699 	EXP 	noise: tex = <class 'numpy.ndarray'>
47.9200 	EXP 	noise: tex = <class 'numpy.ndarray'>
47.9700 	EXP 	noise: tex = <class 'numpy.ndarray'>
48.0199 	EXP 	noise: tex = <class 'numpy.ndarray'>
48.0699 	EXP 	noise: tex = <class 'numpy.ndarray'>
48.1198 	EXP 	noise: tex = <class 'numpy.ndarray'>
48.1698 	EXP 	noise: tex = <class 'numpy.ndarray'>
48.2198 	EXP 	noise: tex = <class 'numpy.ndarray'>
48.2705 	EXP 	noise: tex = <class 'numpy.ndarray'>
48.3200 	EXP 	noise: tex = <class 'numpy.ndarray'>
48.3701 	EXP 	noise: tex = <class 'numpy.ndarray'>
48.4199 	EXP 	noise: tex = <class 'numpy.ndarray'>
48.4707 	EXP 	noise: tex = <class 'numpy.ndarray'>
48.5203 	EXP 	noise: tex = <class 'numpy.ndarray'>
48.5711 	EXP 	noise: tex = <class 'numpy.ndarray'>
48.6199 	EXP 	noise: tex = <class 'numpy.ndarray'>
48.6702 	EXP 	noise: tex = <class 'numpy.ndarray'>
48.7209 	EXP 	noise: tex = <class 'numpy.ndarray'>
48.7699 	EXP 	noise: tex = <class 'numpy.ndarray'>
48.8197 	EXP 	noise: tex = <class 'numpy.ndarray'>
48.8697 	EXP 	noise: tex = <class 'numpy.ndarray'>
48.9200 	EXP 	noise: tex = <class 'numpy.ndarray'>
48.9701 	EXP 	noise: tex = <class 'numpy.ndarray'>
49.0199 	EXP 	noise: tex = <class 'numpy.ndarray'>
49.0701 	EXP 	noise: tex = <class 'numpy.ndarray'>
49.1198 	EXP 	noise: tex = <class 'numpy.ndarray'>
49.1699 	EXP 	noise: tex = <class 'numpy.ndarray'>
49.2199 	EXP 	noise: tex = <class 'numpy.ndarray'>
49.2697 	EXP 	noise: tex = <class 'numpy.ndarray'>
49.3199 	EXP 	noise: tex = <class 'numpy.ndarray'>
49.3701 	EXP 	noise: tex = <class 'numpy.ndarray'>
49.4199 	EXP 	noise: tex = <class 'numpy.ndarray'>
49.4698 	EXP 	noise: tex = <class 'numpy.ndarray'>
49.5202 	EXP 	noise: tex = <class 'numpy.ndarray'>
49.5703 	EXP 	noise: tex = <class 'numpy.ndarray'>
49.6201 	EXP 	noise: tex = <class 'numpy.ndarray'>
49.6697 	EXP 	noise: tex = <class 'numpy.ndarray'>
49.7197 	EXP 	noise: tex = <class 'numpy.ndarray'>
49.7699 	EXP 	noise: tex = <class 'numpy.ndarray'>
49.8196 	EXP 	noise: tex = <class 'numpy.ndarray'>
49.8699 	EXP 	noise: tex = <class 'numpy.ndarray'>
49.9197 	EXP 	noise: tex = <class 'numpy.ndarray'>
49.9697 	EXP 	noise: tex = <class 'numpy.ndarray'>
50.0198 	EXP 	noise: tex = <class 'numpy.ndarray'>
50.0698 	EXP 	noise: tex = <class 'numpy.ndarray'>
50.1206 	EXP 	noise: tex = <class 'numpy.ndarray'>
50.1700 	EXP 	noise: tex = <class 'numpy.ndarray'>
50.2201 	EXP 	noise: tex = <class 'numpy.ndarray'>
50.2701 	EXP 	noise: tex = <class 'numpy.ndarray'>
50.3200 	EXP 	noise: tex = <class 'numpy.ndarray'>
50.3705 	EXP 	noise: tex = <class 'numpy.ndarray'>
50.4197 	EXP 	noise: tex = <class 'numpy.ndarray'>
50.4701 	EXP 	noise: tex = <class 'numpy.ndarray'>
50.5199 	EXP 	noise: tex = <class 'numpy.ndarray'>
50.5698 	EXP 	noise: tex = <class 'numpy.ndarray'>
50.6196 	EXP 	noise: tex = <class 'numpy.ndarray'>
50.6698 	EXP 	noise: tex = <class 'numpy.ndarray'>
50.7199 	EXP 	noise: tex = <class 'numpy.ndarray'>
50.7698 	EXP 	noise: tex = <class 'numpy.ndarray'>
50.8203 	EXP 	noise: tex = <class 'numpy.ndarray'>
50.8705 	EXP 	noise: tex = <class 'numpy.ndarray'>
50.9198 	EXP 	noise: tex = <class 'numpy.ndarray'>
50.9699 	EXP 	noise: tex = <class 'numpy.ndarray'>
51.0197 	EXP 	noise: tex = <class 'numpy.ndarray'>
51.0722 	EXP 	noise: tex = <class 'numpy.ndarray'>
51.1198 	EXP 	noise: tex = <class 'numpy.ndarray'>
51.1699 	EXP 	noise: tex = <class 'numpy.ndarray'>
51.2196 	EXP 	noise: tex = <class 'numpy.ndarray'>
51.2697 	EXP 	noise: tex = <class 'numpy.ndarray'>
51.3199 	EXP 	noise: tex = <class 'numpy.ndarray'>
51.3698 	EXP 	noise: tex = <class 'numpy.ndarray'>
51.4200 	EXP 	noise: tex = <class 'numpy.ndarray'>
51.4699 	EXP 	noise: tex = <class 'numpy.ndarray'>
51.5205 	EXP 	noise: tex = <class 'numpy.ndarray'>
51.5698 	EXP 	noise: tex = <class 'numpy.ndarray'>
51.6306 	EXP 	noise: tex = <class 'numpy.ndarray'>
51.6789 	EXP 	noise: tex = <class 'numpy.ndarray'>
51.7248 	EXP 	noise: tex = <class 'numpy.ndarray'>
51.7699 	EXP 	noise: tex = <class 'numpy.ndarray'>
51.8209 	EXP 	noise: tex = <class 'numpy.ndarray'>
51.8706 	EXP 	noise: tex = <class 'numpy.ndarray'>
51.9198 	EXP 	noise: tex = <class 'numpy.ndarray'>
51.9699 	EXP 	noise: tex = <class 'numpy.ndarray'>
52.0198 	EXP 	noise: tex = <class 'numpy.ndarray'>
52.0698 	EXP 	noise: tex = <class 'numpy.ndarray'>
52.1224 	EXP 	noise: tex = <class 'numpy.ndarray'>
52.1698 	EXP 	noise: tex = <class 'numpy.ndarray'>
52.2240 	EXP 	noise: tex = <class 'numpy.ndarray'>
52.2698 	EXP 	noise: tex = <class 'numpy.ndarray'>
52.3230 	EXP 	noise: tex = <class 'numpy.ndarray'>
52.3714 	EXP 	noise: tex = <class 'numpy.ndarray'>
52.4232 	EXP 	noise: tex = <class 'numpy.ndarray'>
52.4752 	EXP 	noise: tex = <class 'numpy.ndarray'>
52.5211 	EXP 	noise: tex = <class 'numpy.ndarray'>
52.5699 	EXP 	noise: tex = <class 'numpy.ndarray'>
52.6199 	EXP 	noise: tex = <class 'numpy.ndarray'>
52.6698 	EXP 	noise: tex = <class 'numpy.ndarray'>
52.7229 	EXP 	noise: tex = <class 'numpy.ndarray'>
52.7706 	EXP 	noise: tex = <class 'numpy.ndarray'>
52.8200 	EXP 	noise: tex = <class 'numpy.ndarray'>
52.8703 	EXP 	noise: tex = <class 'numpy.ndarray'>
52.9196 	EXP 	noise: tex = <class 'numpy.ndarray'>
52.9696 	EXP 	noise: tex = <class 'numpy.ndarray'>
53.0196 	EXP 	noise: tex = <class 'numpy.ndarray'>
53.0718 	EXP 	noise: tex = <class 'numpy.ndarray'>
53.1198 	EXP 	noise: tex = <class 'numpy.ndarray'>
53.1698 	EXP 	noise: tex = <class 'numpy.ndarray'>
53.2199 	EXP 	noise: tex = <class 'numpy.ndarray'>
53.2714 	EXP 	noise: tex = <class 'numpy.ndarray'>
53.3198 	EXP 	noise: tex = <class 'numpy.ndarray'>
53.3699 	EXP 	noise: tex = <class 'numpy.ndarray'>
53.4196 	EXP 	noise: tex = <class 'numpy.ndarray'>
53.4701 	EXP 	noise: tex = <class 'numpy.ndarray'>
53.5198 	EXP 	noise: tex = <class 'numpy.ndarray'>
53.5697 	EXP 	noise: tex = <class 'numpy.ndarray'>
53.6212 	EXP 	noise: tex = <class 'numpy.ndarray'>
53.6696 	EXP 	noise: tex = <class 'numpy.ndarray'>
53.7199 	EXP 	noise: tex = <class 'numpy.ndarray'>
53.7699 	EXP 	noise: tex = <class 'numpy.ndarray'>
53.8208 	EXP 	noise: tex = <class 'numpy.ndarray'>
53.8699 	EXP 	noise: tex = <class 'numpy.ndarray'>
53.9203 	EXP 	noise: tex = <class 'numpy.ndarray'>
53.9708 	EXP 	noise: tex = <class 'numpy.ndarray'>
54.0195 	EXP 	noise: tex = <class 'numpy.ndarray'>
54.0736 	EXP 	noise: tex = <class 'numpy.ndarray'>
54.1232 	EXP 	noise: tex = <class 'numpy.ndarray'>
54.1709 	EXP 	noise: tex = <class 'numpy.ndarray'>
54.2200 	EXP 	noise: tex = <class 'numpy.ndarray'>
54.2698 	EXP 	noise: tex = <class 'numpy.ndarray'>
54.3195 	EXP 	noise: tex = <class 'numpy.ndarray'>
54.3699 	EXP 	noise: tex = <class 'numpy.ndarray'>
54.4197 	EXP 	noise: tex = <class 'numpy.ndarray'>
54.4698 	EXP 	noise: tex = <class 'numpy.ndarray'>
54.5197 	EXP 	noise: tex = <class 'numpy.ndarray'>
54.5699 	EXP 	noise: tex = <class 'numpy.ndarray'>
54.6214 	EXP 	noise: tex = <class 'numpy.ndarray'>
54.6719 	EXP 	noise: tex = <class 'numpy.ndarray'>
54.7199 	EXP 	noise: tex = <class 'numpy.ndarray'>
54.7698 	EXP 	noise: tex = <class 'numpy.ndarray'>
54.8198 	EXP 	noise: tex = <class 'numpy.ndarray'>
54.8698 	EXP 	noise: tex = <class 'numpy.ndarray'>
54.9214 	EXP 	noise: tex = <class 'numpy.ndarray'>
54.9696 	EXP 	noise: tex = <class 'numpy.ndarray'>
55.0197 	EXP 	noise: tex = <class 'numpy.ndarray'>
55.0696 	EXP 	noise: tex = <class 'numpy.ndarray'>
55.1197 	EXP 	noise: tex = <class 'numpy.ndarray'>
55.1699 	EXP 	noise: tex = <class 'numpy.ndarray'>
55.2199 	EXP 	noise: tex = <class 'numpy.ndarray'>
55.2716 	EXP 	noise: tex = <class 'numpy.ndarray'>
55.3197 	EXP 	noise: tex = <class 'numpy.ndarray'>
55.3696 	EXP 	noise: tex = <class 'numpy.ndarray'>
55.4200 	EXP 	noise: tex = <class 'numpy.ndarray'>
55.4698 	EXP 	noise: tex = <class 'numpy.ndarray'>
55.5196 	EXP 	noise: tex = <class 'numpy.ndarray'>
55.5631 	EXP 	noise: tex = <class 'numpy.ndarray'>
55.6102 	EXP 	noise: tex = <class 'numpy.ndarray'>
55.6597 	EXP 	noise: tex = <class 'numpy.ndarray'>
55.7048 	EXP 	noise: tex = <class 'numpy.ndarray'>
55.7531 	EXP 	noise: tex = <class 'numpy.ndarray'>
55.8031 	EXP 	noise: tex = <class 'numpy.ndarray'>
55.8530 	EXP 	noise: tex = <class 'numpy.ndarray'>
55.9031 	EXP 	noise: tex = <class 'numpy.ndarray'>
55.9528 	EXP 	noise: tex = <class 'numpy.ndarray'>
56.0029 	EXP 	noise: tex = <class 'numpy.ndarray'>
56.0531 	EXP 	noise: tex = <class 'numpy.ndarray'>
56.1033 	EXP 	noise: tex = <class 'numpy.ndarray'>
56.1542 	EXP 	noise: tex = <class 'numpy.ndarray'>
56.2073 	EXP 	noise: tex = <class 'numpy.ndarray'>
56.2531 	EXP 	noise: tex = <class 'numpy.ndarray'>
56.3032 	EXP 	noise: tex = <class 'numpy.ndarray'>
56.3530 	EXP 	noise: tex = <class 'numpy.ndarray'>
56.4031 	EXP 	noise: tex = <class 'numpy.ndarray'>
56.4561 	EXP 	noise: tex = <class 'numpy.ndarray'>
56.5035 	EXP 	noise: tex = <class 'numpy.ndarray'>
56.5530 	EXP 	noise: tex = <class 'numpy.ndarray'>
56.6032 	EXP 	noise: tex = <class 'numpy.ndarray'>
56.6530 	EXP 	noise: tex = <class 'numpy.ndarray'>
56.7031 	EXP 	noise: tex = <class 'numpy.ndarray'>
56.7533 	EXP 	noise: tex = <class 'numpy.ndarray'>
56.8031 	EXP 	noise: tex = <class 'numpy.ndarray'>
56.8532 	EXP 	noise: tex = <class 'numpy.ndarray'>
56.8582 	EXP 	New trial (rep=0, index=3): OrderedDict([('blobHeight', 0.2593), ('blobWidth', 0.27), ('mask', '$np.ones((512,512))'), ('sig', 0.01)])
56.8863 	EXP 	noise_0: autoDraw = False
56.8863 	EXP 	noise: autoDraw = False
56.8863 	EXP 	blob_0: autoDraw = False
56.8863 	EXP 	blob: autoDraw = False
56.8863 	EXP 	cursor: autoDraw = False
56.8863 	EXP 	start_trial_text: autoDraw = True
57.4877 	DATA 	Mouse: Left button down, pos=(948,675)
57.5070 	EXP 	window1: mouseVisible = 0
57.5662 	EXP 	start_trial_text: autoDraw = False
57.5662 	EXP 	blob_0: tex = <class 'numpy.ndarray'>
57.5662 	EXP 	blob: tex = <class 'numpy.ndarray'>
57.5662 	EXP 	noise_0: autoDraw = True
57.5662 	EXP 	noise_0: tex = <class 'numpy.ndarray'>
57.5662 	EXP 	blob_0: autoDraw = True
57.5662 	EXP 	cursor: autoDraw = True
57.6199 	EXP 	noise_0: tex = <class 'numpy.ndarray'>
57.6209 	DATA 	Mouse:  Left button up, pos=(720,450)
57.6723 	EXP 	noise_0: tex = <class 'numpy.ndarray'>
57.7250 	EXP 	noise_0: tex = <class 'numpy.ndarray'>
57.7735 	EXP 	noise_0: tex = <class 'numpy.ndarray'>
57.8199 	EXP 	noise_0: tex = <class 'numpy.ndarray'>
57.8701 	EXP 	noise_0: tex = <class 'numpy.ndarray'>
57.9199 	EXP 	noise_0: tex = <class 'numpy.ndarray'>
57.9698 	EXP 	noise_0: tex = <class 'numpy.ndarray'>
58.0199 	EXP 	noise_0: tex = <class 'numpy.ndarray'>
58.1036 	EXP 	noise_0: tex = <class 'numpy.ndarray'>
58.1036 	EXP 	noise: autoDraw = True
58.1036 	EXP 	noise: tex = <class 'numpy.ndarray'>
58.1036 	EXP 	blob: autoDraw = True
58.1547 	EXP 	noise_0: autoDraw = False
58.1547 	EXP 	noise: tex = <class 'numpy.ndarray'>
58.1547 	EXP 	blob_0: autoDraw = False
58.2033 	EXP 	noise: tex = <class 'numpy.ndarray'>
58.2530 	EXP 	noise: tex = <class 'numpy.ndarray'>
58.3033 	EXP 	noise: tex = <class 'numpy.ndarray'>
58.3531 	EXP 	noise: tex = <class 'numpy.ndarray'>
58.4034 	EXP 	noise: tex = <class 'numpy.ndarray'>
58.4532 	EXP 	noise: tex = <class 'numpy.ndarray'>
58.5151 	EXP 	noise: tex = <class 'numpy.ndarray'>
58.5599 	EXP 	noise: tex = <class 'numpy.ndarray'>
58.6096 	EXP 	noise: tex = <class 'numpy.ndarray'>
58.6606 	EXP 	noise: tex = <class 'numpy.ndarray'>
58.7129 	EXP 	noise: tex = <class 'numpy.ndarray'>
58.7579 	EXP 	noise: tex = <class 'numpy.ndarray'>
58.8034 	EXP 	noise: tex = <class 'numpy.ndarray'>
58.8536 	EXP 	noise: tex = <class 'numpy.ndarray'>
58.9032 	EXP 	noise: tex = <class 'numpy.ndarray'>
58.9555 	EXP 	noise: tex = <class 'numpy.ndarray'>
59.0030 	EXP 	noise: tex = <class 'numpy.ndarray'>
59.0531 	EXP 	noise: tex = <class 'numpy.ndarray'>
59.1058 	EXP 	noise: tex = <class 'numpy.ndarray'>
59.1589 	EXP 	noise: tex = <class 'numpy.ndarray'>
59.2106 	EXP 	noise: tex = <class 'numpy.ndarray'>
59.2722 	EXP 	noise: tex = <class 'numpy.ndarray'>
59.3236 	EXP 	noise: tex = <class 'numpy.ndarray'>
59.3698 	EXP 	noise: tex = <class 'numpy.ndarray'>
59.4197 	EXP 	noise: tex = <class 'numpy.ndarray'>
59.4714 	EXP 	noise: tex = <class 'numpy.ndarray'>
59.5198 	EXP 	noise: tex = <class 'numpy.ndarray'>
59.5736 	EXP 	noise: tex = <class 'numpy.ndarray'>
59.6251 	EXP 	noise: tex = <class 'numpy.ndarray'>
59.6742 	EXP 	noise: tex = <class 'numpy.ndarray'>
59.7275 	EXP 	noise: tex = <class 'numpy.ndarray'>
59.7748 	EXP 	noise: tex = <class 'numpy.ndarray'>
59.8221 	EXP 	noise: tex = <class 'numpy.ndarray'>
59.8700 	EXP 	noise: tex = <class 'numpy.ndarray'>
59.9228 	EXP 	noise: tex = <class 'numpy.ndarray'>
59.9709 	EXP 	noise: tex = <class 'numpy.ndarray'>
60.0237 	EXP 	noise: tex = <class 'numpy.ndarray'>
60.0748 	EXP 	noise: tex = <class 'numpy.ndarray'>
60.1207 	EXP 	noise: tex = <class 'numpy.ndarray'>
60.1730 	EXP 	noise: tex = <class 'numpy.ndarray'>
60.2226 	EXP 	noise: tex = <class 'numpy.ndarray'>
60.2712 	EXP 	noise: tex = <class 'numpy.ndarray'>
60.3196 	EXP 	noise: tex = <class 'numpy.ndarray'>
60.3699 	EXP 	noise: tex = <class 'numpy.ndarray'>
60.4198 	EXP 	noise: tex = <class 'numpy.ndarray'>
60.4697 	EXP 	noise: tex = <class 'numpy.ndarray'>
60.5198 	EXP 	noise: tex = <class 'numpy.ndarray'>
60.5698 	EXP 	noise: tex = <class 'numpy.ndarray'>
60.6195 	EXP 	noise: tex = <class 'numpy.ndarray'>
60.6695 	EXP 	noise: tex = <class 'numpy.ndarray'>
60.7196 	EXP 	noise: tex = <class 'numpy.ndarray'>
60.7717 	EXP 	noise: tex = <class 'numpy.ndarray'>
60.8208 	EXP 	noise: tex = <class 'numpy.ndarray'>
60.8700 	EXP 	noise: tex = <class 'numpy.ndarray'>
60.9198 	EXP 	noise: tex = <class 'numpy.ndarray'>
60.9715 	EXP 	noise: tex = <class 'numpy.ndarray'>
61.0200 	EXP 	noise: tex = <class 'numpy.ndarray'>
61.0709 	EXP 	noise: tex = <class 'numpy.ndarray'>
61.1207 	EXP 	noise: tex = <class 'numpy.ndarray'>
61.1698 	EXP 	noise: tex = <class 'numpy.ndarray'>
61.2197 	EXP 	noise: tex = <class 'numpy.ndarray'>
61.2697 	EXP 	noise: tex = <class 'numpy.ndarray'>
61.3211 	EXP 	noise: tex = <class 'numpy.ndarray'>
61.3698 	EXP 	noise: tex = <class 'numpy.ndarray'>
61.4196 	EXP 	noise: tex = <class 'numpy.ndarray'>
61.4716 	EXP 	noise: tex = <class 'numpy.ndarray'>
61.5199 	EXP 	noise: tex = <class 'numpy.ndarray'>
61.5721 	EXP 	noise: tex = <class 'numpy.ndarray'>
61.6202 	EXP 	noise: tex = <class 'numpy.ndarray'>
61.6713 	EXP 	noise: tex = <class 'numpy.ndarray'>
61.7209 	EXP 	noise: tex = <class 'numpy.ndarray'>
61.7697 	EXP 	noise: tex = <class 'numpy.ndarray'>
61.8197 	EXP 	noise: tex = <class 'numpy.ndarray'>
61.8696 	EXP 	noise: tex = <class 'numpy.ndarray'>
61.9199 	EXP 	noise: tex = <class 'numpy.ndarray'>
61.9696 	EXP 	noise: tex = <class 'numpy.ndarray'>
62.0209 	EXP 	noise: tex = <class 'numpy.ndarray'>
62.0760 	EXP 	noise: tex = <class 'numpy.ndarray'>
62.1246 	EXP 	noise: tex = <class 'numpy.ndarray'>
62.1707 	EXP 	noise: tex = <class 'numpy.ndarray'>
62.2196 	EXP 	noise: tex = <class 'numpy.ndarray'>
62.2700 	EXP 	noise: tex = <class 'numpy.ndarray'>
62.3212 	EXP 	noise: tex = <class 'numpy.ndarray'>
62.3738 	EXP 	noise: tex = <class 'numpy.ndarray'>
62.4208 	EXP 	noise: tex = <class 'numpy.ndarray'>
62.4695 	EXP 	noise: tex = <class 'numpy.ndarray'>
62.5197 	EXP 	noise: tex = <class 'numpy.ndarray'>
62.5697 	EXP 	noise: tex = <class 'numpy.ndarray'>
62.6196 	EXP 	noise: tex = <class 'numpy.ndarray'>
62.6699 	EXP 	noise: tex = <class 'numpy.ndarray'>
62.7196 	EXP 	noise: tex = <class 'numpy.ndarray'>
62.7731 	EXP 	noise: tex = <class 'numpy.ndarray'>
62.8230 	EXP 	noise: tex = <class 'numpy.ndarray'>
62.8723 	EXP 	noise: tex = <class 'numpy.ndarray'>
62.9223 	EXP 	noise: tex = <class 'numpy.ndarray'>
62.9699 	EXP 	noise: tex = <class 'numpy.ndarray'>
63.0199 	EXP 	noise: tex = <class 'numpy.ndarray'>
63.0699 	EXP 	noise: tex = <class 'numpy.ndarray'>
63.1206 	EXP 	noise: tex = <class 'numpy.ndarray'>
63.1696 	EXP 	noise: tex = <class 'numpy.ndarray'>
63.2195 	EXP 	noise: tex = <class 'numpy.ndarray'>
63.2697 	EXP 	noise: tex = <class 'numpy.ndarray'>
63.3197 	EXP 	noise: tex = <class 'numpy.ndarray'>
63.3722 	EXP 	noise: tex = <class 'numpy.ndarray'>
63.4218 	EXP 	noise: tex = <class 'numpy.ndarray'>
63.4696 	EXP 	noise: tex = <class 'numpy.ndarray'>
63.5197 	EXP 	noise: tex = <class 'numpy.ndarray'>
63.5736 	EXP 	noise: tex = <class 'numpy.ndarray'>
63.6205 	EXP 	noise: tex = <class 'numpy.ndarray'>
63.6695 	EXP 	noise: tex = <class 'numpy.ndarray'>
63.7197 	EXP 	noise: tex = <class 'numpy.ndarray'>
63.7715 	EXP 	noise: tex = <class 'numpy.ndarray'>
63.8195 	EXP 	noise: tex = <class 'numpy.ndarray'>
63.8698 	EXP 	noise: tex = <class 'numpy.ndarray'>
63.9195 	EXP 	noise: tex = <class 'numpy.ndarray'>
63.9697 	EXP 	noise: tex = <class 'numpy.ndarray'>
64.0195 	EXP 	noise: tex = <class 'numpy.ndarray'>
64.0702 	EXP 	noise: tex = <class 'numpy.ndarray'>
64.1200 	EXP 	noise: tex = <class 'numpy.ndarray'>
64.1696 	EXP 	noise: tex = <class 'numpy.ndarray'>
64.2194 	EXP 	noise: tex = <class 'numpy.ndarray'>
64.2708 	EXP 	noise: tex = <class 'numpy.ndarray'>
64.3208 	EXP 	noise: tex = <class 'numpy.ndarray'>
64.3696 	EXP 	noise: tex = <class 'numpy.ndarray'>
64.4195 	EXP 	noise: tex = <class 'numpy.ndarray'>
64.4716 	EXP 	noise: tex = <class 'numpy.ndarray'>
64.5199 	EXP 	noise: tex = <class 'numpy.ndarray'>
64.5697 	EXP 	noise: tex = <class 'numpy.ndarray'>
64.6226 	EXP 	noise: tex = <class 'numpy.ndarray'>
64.6724 	EXP 	noise: tex = <class 'numpy.ndarray'>
64.7238 	EXP 	noise: tex = <class 'numpy.ndarray'>
64.7697 	EXP 	noise: tex = <class 'numpy.ndarray'>
64.8213 	EXP 	noise: tex = <class 'numpy.ndarray'>
64.8695 	EXP 	noise: tex = <class 'numpy.ndarray'>
64.9199 	EXP 	noise: tex = <class 'numpy.ndarray'>
64.9696 	EXP 	noise: tex = <class 'numpy.ndarray'>
65.0197 	EXP 	noise: tex = <class 'numpy.ndarray'>
65.0696 	EXP 	noise: tex = <class 'numpy.ndarray'>
65.1196 	EXP 	noise: tex = <class 'numpy.ndarray'>
65.1697 	EXP 	noise: tex = <class 'numpy.ndarray'>
65.2218 	EXP 	noise: tex = <class 'numpy.ndarray'>
65.2748 	EXP 	noise: tex = <class 'numpy.ndarray'>
65.3257 	EXP 	noise: tex = <class 'numpy.ndarray'>
65.3724 	EXP 	noise: tex = <class 'numpy.ndarray'>
65.4197 	EXP 	noise: tex = <class 'numpy.ndarray'>
65.4698 	EXP 	noise: tex = <class 'numpy.ndarray'>
65.5194 	EXP 	noise: tex = <class 'numpy.ndarray'>
65.5698 	EXP 	noise: tex = <class 'numpy.ndarray'>
65.6196 	EXP 	noise: tex = <class 'numpy.ndarray'>
65.6802 	EXP 	noise: tex = <class 'numpy.ndarray'>
65.7361 	EXP 	noise: tex = <class 'numpy.ndarray'>
65.7863 	EXP 	noise: tex = <class 'numpy.ndarray'>
65.8363 	EXP 	noise: tex = <class 'numpy.ndarray'>
65.8861 	EXP 	noise: tex = <class 'numpy.ndarray'>
65.9362 	EXP 	noise: tex = <class 'numpy.ndarray'>
65.9863 	EXP 	noise: tex = <class 'numpy.ndarray'>
66.0361 	EXP 	noise: tex = <class 'numpy.ndarray'>
66.0862 	EXP 	noise: tex = <class 'numpy.ndarray'>
66.1363 	EXP 	noise: tex = <class 'numpy.ndarray'>
66.1860 	EXP 	noise: tex = <class 'numpy.ndarray'>
66.2362 	EXP 	noise: tex = <class 'numpy.ndarray'>
66.2866 	EXP 	noise: tex = <class 'numpy.ndarray'>
66.3362 	EXP 	noise: tex = <class 'numpy.ndarray'>
66.3862 	EXP 	noise: tex = <class 'numpy.ndarray'>
66.4381 	EXP 	noise: tex = <class 'numpy.ndarray'>
66.4905 	EXP 	noise: tex = <class 'numpy.ndarray'>
66.5371 	EXP 	noise: tex = <class 'numpy.ndarray'>
66.5873 	EXP 	noise: tex = <class 'numpy.ndarray'>
66.6361 	EXP 	noise: tex = <class 'numpy.ndarray'>
66.6860 	EXP 	noise: tex = <class 'numpy.ndarray'>
66.7361 	EXP 	noise: tex = <class 'numpy.ndarray'>
66.7860 	EXP 	noise: tex = <class 'numpy.ndarray'>
66.8366 	EXP 	noise: tex = <class 'numpy.ndarray'>
66.8859 	EXP 	noise: tex = <class 'numpy.ndarray'>
66.9359 	EXP 	noise: tex = <class 'numpy.ndarray'>
66.9860 	EXP 	noise: tex = <class 'numpy.ndarray'>
67.0371 	EXP 	noise: tex = <class 'numpy.ndarray'>
67.0861 	EXP 	noise: tex = <class 'numpy.ndarray'>
67.1295 	EXP 	noise: tex = <class 'numpy.ndarray'>
67.1736 	EXP 	noise: tex = <class 'numpy.ndarray'>
67.2197 	EXP 	noise: tex = <class 'numpy.ndarray'>
67.2695 	EXP 	noise: tex = <class 'numpy.ndarray'>
67.3197 	EXP 	noise: tex = <class 'numpy.ndarray'>
67.3696 	EXP 	noise: tex = <class 'numpy.ndarray'>
67.4194 	EXP 	noise: tex = <class 'numpy.ndarray'>
67.4695 	EXP 	noise: tex = <class 'numpy.ndarray'>
67.5199 	EXP 	noise: tex = <class 'numpy.ndarray'>
67.5708 	EXP 	noise: tex = <class 'numpy.ndarray'>
67.6213 	EXP 	noise: tex = <class 'numpy.ndarray'>
67.6696 	EXP 	noise: tex = <class 'numpy.ndarray'>
67.7195 	EXP 	noise: tex = <class 'numpy.ndarray'>
67.7696 	EXP 	noise: tex = <class 'numpy.ndarray'>
67.8196 	EXP 	noise: tex = <class 'numpy.ndarray'>
67.8695 	EXP 	noise: tex = <class 'numpy.ndarray'>
67.9194 	EXP 	noise: tex = <class 'numpy.ndarray'>
67.9694 	EXP 	noise: tex = <class 'numpy.ndarray'>
68.0302 	EXP 	noise: tex = <class 'numpy.ndarray'>
68.0861 	EXP 	noise: tex = <class 'numpy.ndarray'>
68.1362 	EXP 	noise: tex = <class 'numpy.ndarray'>
68.1867 	EXP 	noise: tex = <class 'numpy.ndarray'>
68.2377 	EXP 	noise: tex = <class 'numpy.ndarray'>
68.3024 	EXP 	noise: tex = <class 'numpy.ndarray'>
68.3527 	EXP 	noise: tex = <class 'numpy.ndarray'>
68.4032 	EXP 	noise: tex = <class 'numpy.ndarray'>
68.4545 	EXP 	noise: tex = <class 'numpy.ndarray'>
68.5040 	EXP 	noise: tex = <class 'numpy.ndarray'>
68.5540 	EXP 	noise: tex = <class 'numpy.ndarray'>
68.6062 	EXP 	noise: tex = <class 'numpy.ndarray'>
68.6576 	EXP 	noise: tex = <class 'numpy.ndarray'>
68.7031 	EXP 	noise: tex = <class 'numpy.ndarray'>
68.7528 	EXP 	noise: tex = <class 'numpy.ndarray'>
68.8028 	EXP 	noise: tex = <class 'numpy.ndarray'>
68.8536 	EXP 	noise: tex = <class 'numpy.ndarray'>
68.9027 	EXP 	noise: tex = <class 'numpy.ndarray'>
68.9532 	EXP 	noise: tex = <class 'numpy.ndarray'>
69.0026 	EXP 	noise: tex = <class 'numpy.ndarray'>
69.0556 	EXP 	noise: tex = <class 'numpy.ndarray'>
69.1027 	EXP 	noise: tex = <class 'numpy.ndarray'>
69.1528 	EXP 	noise: tex = <class 'numpy.ndarray'>
69.2026 	EXP 	noise: tex = <class 'numpy.ndarray'>
69.2528 	EXP 	noise: tex = <class 'numpy.ndarray'>
69.3026 	EXP 	noise: tex = <class 'numpy.ndarray'>
69.3464 	EXP 	noise: tex = <class 'numpy.ndarray'>
69.4023 	EXP 	noise: tex = <class 'numpy.ndarray'>
69.4458 	EXP 	noise: tex = <class 'numpy.ndarray'>
69.4913 	EXP 	noise: tex = <class 'numpy.ndarray'>
69.5385 	EXP 	noise: tex = <class 'numpy.ndarray'>
69.5858 	EXP 	noise: tex = <class 'numpy.ndarray'>
69.6285 	EXP 	noise: tex = <class 'numpy.ndarray'>
69.6774 	EXP 	noise: tex = <class 'numpy.ndarray'>
69.7232 	EXP 	noise: tex = <class 'numpy.ndarray'>
69.7692 	EXP 	noise: tex = <class 'numpy.ndarray'>
69.8193 	EXP 	noise: tex = <class 'numpy.ndarray'>
69.8692 	EXP 	noise: tex = <class 'numpy.ndarray'>
69.9115 	EXP 	noise: tex = <class 'numpy.ndarray'>
69.9585 	EXP 	noise: tex = <class 'numpy.ndarray'>
70.0049 	EXP 	noise: tex = <class 'numpy.ndarray'>
70.0526 	EXP 	noise: tex = <class 'numpy.ndarray'>
70.0947 	EXP 	noise: tex = <class 'numpy.ndarray'>
70.1367 	EXP 	noise: tex = <class 'numpy.ndarray'>
70.1864 	EXP 	noise: tex = <class 'numpy.ndarray'>
70.2359 	EXP 	noise: tex = <class 'numpy.ndarray'>
70.2859 	EXP 	noise: tex = <class 'numpy.ndarray'>
70.3358 	EXP 	noise: tex = <class 'numpy.ndarray'>
70.3797 	EXP 	noise: tex = <class 'numpy.ndarray'>
70.4359 	EXP 	noise: tex = <class 'numpy.ndarray'>
70.4859 	EXP 	noise: tex = <class 'numpy.ndarray'>
70.5362 	EXP 	noise: tex = <class 'numpy.ndarray'>
70.5861 	EXP 	noise: tex = <class 'numpy.ndarray'>
70.6363 	EXP 	noise: tex = <class 'numpy.ndarray'>
70.6864 	EXP 	noise: tex = <class 'numpy.ndarray'>
70.7359 	EXP 	noise: tex = <class 'numpy.ndarray'>
70.7867 	EXP 	noise: tex = <class 'numpy.ndarray'>
70.8362 	EXP 	noise: tex = <class 'numpy.ndarray'>
70.8863 	EXP 	noise: tex = <class 'numpy.ndarray'>
70.9390 	EXP 	noise: tex = <class 'numpy.ndarray'>
70.9883 	EXP 	noise: tex = <class 'numpy.ndarray'>
71.0375 	EXP 	noise: tex = <class 'numpy.ndarray'>
71.0865 	EXP 	noise: tex = <class 'numpy.ndarray'>
71.1360 	EXP 	noise: tex = <class 'numpy.ndarray'>
71.1862 	EXP 	noise: tex = <class 'numpy.ndarray'>
71.2362 	EXP 	noise: tex = <class 'numpy.ndarray'>
71.2862 	EXP 	noise: tex = <class 'numpy.ndarray'>
71.3365 	EXP 	noise: tex = <class 'numpy.ndarray'>
71.3860 	EXP 	noise: tex = <class 'numpy.ndarray'>
71.4359 	EXP 	noise: tex = <class 'numpy.ndarray'>
71.4798 	EXP 	noise: tex = <class 'numpy.ndarray'>
71.5358 	EXP 	noise: tex = <class 'numpy.ndarray'>
71.5863 	EXP 	noise: tex = <class 'numpy.ndarray'>
71.6365 	EXP 	noise: tex = <class 'numpy.ndarray'>
71.6862 	EXP 	noise: tex = <class 'numpy.ndarray'>
71.7362 	EXP 	noise: tex = <class 'numpy.ndarray'>
71.7859 	EXP 	noise: tex = <class 'numpy.ndarray'>
71.8361 	EXP 	noise: tex = <class 'numpy.ndarray'>
71.8864 	EXP 	noise: tex = <class 'numpy.ndarray'>
71.9359 	EXP 	noise: tex = <class 'numpy.ndarray'>
71.9863 	EXP 	noise: tex = <class 'numpy.ndarray'>
72.0360 	EXP 	noise: tex = <class 'numpy.ndarray'>
72.0860 	EXP 	noise: tex = <class 'numpy.ndarray'>
72.1391 	EXP 	noise: tex = <class 'numpy.ndarray'>
72.1862 	EXP 	noise: tex = <class 'numpy.ndarray'>
72.2363 	EXP 	noise: tex = <class 'numpy.ndarray'>
72.2863 	EXP 	noise: tex = <class 'numpy.ndarray'>
72.3361 	EXP 	noise: tex = <class 'numpy.ndarray'>
72.3879 	EXP 	noise: tex = <class 'numpy.ndarray'>
72.4378 	EXP 	noise: tex = <class 'numpy.ndarray'>
72.4871 	EXP 	noise: tex = <class 'numpy.ndarray'>
72.5361 	EXP 	noise: tex = <class 'numpy.ndarray'>
72.5861 	EXP 	noise: tex = <class 'numpy.ndarray'>
72.6363 	EXP 	noise: tex = <class 'numpy.ndarray'>
72.6864 	EXP 	noise: tex = <class 'numpy.ndarray'>
72.7373 	EXP 	noise: tex = <class 'numpy.ndarray'>
72.7861 	EXP 	noise: tex = <class 'numpy.ndarray'>
72.8363 	EXP 	noise: tex = <class 'numpy.ndarray'>
72.8864 	EXP 	noise: tex = <class 'numpy.ndarray'>
72.9362 	EXP 	noise: tex = <class 'numpy.ndarray'>
72.9860 	EXP 	noise: tex = <class 'numpy.ndarray'>
73.0360 	EXP 	noise: tex = <class 'numpy.ndarray'>
73.0528 	EXP 	noise_0: autoDraw = False
73.0528 	EXP 	noise: autoDraw = False
73.0528 	EXP 	blob_0: autoDraw = False
73.0528 	EXP 	blob: autoDraw = False
73.0528 	EXP 	cursor: autoDraw = False
73.3834 	EXP 	window1: mouseVisible = True
