0.9192 	WARNING 	We strongly recommend you activate the PTB sound engine in PsychoPy prefs as the preferred audio engine. Its timing is vastly superior. Your prefs are currently set to use ['sounddevice', 'PTB', 'pyo', 'pygame'] (in that order).
8.6004 	EXP 	Created window1 = Window(allowGUI=True, allowStencil=False, autoLog=True, backendConf=UNKNOWN, bitsMode=UNKNOWN, blendMode='avg', bpc=(8, 8, 8), color=array([0, 0, 0]), colorSpace='rgb', depthBits=8, fullscr=<method-wrapper '__getattribute__' of attributeSetter object at 0x7ffb40960f70>, gamma=None, gammaErrorPolicy='raise', lms=UNKNOWN, monitor=<psychopy.monitors.calibTools.Monitor object at 0x7ffb75d3f6a0>, multiSample=False, name='window1', numSamples=2, pos=[360.0, 225.0], screen=0, size=array([2880, 1800]), stencilBits=0, stereo=False, units='height', useFBO=True, useRetina=True, viewOri=0.0, viewPos=None, viewScale=None, waitBlanking=True, winType='pyglet')
8.6006 	EXP 	window1: mouseVisible = True
8.6018 	EXP 	window1: mouseVisible = False
8.6018 	EXP 	window1: Attempting to measure frame rate of screen (0) ...
8.6019 	EXP 	window1: recordFrameIntervals = False
8.7657 	EXP 	window1: recordFrameIntervals = True
8.9491 	EXP 	Screen (0) actual frame rate measured at 60.14Hz
8.9491 	EXP 	window1: recordFrameIntervals = False
10.6453 	EXP 	Created start_trial_text = TextStim(__class__=<class 'psychopy.visual.text.TextStim'>, alignHoriz=method-wrapper(...), alignText='center', alignVert=method-wrapper(...), anchorHoriz='center', anchorVert='center', antialias=True, autoDraw=False, autoLog=True, bold=False, color=array([1., 1., 1.]), colorSpace='rgb', contrast=1.0, depth=0.0, flipHoriz=False, flipVert=False, font='Arial', fontFiles=[], height=0.04, italic=False, languageStyle='LTR', name='start_trial_text', opacity=1.0, ori=0.0, pos=array([-0.3 ,  0.25]), rgb=UNKNOWN, text='Press any button to continue', units='height', win=Window(...), wrapWidth=1)
10.6455 	EXP 	window1: mouseVisible = True
10.6455 	EXP 	window1: mouseVisible = True
10.6519 	EXP 	Created noise_0 = NoiseStim(__class__=<class 'psychopy.visual.noise.NoiseStim'>, anchor='center', autoDraw=False, autoLog=True, blendmode='add', color=array([0.5, 0.5, 0.5]), colorSpace='rgb', contrast=0.5, depth=-1.0, interpolate=False, mask='none', maskParams=None, name='noise_0', opacity=1.0, ori=0.0, phase=array([0., 0.]), pos=array([0., 0.]), rgbPedestal=array([0., 0., 0.]), sf=array([1., 1.]), size=array([1., 1.]), tex='sin', texRes=128, units='height', win=Window(...))
10.7235 	EXP 	Created noise = NoiseStim(__class__=<class 'psychopy.visual.noise.NoiseStim'>, anchor='center', autoDraw=False, autoLog=True, blendmode='add', color=array([0.5, 0.5, 0.5]), colorSpace='rgb', contrast=0.5, depth=-2.0, interpolate=False, mask='none', maskParams=None, name='noise', opacity=1.0, ori=0.0, phase=array([0., 0.]), pos=array([0., 0.]), rgbPedestal=array([0., 0., 0.]), sf=array([1., 1.]), size=array([1., 1.]), tex='sin', texRes=128, units='height', win=Window(...))
10.8210 	EXP 	Created blob_0 = GratingStim(__class__=<class 'psychopy.visual.grating.GratingStim'>, anchor='center', autoDraw=False, autoLog=True, blendmode='add', color=array([1., 1., 1.]), colorSpace='rgb', contrast=1.0, depth=-3.0, interpolate=True, mask='gauss', maskParams=None, name='blob_0', opacity=1.0, ori=45.0, phase=array([0.25, 0.25]), pos=array([0., 0.]), rgbPedestal=array([0., 0., 0.]), sf=array([1., 1.]), size=array([1., 1.]), tex=ndarray(...), texRes=512.0, units='height', win=Window(...))
10.8554 	EXP 	Created blob = GratingStim(__class__=<class 'psychopy.visual.grating.GratingStim'>, anchor='center', autoDraw=False, autoLog=True, blendmode='add', color=array([1., 1., 1.]), colorSpace='rgb', contrast=1.0, depth=-4.0, interpolate=True, mask='gauss', maskParams=None, name='blob', opacity=1.0, ori=45.0, phase=array([0.25, 0.25]), pos=array([0., 0.]), rgbPedestal=array([0., 0., 0.]), sf=array([1., 1.]), size=array([1., 1.]), tex=ndarray(...), texRes=512.0, units='height', win=Window(...))
10.8617 	EXP 	Created cursor = ShapeStim(__class__=<class 'psychopy.visual.shape.ShapeStim'>, anchor=('center', 'center'), autoDraw=False, autoLog=True, closeShape=True, color=method-wrapper(...), colorSpace='rgb', contrast=None, depth=-6.0, fillColor=array([ 1, -1, -1]), fillColorSpace='rgb', fillRGB=array([ 1, -1, -1]), interpolate=True, lineColor=array([ 1., -1., -1.]), lineColorSpace='rgb', lineRGB=array([ 1, -1, -1]), lineWidth=1.0, name='cursor', opacity=1.0, ori=0.0, pos=array([0., 0.]), size=array([0.005, 0.005]), units='height', vertices=ndarray(...), win=Window(...), windingRule=None)
10.8666 	EXP 	Imported Bonnen2015Conditions.csv as conditions, 4 conditions, 4 params
10.8671 	EXP 	Created sequence: random, trialTypes=4, nReps=1, seed=None
10.8675 	EXP 	New trial (rep=0, index=0): OrderedDict([('blobHeight', 1.0), ('blobWidth', 0.07), ('mask', '$np.ones((512,512))'), ('sig', 0.01)])
10.9058 	EXP 	noise_0: blendmode = 'add'
10.9058 	EXP 	noise_0: mask = None
10.9058 	EXP 	noise_0: texRes = 512
10.9058 	EXP 	noise_0: noiseType = 'White'
10.9058 	EXP 	noise_0: noiseImage = None
10.9058 	EXP 	noise_0: noiseElementSize = [0.0625]
10.9058 	EXP 	noise_0: noiseBaseSf = 8.0
10.9058 	EXP 	noise_0: noiseBW = 1.0
10.9058 	EXP 	noise_0: noiseBWO = 30.0
10.9058 	EXP 	noise_0: noiseFractalPower = 0.0
10.9058 	EXP 	noise_0: noiseFilterUpper = 8.0
10.9058 	EXP 	noise_0: noiseFilterLower = 1.0
10.9058 	EXP 	noise_0: noiseFilterOrder = 0.0
10.9058 	EXP 	noise_0: noiseClip = 3.0
10.9058 	EXP 	noise_0: filter = None
10.9058 	EXP 	noise_0: tex = <class 'numpy.ndarray'>
10.9058 	EXP 	noise_0: tex = <class 'numpy.ndarray'>
10.9058 	EXP 	noise: blendmode = 'add'
10.9058 	EXP 	noise: mask = None
10.9058 	EXP 	noise: texRes = 512
10.9058 	EXP 	noise: noiseType = 'White'
10.9058 	EXP 	noise: noiseImage = None
10.9058 	EXP 	noise: noiseElementSize = [0.0625]
10.9058 	EXP 	noise: noiseBaseSf = 8.0
10.9058 	EXP 	noise: noiseBW = 1.0
10.9058 	EXP 	noise: noiseBWO = 30.0
10.9058 	EXP 	noise: noiseFractalPower = 0.0
10.9058 	EXP 	noise: noiseFilterUpper = 8.0
10.9058 	EXP 	noise: noiseFilterLower = 1.0
10.9058 	EXP 	noise: noiseFilterOrder = 0.0
10.9058 	EXP 	noise: noiseClip = 3.0
10.9058 	EXP 	noise: filter = None
10.9058 	EXP 	noise: tex = <class 'numpy.ndarray'>
10.9058 	EXP 	noise: tex = <class 'numpy.ndarray'>
10.9058 	EXP 	start_trial_text: autoDraw = True
11.6987 	DATA 	Mouse: Left button down, pos=(750,499)
11.7166 	EXP 	window1: mouseVisible = 0
11.7890 	EXP 	start_trial_text: autoDraw = False
11.7890 	EXP 	blob_0: tex = <class 'numpy.ndarray'>
11.7890 	EXP 	blob: tex = <class 'numpy.ndarray'>
11.7890 	EXP 	noise_0: autoDraw = True
11.7890 	EXP 	noise_0: tex = <class 'numpy.ndarray'>
11.7890 	EXP 	blob_0: autoDraw = True
11.7890 	EXP 	cursor: autoDraw = True
11.8213 	DATA 	Mouse:  Left button up, pos=(720,450)
11.8381 	EXP 	noise_0: tex = <class 'numpy.ndarray'>
11.8895 	EXP 	noise_0: tex = <class 'numpy.ndarray'>
11.9385 	EXP 	noise_0: tex = <class 'numpy.ndarray'>
11.9839 	EXP 	noise_0: tex = <class 'numpy.ndarray'>
12.0315 	EXP 	noise_0: tex = <class 'numpy.ndarray'>
12.0835 	EXP 	noise_0: tex = <class 'numpy.ndarray'>
12.1342 	EXP 	noise_0: tex = <class 'numpy.ndarray'>
12.1816 	EXP 	noise_0: tex = <class 'numpy.ndarray'>
12.2313 	EXP 	noise_0: tex = <class 'numpy.ndarray'>
12.3179 	EXP 	noise_0: tex = <class 'numpy.ndarray'>
12.3179 	EXP 	noise: autoDraw = True
12.3179 	EXP 	noise: tex = <class 'numpy.ndarray'>
12.3179 	EXP 	blob: autoDraw = True
12.3648 	EXP 	noise_0: autoDraw = False
12.3648 	EXP 	noise: tex = <class 'numpy.ndarray'>
12.3648 	EXP 	blob_0: autoDraw = False
12.4150 	EXP 	noise: tex = <class 'numpy.ndarray'>
12.4658 	EXP 	noise: tex = <class 'numpy.ndarray'>
12.5161 	EXP 	noise: tex = <class 'numpy.ndarray'>
12.5693 	EXP 	noise: tex = <class 'numpy.ndarray'>
12.6162 	EXP 	noise: tex = <class 'numpy.ndarray'>
12.6663 	EXP 	noise: tex = <class 'numpy.ndarray'>
12.7264 	EXP 	noise: tex = <class 'numpy.ndarray'>
12.7811 	EXP 	noise: tex = <class 'numpy.ndarray'>
12.8335 	EXP 	noise: tex = <class 'numpy.ndarray'>
12.8860 	EXP 	noise: tex = <class 'numpy.ndarray'>
12.9365 	EXP 	noise: tex = <class 'numpy.ndarray'>
12.9840 	EXP 	noise: tex = <class 'numpy.ndarray'>
13.0357 	EXP 	noise: tex = <class 'numpy.ndarray'>
13.0853 	EXP 	noise: tex = <class 'numpy.ndarray'>
13.1321 	EXP 	noise: tex = <class 'numpy.ndarray'>
13.1815 	EXP 	noise: tex = <class 'numpy.ndarray'>
13.2316 	EXP 	noise: tex = <class 'numpy.ndarray'>
13.2814 	EXP 	noise: tex = <class 'numpy.ndarray'>
13.3313 	EXP 	noise: tex = <class 'numpy.ndarray'>
13.3813 	EXP 	noise: tex = <class 'numpy.ndarray'>
13.4318 	EXP 	noise: tex = <class 'numpy.ndarray'>
13.4837 	EXP 	noise: tex = <class 'numpy.ndarray'>
13.5325 	EXP 	noise: tex = <class 'numpy.ndarray'>
13.5815 	EXP 	noise: tex = <class 'numpy.ndarray'>
13.6314 	EXP 	noise: tex = <class 'numpy.ndarray'>
13.6812 	EXP 	noise: tex = <class 'numpy.ndarray'>
13.7316 	EXP 	noise: tex = <class 'numpy.ndarray'>
13.7847 	EXP 	noise: tex = <class 'numpy.ndarray'>
13.8333 	EXP 	noise: tex = <class 'numpy.ndarray'>
13.8828 	EXP 	noise: tex = <class 'numpy.ndarray'>
13.9346 	EXP 	noise: tex = <class 'numpy.ndarray'>
13.9848 	EXP 	noise: tex = <class 'numpy.ndarray'>
14.0348 	EXP 	noise: tex = <class 'numpy.ndarray'>
14.0825 	EXP 	noise: tex = <class 'numpy.ndarray'>
14.1315 	EXP 	noise: tex = <class 'numpy.ndarray'>
14.1815 	EXP 	noise: tex = <class 'numpy.ndarray'>
14.2314 	EXP 	noise: tex = <class 'numpy.ndarray'>
14.2814 	EXP 	noise: tex = <class 'numpy.ndarray'>
14.3349 	EXP 	noise: tex = <class 'numpy.ndarray'>
14.3858 	EXP 	noise: tex = <class 'numpy.ndarray'>
14.4337 	EXP 	noise: tex = <class 'numpy.ndarray'>
14.4815 	EXP 	noise: tex = <class 'numpy.ndarray'>
14.5322 	EXP 	noise: tex = <class 'numpy.ndarray'>
14.5816 	EXP 	noise: tex = <class 'numpy.ndarray'>
14.6321 	EXP 	noise: tex = <class 'numpy.ndarray'>
14.6812 	EXP 	noise: tex = <class 'numpy.ndarray'>
14.7313 	EXP 	noise: tex = <class 'numpy.ndarray'>
14.7812 	EXP 	noise: tex = <class 'numpy.ndarray'>
14.8317 	EXP 	noise: tex = <class 'numpy.ndarray'>
14.8814 	EXP 	noise: tex = <class 'numpy.ndarray'>
14.9316 	EXP 	noise: tex = <class 'numpy.ndarray'>
14.9812 	EXP 	noise: tex = <class 'numpy.ndarray'>
15.0312 	EXP 	noise: tex = <class 'numpy.ndarray'>
15.0815 	EXP 	noise: tex = <class 'numpy.ndarray'>
15.1344 	EXP 	noise: tex = <class 'numpy.ndarray'>
15.1872 	EXP 	noise: tex = <class 'numpy.ndarray'>
15.2329 	EXP 	noise: tex = <class 'numpy.ndarray'>
15.2843 	EXP 	noise: tex = <class 'numpy.ndarray'>
15.3382 	EXP 	noise: tex = <class 'numpy.ndarray'>
15.3930 	EXP 	noise: tex = <class 'numpy.ndarray'>
15.4399 	EXP 	noise: tex = <class 'numpy.ndarray'>
15.4861 	EXP 	noise: tex = <class 'numpy.ndarray'>
15.5335 	EXP 	noise: tex = <class 'numpy.ndarray'>
15.5816 	EXP 	noise: tex = <class 'numpy.ndarray'>
15.6315 	EXP 	noise: tex = <class 'numpy.ndarray'>
15.6841 	EXP 	noise: tex = <class 'numpy.ndarray'>
15.7352 	EXP 	noise: tex = <class 'numpy.ndarray'>
15.7844 	EXP 	noise: tex = <class 'numpy.ndarray'>
15.8313 	EXP 	noise: tex = <class 'numpy.ndarray'>
15.8814 	EXP 	noise: tex = <class 'numpy.ndarray'>
15.9314 	EXP 	noise: tex = <class 'numpy.ndarray'>
15.9822 	EXP 	noise: tex = <class 'numpy.ndarray'>
16.0332 	EXP 	noise: tex = <class 'numpy.ndarray'>
16.0812 	EXP 	noise: tex = <class 'numpy.ndarray'>
16.1313 	EXP 	noise: tex = <class 'numpy.ndarray'>
16.1815 	EXP 	noise: tex = <class 'numpy.ndarray'>
16.2312 	EXP 	noise: tex = <class 'numpy.ndarray'>
16.2918 	EXP 	noise: tex = <class 'numpy.ndarray'>
16.3479 	EXP 	noise: tex = <class 'numpy.ndarray'>
16.3998 	EXP 	noise: tex = <class 'numpy.ndarray'>
16.4603 	EXP 	noise: tex = <class 'numpy.ndarray'>
16.5146 	EXP 	noise: tex = <class 'numpy.ndarray'>
16.5648 	EXP 	noise: tex = <class 'numpy.ndarray'>
16.6149 	EXP 	noise: tex = <class 'numpy.ndarray'>
16.6649 	EXP 	noise: tex = <class 'numpy.ndarray'>
16.7146 	EXP 	noise: tex = <class 'numpy.ndarray'>
16.7646 	EXP 	noise: tex = <class 'numpy.ndarray'>
16.8146 	EXP 	noise: tex = <class 'numpy.ndarray'>
16.8660 	EXP 	noise: tex = <class 'numpy.ndarray'>
16.9160 	EXP 	noise: tex = <class 'numpy.ndarray'>
16.9699 	EXP 	noise: tex = <class 'numpy.ndarray'>
17.0171 	EXP 	noise: tex = <class 'numpy.ndarray'>
17.0662 	EXP 	noise: tex = <class 'numpy.ndarray'>
17.1170 	EXP 	noise: tex = <class 'numpy.ndarray'>
17.1653 	EXP 	noise: tex = <class 'numpy.ndarray'>
17.2144 	EXP 	noise: tex = <class 'numpy.ndarray'>
17.2648 	EXP 	noise: tex = <class 'numpy.ndarray'>
17.3147 	EXP 	noise: tex = <class 'numpy.ndarray'>
17.3653 	EXP 	noise: tex = <class 'numpy.ndarray'>
17.4271 	EXP 	noise: tex = <class 'numpy.ndarray'>
17.4810 	EXP 	noise: tex = <class 'numpy.ndarray'>
17.5314 	EXP 	noise: tex = <class 'numpy.ndarray'>
17.5833 	EXP 	noise: tex = <class 'numpy.ndarray'>
17.6332 	EXP 	noise: tex = <class 'numpy.ndarray'>
17.6835 	EXP 	noise: tex = <class 'numpy.ndarray'>
17.7377 	EXP 	noise: tex = <class 'numpy.ndarray'>
17.7881 	EXP 	noise: tex = <class 'numpy.ndarray'>
17.8344 	EXP 	noise: tex = <class 'numpy.ndarray'>
17.8811 	EXP 	noise: tex = <class 'numpy.ndarray'>
17.9316 	EXP 	noise: tex = <class 'numpy.ndarray'>
17.9832 	EXP 	noise: tex = <class 'numpy.ndarray'>
18.0312 	EXP 	noise: tex = <class 'numpy.ndarray'>
18.0821 	EXP 	noise: tex = <class 'numpy.ndarray'>
18.1317 	EXP 	noise: tex = <class 'numpy.ndarray'>
18.1814 	EXP 	noise: tex = <class 'numpy.ndarray'>
18.2314 	EXP 	noise: tex = <class 'numpy.ndarray'>
18.2817 	EXP 	noise: tex = <class 'numpy.ndarray'>
18.3315 	EXP 	noise: tex = <class 'numpy.ndarray'>
18.3815 	EXP 	noise: tex = <class 'numpy.ndarray'>
18.4320 	EXP 	noise: tex = <class 'numpy.ndarray'>
18.4830 	EXP 	noise: tex = <class 'numpy.ndarray'>
18.5323 	EXP 	noise: tex = <class 'numpy.ndarray'>
18.5852 	EXP 	noise: tex = <class 'numpy.ndarray'>
18.6356 	EXP 	noise: tex = <class 'numpy.ndarray'>
18.6817 	EXP 	noise: tex = <class 'numpy.ndarray'>
18.7320 	EXP 	noise: tex = <class 'numpy.ndarray'>
18.7814 	EXP 	noise: tex = <class 'numpy.ndarray'>
18.8318 	EXP 	noise: tex = <class 'numpy.ndarray'>
18.8846 	EXP 	noise: tex = <class 'numpy.ndarray'>
18.9343 	EXP 	noise: tex = <class 'numpy.ndarray'>
18.9870 	EXP 	noise: tex = <class 'numpy.ndarray'>
19.0339 	EXP 	noise: tex = <class 'numpy.ndarray'>
19.0837 	EXP 	noise: tex = <class 'numpy.ndarray'>
19.1312 	EXP 	noise: tex = <class 'numpy.ndarray'>
19.1812 	EXP 	noise: tex = <class 'numpy.ndarray'>
19.2334 	EXP 	noise: tex = <class 'numpy.ndarray'>
19.2812 	EXP 	noise: tex = <class 'numpy.ndarray'>
19.3313 	EXP 	noise: tex = <class 'numpy.ndarray'>
19.3815 	EXP 	noise: tex = <class 'numpy.ndarray'>
19.4330 	EXP 	noise: tex = <class 'numpy.ndarray'>
19.4838 	EXP 	noise: tex = <class 'numpy.ndarray'>
19.5316 	EXP 	noise: tex = <class 'numpy.ndarray'>
19.5817 	EXP 	noise: tex = <class 'numpy.ndarray'>
19.6315 	EXP 	noise: tex = <class 'numpy.ndarray'>
19.6813 	EXP 	noise: tex = <class 'numpy.ndarray'>
19.7314 	EXP 	noise: tex = <class 'numpy.ndarray'>
19.7815 	EXP 	noise: tex = <class 'numpy.ndarray'>
19.8315 	EXP 	noise: tex = <class 'numpy.ndarray'>
19.8819 	EXP 	noise: tex = <class 'numpy.ndarray'>
19.9313 	EXP 	noise: tex = <class 'numpy.ndarray'>
19.9812 	EXP 	noise: tex = <class 'numpy.ndarray'>
20.0326 	EXP 	noise: tex = <class 'numpy.ndarray'>
20.0820 	EXP 	noise: tex = <class 'numpy.ndarray'>
20.1313 	EXP 	noise: tex = <class 'numpy.ndarray'>
20.1811 	EXP 	noise: tex = <class 'numpy.ndarray'>
20.2313 	EXP 	noise: tex = <class 'numpy.ndarray'>
20.2823 	EXP 	noise: tex = <class 'numpy.ndarray'>
20.3314 	EXP 	noise: tex = <class 'numpy.ndarray'>
20.3813 	EXP 	noise: tex = <class 'numpy.ndarray'>
20.4314 	EXP 	noise: tex = <class 'numpy.ndarray'>
20.4812 	EXP 	noise: tex = <class 'numpy.ndarray'>
20.5313 	EXP 	noise: tex = <class 'numpy.ndarray'>
20.5817 	EXP 	noise: tex = <class 'numpy.ndarray'>
20.6314 	EXP 	noise: tex = <class 'numpy.ndarray'>
20.6811 	EXP 	noise: tex = <class 'numpy.ndarray'>
20.7309 	EXP 	noise: tex = <class 'numpy.ndarray'>
20.7810 	EXP 	noise: tex = <class 'numpy.ndarray'>
20.8311 	EXP 	noise: tex = <class 'numpy.ndarray'>
20.8726 	EXP 	noise: tex = <class 'numpy.ndarray'>
20.9183 	EXP 	noise: tex = <class 'numpy.ndarray'>
20.9642 	EXP 	noise: tex = <class 'numpy.ndarray'>
21.0068 	EXP 	noise: tex = <class 'numpy.ndarray'>
21.0476 	EXP 	noise: tex = <class 'numpy.ndarray'>
21.0977 	EXP 	noise: tex = <class 'numpy.ndarray'>
21.1476 	EXP 	noise: tex = <class 'numpy.ndarray'>
21.1976 	EXP 	noise: tex = <class 'numpy.ndarray'>
21.2476 	EXP 	noise: tex = <class 'numpy.ndarray'>
21.2881 	EXP 	noise: tex = <class 'numpy.ndarray'>
21.3309 	EXP 	noise: tex = <class 'numpy.ndarray'>
21.3707 	EXP 	noise: tex = <class 'numpy.ndarray'>
21.4143 	EXP 	noise: tex = <class 'numpy.ndarray'>
21.4550 	EXP 	noise: tex = <class 'numpy.ndarray'>
21.4988 	EXP 	noise: tex = <class 'numpy.ndarray'>
21.5476 	EXP 	noise: tex = <class 'numpy.ndarray'>
21.5898 	EXP 	noise: tex = <class 'numpy.ndarray'>
21.6349 	EXP 	noise: tex = <class 'numpy.ndarray'>
21.6809 	EXP 	noise: tex = <class 'numpy.ndarray'>
21.7248 	EXP 	noise: tex = <class 'numpy.ndarray'>
21.7731 	EXP 	noise: tex = <class 'numpy.ndarray'>
21.8199 	EXP 	noise: tex = <class 'numpy.ndarray'>
21.8665 	EXP 	noise: tex = <class 'numpy.ndarray'>
21.9167 	EXP 	noise: tex = <class 'numpy.ndarray'>
21.9643 	EXP 	noise: tex = <class 'numpy.ndarray'>
22.0145 	EXP 	noise: tex = <class 'numpy.ndarray'>
22.0645 	EXP 	noise: tex = <class 'numpy.ndarray'>
22.1144 	EXP 	noise: tex = <class 'numpy.ndarray'>
22.1648 	EXP 	noise: tex = <class 'numpy.ndarray'>
22.2146 	EXP 	noise: tex = <class 'numpy.ndarray'>
22.2644 	EXP 	noise: tex = <class 'numpy.ndarray'>
22.3145 	EXP 	noise: tex = <class 'numpy.ndarray'>
22.3645 	EXP 	noise: tex = <class 'numpy.ndarray'>
22.4147 	EXP 	noise: tex = <class 'numpy.ndarray'>
22.4777 	EXP 	noise: tex = <class 'numpy.ndarray'>
22.5310 	EXP 	noise: tex = <class 'numpy.ndarray'>
22.5817 	EXP 	noise: tex = <class 'numpy.ndarray'>
22.6310 	EXP 	noise: tex = <class 'numpy.ndarray'>
22.6811 	EXP 	noise: tex = <class 'numpy.ndarray'>
22.7311 	EXP 	noise: tex = <class 'numpy.ndarray'>
22.7813 	EXP 	noise: tex = <class 'numpy.ndarray'>
22.8316 	EXP 	noise: tex = <class 'numpy.ndarray'>
22.8812 	EXP 	noise: tex = <class 'numpy.ndarray'>
22.9440 	EXP 	noise: tex = <class 'numpy.ndarray'>
22.9978 	EXP 	noise: tex = <class 'numpy.ndarray'>
23.0478 	EXP 	noise: tex = <class 'numpy.ndarray'>
23.0978 	EXP 	noise: tex = <class 'numpy.ndarray'>
23.1478 	EXP 	noise: tex = <class 'numpy.ndarray'>
23.2021 	EXP 	noise: tex = <class 'numpy.ndarray'>
23.2502 	EXP 	noise: tex = <class 'numpy.ndarray'>
23.2979 	EXP 	noise: tex = <class 'numpy.ndarray'>
23.3481 	EXP 	noise: tex = <class 'numpy.ndarray'>
23.3978 	EXP 	noise: tex = <class 'numpy.ndarray'>
23.4479 	EXP 	noise: tex = <class 'numpy.ndarray'>
23.4979 	EXP 	noise: tex = <class 'numpy.ndarray'>
23.5493 	EXP 	noise: tex = <class 'numpy.ndarray'>
23.5989 	EXP 	noise: tex = <class 'numpy.ndarray'>
23.6481 	EXP 	noise: tex = <class 'numpy.ndarray'>
23.6978 	EXP 	noise: tex = <class 'numpy.ndarray'>
23.7579 	EXP 	noise: tex = <class 'numpy.ndarray'>
23.8056 	EXP 	noise: tex = <class 'numpy.ndarray'>
23.8548 	EXP 	noise: tex = <class 'numpy.ndarray'>
23.9044 	EXP 	noise: tex = <class 'numpy.ndarray'>
23.9508 	EXP 	noise: tex = <class 'numpy.ndarray'>
24.0018 	EXP 	noise: tex = <class 'numpy.ndarray'>
24.0524 	EXP 	noise: tex = <class 'numpy.ndarray'>
24.1004 	EXP 	noise: tex = <class 'numpy.ndarray'>
24.1477 	EXP 	noise: tex = <class 'numpy.ndarray'>
24.1979 	EXP 	noise: tex = <class 'numpy.ndarray'>
24.2480 	EXP 	noise: tex = <class 'numpy.ndarray'>
24.2998 	EXP 	noise: tex = <class 'numpy.ndarray'>
24.3477 	EXP 	noise: tex = <class 'numpy.ndarray'>
24.4090 	EXP 	noise: tex = <class 'numpy.ndarray'>
24.4572 	EXP 	noise: tex = <class 'numpy.ndarray'>
24.5032 	EXP 	noise: tex = <class 'numpy.ndarray'>
24.5531 	EXP 	noise: tex = <class 'numpy.ndarray'>
24.5988 	EXP 	noise: tex = <class 'numpy.ndarray'>
24.6510 	EXP 	noise: tex = <class 'numpy.ndarray'>
24.6981 	EXP 	noise: tex = <class 'numpy.ndarray'>
24.7478 	EXP 	noise: tex = <class 'numpy.ndarray'>
24.7987 	EXP 	noise: tex = <class 'numpy.ndarray'>
24.8505 	EXP 	noise: tex = <class 'numpy.ndarray'>
24.8979 	EXP 	noise: tex = <class 'numpy.ndarray'>
24.9478 	EXP 	noise: tex = <class 'numpy.ndarray'>
24.9977 	EXP 	noise: tex = <class 'numpy.ndarray'>
25.0476 	EXP 	noise: tex = <class 'numpy.ndarray'>
25.0977 	EXP 	noise: tex = <class 'numpy.ndarray'>
25.1479 	EXP 	noise: tex = <class 'numpy.ndarray'>
25.1977 	EXP 	noise: tex = <class 'numpy.ndarray'>
25.2481 	EXP 	noise: tex = <class 'numpy.ndarray'>
25.2979 	EXP 	noise: tex = <class 'numpy.ndarray'>
25.3511 	EXP 	noise: tex = <class 'numpy.ndarray'>
25.4048 	EXP 	noise: tex = <class 'numpy.ndarray'>
25.4591 	EXP 	noise: tex = <class 'numpy.ndarray'>
25.5144 	EXP 	noise: tex = <class 'numpy.ndarray'>
25.5646 	EXP 	noise: tex = <class 'numpy.ndarray'>
25.6144 	EXP 	noise: tex = <class 'numpy.ndarray'>
25.6647 	EXP 	noise: tex = <class 'numpy.ndarray'>
25.7144 	EXP 	noise: tex = <class 'numpy.ndarray'>
25.7753 	EXP 	noise: tex = <class 'numpy.ndarray'>
25.8212 	EXP 	noise: tex = <class 'numpy.ndarray'>
25.8710 	EXP 	noise: tex = <class 'numpy.ndarray'>
25.9190 	EXP 	noise: tex = <class 'numpy.ndarray'>
25.9658 	EXP 	noise: tex = <class 'numpy.ndarray'>
26.0144 	EXP 	noise: tex = <class 'numpy.ndarray'>
26.0646 	EXP 	noise: tex = <class 'numpy.ndarray'>
26.1160 	EXP 	noise: tex = <class 'numpy.ndarray'>
26.1649 	EXP 	noise: tex = <class 'numpy.ndarray'>
26.2144 	EXP 	noise: tex = <class 'numpy.ndarray'>
26.2645 	EXP 	noise: tex = <class 'numpy.ndarray'>
26.3257 	EXP 	noise: tex = <class 'numpy.ndarray'>
26.3726 	EXP 	noise: tex = <class 'numpy.ndarray'>
26.4190 	EXP 	noise: tex = <class 'numpy.ndarray'>
26.4648 	EXP 	noise: tex = <class 'numpy.ndarray'>
26.5143 	EXP 	noise: tex = <class 'numpy.ndarray'>
26.5646 	EXP 	noise: tex = <class 'numpy.ndarray'>
26.6145 	EXP 	noise: tex = <class 'numpy.ndarray'>
26.6645 	EXP 	noise: tex = <class 'numpy.ndarray'>
26.7156 	EXP 	noise: tex = <class 'numpy.ndarray'>
26.7673 	EXP 	noise: tex = <class 'numpy.ndarray'>
26.8144 	EXP 	noise: tex = <class 'numpy.ndarray'>
26.8643 	EXP 	noise: tex = <class 'numpy.ndarray'>
26.9145 	EXP 	noise: tex = <class 'numpy.ndarray'>
26.9646 	EXP 	noise: tex = <class 'numpy.ndarray'>
27.0153 	EXP 	noise: tex = <class 'numpy.ndarray'>
27.0643 	EXP 	noise: tex = <class 'numpy.ndarray'>
27.1144 	EXP 	noise: tex = <class 'numpy.ndarray'>
27.1647 	EXP 	noise: tex = <class 'numpy.ndarray'>
27.2143 	EXP 	noise: tex = <class 'numpy.ndarray'>
27.2188 	EXP 	New trial (rep=0, index=1): OrderedDict([('blobHeight', 0.1892), ('blobWidth', 0.37), ('mask', '$np.ones((512,512))'), ('sig', 0.01)])
27.2314 	EXP 	noise_0: autoDraw = False
27.2314 	EXP 	noise: autoDraw = False
27.2314 	EXP 	blob_0: autoDraw = False
27.2314 	EXP 	blob: autoDraw = False
27.2314 	EXP 	cursor: autoDraw = False
27.2314 	EXP 	start_trial_text: autoDraw = True
27.7992 	DATA 	Mouse: Left button down, pos=(696,369)
27.8182 	EXP 	window1: mouseVisible = 0
27.8774 	EXP 	start_trial_text: autoDraw = False
27.8774 	EXP 	blob_0: tex = <class 'numpy.ndarray'>
27.8774 	EXP 	blob: tex = <class 'numpy.ndarray'>
27.8774 	EXP 	noise_0: autoDraw = True
27.8774 	EXP 	noise_0: tex = <class 'numpy.ndarray'>
27.8774 	EXP 	blob_0: autoDraw = True
27.8774 	EXP 	cursor: autoDraw = True
27.9357 	EXP 	noise_0: tex = <class 'numpy.ndarray'>
27.9368 	DATA 	Mouse:  Left button up, pos=(720,450)
27.9859 	EXP 	noise_0: tex = <class 'numpy.ndarray'>
28.0320 	EXP 	noise_0: tex = <class 'numpy.ndarray'>
28.0827 	EXP 	noise_0: tex = <class 'numpy.ndarray'>
28.1322 	EXP 	noise_0: tex = <class 'numpy.ndarray'>
28.1813 	EXP 	noise_0: tex = <class 'numpy.ndarray'>
28.2335 	EXP 	noise_0: tex = <class 'numpy.ndarray'>
28.2812 	EXP 	noise_0: tex = <class 'numpy.ndarray'>
28.3310 	EXP 	noise_0: tex = <class 'numpy.ndarray'>
28.4277 	EXP 	noise_0: tex = <class 'numpy.ndarray'>
28.4277 	EXP 	noise: autoDraw = True
28.4277 	EXP 	noise: tex = <class 'numpy.ndarray'>
28.4277 	EXP 	blob: autoDraw = True
28.4811 	EXP 	noise_0: autoDraw = False
28.4811 	EXP 	noise: tex = <class 'numpy.ndarray'>
28.4811 	EXP 	blob_0: autoDraw = False
28.5315 	EXP 	noise: tex = <class 'numpy.ndarray'>
28.5812 	EXP 	noise: tex = <class 'numpy.ndarray'>
28.6312 	EXP 	noise: tex = <class 'numpy.ndarray'>
28.6810 	EXP 	noise: tex = <class 'numpy.ndarray'>
28.7312 	EXP 	noise: tex = <class 'numpy.ndarray'>
28.7827 	EXP 	noise: tex = <class 'numpy.ndarray'>
28.8321 	EXP 	noise: tex = <class 'numpy.ndarray'>
28.8810 	EXP 	noise: tex = <class 'numpy.ndarray'>
28.9316 	EXP 	noise: tex = <class 'numpy.ndarray'>
28.9840 	EXP 	noise: tex = <class 'numpy.ndarray'>
29.0319 	EXP 	noise: tex = <class 'numpy.ndarray'>
29.0811 	EXP 	noise: tex = <class 'numpy.ndarray'>
29.1328 	EXP 	noise: tex = <class 'numpy.ndarray'>
29.1842 	EXP 	noise: tex = <class 'numpy.ndarray'>
29.2312 	EXP 	noise: tex = <class 'numpy.ndarray'>
29.2809 	EXP 	noise: tex = <class 'numpy.ndarray'>
29.3310 	EXP 	noise: tex = <class 'numpy.ndarray'>
29.3834 	EXP 	noise: tex = <class 'numpy.ndarray'>
29.4321 	EXP 	noise: tex = <class 'numpy.ndarray'>
29.4821 	EXP 	noise: tex = <class 'numpy.ndarray'>
29.5334 	EXP 	noise: tex = <class 'numpy.ndarray'>
29.5824 	EXP 	noise: tex = <class 'numpy.ndarray'>
29.6341 	EXP 	noise: tex = <class 'numpy.ndarray'>
29.6864 	EXP 	noise: tex = <class 'numpy.ndarray'>
29.7370 	EXP 	noise: tex = <class 'numpy.ndarray'>
29.7840 	EXP 	noise: tex = <class 'numpy.ndarray'>
29.8370 	EXP 	noise: tex = <class 'numpy.ndarray'>
29.8861 	EXP 	noise: tex = <class 'numpy.ndarray'>
29.9376 	EXP 	noise: tex = <class 'numpy.ndarray'>
29.9848 	EXP 	noise: tex = <class 'numpy.ndarray'>
30.0387 	EXP 	noise: tex = <class 'numpy.ndarray'>
30.0884 	EXP 	noise: tex = <class 'numpy.ndarray'>
30.1389 	EXP 	noise: tex = <class 'numpy.ndarray'>
30.1860 	EXP 	noise: tex = <class 'numpy.ndarray'>
30.2345 	EXP 	noise: tex = <class 'numpy.ndarray'>
30.2812 	EXP 	noise: tex = <class 'numpy.ndarray'>
30.3420 	EXP 	noise: tex = <class 'numpy.ndarray'>
30.3884 	EXP 	noise: tex = <class 'numpy.ndarray'>
30.4353 	EXP 	noise: tex = <class 'numpy.ndarray'>
30.4840 	EXP 	noise: tex = <class 'numpy.ndarray'>
30.5340 	EXP 	noise: tex = <class 'numpy.ndarray'>
30.5827 	EXP 	noise: tex = <class 'numpy.ndarray'>
30.6365 	EXP 	noise: tex = <class 'numpy.ndarray'>
30.6852 	EXP 	noise: tex = <class 'numpy.ndarray'>
30.7332 	EXP 	noise: tex = <class 'numpy.ndarray'>
30.7825 	EXP 	noise: tex = <class 'numpy.ndarray'>
30.8325 	EXP 	noise: tex = <class 'numpy.ndarray'>
30.8809 	EXP 	noise: tex = <class 'numpy.ndarray'>
30.9308 	EXP 	noise: tex = <class 'numpy.ndarray'>
30.9808 	EXP 	noise: tex = <class 'numpy.ndarray'>
31.0314 	EXP 	noise: tex = <class 'numpy.ndarray'>
31.0811 	EXP 	noise: tex = <class 'numpy.ndarray'>
31.1427 	EXP 	noise: tex = <class 'numpy.ndarray'>
31.2030 	EXP 	noise: tex = <class 'numpy.ndarray'>
31.2641 	EXP 	noise: tex = <class 'numpy.ndarray'>
31.3312 	EXP 	noise: tex = <class 'numpy.ndarray'>
31.3995 	EXP 	noise: tex = <class 'numpy.ndarray'>
31.4609 	EXP 	noise: tex = <class 'numpy.ndarray'>
31.5175 	EXP 	noise: tex = <class 'numpy.ndarray'>
31.5674 	EXP 	noise: tex = <class 'numpy.ndarray'>
31.6143 	EXP 	noise: tex = <class 'numpy.ndarray'>
31.6642 	EXP 	noise: tex = <class 'numpy.ndarray'>
31.7143 	EXP 	noise: tex = <class 'numpy.ndarray'>
31.7663 	EXP 	noise: tex = <class 'numpy.ndarray'>
31.8145 	EXP 	noise: tex = <class 'numpy.ndarray'>
31.8659 	EXP 	noise: tex = <class 'numpy.ndarray'>
31.9176 	EXP 	noise: tex = <class 'numpy.ndarray'>
31.9683 	EXP 	noise: tex = <class 'numpy.ndarray'>
32.0168 	EXP 	noise: tex = <class 'numpy.ndarray'>
32.0663 	EXP 	noise: tex = <class 'numpy.ndarray'>
32.1159 	EXP 	noise: tex = <class 'numpy.ndarray'>
32.1669 	EXP 	noise: tex = <class 'numpy.ndarray'>
32.2156 	EXP 	noise: tex = <class 'numpy.ndarray'>
32.2667 	EXP 	noise: tex = <class 'numpy.ndarray'>
32.3207 	EXP 	noise: tex = <class 'numpy.ndarray'>
32.3834 	EXP 	noise: tex = <class 'numpy.ndarray'>
32.4340 	EXP 	noise: tex = <class 'numpy.ndarray'>
32.4863 	EXP 	noise: tex = <class 'numpy.ndarray'>
32.5325 	EXP 	noise: tex = <class 'numpy.ndarray'>
32.5808 	EXP 	noise: tex = <class 'numpy.ndarray'>
32.6309 	EXP 	noise: tex = <class 'numpy.ndarray'>
32.6808 	EXP 	noise: tex = <class 'numpy.ndarray'>
32.7309 	EXP 	noise: tex = <class 'numpy.ndarray'>
32.7808 	EXP 	noise: tex = <class 'numpy.ndarray'>
32.8308 	EXP 	noise: tex = <class 'numpy.ndarray'>
32.8808 	EXP 	noise: tex = <class 'numpy.ndarray'>
32.9308 	EXP 	noise: tex = <class 'numpy.ndarray'>
32.9808 	EXP 	noise: tex = <class 'numpy.ndarray'>
33.0308 	EXP 	noise: tex = <class 'numpy.ndarray'>
33.0808 	EXP 	noise: tex = <class 'numpy.ndarray'>
33.1308 	EXP 	noise: tex = <class 'numpy.ndarray'>
33.1808 	EXP 	noise: tex = <class 'numpy.ndarray'>
33.2336 	EXP 	noise: tex = <class 'numpy.ndarray'>
33.2808 	EXP 	noise: tex = <class 'numpy.ndarray'>
33.3308 	EXP 	noise: tex = <class 'numpy.ndarray'>
33.3808 	EXP 	noise: tex = <class 'numpy.ndarray'>
33.4308 	EXP 	noise: tex = <class 'numpy.ndarray'>
33.4821 	EXP 	noise: tex = <class 'numpy.ndarray'>
33.5308 	EXP 	noise: tex = <class 'numpy.ndarray'>
33.5808 	EXP 	noise: tex = <class 'numpy.ndarray'>
33.6308 	EXP 	noise: tex = <class 'numpy.ndarray'>
33.6808 	EXP 	noise: tex = <class 'numpy.ndarray'>
33.7308 	EXP 	noise: tex = <class 'numpy.ndarray'>
33.7808 	EXP 	noise: tex = <class 'numpy.ndarray'>
33.8308 	EXP 	noise: tex = <class 'numpy.ndarray'>
33.8808 	EXP 	noise: tex = <class 'numpy.ndarray'>
33.9308 	EXP 	noise: tex = <class 'numpy.ndarray'>
33.9808 	EXP 	noise: tex = <class 'numpy.ndarray'>
34.0237 	EXP 	noise: tex = <class 'numpy.ndarray'>
34.0728 	EXP 	noise: tex = <class 'numpy.ndarray'>
34.1201 	EXP 	noise: tex = <class 'numpy.ndarray'>
34.1684 	EXP 	noise: tex = <class 'numpy.ndarray'>
34.2218 	EXP 	noise: tex = <class 'numpy.ndarray'>
34.2835 	EXP 	noise: tex = <class 'numpy.ndarray'>
34.3358 	EXP 	noise: tex = <class 'numpy.ndarray'>
34.3860 	EXP 	noise: tex = <class 'numpy.ndarray'>
34.4308 	EXP 	noise: tex = <class 'numpy.ndarray'>
34.4808 	EXP 	noise: tex = <class 'numpy.ndarray'>
34.5308 	EXP 	noise: tex = <class 'numpy.ndarray'>
34.5808 	EXP 	noise: tex = <class 'numpy.ndarray'>
34.6309 	EXP 	noise: tex = <class 'numpy.ndarray'>
34.6808 	EXP 	noise: tex = <class 'numpy.ndarray'>
34.7308 	EXP 	noise: tex = <class 'numpy.ndarray'>
34.7808 	EXP 	noise: tex = <class 'numpy.ndarray'>
34.8308 	EXP 	noise: tex = <class 'numpy.ndarray'>
34.8808 	EXP 	noise: tex = <class 'numpy.ndarray'>
34.9242 	EXP 	noise: tex = <class 'numpy.ndarray'>
34.9692 	EXP 	noise: tex = <class 'numpy.ndarray'>
35.0181 	EXP 	noise: tex = <class 'numpy.ndarray'>
35.0661 	EXP 	noise: tex = <class 'numpy.ndarray'>
35.1147 	EXP 	noise: tex = <class 'numpy.ndarray'>
35.1640 	EXP 	noise: tex = <class 'numpy.ndarray'>
35.2140 	EXP 	noise: tex = <class 'numpy.ndarray'>
35.2643 	EXP 	noise: tex = <class 'numpy.ndarray'>
35.3141 	EXP 	noise: tex = <class 'numpy.ndarray'>
35.3646 	EXP 	noise: tex = <class 'numpy.ndarray'>
35.4163 	EXP 	noise: tex = <class 'numpy.ndarray'>
35.4644 	EXP 	noise: tex = <class 'numpy.ndarray'>
35.5149 	EXP 	noise: tex = <class 'numpy.ndarray'>
35.5643 	EXP 	noise: tex = <class 'numpy.ndarray'>
35.6146 	EXP 	noise: tex = <class 'numpy.ndarray'>
35.6644 	EXP 	noise: tex = <class 'numpy.ndarray'>
35.7142 	EXP 	noise: tex = <class 'numpy.ndarray'>
35.7646 	EXP 	noise: tex = <class 'numpy.ndarray'>
35.8144 	EXP 	noise: tex = <class 'numpy.ndarray'>
35.8640 	EXP 	noise: tex = <class 'numpy.ndarray'>
35.9158 	EXP 	noise: tex = <class 'numpy.ndarray'>
35.9644 	EXP 	noise: tex = <class 'numpy.ndarray'>
36.0143 	EXP 	noise: tex = <class 'numpy.ndarray'>
36.0644 	EXP 	noise: tex = <class 'numpy.ndarray'>
36.1263 	EXP 	noise: tex = <class 'numpy.ndarray'>
36.1743 	EXP 	noise: tex = <class 'numpy.ndarray'>
36.2219 	EXP 	noise: tex = <class 'numpy.ndarray'>
36.2728 	EXP 	noise: tex = <class 'numpy.ndarray'>
36.3199 	EXP 	noise: tex = <class 'numpy.ndarray'>
36.3663 	EXP 	noise: tex = <class 'numpy.ndarray'>
36.4166 	EXP 	noise: tex = <class 'numpy.ndarray'>
36.4680 	EXP 	noise: tex = <class 'numpy.ndarray'>
36.5184 	EXP 	noise: tex = <class 'numpy.ndarray'>
36.5683 	EXP 	noise: tex = <class 'numpy.ndarray'>
36.6185 	EXP 	noise: tex = <class 'numpy.ndarray'>
36.6650 	EXP 	noise: tex = <class 'numpy.ndarray'>
36.7174 	EXP 	noise: tex = <class 'numpy.ndarray'>
36.7661 	EXP 	noise: tex = <class 'numpy.ndarray'>
36.8143 	EXP 	noise: tex = <class 'numpy.ndarray'>
36.8643 	EXP 	noise: tex = <class 'numpy.ndarray'>
36.9164 	EXP 	noise: tex = <class 'numpy.ndarray'>
36.9710 	EXP 	noise: tex = <class 'numpy.ndarray'>
37.0257 	EXP 	noise: tex = <class 'numpy.ndarray'>
37.0736 	EXP 	noise: tex = <class 'numpy.ndarray'>
37.1223 	EXP 	noise: tex = <class 'numpy.ndarray'>
37.1694 	EXP 	noise: tex = <class 'numpy.ndarray'>
37.2243 	EXP 	noise: tex = <class 'numpy.ndarray'>
37.2798 	EXP 	noise: tex = <class 'numpy.ndarray'>
37.3409 	EXP 	noise: tex = <class 'numpy.ndarray'>
37.3888 	EXP 	noise: tex = <class 'numpy.ndarray'>
37.4405 	EXP 	noise: tex = <class 'numpy.ndarray'>
37.4973 	EXP 	noise: tex = <class 'numpy.ndarray'>
37.5477 	EXP 	noise: tex = <class 'numpy.ndarray'>
37.5977 	EXP 	noise: tex = <class 'numpy.ndarray'>
37.6478 	EXP 	noise: tex = <class 'numpy.ndarray'>
37.6976 	EXP 	noise: tex = <class 'numpy.ndarray'>
37.7479 	EXP 	noise: tex = <class 'numpy.ndarray'>
37.7978 	EXP 	noise: tex = <class 'numpy.ndarray'>
37.8477 	EXP 	noise: tex = <class 'numpy.ndarray'>
37.8983 	EXP 	noise: tex = <class 'numpy.ndarray'>
37.9512 	EXP 	noise: tex = <class 'numpy.ndarray'>
38.0014 	EXP 	noise: tex = <class 'numpy.ndarray'>
38.0526 	EXP 	noise: tex = <class 'numpy.ndarray'>
38.1009 	EXP 	noise: tex = <class 'numpy.ndarray'>
38.1482 	EXP 	noise: tex = <class 'numpy.ndarray'>
38.1975 	EXP 	noise: tex = <class 'numpy.ndarray'>
38.2477 	EXP 	noise: tex = <class 'numpy.ndarray'>
38.2978 	EXP 	noise: tex = <class 'numpy.ndarray'>
38.3475 	EXP 	noise: tex = <class 'numpy.ndarray'>
38.3974 	EXP 	noise: tex = <class 'numpy.ndarray'>
38.4476 	EXP 	noise: tex = <class 'numpy.ndarray'>
38.4978 	EXP 	noise: tex = <class 'numpy.ndarray'>
38.5593 	EXP 	noise: tex = <class 'numpy.ndarray'>
38.6065 	EXP 	noise: tex = <class 'numpy.ndarray'>
38.6528 	EXP 	noise: tex = <class 'numpy.ndarray'>
38.6999 	EXP 	noise: tex = <class 'numpy.ndarray'>
38.7611 	EXP 	noise: tex = <class 'numpy.ndarray'>
38.8202 	EXP 	noise: tex = <class 'numpy.ndarray'>
38.8695 	EXP 	noise: tex = <class 'numpy.ndarray'>
38.9197 	EXP 	noise: tex = <class 'numpy.ndarray'>
38.9673 	EXP 	noise: tex = <class 'numpy.ndarray'>
39.0177 	EXP 	noise: tex = <class 'numpy.ndarray'>
39.0669 	EXP 	noise: tex = <class 'numpy.ndarray'>
39.1189 	EXP 	noise: tex = <class 'numpy.ndarray'>
39.1697 	EXP 	noise: tex = <class 'numpy.ndarray'>
39.2218 	EXP 	noise: tex = <class 'numpy.ndarray'>
39.2724 	EXP 	noise: tex = <class 'numpy.ndarray'>
39.3205 	EXP 	noise: tex = <class 'numpy.ndarray'>
39.3693 	EXP 	noise: tex = <class 'numpy.ndarray'>
39.4200 	EXP 	noise: tex = <class 'numpy.ndarray'>
39.4836 	EXP 	noise: tex = <class 'numpy.ndarray'>
39.5372 	EXP 	noise: tex = <class 'numpy.ndarray'>
39.5887 	EXP 	noise: tex = <class 'numpy.ndarray'>
39.6411 	EXP 	noise: tex = <class 'numpy.ndarray'>
39.6882 	EXP 	noise: tex = <class 'numpy.ndarray'>
39.7371 	EXP 	noise: tex = <class 'numpy.ndarray'>
39.7828 	EXP 	noise: tex = <class 'numpy.ndarray'>
39.8315 	EXP 	noise: tex = <class 'numpy.ndarray'>
39.8809 	EXP 	noise: tex = <class 'numpy.ndarray'>
39.9308 	EXP 	noise: tex = <class 'numpy.ndarray'>
39.9808 	EXP 	noise: tex = <class 'numpy.ndarray'>
40.0311 	EXP 	noise: tex = <class 'numpy.ndarray'>
40.0809 	EXP 	noise: tex = <class 'numpy.ndarray'>
40.1308 	EXP 	noise: tex = <class 'numpy.ndarray'>
40.1812 	EXP 	noise: tex = <class 'numpy.ndarray'>
40.2310 	EXP 	noise: tex = <class 'numpy.ndarray'>
40.2822 	EXP 	noise: tex = <class 'numpy.ndarray'>
40.3307 	EXP 	noise: tex = <class 'numpy.ndarray'>
40.3808 	EXP 	noise: tex = <class 'numpy.ndarray'>
40.4310 	EXP 	noise: tex = <class 'numpy.ndarray'>
40.4839 	EXP 	noise: tex = <class 'numpy.ndarray'>
40.5332 	EXP 	noise: tex = <class 'numpy.ndarray'>
40.5824 	EXP 	noise: tex = <class 'numpy.ndarray'>
40.6318 	EXP 	noise: tex = <class 'numpy.ndarray'>
40.6808 	EXP 	noise: tex = <class 'numpy.ndarray'>
40.7349 	EXP 	noise: tex = <class 'numpy.ndarray'>
40.7812 	EXP 	noise: tex = <class 'numpy.ndarray'>
40.8310 	EXP 	noise: tex = <class 'numpy.ndarray'>
40.8810 	EXP 	noise: tex = <class 'numpy.ndarray'>
40.9311 	EXP 	noise: tex = <class 'numpy.ndarray'>
40.9809 	EXP 	noise: tex = <class 'numpy.ndarray'>
41.0309 	EXP 	noise: tex = <class 'numpy.ndarray'>
41.0808 	EXP 	noise: tex = <class 'numpy.ndarray'>
41.1307 	EXP 	noise: tex = <class 'numpy.ndarray'>
41.1806 	EXP 	noise: tex = <class 'numpy.ndarray'>
41.2312 	EXP 	noise: tex = <class 'numpy.ndarray'>
41.2809 	EXP 	noise: tex = <class 'numpy.ndarray'>
41.3440 	EXP 	noise: tex = <class 'numpy.ndarray'>
41.3910 	EXP 	noise: tex = <class 'numpy.ndarray'>
41.4408 	EXP 	noise: tex = <class 'numpy.ndarray'>
41.4882 	EXP 	noise: tex = <class 'numpy.ndarray'>
41.5407 	EXP 	noise: tex = <class 'numpy.ndarray'>
41.5896 	EXP 	noise: tex = <class 'numpy.ndarray'>
41.6364 	EXP 	noise: tex = <class 'numpy.ndarray'>
41.6879 	EXP 	noise: tex = <class 'numpy.ndarray'>
41.7473 	EXP 	noise: tex = <class 'numpy.ndarray'>
41.7976 	EXP 	noise: tex = <class 'numpy.ndarray'>
41.8475 	EXP 	noise: tex = <class 'numpy.ndarray'>
41.8978 	EXP 	noise: tex = <class 'numpy.ndarray'>
41.9479 	EXP 	noise: tex = <class 'numpy.ndarray'>
41.9974 	EXP 	noise: tex = <class 'numpy.ndarray'>
42.0512 	EXP 	noise: tex = <class 'numpy.ndarray'>
42.1021 	EXP 	noise: tex = <class 'numpy.ndarray'>
42.1525 	EXP 	noise: tex = <class 'numpy.ndarray'>
42.1992 	EXP 	noise: tex = <class 'numpy.ndarray'>
42.2478 	EXP 	noise: tex = <class 'numpy.ndarray'>
42.2978 	EXP 	noise: tex = <class 'numpy.ndarray'>
42.3485 	EXP 	noise: tex = <class 'numpy.ndarray'>
42.3973 	EXP 	noise: tex = <class 'numpy.ndarray'>
42.4474 	EXP 	noise: tex = <class 'numpy.ndarray'>
42.5002 	EXP 	noise: tex = <class 'numpy.ndarray'>
42.5503 	EXP 	noise: tex = <class 'numpy.ndarray'>
42.5975 	EXP 	noise: tex = <class 'numpy.ndarray'>
42.6474 	EXP 	noise: tex = <class 'numpy.ndarray'>
42.6979 	EXP 	noise: tex = <class 'numpy.ndarray'>
42.7476 	EXP 	noise: tex = <class 'numpy.ndarray'>
42.7993 	EXP 	noise: tex = <class 'numpy.ndarray'>
42.8473 	EXP 	noise: tex = <class 'numpy.ndarray'>
42.8974 	EXP 	noise: tex = <class 'numpy.ndarray'>
42.9484 	EXP 	noise: tex = <class 'numpy.ndarray'>
43.0085 	EXP 	noise: tex = <class 'numpy.ndarray'>
43.0560 	EXP 	noise: tex = <class 'numpy.ndarray'>
43.1049 	EXP 	noise: tex = <class 'numpy.ndarray'>
43.1533 	EXP 	noise: tex = <class 'numpy.ndarray'>
43.2033 	EXP 	noise: tex = <class 'numpy.ndarray'>
43.2521 	EXP 	noise: tex = <class 'numpy.ndarray'>
43.3006 	EXP 	noise: tex = <class 'numpy.ndarray'>
43.3611 	EXP 	noise: tex = <class 'numpy.ndarray'>
43.3660 	EXP 	New trial (rep=0, index=2): OrderedDict([('blobHeight', 0.4188), ('blobWidth', 0.17), ('mask', '$np.ones((512,512))'), ('sig', 0.01)])
43.3790 	EXP 	noise_0: autoDraw = False
43.3790 	EXP 	noise: autoDraw = False
43.3790 	EXP 	blob_0: autoDraw = False
43.3790 	EXP 	blob: autoDraw = False
43.3790 	EXP 	cursor: autoDraw = False
43.3790 	EXP 	start_trial_text: autoDraw = True
43.9845 	DATA 	Mouse: Left button down, pos=(897,601)
44.0171 	EXP 	window1: mouseVisible = 0
44.0770 	EXP 	start_trial_text: autoDraw = False
44.0770 	EXP 	blob_0: tex = <class 'numpy.ndarray'>
44.0770 	EXP 	blob: tex = <class 'numpy.ndarray'>
44.0770 	EXP 	noise_0: autoDraw = True
44.0770 	EXP 	noise_0: tex = <class 'numpy.ndarray'>
44.0770 	EXP 	blob_0: autoDraw = True
44.0770 	EXP 	cursor: autoDraw = True
44.1079 	DATA 	Mouse:  Left button up, pos=(720,450)
44.1311 	EXP 	noise_0: tex = <class 'numpy.ndarray'>
44.1835 	EXP 	noise_0: tex = <class 'numpy.ndarray'>
44.2309 	EXP 	noise_0: tex = <class 'numpy.ndarray'>
44.2809 	EXP 	noise_0: tex = <class 'numpy.ndarray'>
44.3307 	EXP 	noise_0: tex = <class 'numpy.ndarray'>
44.3809 	EXP 	noise_0: tex = <class 'numpy.ndarray'>
44.4309 	EXP 	noise_0: tex = <class 'numpy.ndarray'>
44.4809 	EXP 	noise_0: tex = <class 'numpy.ndarray'>
44.5306 	EXP 	noise_0: tex = <class 'numpy.ndarray'>
44.6147 	EXP 	noise_0: tex = <class 'numpy.ndarray'>
44.6147 	EXP 	noise: autoDraw = True
44.6147 	EXP 	noise: tex = <class 'numpy.ndarray'>
44.6147 	EXP 	blob: autoDraw = True
44.6639 	EXP 	noise_0: autoDraw = False
44.6639 	EXP 	noise: tex = <class 'numpy.ndarray'>
44.6639 	EXP 	blob_0: autoDraw = False
44.7072 	EXP 	noise: tex = <class 'numpy.ndarray'>
44.7539 	EXP 	noise: tex = <class 'numpy.ndarray'>
44.8013 	EXP 	noise: tex = <class 'numpy.ndarray'>
44.8480 	EXP 	noise: tex = <class 'numpy.ndarray'>
44.8975 	EXP 	noise: tex = <class 'numpy.ndarray'>
44.9477 	EXP 	noise: tex = <class 'numpy.ndarray'>
44.9973 	EXP 	noise: tex = <class 'numpy.ndarray'>
45.0475 	EXP 	noise: tex = <class 'numpy.ndarray'>
45.0996 	EXP 	noise: tex = <class 'numpy.ndarray'>
45.1474 	EXP 	noise: tex = <class 'numpy.ndarray'>
45.1976 	EXP 	noise: tex = <class 'numpy.ndarray'>
45.2477 	EXP 	noise: tex = <class 'numpy.ndarray'>
45.2982 	EXP 	noise: tex = <class 'numpy.ndarray'>
45.3485 	EXP 	noise: tex = <class 'numpy.ndarray'>
45.3983 	EXP 	noise: tex = <class 'numpy.ndarray'>
45.4480 	EXP 	noise: tex = <class 'numpy.ndarray'>
45.4974 	EXP 	noise: tex = <class 'numpy.ndarray'>
45.5475 	EXP 	noise: tex = <class 'numpy.ndarray'>
45.6001 	EXP 	noise: tex = <class 'numpy.ndarray'>
45.6500 	EXP 	noise: tex = <class 'numpy.ndarray'>
45.6982 	EXP 	noise: tex = <class 'numpy.ndarray'>
45.7508 	EXP 	noise: tex = <class 'numpy.ndarray'>
45.7992 	EXP 	noise: tex = <class 'numpy.ndarray'>
45.8475 	EXP 	noise: tex = <class 'numpy.ndarray'>
45.8978 	EXP 	noise: tex = <class 'numpy.ndarray'>
45.9475 	EXP 	noise: tex = <class 'numpy.ndarray'>
45.9975 	EXP 	noise: tex = <class 'numpy.ndarray'>
46.0477 	EXP 	noise: tex = <class 'numpy.ndarray'>
46.0990 	EXP 	noise: tex = <class 'numpy.ndarray'>
46.1481 	EXP 	noise: tex = <class 'numpy.ndarray'>
46.1974 	EXP 	noise: tex = <class 'numpy.ndarray'>
46.2474 	EXP 	noise: tex = <class 'numpy.ndarray'>
46.2976 	EXP 	noise: tex = <class 'numpy.ndarray'>
46.3475 	EXP 	noise: tex = <class 'numpy.ndarray'>
46.3973 	EXP 	noise: tex = <class 'numpy.ndarray'>
46.4479 	EXP 	noise: tex = <class 'numpy.ndarray'>
46.4976 	EXP 	noise: tex = <class 'numpy.ndarray'>
46.5474 	EXP 	noise: tex = <class 'numpy.ndarray'>
46.5976 	EXP 	noise: tex = <class 'numpy.ndarray'>
46.6475 	EXP 	noise: tex = <class 'numpy.ndarray'>
46.6974 	EXP 	noise: tex = <class 'numpy.ndarray'>
46.7478 	EXP 	noise: tex = <class 'numpy.ndarray'>
46.7974 	EXP 	noise: tex = <class 'numpy.ndarray'>
46.8491 	EXP 	noise: tex = <class 'numpy.ndarray'>
46.9015 	EXP 	noise: tex = <class 'numpy.ndarray'>
46.9479 	EXP 	noise: tex = <class 'numpy.ndarray'>
46.9978 	EXP 	noise: tex = <class 'numpy.ndarray'>
47.0474 	EXP 	noise: tex = <class 'numpy.ndarray'>
47.0973 	EXP 	noise: tex = <class 'numpy.ndarray'>
47.1580 	EXP 	noise: tex = <class 'numpy.ndarray'>
47.2055 	EXP 	noise: tex = <class 'numpy.ndarray'>
47.2517 	EXP 	noise: tex = <class 'numpy.ndarray'>
47.3012 	EXP 	noise: tex = <class 'numpy.ndarray'>
47.3501 	EXP 	noise: tex = <class 'numpy.ndarray'>
47.3977 	EXP 	noise: tex = <class 'numpy.ndarray'>
47.4478 	EXP 	noise: tex = <class 'numpy.ndarray'>
47.4974 	EXP 	noise: tex = <class 'numpy.ndarray'>
47.5486 	EXP 	noise: tex = <class 'numpy.ndarray'>
47.6089 	EXP 	noise: tex = <class 'numpy.ndarray'>
47.6640 	EXP 	noise: tex = <class 'numpy.ndarray'>
47.7142 	EXP 	noise: tex = <class 'numpy.ndarray'>
47.7661 	EXP 	noise: tex = <class 'numpy.ndarray'>
47.8143 	EXP 	noise: tex = <class 'numpy.ndarray'>
47.8644 	EXP 	noise: tex = <class 'numpy.ndarray'>
47.9146 	EXP 	noise: tex = <class 'numpy.ndarray'>
47.9642 	EXP 	noise: tex = <class 'numpy.ndarray'>
48.0162 	EXP 	noise: tex = <class 'numpy.ndarray'>
48.0640 	EXP 	noise: tex = <class 'numpy.ndarray'>
48.1140 	EXP 	noise: tex = <class 'numpy.ndarray'>
48.1641 	EXP 	noise: tex = <class 'numpy.ndarray'>
48.2144 	EXP 	noise: tex = <class 'numpy.ndarray'>
48.2651 	EXP 	noise: tex = <class 'numpy.ndarray'>
48.3143 	EXP 	noise: tex = <class 'numpy.ndarray'>
48.3643 	EXP 	noise: tex = <class 'numpy.ndarray'>
48.4140 	EXP 	noise: tex = <class 'numpy.ndarray'>
48.4643 	EXP 	noise: tex = <class 'numpy.ndarray'>
48.5141 	EXP 	noise: tex = <class 'numpy.ndarray'>
48.5645 	EXP 	noise: tex = <class 'numpy.ndarray'>
48.6182 	EXP 	noise: tex = <class 'numpy.ndarray'>
48.6695 	EXP 	noise: tex = <class 'numpy.ndarray'>
48.7180 	EXP 	noise: tex = <class 'numpy.ndarray'>
48.7650 	EXP 	noise: tex = <class 'numpy.ndarray'>
48.8145 	EXP 	noise: tex = <class 'numpy.ndarray'>
48.8642 	EXP 	noise: tex = <class 'numpy.ndarray'>
48.9143 	EXP 	noise: tex = <class 'numpy.ndarray'>
48.9656 	EXP 	noise: tex = <class 'numpy.ndarray'>
49.0140 	EXP 	noise: tex = <class 'numpy.ndarray'>
49.0661 	EXP 	noise: tex = <class 'numpy.ndarray'>
49.1141 	EXP 	noise: tex = <class 'numpy.ndarray'>
49.1644 	EXP 	noise: tex = <class 'numpy.ndarray'>
49.2147 	EXP 	noise: tex = <class 'numpy.ndarray'>
49.2647 	EXP 	noise: tex = <class 'numpy.ndarray'>
49.3147 	EXP 	noise: tex = <class 'numpy.ndarray'>
49.3651 	EXP 	noise: tex = <class 'numpy.ndarray'>
49.4140 	EXP 	noise: tex = <class 'numpy.ndarray'>
49.4640 	EXP 	noise: tex = <class 'numpy.ndarray'>
49.5141 	EXP 	noise: tex = <class 'numpy.ndarray'>
49.5654 	EXP 	noise: tex = <class 'numpy.ndarray'>
49.6166 	EXP 	noise: tex = <class 'numpy.ndarray'>
49.6696 	EXP 	noise: tex = <class 'numpy.ndarray'>
49.7213 	EXP 	noise: tex = <class 'numpy.ndarray'>
49.7714 	EXP 	noise: tex = <class 'numpy.ndarray'>
49.8192 	EXP 	noise: tex = <class 'numpy.ndarray'>
49.8733 	EXP 	noise: tex = <class 'numpy.ndarray'>
49.9223 	EXP 	noise: tex = <class 'numpy.ndarray'>
49.9686 	EXP 	noise: tex = <class 'numpy.ndarray'>
50.0184 	EXP 	noise: tex = <class 'numpy.ndarray'>
50.0682 	EXP 	noise: tex = <class 'numpy.ndarray'>
50.1171 	EXP 	noise: tex = <class 'numpy.ndarray'>
50.1654 	EXP 	noise: tex = <class 'numpy.ndarray'>
50.2141 	EXP 	noise: tex = <class 'numpy.ndarray'>
50.2642 	EXP 	noise: tex = <class 'numpy.ndarray'>
50.3156 	EXP 	noise: tex = <class 'numpy.ndarray'>
50.3643 	EXP 	noise: tex = <class 'numpy.ndarray'>
50.4142 	EXP 	noise: tex = <class 'numpy.ndarray'>
50.4662 	EXP 	noise: tex = <class 'numpy.ndarray'>
50.5157 	EXP 	noise: tex = <class 'numpy.ndarray'>
50.5668 	EXP 	noise: tex = <class 'numpy.ndarray'>
50.6141 	EXP 	noise: tex = <class 'numpy.ndarray'>
50.6640 	EXP 	noise: tex = <class 'numpy.ndarray'>
50.7249 	EXP 	noise: tex = <class 'numpy.ndarray'>
50.7720 	EXP 	noise: tex = <class 'numpy.ndarray'>
50.8199 	EXP 	noise: tex = <class 'numpy.ndarray'>
50.8668 	EXP 	noise: tex = <class 'numpy.ndarray'>
50.9166 	EXP 	noise: tex = <class 'numpy.ndarray'>
50.9682 	EXP 	noise: tex = <class 'numpy.ndarray'>
51.0195 	EXP 	noise: tex = <class 'numpy.ndarray'>
51.0675 	EXP 	noise: tex = <class 'numpy.ndarray'>
51.1156 	EXP 	noise: tex = <class 'numpy.ndarray'>
51.1663 	EXP 	noise: tex = <class 'numpy.ndarray'>
51.2165 	EXP 	noise: tex = <class 'numpy.ndarray'>
51.2770 	EXP 	noise: tex = <class 'numpy.ndarray'>
51.3306 	EXP 	noise: tex = <class 'numpy.ndarray'>
51.3805 	EXP 	noise: tex = <class 'numpy.ndarray'>
51.4331 	EXP 	noise: tex = <class 'numpy.ndarray'>
51.4863 	EXP 	noise: tex = <class 'numpy.ndarray'>
51.5357 	EXP 	noise: tex = <class 'numpy.ndarray'>
51.5844 	EXP 	noise: tex = <class 'numpy.ndarray'>
51.6322 	EXP 	noise: tex = <class 'numpy.ndarray'>
51.6810 	EXP 	noise: tex = <class 'numpy.ndarray'>
51.7305 	EXP 	noise: tex = <class 'numpy.ndarray'>
51.7838 	EXP 	noise: tex = <class 'numpy.ndarray'>
51.8306 	EXP 	noise: tex = <class 'numpy.ndarray'>
51.8807 	EXP 	noise: tex = <class 'numpy.ndarray'>
51.9307 	EXP 	noise: tex = <class 'numpy.ndarray'>
51.9846 	EXP 	noise: tex = <class 'numpy.ndarray'>
52.0311 	EXP 	noise: tex = <class 'numpy.ndarray'>
52.0918 	EXP 	noise: tex = <class 'numpy.ndarray'>
52.1379 	EXP 	noise: tex = <class 'numpy.ndarray'>
52.1842 	EXP 	noise: tex = <class 'numpy.ndarray'>
52.2320 	EXP 	noise: tex = <class 'numpy.ndarray'>
52.2808 	EXP 	noise: tex = <class 'numpy.ndarray'>
52.3307 	EXP 	noise: tex = <class 'numpy.ndarray'>
52.3807 	EXP 	noise: tex = <class 'numpy.ndarray'>
52.4307 	EXP 	noise: tex = <class 'numpy.ndarray'>
52.4809 	EXP 	noise: tex = <class 'numpy.ndarray'>
52.5406 	EXP 	noise: tex = <class 'numpy.ndarray'>
52.5900 	EXP 	noise: tex = <class 'numpy.ndarray'>
52.6377 	EXP 	noise: tex = <class 'numpy.ndarray'>
52.6857 	EXP 	noise: tex = <class 'numpy.ndarray'>
52.7342 	EXP 	noise: tex = <class 'numpy.ndarray'>
52.7812 	EXP 	noise: tex = <class 'numpy.ndarray'>
52.8306 	EXP 	noise: tex = <class 'numpy.ndarray'>
52.8806 	EXP 	noise: tex = <class 'numpy.ndarray'>
52.9306 	EXP 	noise: tex = <class 'numpy.ndarray'>
52.9809 	EXP 	noise: tex = <class 'numpy.ndarray'>
53.0315 	EXP 	noise: tex = <class 'numpy.ndarray'>
53.0809 	EXP 	noise: tex = <class 'numpy.ndarray'>
53.1307 	EXP 	noise: tex = <class 'numpy.ndarray'>
53.1806 	EXP 	noise: tex = <class 'numpy.ndarray'>
53.2352 	EXP 	noise: tex = <class 'numpy.ndarray'>
53.2825 	EXP 	noise: tex = <class 'numpy.ndarray'>
53.3308 	EXP 	noise: tex = <class 'numpy.ndarray'>
53.3831 	EXP 	noise: tex = <class 'numpy.ndarray'>
53.4399 	EXP 	noise: tex = <class 'numpy.ndarray'>
53.4946 	EXP 	noise: tex = <class 'numpy.ndarray'>
53.5474 	EXP 	noise: tex = <class 'numpy.ndarray'>
53.5972 	EXP 	noise: tex = <class 'numpy.ndarray'>
53.6476 	EXP 	noise: tex = <class 'numpy.ndarray'>
53.6975 	EXP 	noise: tex = <class 'numpy.ndarray'>
53.7470 	EXP 	noise: tex = <class 'numpy.ndarray'>
53.7972 	EXP 	noise: tex = <class 'numpy.ndarray'>
53.8471 	EXP 	noise: tex = <class 'numpy.ndarray'>
53.8974 	EXP 	noise: tex = <class 'numpy.ndarray'>
53.9478 	EXP 	noise: tex = <class 'numpy.ndarray'>
53.9975 	EXP 	noise: tex = <class 'numpy.ndarray'>
54.0473 	EXP 	noise: tex = <class 'numpy.ndarray'>
54.0973 	EXP 	noise: tex = <class 'numpy.ndarray'>
54.1475 	EXP 	noise: tex = <class 'numpy.ndarray'>
54.1975 	EXP 	noise: tex = <class 'numpy.ndarray'>
54.2472 	EXP 	noise: tex = <class 'numpy.ndarray'>
54.2973 	EXP 	noise: tex = <class 'numpy.ndarray'>
54.3473 	EXP 	noise: tex = <class 'numpy.ndarray'>
54.3973 	EXP 	noise: tex = <class 'numpy.ndarray'>
54.4476 	EXP 	noise: tex = <class 'numpy.ndarray'>
54.4973 	EXP 	noise: tex = <class 'numpy.ndarray'>
54.5491 	EXP 	noise: tex = <class 'numpy.ndarray'>
54.6029 	EXP 	noise: tex = <class 'numpy.ndarray'>
54.6519 	EXP 	noise: tex = <class 'numpy.ndarray'>
54.6978 	EXP 	noise: tex = <class 'numpy.ndarray'>
54.7475 	EXP 	noise: tex = <class 'numpy.ndarray'>
54.7996 	EXP 	noise: tex = <class 'numpy.ndarray'>
54.8471 	EXP 	noise: tex = <class 'numpy.ndarray'>
54.8985 	EXP 	noise: tex = <class 'numpy.ndarray'>
54.9475 	EXP 	noise: tex = <class 'numpy.ndarray'>
54.9971 	EXP 	noise: tex = <class 'numpy.ndarray'>
55.0473 	EXP 	noise: tex = <class 'numpy.ndarray'>
55.0972 	EXP 	noise: tex = <class 'numpy.ndarray'>
55.1487 	EXP 	noise: tex = <class 'numpy.ndarray'>
55.1972 	EXP 	noise: tex = <class 'numpy.ndarray'>
55.2471 	EXP 	noise: tex = <class 'numpy.ndarray'>
55.2973 	EXP 	noise: tex = <class 'numpy.ndarray'>
55.3475 	EXP 	noise: tex = <class 'numpy.ndarray'>
55.3994 	EXP 	noise: tex = <class 'numpy.ndarray'>
55.4472 	EXP 	noise: tex = <class 'numpy.ndarray'>
55.4973 	EXP 	noise: tex = <class 'numpy.ndarray'>
55.5482 	EXP 	noise: tex = <class 'numpy.ndarray'>
55.5987 	EXP 	noise: tex = <class 'numpy.ndarray'>
55.6481 	EXP 	noise: tex = <class 'numpy.ndarray'>
55.6974 	EXP 	noise: tex = <class 'numpy.ndarray'>
55.7473 	EXP 	noise: tex = <class 'numpy.ndarray'>
55.7976 	EXP 	noise: tex = <class 'numpy.ndarray'>
55.8491 	EXP 	noise: tex = <class 'numpy.ndarray'>
55.8978 	EXP 	noise: tex = <class 'numpy.ndarray'>
55.9473 	EXP 	noise: tex = <class 'numpy.ndarray'>
55.9974 	EXP 	noise: tex = <class 'numpy.ndarray'>
56.0471 	EXP 	noise: tex = <class 'numpy.ndarray'>
56.0987 	EXP 	noise: tex = <class 'numpy.ndarray'>
56.1471 	EXP 	noise: tex = <class 'numpy.ndarray'>
56.1972 	EXP 	noise: tex = <class 'numpy.ndarray'>
56.2582 	EXP 	noise: tex = <class 'numpy.ndarray'>
56.3059 	EXP 	noise: tex = <class 'numpy.ndarray'>
56.3535 	EXP 	noise: tex = <class 'numpy.ndarray'>
56.4003 	EXP 	noise: tex = <class 'numpy.ndarray'>
56.4509 	EXP 	noise: tex = <class 'numpy.ndarray'>
56.4974 	EXP 	noise: tex = <class 'numpy.ndarray'>
56.5471 	EXP 	noise: tex = <class 'numpy.ndarray'>
56.5974 	EXP 	noise: tex = <class 'numpy.ndarray'>
56.6473 	EXP 	noise: tex = <class 'numpy.ndarray'>
56.7003 	EXP 	noise: tex = <class 'numpy.ndarray'>
56.7522 	EXP 	noise: tex = <class 'numpy.ndarray'>
56.7987 	EXP 	noise: tex = <class 'numpy.ndarray'>
56.8477 	EXP 	noise: tex = <class 'numpy.ndarray'>
56.8973 	EXP 	noise: tex = <class 'numpy.ndarray'>
56.9480 	EXP 	noise: tex = <class 'numpy.ndarray'>
56.9980 	EXP 	noise: tex = <class 'numpy.ndarray'>
57.0591 	EXP 	noise: tex = <class 'numpy.ndarray'>
57.1137 	EXP 	noise: tex = <class 'numpy.ndarray'>
57.1641 	EXP 	noise: tex = <class 'numpy.ndarray'>
57.2139 	EXP 	noise: tex = <class 'numpy.ndarray'>
57.2640 	EXP 	noise: tex = <class 'numpy.ndarray'>
57.3138 	EXP 	noise: tex = <class 'numpy.ndarray'>
57.3637 	EXP 	noise: tex = <class 'numpy.ndarray'>
57.4139 	EXP 	noise: tex = <class 'numpy.ndarray'>
57.4638 	EXP 	noise: tex = <class 'numpy.ndarray'>
57.5139 	EXP 	noise: tex = <class 'numpy.ndarray'>
57.5656 	EXP 	noise: tex = <class 'numpy.ndarray'>
57.6139 	EXP 	noise: tex = <class 'numpy.ndarray'>
57.6640 	EXP 	noise: tex = <class 'numpy.ndarray'>
57.7140 	EXP 	noise: tex = <class 'numpy.ndarray'>
57.7637 	EXP 	noise: tex = <class 'numpy.ndarray'>
57.8141 	EXP 	noise: tex = <class 'numpy.ndarray'>
57.8648 	EXP 	noise: tex = <class 'numpy.ndarray'>
57.9140 	EXP 	noise: tex = <class 'numpy.ndarray'>
57.9654 	EXP 	noise: tex = <class 'numpy.ndarray'>
58.0140 	EXP 	noise: tex = <class 'numpy.ndarray'>
58.0653 	EXP 	noise: tex = <class 'numpy.ndarray'>
58.1169 	EXP 	noise: tex = <class 'numpy.ndarray'>
58.1656 	EXP 	noise: tex = <class 'numpy.ndarray'>
58.2163 	EXP 	noise: tex = <class 'numpy.ndarray'>
58.2653 	EXP 	noise: tex = <class 'numpy.ndarray'>
58.3139 	EXP 	noise: tex = <class 'numpy.ndarray'>
58.3639 	EXP 	noise: tex = <class 'numpy.ndarray'>
58.4139 	EXP 	noise: tex = <class 'numpy.ndarray'>
58.4640 	EXP 	noise: tex = <class 'numpy.ndarray'>
58.5139 	EXP 	noise: tex = <class 'numpy.ndarray'>
58.5641 	EXP 	noise: tex = <class 'numpy.ndarray'>
58.6141 	EXP 	noise: tex = <class 'numpy.ndarray'>
58.6655 	EXP 	noise: tex = <class 'numpy.ndarray'>
58.7139 	EXP 	noise: tex = <class 'numpy.ndarray'>
58.7639 	EXP 	noise: tex = <class 'numpy.ndarray'>
58.8139 	EXP 	noise: tex = <class 'numpy.ndarray'>
58.8638 	EXP 	noise: tex = <class 'numpy.ndarray'>
58.9152 	EXP 	noise: tex = <class 'numpy.ndarray'>
58.9673 	EXP 	noise: tex = <class 'numpy.ndarray'>
59.0179 	EXP 	noise: tex = <class 'numpy.ndarray'>
59.0654 	EXP 	noise: tex = <class 'numpy.ndarray'>
59.1174 	EXP 	noise: tex = <class 'numpy.ndarray'>
59.1651 	EXP 	noise: tex = <class 'numpy.ndarray'>
59.2141 	EXP 	noise: tex = <class 'numpy.ndarray'>
59.2640 	EXP 	noise: tex = <class 'numpy.ndarray'>
59.3163 	EXP 	noise: tex = <class 'numpy.ndarray'>
59.3638 	EXP 	noise: tex = <class 'numpy.ndarray'>
59.4138 	EXP 	noise: tex = <class 'numpy.ndarray'>
59.4638 	EXP 	noise: tex = <class 'numpy.ndarray'>
59.5138 	EXP 	noise: tex = <class 'numpy.ndarray'>
59.5180 	EXP 	New trial (rep=0, index=3): OrderedDict([('blobHeight', 0.2593), ('blobWidth', 0.27), ('mask', '$np.ones((512,512))'), ('sig', 0.01)])
59.5309 	EXP 	noise_0: autoDraw = False
59.5309 	EXP 	noise: autoDraw = False
59.5309 	EXP 	blob_0: autoDraw = False
59.5309 	EXP 	blob: autoDraw = False
59.5309 	EXP 	cursor: autoDraw = False
59.5309 	EXP 	start_trial_text: autoDraw = True
60.2152 	DATA 	Mouse: Left button down, pos=(980,377)
60.2315 	EXP 	window1: mouseVisible = 0
60.2921 	EXP 	start_trial_text: autoDraw = False
60.2921 	EXP 	blob_0: tex = <class 'numpy.ndarray'>
60.2921 	EXP 	blob: tex = <class 'numpy.ndarray'>
60.2921 	EXP 	noise_0: autoDraw = True
60.2921 	EXP 	noise_0: tex = <class 'numpy.ndarray'>
60.2921 	EXP 	blob_0: autoDraw = True
60.2921 	EXP 	cursor: autoDraw = True
60.3473 	EXP 	noise_0: tex = <class 'numpy.ndarray'>
60.3485 	DATA 	Mouse:  Left button up, pos=(720,450)
60.4100 	EXP 	noise_0: tex = <class 'numpy.ndarray'>
60.4641 	EXP 	noise_0: tex = <class 'numpy.ndarray'>
60.5141 	EXP 	noise_0: tex = <class 'numpy.ndarray'>
60.5640 	EXP 	noise_0: tex = <class 'numpy.ndarray'>
60.6142 	EXP 	noise_0: tex = <class 'numpy.ndarray'>
60.6682 	EXP 	noise_0: tex = <class 'numpy.ndarray'>
60.7158 	EXP 	noise_0: tex = <class 'numpy.ndarray'>
60.8007 	EXP 	noise_0: tex = <class 'numpy.ndarray'>
60.8007 	EXP 	noise: autoDraw = True
60.8007 	EXP 	noise: tex = <class 'numpy.ndarray'>
60.8007 	EXP 	blob: autoDraw = True
60.8481 	EXP 	noise_0: autoDraw = False
60.8481 	EXP 	noise: tex = <class 'numpy.ndarray'>
60.8481 	EXP 	blob_0: autoDraw = False
60.8983 	EXP 	noise: tex = <class 'numpy.ndarray'>
60.9503 	EXP 	noise: tex = <class 'numpy.ndarray'>
60.9973 	EXP 	noise: tex = <class 'numpy.ndarray'>
61.0484 	EXP 	noise: tex = <class 'numpy.ndarray'>
61.0972 	EXP 	noise: tex = <class 'numpy.ndarray'>
61.1474 	EXP 	noise: tex = <class 'numpy.ndarray'>
61.1974 	EXP 	noise: tex = <class 'numpy.ndarray'>
61.2472 	EXP 	noise: tex = <class 'numpy.ndarray'>
61.2972 	EXP 	noise: tex = <class 'numpy.ndarray'>
61.3473 	EXP 	noise: tex = <class 'numpy.ndarray'>
61.3985 	EXP 	noise: tex = <class 'numpy.ndarray'>
61.4585 	EXP 	noise: tex = <class 'numpy.ndarray'>
61.5049 	EXP 	noise: tex = <class 'numpy.ndarray'>
61.5561 	EXP 	noise: tex = <class 'numpy.ndarray'>
61.6060 	EXP 	noise: tex = <class 'numpy.ndarray'>
61.6529 	EXP 	noise: tex = <class 'numpy.ndarray'>
61.7062 	EXP 	noise: tex = <class 'numpy.ndarray'>
61.7616 	EXP 	noise: tex = <class 'numpy.ndarray'>
61.8140 	EXP 	noise: tex = <class 'numpy.ndarray'>
61.8643 	EXP 	noise: tex = <class 'numpy.ndarray'>
61.9138 	EXP 	noise: tex = <class 'numpy.ndarray'>
61.9637 	EXP 	noise: tex = <class 'numpy.ndarray'>
62.0139 	EXP 	noise: tex = <class 'numpy.ndarray'>
62.0640 	EXP 	noise: tex = <class 'numpy.ndarray'>
62.1150 	EXP 	noise: tex = <class 'numpy.ndarray'>
62.1666 	EXP 	noise: tex = <class 'numpy.ndarray'>
62.2142 	EXP 	noise: tex = <class 'numpy.ndarray'>
62.2638 	EXP 	noise: tex = <class 'numpy.ndarray'>
62.3137 	EXP 	noise: tex = <class 'numpy.ndarray'>
62.3638 	EXP 	noise: tex = <class 'numpy.ndarray'>
62.4143 	EXP 	noise: tex = <class 'numpy.ndarray'>
62.4648 	EXP 	noise: tex = <class 'numpy.ndarray'>
62.5147 	EXP 	noise: tex = <class 'numpy.ndarray'>
62.5641 	EXP 	noise: tex = <class 'numpy.ndarray'>
62.6137 	EXP 	noise: tex = <class 'numpy.ndarray'>
62.6641 	EXP 	noise: tex = <class 'numpy.ndarray'>
62.7141 	EXP 	noise: tex = <class 'numpy.ndarray'>
62.7641 	EXP 	noise: tex = <class 'numpy.ndarray'>
62.8139 	EXP 	noise: tex = <class 'numpy.ndarray'>
62.8638 	EXP 	noise: tex = <class 'numpy.ndarray'>
62.9137 	EXP 	noise: tex = <class 'numpy.ndarray'>
62.9639 	EXP 	noise: tex = <class 'numpy.ndarray'>
63.0139 	EXP 	noise: tex = <class 'numpy.ndarray'>
63.0642 	EXP 	noise: tex = <class 'numpy.ndarray'>
63.1173 	EXP 	noise: tex = <class 'numpy.ndarray'>
63.1675 	EXP 	noise: tex = <class 'numpy.ndarray'>
63.2149 	EXP 	noise: tex = <class 'numpy.ndarray'>
63.2638 	EXP 	noise: tex = <class 'numpy.ndarray'>
63.3137 	EXP 	noise: tex = <class 'numpy.ndarray'>
63.3640 	EXP 	noise: tex = <class 'numpy.ndarray'>
63.4139 	EXP 	noise: tex = <class 'numpy.ndarray'>
63.4639 	EXP 	noise: tex = <class 'numpy.ndarray'>
63.5141 	EXP 	noise: tex = <class 'numpy.ndarray'>
63.5640 	EXP 	noise: tex = <class 'numpy.ndarray'>
63.6145 	EXP 	noise: tex = <class 'numpy.ndarray'>
63.6659 	EXP 	noise: tex = <class 'numpy.ndarray'>
63.7156 	EXP 	noise: tex = <class 'numpy.ndarray'>
63.7661 	EXP 	noise: tex = <class 'numpy.ndarray'>
63.8146 	EXP 	noise: tex = <class 'numpy.ndarray'>
63.8689 	EXP 	noise: tex = <class 'numpy.ndarray'>
63.9214 	EXP 	noise: tex = <class 'numpy.ndarray'>
63.9686 	EXP 	noise: tex = <class 'numpy.ndarray'>
64.0171 	EXP 	noise: tex = <class 'numpy.ndarray'>
64.0640 	EXP 	noise: tex = <class 'numpy.ndarray'>
64.1142 	EXP 	noise: tex = <class 'numpy.ndarray'>
64.1666 	EXP 	noise: tex = <class 'numpy.ndarray'>
64.2141 	EXP 	noise: tex = <class 'numpy.ndarray'>
64.2662 	EXP 	noise: tex = <class 'numpy.ndarray'>
64.3138 	EXP 	noise: tex = <class 'numpy.ndarray'>
64.3641 	EXP 	noise: tex = <class 'numpy.ndarray'>
64.4142 	EXP 	noise: tex = <class 'numpy.ndarray'>
64.4770 	EXP 	noise: tex = <class 'numpy.ndarray'>
64.5236 	EXP 	noise: tex = <class 'numpy.ndarray'>
64.5701 	EXP 	noise: tex = <class 'numpy.ndarray'>
64.6160 	EXP 	noise: tex = <class 'numpy.ndarray'>
64.6651 	EXP 	noise: tex = <class 'numpy.ndarray'>
64.7143 	EXP 	noise: tex = <class 'numpy.ndarray'>
64.7663 	EXP 	noise: tex = <class 'numpy.ndarray'>
64.8146 	EXP 	noise: tex = <class 'numpy.ndarray'>
64.8773 	EXP 	noise: tex = <class 'numpy.ndarray'>
64.9306 	EXP 	noise: tex = <class 'numpy.ndarray'>
64.9806 	EXP 	noise: tex = <class 'numpy.ndarray'>
65.0304 	EXP 	noise: tex = <class 'numpy.ndarray'>
65.0822 	EXP 	noise: tex = <class 'numpy.ndarray'>
65.1306 	EXP 	noise: tex = <class 'numpy.ndarray'>
65.1807 	EXP 	noise: tex = <class 'numpy.ndarray'>
65.2313 	EXP 	noise: tex = <class 'numpy.ndarray'>
65.2939 	EXP 	noise: tex = <class 'numpy.ndarray'>
65.3471 	EXP 	noise: tex = <class 'numpy.ndarray'>
65.3973 	EXP 	noise: tex = <class 'numpy.ndarray'>
65.4492 	EXP 	noise: tex = <class 'numpy.ndarray'>
65.5004 	EXP 	noise: tex = <class 'numpy.ndarray'>
65.5472 	EXP 	noise: tex = <class 'numpy.ndarray'>
65.5981 	EXP 	noise: tex = <class 'numpy.ndarray'>
65.6516 	EXP 	noise: tex = <class 'numpy.ndarray'>
65.6994 	EXP 	noise: tex = <class 'numpy.ndarray'>
65.7488 	EXP 	noise: tex = <class 'numpy.ndarray'>
65.7980 	EXP 	noise: tex = <class 'numpy.ndarray'>
65.8509 	EXP 	noise: tex = <class 'numpy.ndarray'>
65.9016 	EXP 	noise: tex = <class 'numpy.ndarray'>
65.9497 	EXP 	noise: tex = <class 'numpy.ndarray'>
66.0024 	EXP 	noise: tex = <class 'numpy.ndarray'>
66.0525 	EXP 	noise: tex = <class 'numpy.ndarray'>
66.1026 	EXP 	noise: tex = <class 'numpy.ndarray'>
66.1498 	EXP 	noise: tex = <class 'numpy.ndarray'>
66.2005 	EXP 	noise: tex = <class 'numpy.ndarray'>
66.2490 	EXP 	noise: tex = <class 'numpy.ndarray'>
66.2998 	EXP 	noise: tex = <class 'numpy.ndarray'>
66.3498 	EXP 	noise: tex = <class 'numpy.ndarray'>
66.3972 	EXP 	noise: tex = <class 'numpy.ndarray'>
66.4471 	EXP 	noise: tex = <class 'numpy.ndarray'>
66.4979 	EXP 	noise: tex = <class 'numpy.ndarray'>
66.5619 	EXP 	noise: tex = <class 'numpy.ndarray'>
66.6139 	EXP 	noise: tex = <class 'numpy.ndarray'>
66.6637 	EXP 	noise: tex = <class 'numpy.ndarray'>
66.7139 	EXP 	noise: tex = <class 'numpy.ndarray'>
66.7639 	EXP 	noise: tex = <class 'numpy.ndarray'>
66.8139 	EXP 	noise: tex = <class 'numpy.ndarray'>
66.8638 	EXP 	noise: tex = <class 'numpy.ndarray'>
66.9177 	EXP 	noise: tex = <class 'numpy.ndarray'>
66.9677 	EXP 	noise: tex = <class 'numpy.ndarray'>
67.0145 	EXP 	noise: tex = <class 'numpy.ndarray'>
67.0638 	EXP 	noise: tex = <class 'numpy.ndarray'>
67.1140 	EXP 	noise: tex = <class 'numpy.ndarray'>
67.1640 	EXP 	noise: tex = <class 'numpy.ndarray'>
67.2139 	EXP 	noise: tex = <class 'numpy.ndarray'>
67.2638 	EXP 	noise: tex = <class 'numpy.ndarray'>
67.3250 	EXP 	noise: tex = <class 'numpy.ndarray'>
67.3803 	EXP 	noise: tex = <class 'numpy.ndarray'>
67.4318 	EXP 	noise: tex = <class 'numpy.ndarray'>
67.4805 	EXP 	noise: tex = <class 'numpy.ndarray'>
67.5306 	EXP 	noise: tex = <class 'numpy.ndarray'>
67.5808 	EXP 	noise: tex = <class 'numpy.ndarray'>
67.6347 	EXP 	noise: tex = <class 'numpy.ndarray'>
67.6821 	EXP 	noise: tex = <class 'numpy.ndarray'>
67.7327 	EXP 	noise: tex = <class 'numpy.ndarray'>
67.7829 	EXP 	noise: tex = <class 'numpy.ndarray'>
67.8305 	EXP 	noise: tex = <class 'numpy.ndarray'>
67.8805 	EXP 	noise: tex = <class 'numpy.ndarray'>
67.9304 	EXP 	noise: tex = <class 'numpy.ndarray'>
67.9803 	EXP 	noise: tex = <class 'numpy.ndarray'>
68.0303 	EXP 	noise: tex = <class 'numpy.ndarray'>
68.0812 	EXP 	noise: tex = <class 'numpy.ndarray'>
68.1305 	EXP 	noise: tex = <class 'numpy.ndarray'>
68.1806 	EXP 	noise: tex = <class 'numpy.ndarray'>
68.2304 	EXP 	noise: tex = <class 'numpy.ndarray'>
68.2808 	EXP 	noise: tex = <class 'numpy.ndarray'>
68.3305 	EXP 	noise: tex = <class 'numpy.ndarray'>
68.3934 	EXP 	noise: tex = <class 'numpy.ndarray'>
68.4473 	EXP 	noise: tex = <class 'numpy.ndarray'>
68.4972 	EXP 	noise: tex = <class 'numpy.ndarray'>
68.5471 	EXP 	noise: tex = <class 'numpy.ndarray'>
68.5971 	EXP 	noise: tex = <class 'numpy.ndarray'>
68.6473 	EXP 	noise: tex = <class 'numpy.ndarray'>
68.6971 	EXP 	noise: tex = <class 'numpy.ndarray'>
68.7475 	EXP 	noise: tex = <class 'numpy.ndarray'>
68.7971 	EXP 	noise: tex = <class 'numpy.ndarray'>
68.8582 	EXP 	noise: tex = <class 'numpy.ndarray'>
68.9135 	EXP 	noise: tex = <class 'numpy.ndarray'>
68.9637 	EXP 	noise: tex = <class 'numpy.ndarray'>
69.0137 	EXP 	noise: tex = <class 'numpy.ndarray'>
69.0639 	EXP 	noise: tex = <class 'numpy.ndarray'>
69.1140 	EXP 	noise: tex = <class 'numpy.ndarray'>
69.1637 	EXP 	noise: tex = <class 'numpy.ndarray'>
69.2138 	EXP 	noise: tex = <class 'numpy.ndarray'>
69.2661 	EXP 	noise: tex = <class 'numpy.ndarray'>
69.3181 	EXP 	noise: tex = <class 'numpy.ndarray'>
69.3681 	EXP 	noise: tex = <class 'numpy.ndarray'>
69.4186 	EXP 	noise: tex = <class 'numpy.ndarray'>
69.4688 	EXP 	noise: tex = <class 'numpy.ndarray'>
69.5162 	EXP 	noise: tex = <class 'numpy.ndarray'>
69.5672 	EXP 	noise: tex = <class 'numpy.ndarray'>
69.6170 	EXP 	noise: tex = <class 'numpy.ndarray'>
69.6654 	EXP 	noise: tex = <class 'numpy.ndarray'>
69.7152 	EXP 	noise: tex = <class 'numpy.ndarray'>
69.7636 	EXP 	noise: tex = <class 'numpy.ndarray'>
69.8143 	EXP 	noise: tex = <class 'numpy.ndarray'>
69.8635 	EXP 	noise: tex = <class 'numpy.ndarray'>
69.9139 	EXP 	noise: tex = <class 'numpy.ndarray'>
69.9639 	EXP 	noise: tex = <class 'numpy.ndarray'>
70.0151 	EXP 	noise: tex = <class 'numpy.ndarray'>
70.0637 	EXP 	noise: tex = <class 'numpy.ndarray'>
70.1137 	EXP 	noise: tex = <class 'numpy.ndarray'>
70.1636 	EXP 	noise: tex = <class 'numpy.ndarray'>
70.2138 	EXP 	noise: tex = <class 'numpy.ndarray'>
70.2644 	EXP 	noise: tex = <class 'numpy.ndarray'>
70.3151 	EXP 	noise: tex = <class 'numpy.ndarray'>
70.3673 	EXP 	noise: tex = <class 'numpy.ndarray'>
70.4136 	EXP 	noise: tex = <class 'numpy.ndarray'>
70.4637 	EXP 	noise: tex = <class 'numpy.ndarray'>
70.5135 	EXP 	noise: tex = <class 'numpy.ndarray'>
70.5639 	EXP 	noise: tex = <class 'numpy.ndarray'>
70.6156 	EXP 	noise: tex = <class 'numpy.ndarray'>
70.6646 	EXP 	noise: tex = <class 'numpy.ndarray'>
70.7136 	EXP 	noise: tex = <class 'numpy.ndarray'>
70.7638 	EXP 	noise: tex = <class 'numpy.ndarray'>
70.8144 	EXP 	noise: tex = <class 'numpy.ndarray'>
70.8636 	EXP 	noise: tex = <class 'numpy.ndarray'>
70.9139 	EXP 	noise: tex = <class 'numpy.ndarray'>
70.9670 	EXP 	noise: tex = <class 'numpy.ndarray'>
71.0142 	EXP 	noise: tex = <class 'numpy.ndarray'>
71.0679 	EXP 	noise: tex = <class 'numpy.ndarray'>
71.1161 	EXP 	noise: tex = <class 'numpy.ndarray'>
71.1640 	EXP 	noise: tex = <class 'numpy.ndarray'>
71.2177 	EXP 	noise: tex = <class 'numpy.ndarray'>
71.2651 	EXP 	noise: tex = <class 'numpy.ndarray'>
71.3179 	EXP 	noise: tex = <class 'numpy.ndarray'>
71.3690 	EXP 	noise: tex = <class 'numpy.ndarray'>
71.4171 	EXP 	noise: tex = <class 'numpy.ndarray'>
71.4656 	EXP 	noise: tex = <class 'numpy.ndarray'>
71.5135 	EXP 	noise: tex = <class 'numpy.ndarray'>
71.5638 	EXP 	noise: tex = <class 'numpy.ndarray'>
71.6137 	EXP 	noise: tex = <class 'numpy.ndarray'>
71.6641 	EXP 	noise: tex = <class 'numpy.ndarray'>
71.7155 	EXP 	noise: tex = <class 'numpy.ndarray'>
71.7778 	EXP 	noise: tex = <class 'numpy.ndarray'>
71.8304 	EXP 	noise: tex = <class 'numpy.ndarray'>
71.8826 	EXP 	noise: tex = <class 'numpy.ndarray'>
71.9303 	EXP 	noise: tex = <class 'numpy.ndarray'>
71.9802 	EXP 	noise: tex = <class 'numpy.ndarray'>
72.0412 	EXP 	noise: tex = <class 'numpy.ndarray'>
72.0876 	EXP 	noise: tex = <class 'numpy.ndarray'>
72.1348 	EXP 	noise: tex = <class 'numpy.ndarray'>
72.1833 	EXP 	noise: tex = <class 'numpy.ndarray'>
72.2377 	EXP 	noise: tex = <class 'numpy.ndarray'>
72.2928 	EXP 	noise: tex = <class 'numpy.ndarray'>
72.3470 	EXP 	noise: tex = <class 'numpy.ndarray'>
72.3971 	EXP 	noise: tex = <class 'numpy.ndarray'>
72.4470 	EXP 	noise: tex = <class 'numpy.ndarray'>
72.4974 	EXP 	noise: tex = <class 'numpy.ndarray'>
72.5469 	EXP 	noise: tex = <class 'numpy.ndarray'>
72.5969 	EXP 	noise: tex = <class 'numpy.ndarray'>
72.6472 	EXP 	noise: tex = <class 'numpy.ndarray'>
72.6970 	EXP 	noise: tex = <class 'numpy.ndarray'>
72.7469 	EXP 	noise: tex = <class 'numpy.ndarray'>
72.7970 	EXP 	noise: tex = <class 'numpy.ndarray'>
72.8469 	EXP 	noise: tex = <class 'numpy.ndarray'>
72.8969 	EXP 	noise: tex = <class 'numpy.ndarray'>
72.9471 	EXP 	noise: tex = <class 'numpy.ndarray'>
72.9984 	EXP 	noise: tex = <class 'numpy.ndarray'>
73.0470 	EXP 	noise: tex = <class 'numpy.ndarray'>
73.0969 	EXP 	noise: tex = <class 'numpy.ndarray'>
73.1471 	EXP 	noise: tex = <class 'numpy.ndarray'>
73.1972 	EXP 	noise: tex = <class 'numpy.ndarray'>
73.2470 	EXP 	noise: tex = <class 'numpy.ndarray'>
73.2969 	EXP 	noise: tex = <class 'numpy.ndarray'>
73.3474 	EXP 	noise: tex = <class 'numpy.ndarray'>
73.3972 	EXP 	noise: tex = <class 'numpy.ndarray'>
73.4485 	EXP 	noise: tex = <class 'numpy.ndarray'>
73.5082 	EXP 	noise: tex = <class 'numpy.ndarray'>
73.5545 	EXP 	noise: tex = <class 'numpy.ndarray'>
73.6018 	EXP 	noise: tex = <class 'numpy.ndarray'>
73.6486 	EXP 	noise: tex = <class 'numpy.ndarray'>
73.6971 	EXP 	noise: tex = <class 'numpy.ndarray'>
73.7467 	EXP 	noise: tex = <class 'numpy.ndarray'>
73.7971 	EXP 	noise: tex = <class 'numpy.ndarray'>
73.8472 	EXP 	noise: tex = <class 'numpy.ndarray'>
73.8976 	EXP 	noise: tex = <class 'numpy.ndarray'>
73.9472 	EXP 	noise: tex = <class 'numpy.ndarray'>
73.9971 	EXP 	noise: tex = <class 'numpy.ndarray'>
74.0469 	EXP 	noise: tex = <class 'numpy.ndarray'>
74.0971 	EXP 	noise: tex = <class 'numpy.ndarray'>
74.1468 	EXP 	noise: tex = <class 'numpy.ndarray'>
74.2006 	EXP 	noise: tex = <class 'numpy.ndarray'>
74.2607 	EXP 	noise: tex = <class 'numpy.ndarray'>
74.3074 	EXP 	noise: tex = <class 'numpy.ndarray'>
74.3563 	EXP 	noise: tex = <class 'numpy.ndarray'>
74.4065 	EXP 	noise: tex = <class 'numpy.ndarray'>
74.4560 	EXP 	noise: tex = <class 'numpy.ndarray'>
74.5054 	EXP 	noise: tex = <class 'numpy.ndarray'>
74.5523 	EXP 	noise: tex = <class 'numpy.ndarray'>
74.6022 	EXP 	noise: tex = <class 'numpy.ndarray'>
74.6490 	EXP 	noise: tex = <class 'numpy.ndarray'>
74.6968 	EXP 	noise: tex = <class 'numpy.ndarray'>
74.7468 	EXP 	noise: tex = <class 'numpy.ndarray'>
74.7972 	EXP 	noise: tex = <class 'numpy.ndarray'>
74.8475 	EXP 	noise: tex = <class 'numpy.ndarray'>
74.8969 	EXP 	noise: tex = <class 'numpy.ndarray'>
74.9469 	EXP 	noise: tex = <class 'numpy.ndarray'>
74.9967 	EXP 	noise: tex = <class 'numpy.ndarray'>
75.0467 	EXP 	noise: tex = <class 'numpy.ndarray'>
75.0974 	EXP 	noise: tex = <class 'numpy.ndarray'>
75.1474 	EXP 	noise: tex = <class 'numpy.ndarray'>
75.1970 	EXP 	noise: tex = <class 'numpy.ndarray'>
75.2472 	EXP 	noise: tex = <class 'numpy.ndarray'>
75.2968 	EXP 	noise: tex = <class 'numpy.ndarray'>
75.3477 	EXP 	noise: tex = <class 'numpy.ndarray'>
75.3969 	EXP 	noise: tex = <class 'numpy.ndarray'>
75.4468 	EXP 	noise: tex = <class 'numpy.ndarray'>
75.4969 	EXP 	noise: tex = <class 'numpy.ndarray'>
75.5476 	EXP 	noise: tex = <class 'numpy.ndarray'>
75.5979 	EXP 	noise: tex = <class 'numpy.ndarray'>
75.6476 	EXP 	noise: tex = <class 'numpy.ndarray'>
75.6968 	EXP 	noise: tex = <class 'numpy.ndarray'>
75.7469 	EXP 	noise: tex = <class 'numpy.ndarray'>
75.7638 	EXP 	noise_0: autoDraw = False
75.7638 	EXP 	noise: autoDraw = False
75.7638 	EXP 	blob_0: autoDraw = False
75.7638 	EXP 	blob: autoDraw = False
75.7638 	EXP 	cursor: autoDraw = False
76.1039 	EXP 	window1: mouseVisible = True
