1.5178 	WARNING 	We strongly recommend you activate the PTB sound engine in PsychoPy prefs as the preferred audio engine. Its timing is vastly superior. Your prefs are currently set to use ['sounddevice', 'PTB', 'pyo', 'pygame'] (in that order).
9.0945 	EXP 	Created window1 = Window(allowGUI=True, allowStencil=False, autoLog=True, backendConf=UNKNOWN, bitsMode=UNKNOWN, blendMode='avg', bpc=(8, 8, 8), color=array([0, 0, 0]), colorSpace='rgb', depthBits=8, fullscr=<method-wrapper '__getattribute__' of attributeSetter object at 0x7fdfbaf5afa0>, gamma=None, gammaErrorPolicy='raise', lms=UNKNOWN, monitor=<psychopy.monitors.calibTools.Monitor object at 0x7fdf7da0a820>, multiSample=False, name='window1', numSamples=2, pos=[360.0, 225.0], screen=0, size=array([2880, 1800]), stencilBits=0, stereo=False, units='height', useFBO=True, useRetina=True, viewOri=0.0, viewPos=None, viewScale=None, waitBlanking=True, winType='pyglet')
9.0947 	EXP 	window1: mouseVisible = True
9.0959 	EXP 	window1: mouseVisible = False
9.0959 	EXP 	window1: Attempting to measure frame rate of screen (0) ...
9.0959 	EXP 	window1: recordFrameIntervals = False
9.2611 	EXP 	window1: recordFrameIntervals = True
9.4447 	EXP 	Screen (0) actual frame rate measured at 60.01Hz
9.4447 	EXP 	window1: recordFrameIntervals = False
11.4301 	EXP 	Created start_trial_text = TextStim(__class__=<class 'psychopy.visual.text.TextStim'>, alignHoriz=method-wrapper(...), alignText='center', alignVert=method-wrapper(...), anchorHoriz='center', anchorVert='center', antialias=True, autoDraw=False, autoLog=True, bold=False, color=array([1., 1., 1.]), colorSpace='rgb', contrast=1.0, depth=0.0, flipHoriz=False, flipVert=False, font='Arial', fontFiles=[], height=0.04, italic=False, languageStyle='LTR', name='start_trial_text', opacity=1.0, ori=0.0, pos=array([-0.3 ,  0.25]), rgb=UNKNOWN, text='Press any button to continue', units='height', win=Window(...), wrapWidth=1)
11.4304 	EXP 	window1: mouseVisible = True
11.4305 	EXP 	window1: mouseVisible = True
11.4390 	EXP 	Created noise_0 = NoiseStim(__class__=<class 'psychopy.visual.noise.NoiseStim'>, anchor='center', autoDraw=False, autoLog=True, blendmode='add', color=array([0.5, 0.5, 0.5]), colorSpace='rgb', contrast=0.5, depth=-1.0, interpolate=False, mask='none', maskParams=None, name='noise_0', opacity=1.0, ori=0.0, phase=array([0., 0.]), pos=array([0., 0.]), rgbPedestal=array([0., 0., 0.]), sf=array([1., 1.]), size=array([1., 1.]), tex='sin', texRes=128, units='height', win=Window(...))
11.5258 	EXP 	Created noise = NoiseStim(__class__=<class 'psychopy.visual.noise.NoiseStim'>, anchor='center', autoDraw=False, autoLog=True, blendmode='add', color=array([0.5, 0.5, 0.5]), colorSpace='rgb', contrast=0.5, depth=-2.0, interpolate=False, mask='none', maskParams=None, name='noise', opacity=1.0, ori=0.0, phase=array([0., 0.]), pos=array([0., 0.]), rgbPedestal=array([0., 0., 0.]), sf=array([1., 1.]), size=array([1., 1.]), tex='sin', texRes=128, units='height', win=Window(...))
11.6289 	EXP 	Created blob_0 = GratingStim(__class__=<class 'psychopy.visual.grating.GratingStim'>, anchor='center', autoDraw=False, autoLog=True, blendmode='add', color=array([1., 1., 1.]), colorSpace='rgb', contrast=1.0, depth=-3.0, interpolate=True, mask='gauss', maskParams=None, name='blob_0', opacity=1.0, ori=45.0, phase=array([0.25, 0.25]), pos=array([0., 0.]), rgbPedestal=array([0., 0., 0.]), sf=array([1., 1.]), size=array([1., 1.]), tex=ndarray(...), texRes=512.0, units='height', win=Window(...))
11.6567 	EXP 	Created blob = GratingStim(__class__=<class 'psychopy.visual.grating.GratingStim'>, anchor='center', autoDraw=False, autoLog=True, blendmode='add', color=array([1., 1., 1.]), colorSpace='rgb', contrast=1.0, depth=-4.0, interpolate=True, mask='gauss', maskParams=None, name='blob', opacity=1.0, ori=45.0, phase=array([0.25, 0.25]), pos=array([0., 0.]), rgbPedestal=array([0., 0., 0.]), sf=array([1., 1.]), size=array([1., 1.]), tex=ndarray(...), texRes=512.0, units='height', win=Window(...))
11.6643 	EXP 	Created cursor = ShapeStim(__class__=<class 'psychopy.visual.shape.ShapeStim'>, anchor=('center', 'center'), autoDraw=False, autoLog=True, closeShape=True, color=method-wrapper(...), colorSpace='rgb', contrast=None, depth=-6.0, fillColor=array([ 1, -1, -1]), fillColorSpace='rgb', fillRGB=array([ 1, -1, -1]), interpolate=True, lineColor=array([ 1., -1., -1.]), lineColorSpace='rgb', lineRGB=array([ 1, -1, -1]), lineWidth=1.0, name='cursor', opacity=1.0, ori=0.0, pos=array([0., 0.]), size=array([0.005, 0.005]), units='height', vertices=ndarray(...), win=Window(...), windingRule=None)
11.6694 	EXP 	Imported Bonnen2015Conditions.csv as conditions, 4 conditions, 4 params
11.6699 	EXP 	Created sequence: random, trialTypes=4, nReps=1, seed=None
11.6702 	EXP 	New trial (rep=0, index=0): OrderedDict([('blobHeight', 1.0), ('blobWidth', 0.07), ('mask', '$np.ones((512,512))'), ('sig', 0.015)])
11.7020 	EXP 	noise_0: blendmode = 'add'
11.7020 	EXP 	noise_0: mask = None
11.7020 	EXP 	noise_0: texRes = 512
11.7020 	EXP 	noise_0: noiseType = 'White'
11.7020 	EXP 	noise_0: noiseImage = None
11.7020 	EXP 	noise_0: noiseElementSize = [0.0625]
11.7020 	EXP 	noise_0: noiseBaseSf = 8.0
11.7020 	EXP 	noise_0: noiseBW = 1.0
11.7020 	EXP 	noise_0: noiseBWO = 30.0
11.7020 	EXP 	noise_0: noiseFractalPower = 0.0
11.7020 	EXP 	noise_0: noiseFilterUpper = 8.0
11.7020 	EXP 	noise_0: noiseFilterLower = 1.0
11.7020 	EXP 	noise_0: noiseFilterOrder = 0.0
11.7020 	EXP 	noise_0: noiseClip = 3.0
11.7020 	EXP 	noise_0: filter = None
11.7020 	EXP 	noise_0: tex = <class 'numpy.ndarray'>
11.7020 	EXP 	noise_0: tex = <class 'numpy.ndarray'>
11.7020 	EXP 	noise: blendmode = 'add'
11.7020 	EXP 	noise: mask = None
11.7020 	EXP 	noise: texRes = 512
11.7020 	EXP 	noise: noiseType = 'White'
11.7020 	EXP 	noise: noiseImage = None
11.7020 	EXP 	noise: noiseElementSize = [0.0625]
11.7020 	EXP 	noise: noiseBaseSf = 8.0
11.7020 	EXP 	noise: noiseBW = 1.0
11.7020 	EXP 	noise: noiseBWO = 30.0
11.7020 	EXP 	noise: noiseFractalPower = 0.0
11.7020 	EXP 	noise: noiseFilterUpper = 8.0
11.7020 	EXP 	noise: noiseFilterLower = 1.0
11.7020 	EXP 	noise: noiseFilterOrder = 0.0
11.7020 	EXP 	noise: noiseClip = 3.0
11.7020 	EXP 	noise: filter = None
11.7020 	EXP 	noise: tex = <class 'numpy.ndarray'>
11.7020 	EXP 	noise: tex = <class 'numpy.ndarray'>
11.7020 	EXP 	start_trial_text: autoDraw = True
12.4286 	DATA 	Mouse: Left button down, pos=(577,619)
12.4506 	EXP 	window1: mouseVisible = 0
12.5268 	EXP 	start_trial_text: autoDraw = False
12.5268 	EXP 	blob_0: tex = <class 'numpy.ndarray'>
12.5268 	EXP 	blob: tex = <class 'numpy.ndarray'>
12.5268 	EXP 	noise_0: autoDraw = True
12.5268 	EXP 	noise_0: tex = <class 'numpy.ndarray'>
12.5268 	EXP 	blob_0: autoDraw = True
12.5268 	EXP 	cursor: autoDraw = True
12.5771 	EXP 	noise_0: tex = <class 'numpy.ndarray'>
12.6085 	DATA 	Mouse:  Left button up, pos=(720,450)
12.6273 	EXP 	noise_0: tex = <class 'numpy.ndarray'>
12.6771 	EXP 	noise_0: tex = <class 'numpy.ndarray'>
12.7298 	EXP 	noise_0: tex = <class 'numpy.ndarray'>
12.7800 	EXP 	noise_0: tex = <class 'numpy.ndarray'>
12.8295 	EXP 	noise_0: tex = <class 'numpy.ndarray'>
12.8912 	EXP 	noise_0: tex = <class 'numpy.ndarray'>
12.9440 	EXP 	noise_0: tex = <class 'numpy.ndarray'>
13.0420 	EXP 	noise_0: tex = <class 'numpy.ndarray'>
13.0420 	EXP 	noise: autoDraw = True
13.0420 	EXP 	noise: tex = <class 'numpy.ndarray'>
13.0420 	EXP 	blob: autoDraw = True
13.0937 	EXP 	noise_0: autoDraw = False
13.0937 	EXP 	noise: tex = <class 'numpy.ndarray'>
13.0937 	EXP 	blob_0: autoDraw = False
13.1440 	EXP 	noise: tex = <class 'numpy.ndarray'>
13.1945 	EXP 	noise: tex = <class 'numpy.ndarray'>
13.2440 	EXP 	noise: tex = <class 'numpy.ndarray'>
13.3065 	EXP 	noise: tex = <class 'numpy.ndarray'>
13.3604 	EXP 	noise: tex = <class 'numpy.ndarray'>
13.4249 	EXP 	noise: tex = <class 'numpy.ndarray'>
13.4856 	EXP 	noise: tex = <class 'numpy.ndarray'>
13.5349 	EXP 	noise: tex = <class 'numpy.ndarray'>
13.5850 	EXP 	noise: tex = <class 'numpy.ndarray'>
13.6349 	EXP 	noise: tex = <class 'numpy.ndarray'>
13.6853 	EXP 	noise: tex = <class 'numpy.ndarray'>
13.7437 	EXP 	noise: tex = <class 'numpy.ndarray'>
13.7942 	EXP 	noise: tex = <class 'numpy.ndarray'>
13.8438 	EXP 	noise: tex = <class 'numpy.ndarray'>
13.9042 	EXP 	noise: tex = <class 'numpy.ndarray'>
13.9530 	EXP 	noise: tex = <class 'numpy.ndarray'>
14.0103 	EXP 	noise: tex = <class 'numpy.ndarray'>
14.0604 	EXP 	noise: tex = <class 'numpy.ndarray'>
14.1105 	EXP 	noise: tex = <class 'numpy.ndarray'>
14.1604 	EXP 	noise: tex = <class 'numpy.ndarray'>
14.2108 	EXP 	noise: tex = <class 'numpy.ndarray'>
14.2734 	EXP 	noise: tex = <class 'numpy.ndarray'>
14.3268 	EXP 	noise: tex = <class 'numpy.ndarray'>
14.3872 	EXP 	noise: tex = <class 'numpy.ndarray'>
14.4440 	EXP 	noise: tex = <class 'numpy.ndarray'>
14.4949 	EXP 	noise: tex = <class 'numpy.ndarray'>
14.5483 	EXP 	noise: tex = <class 'numpy.ndarray'>
14.6010 	EXP 	noise: tex = <class 'numpy.ndarray'>
14.6470 	EXP 	noise: tex = <class 'numpy.ndarray'>
14.6982 	EXP 	noise: tex = <class 'numpy.ndarray'>
14.7486 	EXP 	noise: tex = <class 'numpy.ndarray'>
14.8008 	EXP 	noise: tex = <class 'numpy.ndarray'>
14.8634 	EXP 	noise: tex = <class 'numpy.ndarray'>
14.9161 	EXP 	noise: tex = <class 'numpy.ndarray'>
14.9665 	EXP 	noise: tex = <class 'numpy.ndarray'>
15.0140 	EXP 	noise: tex = <class 'numpy.ndarray'>
15.0664 	EXP 	noise: tex = <class 'numpy.ndarray'>
15.1159 	EXP 	noise: tex = <class 'numpy.ndarray'>
15.1644 	EXP 	noise: tex = <class 'numpy.ndarray'>
15.2114 	EXP 	noise: tex = <class 'numpy.ndarray'>
15.2750 	EXP 	noise: tex = <class 'numpy.ndarray'>
15.3270 	EXP 	noise: tex = <class 'numpy.ndarray'>
15.3771 	EXP 	noise: tex = <class 'numpy.ndarray'>
15.4270 	EXP 	noise: tex = <class 'numpy.ndarray'>
15.4779 	EXP 	noise: tex = <class 'numpy.ndarray'>
15.5399 	EXP 	noise: tex = <class 'numpy.ndarray'>
15.5978 	EXP 	noise: tex = <class 'numpy.ndarray'>
15.6437 	EXP 	noise: tex = <class 'numpy.ndarray'>
15.6957 	EXP 	noise: tex = <class 'numpy.ndarray'>
15.7444 	EXP 	noise: tex = <class 'numpy.ndarray'>
15.7946 	EXP 	noise: tex = <class 'numpy.ndarray'>
15.8440 	EXP 	noise: tex = <class 'numpy.ndarray'>
15.8945 	EXP 	noise: tex = <class 'numpy.ndarray'>
15.9457 	EXP 	noise: tex = <class 'numpy.ndarray'>
16.0025 	EXP 	noise: tex = <class 'numpy.ndarray'>
16.0601 	EXP 	noise: tex = <class 'numpy.ndarray'>
16.1200 	EXP 	noise: tex = <class 'numpy.ndarray'>
16.1696 	EXP 	noise: tex = <class 'numpy.ndarray'>
16.2174 	EXP 	noise: tex = <class 'numpy.ndarray'>
16.2677 	EXP 	noise: tex = <class 'numpy.ndarray'>
16.3301 	EXP 	noise: tex = <class 'numpy.ndarray'>
16.3770 	EXP 	noise: tex = <class 'numpy.ndarray'>
16.4280 	EXP 	noise: tex = <class 'numpy.ndarray'>
16.4802 	EXP 	noise: tex = <class 'numpy.ndarray'>
16.5329 	EXP 	noise: tex = <class 'numpy.ndarray'>
16.5867 	EXP 	noise: tex = <class 'numpy.ndarray'>
16.6438 	EXP 	noise: tex = <class 'numpy.ndarray'>
16.6938 	EXP 	noise: tex = <class 'numpy.ndarray'>
16.7447 	EXP 	noise: tex = <class 'numpy.ndarray'>
16.7972 	EXP 	noise: tex = <class 'numpy.ndarray'>
16.8469 	EXP 	noise: tex = <class 'numpy.ndarray'>
16.8970 	EXP 	noise: tex = <class 'numpy.ndarray'>
16.9467 	EXP 	noise: tex = <class 'numpy.ndarray'>
16.9971 	EXP 	noise: tex = <class 'numpy.ndarray'>
17.0457 	EXP 	noise: tex = <class 'numpy.ndarray'>
17.1022 	EXP 	noise: tex = <class 'numpy.ndarray'>
17.1586 	EXP 	noise: tex = <class 'numpy.ndarray'>
17.2104 	EXP 	noise: tex = <class 'numpy.ndarray'>
17.2620 	EXP 	noise: tex = <class 'numpy.ndarray'>
17.3239 	EXP 	noise: tex = <class 'numpy.ndarray'>
17.3769 	EXP 	noise: tex = <class 'numpy.ndarray'>
17.4270 	EXP 	noise: tex = <class 'numpy.ndarray'>
17.4770 	EXP 	noise: tex = <class 'numpy.ndarray'>
17.5295 	EXP 	noise: tex = <class 'numpy.ndarray'>
17.5800 	EXP 	noise: tex = <class 'numpy.ndarray'>
17.6341 	EXP 	noise: tex = <class 'numpy.ndarray'>
17.6878 	EXP 	noise: tex = <class 'numpy.ndarray'>
17.7344 	EXP 	noise: tex = <class 'numpy.ndarray'>
17.7838 	EXP 	noise: tex = <class 'numpy.ndarray'>
17.8297 	EXP 	noise: tex = <class 'numpy.ndarray'>
17.8782 	EXP 	noise: tex = <class 'numpy.ndarray'>
17.9276 	EXP 	noise: tex = <class 'numpy.ndarray'>
17.9784 	EXP 	noise: tex = <class 'numpy.ndarray'>
18.0287 	EXP 	noise: tex = <class 'numpy.ndarray'>
18.0769 	EXP 	noise: tex = <class 'numpy.ndarray'>
18.1270 	EXP 	noise: tex = <class 'numpy.ndarray'>
18.1770 	EXP 	noise: tex = <class 'numpy.ndarray'>
18.2270 	EXP 	noise: tex = <class 'numpy.ndarray'>
18.2772 	EXP 	noise: tex = <class 'numpy.ndarray'>
18.3283 	EXP 	noise: tex = <class 'numpy.ndarray'>
18.3893 	EXP 	noise: tex = <class 'numpy.ndarray'>
18.4436 	EXP 	noise: tex = <class 'numpy.ndarray'>
18.4951 	EXP 	noise: tex = <class 'numpy.ndarray'>
18.5438 	EXP 	noise: tex = <class 'numpy.ndarray'>
18.5939 	EXP 	noise: tex = <class 'numpy.ndarray'>
18.6438 	EXP 	noise: tex = <class 'numpy.ndarray'>
18.6936 	EXP 	noise: tex = <class 'numpy.ndarray'>
18.7575 	EXP 	noise: tex = <class 'numpy.ndarray'>
18.8103 	EXP 	noise: tex = <class 'numpy.ndarray'>
18.8618 	EXP 	noise: tex = <class 'numpy.ndarray'>
18.9107 	EXP 	noise: tex = <class 'numpy.ndarray'>
18.9628 	EXP 	noise: tex = <class 'numpy.ndarray'>
19.0164 	EXP 	noise: tex = <class 'numpy.ndarray'>
19.0795 	EXP 	noise: tex = <class 'numpy.ndarray'>
19.1318 	EXP 	noise: tex = <class 'numpy.ndarray'>
19.1829 	EXP 	noise: tex = <class 'numpy.ndarray'>
19.2359 	EXP 	noise: tex = <class 'numpy.ndarray'>
19.2842 	EXP 	noise: tex = <class 'numpy.ndarray'>
19.3369 	EXP 	noise: tex = <class 'numpy.ndarray'>
19.3962 	EXP 	noise: tex = <class 'numpy.ndarray'>
19.4446 	EXP 	noise: tex = <class 'numpy.ndarray'>
19.5054 	EXP 	noise: tex = <class 'numpy.ndarray'>
19.5602 	EXP 	noise: tex = <class 'numpy.ndarray'>
19.6204 	EXP 	noise: tex = <class 'numpy.ndarray'>
19.6702 	EXP 	noise: tex = <class 'numpy.ndarray'>
19.7172 	EXP 	noise: tex = <class 'numpy.ndarray'>
19.7635 	EXP 	noise: tex = <class 'numpy.ndarray'>
19.8264 	EXP 	noise: tex = <class 'numpy.ndarray'>
19.8770 	EXP 	noise: tex = <class 'numpy.ndarray'>
19.9288 	EXP 	noise: tex = <class 'numpy.ndarray'>
19.9883 	EXP 	noise: tex = <class 'numpy.ndarray'>
20.0466 	EXP 	noise: tex = <class 'numpy.ndarray'>
20.1007 	EXP 	noise: tex = <class 'numpy.ndarray'>
20.1520 	EXP 	noise: tex = <class 'numpy.ndarray'>
20.2022 	EXP 	noise: tex = <class 'numpy.ndarray'>
20.2534 	EXP 	noise: tex = <class 'numpy.ndarray'>
20.3132 	EXP 	noise: tex = <class 'numpy.ndarray'>
20.3659 	EXP 	noise: tex = <class 'numpy.ndarray'>
20.4296 	EXP 	noise: tex = <class 'numpy.ndarray'>
20.4778 	EXP 	noise: tex = <class 'numpy.ndarray'>
20.5412 	EXP 	noise: tex = <class 'numpy.ndarray'>
20.6040 	EXP 	noise: tex = <class 'numpy.ndarray'>
20.6602 	EXP 	noise: tex = <class 'numpy.ndarray'>
20.7266 	EXP 	noise: tex = <class 'numpy.ndarray'>
20.7772 	EXP 	noise: tex = <class 'numpy.ndarray'>
20.8307 	EXP 	noise: tex = <class 'numpy.ndarray'>
20.8863 	EXP 	noise: tex = <class 'numpy.ndarray'>
20.9405 	EXP 	noise: tex = <class 'numpy.ndarray'>
20.9937 	EXP 	noise: tex = <class 'numpy.ndarray'>
21.0435 	EXP 	noise: tex = <class 'numpy.ndarray'>
21.0935 	EXP 	noise: tex = <class 'numpy.ndarray'>
21.1440 	EXP 	noise: tex = <class 'numpy.ndarray'>
21.1978 	EXP 	noise: tex = <class 'numpy.ndarray'>
21.2480 	EXP 	noise: tex = <class 'numpy.ndarray'>
21.3017 	EXP 	noise: tex = <class 'numpy.ndarray'>
21.3585 	EXP 	noise: tex = <class 'numpy.ndarray'>
21.4103 	EXP 	noise: tex = <class 'numpy.ndarray'>
21.4744 	EXP 	noise: tex = <class 'numpy.ndarray'>
21.5270 	EXP 	noise: tex = <class 'numpy.ndarray'>
21.5777 	EXP 	noise: tex = <class 'numpy.ndarray'>
21.6270 	EXP 	noise: tex = <class 'numpy.ndarray'>
21.6771 	EXP 	noise: tex = <class 'numpy.ndarray'>
21.7272 	EXP 	noise: tex = <class 'numpy.ndarray'>
21.7771 	EXP 	noise: tex = <class 'numpy.ndarray'>
21.8270 	EXP 	noise: tex = <class 'numpy.ndarray'>
21.8775 	EXP 	noise: tex = <class 'numpy.ndarray'>
21.9272 	EXP 	noise: tex = <class 'numpy.ndarray'>
21.9774 	EXP 	noise: tex = <class 'numpy.ndarray'>
22.0270 	EXP 	noise: tex = <class 'numpy.ndarray'>
22.0773 	EXP 	noise: tex = <class 'numpy.ndarray'>
22.1271 	EXP 	noise: tex = <class 'numpy.ndarray'>
22.1773 	EXP 	noise: tex = <class 'numpy.ndarray'>
22.2269 	EXP 	noise: tex = <class 'numpy.ndarray'>
22.2791 	EXP 	noise: tex = <class 'numpy.ndarray'>
22.3395 	EXP 	noise: tex = <class 'numpy.ndarray'>
22.3936 	EXP 	noise: tex = <class 'numpy.ndarray'>
22.4455 	EXP 	noise: tex = <class 'numpy.ndarray'>
22.4945 	EXP 	noise: tex = <class 'numpy.ndarray'>
22.5435 	EXP 	noise: tex = <class 'numpy.ndarray'>
22.6046 	EXP 	noise: tex = <class 'numpy.ndarray'>
22.6604 	EXP 	noise: tex = <class 'numpy.ndarray'>
22.7104 	EXP 	noise: tex = <class 'numpy.ndarray'>
22.7616 	EXP 	noise: tex = <class 'numpy.ndarray'>
22.8101 	EXP 	noise: tex = <class 'numpy.ndarray'>
22.8603 	EXP 	noise: tex = <class 'numpy.ndarray'>
22.9104 	EXP 	noise: tex = <class 'numpy.ndarray'>
22.9605 	EXP 	noise: tex = <class 'numpy.ndarray'>
23.0108 	EXP 	noise: tex = <class 'numpy.ndarray'>
23.0749 	EXP 	noise: tex = <class 'numpy.ndarray'>
23.1270 	EXP 	noise: tex = <class 'numpy.ndarray'>
23.1771 	EXP 	noise: tex = <class 'numpy.ndarray'>
23.2272 	EXP 	noise: tex = <class 'numpy.ndarray'>
23.2792 	EXP 	noise: tex = <class 'numpy.ndarray'>
23.3273 	EXP 	noise: tex = <class 'numpy.ndarray'>
23.3874 	EXP 	noise: tex = <class 'numpy.ndarray'>
23.4545 	EXP 	noise: tex = <class 'numpy.ndarray'>
23.5028 	EXP 	noise: tex = <class 'numpy.ndarray'>
23.5601 	EXP 	noise: tex = <class 'numpy.ndarray'>
23.6102 	EXP 	noise: tex = <class 'numpy.ndarray'>
23.6602 	EXP 	noise: tex = <class 'numpy.ndarray'>
23.7103 	EXP 	noise: tex = <class 'numpy.ndarray'>
23.7636 	EXP 	noise: tex = <class 'numpy.ndarray'>
23.8118 	EXP 	noise: tex = <class 'numpy.ndarray'>
23.8604 	EXP 	noise: tex = <class 'numpy.ndarray'>
23.9105 	EXP 	noise: tex = <class 'numpy.ndarray'>
23.9731 	EXP 	noise: tex = <class 'numpy.ndarray'>
24.0189 	EXP 	noise: tex = <class 'numpy.ndarray'>
24.0692 	EXP 	noise: tex = <class 'numpy.ndarray'>
24.1200 	EXP 	noise: tex = <class 'numpy.ndarray'>
24.1681 	EXP 	noise: tex = <class 'numpy.ndarray'>
24.2173 	EXP 	noise: tex = <class 'numpy.ndarray'>
24.2630 	EXP 	noise: tex = <class 'numpy.ndarray'>
24.3104 	EXP 	noise: tex = <class 'numpy.ndarray'>
24.3636 	EXP 	noise: tex = <class 'numpy.ndarray'>
24.4139 	EXP 	noise: tex = <class 'numpy.ndarray'>
24.4638 	EXP 	noise: tex = <class 'numpy.ndarray'>
24.5139 	EXP 	noise: tex = <class 'numpy.ndarray'>
24.5621 	EXP 	noise: tex = <class 'numpy.ndarray'>
24.6123 	EXP 	noise: tex = <class 'numpy.ndarray'>
24.6646 	EXP 	noise: tex = <class 'numpy.ndarray'>
24.7154 	EXP 	noise: tex = <class 'numpy.ndarray'>
24.7643 	EXP 	noise: tex = <class 'numpy.ndarray'>
24.8124 	EXP 	noise: tex = <class 'numpy.ndarray'>
24.8623 	EXP 	noise: tex = <class 'numpy.ndarray'>
24.9131 	EXP 	noise: tex = <class 'numpy.ndarray'>
24.9675 	EXP 	noise: tex = <class 'numpy.ndarray'>
25.0212 	EXP 	noise: tex = <class 'numpy.ndarray'>
25.0672 	EXP 	noise: tex = <class 'numpy.ndarray'>
25.1297 	EXP 	noise: tex = <class 'numpy.ndarray'>
25.1814 	EXP 	noise: tex = <class 'numpy.ndarray'>
25.2349 	EXP 	noise: tex = <class 'numpy.ndarray'>
25.2907 	EXP 	noise: tex = <class 'numpy.ndarray'>
25.3436 	EXP 	noise: tex = <class 'numpy.ndarray'>
25.4063 	EXP 	noise: tex = <class 'numpy.ndarray'>
25.4636 	EXP 	noise: tex = <class 'numpy.ndarray'>
25.5175 	EXP 	noise: tex = <class 'numpy.ndarray'>
25.5643 	EXP 	noise: tex = <class 'numpy.ndarray'>
25.6142 	EXP 	noise: tex = <class 'numpy.ndarray'>
25.6626 	EXP 	noise: tex = <class 'numpy.ndarray'>
25.7156 	EXP 	noise: tex = <class 'numpy.ndarray'>
25.7666 	EXP 	noise: tex = <class 'numpy.ndarray'>
25.8165 	EXP 	noise: tex = <class 'numpy.ndarray'>
25.8637 	EXP 	noise: tex = <class 'numpy.ndarray'>
25.9142 	EXP 	noise: tex = <class 'numpy.ndarray'>
25.9686 	EXP 	noise: tex = <class 'numpy.ndarray'>
26.0216 	EXP 	noise: tex = <class 'numpy.ndarray'>
26.0769 	EXP 	noise: tex = <class 'numpy.ndarray'>
26.1378 	EXP 	noise: tex = <class 'numpy.ndarray'>
26.1933 	EXP 	noise: tex = <class 'numpy.ndarray'>
26.2438 	EXP 	noise: tex = <class 'numpy.ndarray'>
26.2938 	EXP 	noise: tex = <class 'numpy.ndarray'>
26.3435 	EXP 	noise: tex = <class 'numpy.ndarray'>
26.3941 	EXP 	noise: tex = <class 'numpy.ndarray'>
26.4570 	EXP 	noise: tex = <class 'numpy.ndarray'>
26.5101 	EXP 	noise: tex = <class 'numpy.ndarray'>
26.5602 	EXP 	noise: tex = <class 'numpy.ndarray'>
26.6103 	EXP 	noise: tex = <class 'numpy.ndarray'>
26.6735 	EXP 	noise: tex = <class 'numpy.ndarray'>
26.7267 	EXP 	noise: tex = <class 'numpy.ndarray'>
26.7889 	EXP 	noise: tex = <class 'numpy.ndarray'>
26.8433 	EXP 	noise: tex = <class 'numpy.ndarray'>
26.8961 	EXP 	noise: tex = <class 'numpy.ndarray'>
26.9470 	EXP 	noise: tex = <class 'numpy.ndarray'>
26.9961 	EXP 	noise: tex = <class 'numpy.ndarray'>
27.0476 	EXP 	noise: tex = <class 'numpy.ndarray'>
27.0988 	EXP 	noise: tex = <class 'numpy.ndarray'>
27.1456 	EXP 	noise: tex = <class 'numpy.ndarray'>
27.1969 	EXP 	noise: tex = <class 'numpy.ndarray'>
27.2460 	EXP 	noise: tex = <class 'numpy.ndarray'>
27.2936 	EXP 	noise: tex = <class 'numpy.ndarray'>
27.3436 	EXP 	noise: tex = <class 'numpy.ndarray'>
27.4046 	EXP 	noise: tex = <class 'numpy.ndarray'>
27.4628 	EXP 	noise: tex = <class 'numpy.ndarray'>
27.5104 	EXP 	noise: tex = <class 'numpy.ndarray'>
27.5614 	EXP 	noise: tex = <class 'numpy.ndarray'>
27.6139 	EXP 	noise: tex = <class 'numpy.ndarray'>
27.6645 	EXP 	noise: tex = <class 'numpy.ndarray'>
27.7191 	EXP 	noise: tex = <class 'numpy.ndarray'>
27.7780 	EXP 	noise: tex = <class 'numpy.ndarray'>
27.8286 	EXP 	noise: tex = <class 'numpy.ndarray'>
27.8783 	EXP 	noise: tex = <class 'numpy.ndarray'>
27.9396 	EXP 	noise: tex = <class 'numpy.ndarray'>
27.9452 	EXP 	New trial (rep=0, index=1): OrderedDict([('blobHeight', 0.5833), ('blobWidth', 0.12), ('mask', '$np.ones((512,512))'), ('sig', 0.015)])
27.9603 	EXP 	noise_0: autoDraw = False
27.9603 	EXP 	noise: autoDraw = False
27.9603 	EXP 	blob_0: autoDraw = False
27.9603 	EXP 	blob: autoDraw = False
27.9603 	EXP 	cursor: autoDraw = False
27.9603 	EXP 	start_trial_text: autoDraw = True
28.7455 	DATA 	Mouse: Left button down, pos=(920,495)
28.7649 	EXP 	window1: mouseVisible = 0
28.8241 	EXP 	start_trial_text: autoDraw = False
28.8241 	EXP 	blob_0: tex = <class 'numpy.ndarray'>
28.8241 	EXP 	blob: tex = <class 'numpy.ndarray'>
28.8241 	EXP 	noise_0: autoDraw = True
28.8241 	EXP 	noise_0: tex = <class 'numpy.ndarray'>
28.8241 	EXP 	blob_0: autoDraw = True
28.8241 	EXP 	cursor: autoDraw = True
28.8770 	EXP 	noise_0: tex = <class 'numpy.ndarray'>
28.9176 	DATA 	Mouse:  Left button up, pos=(720,450)
28.9403 	EXP 	noise_0: tex = <class 'numpy.ndarray'>
28.9933 	EXP 	noise_0: tex = <class 'numpy.ndarray'>
29.0440 	EXP 	noise_0: tex = <class 'numpy.ndarray'>
29.0942 	EXP 	noise_0: tex = <class 'numpy.ndarray'>
29.1483 	EXP 	noise_0: tex = <class 'numpy.ndarray'>
29.1993 	EXP 	noise_0: tex = <class 'numpy.ndarray'>
29.2629 	EXP 	noise_0: tex = <class 'numpy.ndarray'>
29.3631 	EXP 	noise_0: tex = <class 'numpy.ndarray'>
29.3631 	EXP 	noise: autoDraw = True
29.3631 	EXP 	noise: tex = <class 'numpy.ndarray'>
29.3631 	EXP 	blob: autoDraw = True
29.4108 	EXP 	noise_0: autoDraw = False
29.4108 	EXP 	noise: tex = <class 'numpy.ndarray'>
29.4108 	EXP 	blob_0: autoDraw = False
29.4604 	EXP 	noise: tex = <class 'numpy.ndarray'>
29.5238 	EXP 	noise: tex = <class 'numpy.ndarray'>
29.5852 	EXP 	noise: tex = <class 'numpy.ndarray'>
29.6432 	EXP 	noise: tex = <class 'numpy.ndarray'>
29.6938 	EXP 	noise: tex = <class 'numpy.ndarray'>
29.7434 	EXP 	noise: tex = <class 'numpy.ndarray'>
29.8043 	EXP 	noise: tex = <class 'numpy.ndarray'>
29.8499 	EXP 	noise: tex = <class 'numpy.ndarray'>
29.9028 	EXP 	noise: tex = <class 'numpy.ndarray'>
29.9534 	EXP 	noise: tex = <class 'numpy.ndarray'>
30.0007 	EXP 	noise: tex = <class 'numpy.ndarray'>
30.0476 	EXP 	noise: tex = <class 'numpy.ndarray'>
30.0934 	EXP 	noise: tex = <class 'numpy.ndarray'>
30.1450 	EXP 	noise: tex = <class 'numpy.ndarray'>
30.1966 	EXP 	noise: tex = <class 'numpy.ndarray'>
30.2627 	EXP 	noise: tex = <class 'numpy.ndarray'>
30.3130 	EXP 	noise: tex = <class 'numpy.ndarray'>
30.3634 	EXP 	noise: tex = <class 'numpy.ndarray'>
30.4147 	EXP 	noise: tex = <class 'numpy.ndarray'>
30.4609 	EXP 	noise: tex = <class 'numpy.ndarray'>
30.5233 	EXP 	noise: tex = <class 'numpy.ndarray'>
30.5765 	EXP 	noise: tex = <class 'numpy.ndarray'>
30.6272 	EXP 	noise: tex = <class 'numpy.ndarray'>
30.6769 	EXP 	noise: tex = <class 'numpy.ndarray'>
30.7270 	EXP 	noise: tex = <class 'numpy.ndarray'>
30.7769 	EXP 	noise: tex = <class 'numpy.ndarray'>
30.8297 	EXP 	noise: tex = <class 'numpy.ndarray'>
30.8783 	EXP 	noise: tex = <class 'numpy.ndarray'>
30.9268 	EXP 	noise: tex = <class 'numpy.ndarray'>
30.9806 	EXP 	noise: tex = <class 'numpy.ndarray'>
31.0291 	EXP 	noise: tex = <class 'numpy.ndarray'>
31.0797 	EXP 	noise: tex = <class 'numpy.ndarray'>
31.1299 	EXP 	noise: tex = <class 'numpy.ndarray'>
31.1803 	EXP 	noise: tex = <class 'numpy.ndarray'>
31.2344 	EXP 	noise: tex = <class 'numpy.ndarray'>
31.2937 	EXP 	noise: tex = <class 'numpy.ndarray'>
31.3446 	EXP 	noise: tex = <class 'numpy.ndarray'>
31.4097 	EXP 	noise: tex = <class 'numpy.ndarray'>
31.4606 	EXP 	noise: tex = <class 'numpy.ndarray'>
31.5144 	EXP 	noise: tex = <class 'numpy.ndarray'>
31.5796 	EXP 	noise: tex = <class 'numpy.ndarray'>
31.6350 	EXP 	noise: tex = <class 'numpy.ndarray'>
31.6932 	EXP 	noise: tex = <class 'numpy.ndarray'>
31.7441 	EXP 	noise: tex = <class 'numpy.ndarray'>
31.7936 	EXP 	noise: tex = <class 'numpy.ndarray'>
31.8447 	EXP 	noise: tex = <class 'numpy.ndarray'>
31.8944 	EXP 	noise: tex = <class 'numpy.ndarray'>
31.9449 	EXP 	noise: tex = <class 'numpy.ndarray'>
31.9941 	EXP 	noise: tex = <class 'numpy.ndarray'>
32.0439 	EXP 	noise: tex = <class 'numpy.ndarray'>
32.1052 	EXP 	noise: tex = <class 'numpy.ndarray'>
32.1599 	EXP 	noise: tex = <class 'numpy.ndarray'>
32.2212 	EXP 	noise: tex = <class 'numpy.ndarray'>
32.2844 	EXP 	noise: tex = <class 'numpy.ndarray'>
32.3432 	EXP 	noise: tex = <class 'numpy.ndarray'>
32.4049 	EXP 	noise: tex = <class 'numpy.ndarray'>
32.4601 	EXP 	noise: tex = <class 'numpy.ndarray'>
32.5112 	EXP 	noise: tex = <class 'numpy.ndarray'>
32.5606 	EXP 	noise: tex = <class 'numpy.ndarray'>
32.6236 	EXP 	noise: tex = <class 'numpy.ndarray'>
32.6766 	EXP 	noise: tex = <class 'numpy.ndarray'>
32.7289 	EXP 	noise: tex = <class 'numpy.ndarray'>
32.7800 	EXP 	noise: tex = <class 'numpy.ndarray'>
32.8309 	EXP 	noise: tex = <class 'numpy.ndarray'>
32.8811 	EXP 	noise: tex = <class 'numpy.ndarray'>
32.9268 	EXP 	noise: tex = <class 'numpy.ndarray'>
32.9769 	EXP 	noise: tex = <class 'numpy.ndarray'>
33.0285 	EXP 	noise: tex = <class 'numpy.ndarray'>
33.0909 	EXP 	noise: tex = <class 'numpy.ndarray'>
33.1437 	EXP 	noise: tex = <class 'numpy.ndarray'>
33.1950 	EXP 	noise: tex = <class 'numpy.ndarray'>
33.2492 	EXP 	noise: tex = <class 'numpy.ndarray'>
33.2996 	EXP 	noise: tex = <class 'numpy.ndarray'>
33.3513 	EXP 	noise: tex = <class 'numpy.ndarray'>
33.4100 	EXP 	noise: tex = <class 'numpy.ndarray'>
33.4601 	EXP 	noise: tex = <class 'numpy.ndarray'>
33.5100 	EXP 	noise: tex = <class 'numpy.ndarray'>
33.5601 	EXP 	noise: tex = <class 'numpy.ndarray'>
33.6101 	EXP 	noise: tex = <class 'numpy.ndarray'>
33.6625 	EXP 	noise: tex = <class 'numpy.ndarray'>
33.7101 	EXP 	noise: tex = <class 'numpy.ndarray'>
33.7615 	EXP 	noise: tex = <class 'numpy.ndarray'>
33.8132 	EXP 	noise: tex = <class 'numpy.ndarray'>
33.8670 	EXP 	noise: tex = <class 'numpy.ndarray'>
33.9172 	EXP 	noise: tex = <class 'numpy.ndarray'>
33.9683 	EXP 	noise: tex = <class 'numpy.ndarray'>
34.0200 	EXP 	noise: tex = <class 'numpy.ndarray'>
34.0685 	EXP 	noise: tex = <class 'numpy.ndarray'>
34.1294 	EXP 	noise: tex = <class 'numpy.ndarray'>
34.1807 	EXP 	noise: tex = <class 'numpy.ndarray'>
34.2462 	EXP 	noise: tex = <class 'numpy.ndarray'>
34.2958 	EXP 	noise: tex = <class 'numpy.ndarray'>
34.3461 	EXP 	noise: tex = <class 'numpy.ndarray'>
34.3996 	EXP 	noise: tex = <class 'numpy.ndarray'>
34.4518 	EXP 	noise: tex = <class 'numpy.ndarray'>
34.5128 	EXP 	noise: tex = <class 'numpy.ndarray'>
34.5650 	EXP 	noise: tex = <class 'numpy.ndarray'>
34.6116 	EXP 	noise: tex = <class 'numpy.ndarray'>
34.6629 	EXP 	noise: tex = <class 'numpy.ndarray'>
34.7109 	EXP 	noise: tex = <class 'numpy.ndarray'>
34.7612 	EXP 	noise: tex = <class 'numpy.ndarray'>
34.8133 	EXP 	noise: tex = <class 'numpy.ndarray'>
34.8603 	EXP 	noise: tex = <class 'numpy.ndarray'>
34.9108 	EXP 	noise: tex = <class 'numpy.ndarray'>
34.9599 	EXP 	noise: tex = <class 'numpy.ndarray'>
35.0100 	EXP 	noise: tex = <class 'numpy.ndarray'>
35.0601 	EXP 	noise: tex = <class 'numpy.ndarray'>
35.1146 	EXP 	noise: tex = <class 'numpy.ndarray'>
35.1661 	EXP 	noise: tex = <class 'numpy.ndarray'>
35.2174 	EXP 	noise: tex = <class 'numpy.ndarray'>
35.2678 	EXP 	noise: tex = <class 'numpy.ndarray'>
35.3180 	EXP 	noise: tex = <class 'numpy.ndarray'>
35.3651 	EXP 	noise: tex = <class 'numpy.ndarray'>
35.4295 	EXP 	noise: tex = <class 'numpy.ndarray'>
35.4768 	EXP 	noise: tex = <class 'numpy.ndarray'>
35.5266 	EXP 	noise: tex = <class 'numpy.ndarray'>
35.5780 	EXP 	noise: tex = <class 'numpy.ndarray'>
35.6388 	EXP 	noise: tex = <class 'numpy.ndarray'>
35.6860 	EXP 	noise: tex = <class 'numpy.ndarray'>
35.7347 	EXP 	noise: tex = <class 'numpy.ndarray'>
35.7784 	EXP 	noise: tex = <class 'numpy.ndarray'>
35.8283 	EXP 	noise: tex = <class 'numpy.ndarray'>
35.8797 	EXP 	noise: tex = <class 'numpy.ndarray'>
35.9461 	EXP 	noise: tex = <class 'numpy.ndarray'>
35.9999 	EXP 	noise: tex = <class 'numpy.ndarray'>
36.0514 	EXP 	noise: tex = <class 'numpy.ndarray'>
36.1128 	EXP 	noise: tex = <class 'numpy.ndarray'>
36.1641 	EXP 	noise: tex = <class 'numpy.ndarray'>
36.2146 	EXP 	noise: tex = <class 'numpy.ndarray'>
36.2672 	EXP 	noise: tex = <class 'numpy.ndarray'>
36.3295 	EXP 	noise: tex = <class 'numpy.ndarray'>
36.3806 	EXP 	noise: tex = <class 'numpy.ndarray'>
36.4336 	EXP 	noise: tex = <class 'numpy.ndarray'>
36.4840 	EXP 	noise: tex = <class 'numpy.ndarray'>
36.5322 	EXP 	noise: tex = <class 'numpy.ndarray'>
36.5961 	EXP 	noise: tex = <class 'numpy.ndarray'>
36.6471 	EXP 	noise: tex = <class 'numpy.ndarray'>
36.6968 	EXP 	noise: tex = <class 'numpy.ndarray'>
36.7459 	EXP 	noise: tex = <class 'numpy.ndarray'>
36.8067 	EXP 	noise: tex = <class 'numpy.ndarray'>
36.8602 	EXP 	noise: tex = <class 'numpy.ndarray'>
36.9232 	EXP 	noise: tex = <class 'numpy.ndarray'>
36.9855 	EXP 	noise: tex = <class 'numpy.ndarray'>
37.0327 	EXP 	noise: tex = <class 'numpy.ndarray'>
37.0861 	EXP 	noise: tex = <class 'numpy.ndarray'>
37.1477 	EXP 	noise: tex = <class 'numpy.ndarray'>
37.1944 	EXP 	noise: tex = <class 'numpy.ndarray'>
37.2491 	EXP 	noise: tex = <class 'numpy.ndarray'>
37.3008 	EXP 	noise: tex = <class 'numpy.ndarray'>
37.3495 	EXP 	noise: tex = <class 'numpy.ndarray'>
37.3992 	EXP 	noise: tex = <class 'numpy.ndarray'>
37.4484 	EXP 	noise: tex = <class 'numpy.ndarray'>
37.4985 	EXP 	noise: tex = <class 'numpy.ndarray'>
37.5481 	EXP 	noise: tex = <class 'numpy.ndarray'>
37.5955 	EXP 	noise: tex = <class 'numpy.ndarray'>
37.6456 	EXP 	noise: tex = <class 'numpy.ndarray'>
37.6980 	EXP 	noise: tex = <class 'numpy.ndarray'>
37.7502 	EXP 	noise: tex = <class 'numpy.ndarray'>
37.8028 	EXP 	noise: tex = <class 'numpy.ndarray'>
37.8515 	EXP 	noise: tex = <class 'numpy.ndarray'>
37.9125 	EXP 	noise: tex = <class 'numpy.ndarray'>
37.9601 	EXP 	noise: tex = <class 'numpy.ndarray'>
38.0105 	EXP 	noise: tex = <class 'numpy.ndarray'>
38.0603 	EXP 	noise: tex = <class 'numpy.ndarray'>
38.1102 	EXP 	noise: tex = <class 'numpy.ndarray'>
38.1611 	EXP 	noise: tex = <class 'numpy.ndarray'>
38.2101 	EXP 	noise: tex = <class 'numpy.ndarray'>
38.2605 	EXP 	noise: tex = <class 'numpy.ndarray'>
38.3101 	EXP 	noise: tex = <class 'numpy.ndarray'>
38.3617 	EXP 	noise: tex = <class 'numpy.ndarray'>
38.4141 	EXP 	noise: tex = <class 'numpy.ndarray'>
38.4635 	EXP 	noise: tex = <class 'numpy.ndarray'>
38.5295 	EXP 	noise: tex = <class 'numpy.ndarray'>
38.5767 	EXP 	noise: tex = <class 'numpy.ndarray'>
38.6280 	EXP 	noise: tex = <class 'numpy.ndarray'>
38.6907 	EXP 	noise: tex = <class 'numpy.ndarray'>
38.7545 	EXP 	noise: tex = <class 'numpy.ndarray'>
38.8100 	EXP 	noise: tex = <class 'numpy.ndarray'>
38.8617 	EXP 	noise: tex = <class 'numpy.ndarray'>
38.9121 	EXP 	noise: tex = <class 'numpy.ndarray'>
38.9634 	EXP 	noise: tex = <class 'numpy.ndarray'>
39.0140 	EXP 	noise: tex = <class 'numpy.ndarray'>
39.0650 	EXP 	noise: tex = <class 'numpy.ndarray'>
39.1107 	EXP 	noise: tex = <class 'numpy.ndarray'>
39.1600 	EXP 	noise: tex = <class 'numpy.ndarray'>
39.2102 	EXP 	noise: tex = <class 'numpy.ndarray'>
39.2709 	EXP 	noise: tex = <class 'numpy.ndarray'>
39.3266 	EXP 	noise: tex = <class 'numpy.ndarray'>
39.3785 	EXP 	noise: tex = <class 'numpy.ndarray'>
39.4310 	EXP 	noise: tex = <class 'numpy.ndarray'>
39.4821 	EXP 	noise: tex = <class 'numpy.ndarray'>
39.5328 	EXP 	noise: tex = <class 'numpy.ndarray'>
39.5835 	EXP 	noise: tex = <class 'numpy.ndarray'>
39.6343 	EXP 	noise: tex = <class 'numpy.ndarray'>
39.6837 	EXP 	noise: tex = <class 'numpy.ndarray'>
39.7335 	EXP 	noise: tex = <class 'numpy.ndarray'>
39.7963 	EXP 	noise: tex = <class 'numpy.ndarray'>
39.8435 	EXP 	noise: tex = <class 'numpy.ndarray'>
39.8935 	EXP 	noise: tex = <class 'numpy.ndarray'>
39.9572 	EXP 	noise: tex = <class 'numpy.ndarray'>
40.0100 	EXP 	noise: tex = <class 'numpy.ndarray'>
40.0602 	EXP 	noise: tex = <class 'numpy.ndarray'>
40.1111 	EXP 	noise: tex = <class 'numpy.ndarray'>
40.1604 	EXP 	noise: tex = <class 'numpy.ndarray'>
40.2103 	EXP 	noise: tex = <class 'numpy.ndarray'>
40.2659 	EXP 	noise: tex = <class 'numpy.ndarray'>
40.3270 	EXP 	noise: tex = <class 'numpy.ndarray'>
40.3768 	EXP 	noise: tex = <class 'numpy.ndarray'>
40.4269 	EXP 	noise: tex = <class 'numpy.ndarray'>
40.4893 	EXP 	noise: tex = <class 'numpy.ndarray'>
40.5432 	EXP 	noise: tex = <class 'numpy.ndarray'>
40.5943 	EXP 	noise: tex = <class 'numpy.ndarray'>
40.6451 	EXP 	noise: tex = <class 'numpy.ndarray'>
40.6956 	EXP 	noise: tex = <class 'numpy.ndarray'>
40.7465 	EXP 	noise: tex = <class 'numpy.ndarray'>
40.7957 	EXP 	noise: tex = <class 'numpy.ndarray'>
40.8501 	EXP 	noise: tex = <class 'numpy.ndarray'>
40.9049 	EXP 	noise: tex = <class 'numpy.ndarray'>
40.9631 	EXP 	noise: tex = <class 'numpy.ndarray'>
41.0266 	EXP 	noise: tex = <class 'numpy.ndarray'>
41.0772 	EXP 	noise: tex = <class 'numpy.ndarray'>
41.1268 	EXP 	noise: tex = <class 'numpy.ndarray'>
41.1769 	EXP 	noise: tex = <class 'numpy.ndarray'>
41.2280 	EXP 	noise: tex = <class 'numpy.ndarray'>
41.2781 	EXP 	noise: tex = <class 'numpy.ndarray'>
41.3401 	EXP 	noise: tex = <class 'numpy.ndarray'>
41.4043 	EXP 	noise: tex = <class 'numpy.ndarray'>
41.4512 	EXP 	noise: tex = <class 'numpy.ndarray'>
41.5011 	EXP 	noise: tex = <class 'numpy.ndarray'>
41.5646 	EXP 	noise: tex = <class 'numpy.ndarray'>
41.6266 	EXP 	noise: tex = <class 'numpy.ndarray'>
41.6783 	EXP 	noise: tex = <class 'numpy.ndarray'>
41.7381 	EXP 	noise: tex = <class 'numpy.ndarray'>
41.7933 	EXP 	noise: tex = <class 'numpy.ndarray'>
41.8437 	EXP 	noise: tex = <class 'numpy.ndarray'>
41.9042 	EXP 	noise: tex = <class 'numpy.ndarray'>
41.9520 	EXP 	noise: tex = <class 'numpy.ndarray'>
42.0210 	EXP 	noise: tex = <class 'numpy.ndarray'>
42.0764 	EXP 	noise: tex = <class 'numpy.ndarray'>
42.1266 	EXP 	noise: tex = <class 'numpy.ndarray'>
42.1872 	EXP 	noise: tex = <class 'numpy.ndarray'>
42.2433 	EXP 	noise: tex = <class 'numpy.ndarray'>
42.3006 	EXP 	noise: tex = <class 'numpy.ndarray'>
42.3511 	EXP 	noise: tex = <class 'numpy.ndarray'>
42.4129 	EXP 	noise: tex = <class 'numpy.ndarray'>
42.4693 	EXP 	noise: tex = <class 'numpy.ndarray'>
42.5166 	EXP 	noise: tex = <class 'numpy.ndarray'>
42.5688 	EXP 	noise: tex = <class 'numpy.ndarray'>
42.6151 	EXP 	noise: tex = <class 'numpy.ndarray'>
42.6617 	EXP 	noise: tex = <class 'numpy.ndarray'>
42.7141 	EXP 	noise: tex = <class 'numpy.ndarray'>
42.7636 	EXP 	noise: tex = <class 'numpy.ndarray'>
42.8097 	EXP 	noise: tex = <class 'numpy.ndarray'>
42.8598 	EXP 	noise: tex = <class 'numpy.ndarray'>
42.9100 	EXP 	noise: tex = <class 'numpy.ndarray'>
42.9727 	EXP 	noise: tex = <class 'numpy.ndarray'>
43.0267 	EXP 	noise: tex = <class 'numpy.ndarray'>
43.0768 	EXP 	noise: tex = <class 'numpy.ndarray'>
43.1278 	EXP 	noise: tex = <class 'numpy.ndarray'>
43.1790 	EXP 	noise: tex = <class 'numpy.ndarray'>
43.2299 	EXP 	noise: tex = <class 'numpy.ndarray'>
43.2802 	EXP 	noise: tex = <class 'numpy.ndarray'>
43.3320 	EXP 	noise: tex = <class 'numpy.ndarray'>
43.3793 	EXP 	noise: tex = <class 'numpy.ndarray'>
43.4299 	EXP 	noise: tex = <class 'numpy.ndarray'>
43.4790 	EXP 	noise: tex = <class 'numpy.ndarray'>
43.5269 	EXP 	noise: tex = <class 'numpy.ndarray'>
43.5795 	EXP 	noise: tex = <class 'numpy.ndarray'>
43.6268 	EXP 	noise: tex = <class 'numpy.ndarray'>
43.6768 	EXP 	noise: tex = <class 'numpy.ndarray'>
43.7270 	EXP 	noise: tex = <class 'numpy.ndarray'>
43.7792 	EXP 	noise: tex = <class 'numpy.ndarray'>
43.8277 	EXP 	noise: tex = <class 'numpy.ndarray'>
43.8775 	EXP 	noise: tex = <class 'numpy.ndarray'>
43.9266 	EXP 	noise: tex = <class 'numpy.ndarray'>
43.9876 	EXP 	noise: tex = <class 'numpy.ndarray'>
44.0432 	EXP 	noise: tex = <class 'numpy.ndarray'>
44.0943 	EXP 	noise: tex = <class 'numpy.ndarray'>
44.1435 	EXP 	noise: tex = <class 'numpy.ndarray'>
44.1931 	EXP 	noise: tex = <class 'numpy.ndarray'>
44.2440 	EXP 	noise: tex = <class 'numpy.ndarray'>
44.2946 	EXP 	noise: tex = <class 'numpy.ndarray'>
44.2987 	EXP 	New trial (rep=0, index=2): OrderedDict([('blobHeight', 0.4118), ('blobWidth', 0.17), ('mask', '$np.ones((512,512))'), ('sig', 0.015)])
44.3120 	EXP 	noise_0: autoDraw = False
44.3120 	EXP 	noise: autoDraw = False
44.3120 	EXP 	blob_0: autoDraw = False
44.3120 	EXP 	blob: autoDraw = False
44.3120 	EXP 	cursor: autoDraw = False
44.3120 	EXP 	start_trial_text: autoDraw = True
45.1773 	DATA 	Mouse: Left button down, pos=(541,878)
45.1930 	EXP 	window1: mouseVisible = 0
45.2567 	EXP 	start_trial_text: autoDraw = False
45.2567 	EXP 	blob_0: tex = <class 'numpy.ndarray'>
45.2567 	EXP 	blob: tex = <class 'numpy.ndarray'>
45.2567 	EXP 	noise_0: autoDraw = True
45.2567 	EXP 	noise_0: tex = <class 'numpy.ndarray'>
45.2567 	EXP 	blob_0: autoDraw = True
45.2567 	EXP 	cursor: autoDraw = True
45.2903 	DATA 	Mouse:  Left button up, pos=(720,450)
45.3100 	EXP 	noise_0: tex = <class 'numpy.ndarray'>
45.3734 	EXP 	noise_0: tex = <class 'numpy.ndarray'>
45.4300 	EXP 	noise_0: tex = <class 'numpy.ndarray'>
45.4864 	EXP 	noise_0: tex = <class 'numpy.ndarray'>
45.5321 	EXP 	noise_0: tex = <class 'numpy.ndarray'>
45.5802 	EXP 	noise_0: tex = <class 'numpy.ndarray'>
45.6343 	EXP 	noise_0: tex = <class 'numpy.ndarray'>
45.6908 	EXP 	noise_0: tex = <class 'numpy.ndarray'>
45.7811 	EXP 	noise_0: tex = <class 'numpy.ndarray'>
45.7811 	EXP 	noise: autoDraw = True
45.7811 	EXP 	noise: tex = <class 'numpy.ndarray'>
45.7811 	EXP 	blob: autoDraw = True
45.8464 	EXP 	noise_0: autoDraw = False
45.8464 	EXP 	noise: tex = <class 'numpy.ndarray'>
45.8464 	EXP 	blob_0: autoDraw = False
45.9000 	EXP 	noise: tex = <class 'numpy.ndarray'>
45.9625 	EXP 	noise: tex = <class 'numpy.ndarray'>
46.0138 	EXP 	noise: tex = <class 'numpy.ndarray'>
46.0660 	EXP 	noise: tex = <class 'numpy.ndarray'>
46.1294 	EXP 	noise: tex = <class 'numpy.ndarray'>
46.1786 	EXP 	noise: tex = <class 'numpy.ndarray'>
46.2299 	EXP 	noise: tex = <class 'numpy.ndarray'>
46.2840 	EXP 	noise: tex = <class 'numpy.ndarray'>
46.3347 	EXP 	noise: tex = <class 'numpy.ndarray'>
46.4031 	EXP 	noise: tex = <class 'numpy.ndarray'>
46.4521 	EXP 	noise: tex = <class 'numpy.ndarray'>
46.5028 	EXP 	noise: tex = <class 'numpy.ndarray'>
46.5597 	EXP 	noise: tex = <class 'numpy.ndarray'>
46.6117 	EXP 	noise: tex = <class 'numpy.ndarray'>
46.6653 	EXP 	noise: tex = <class 'numpy.ndarray'>
46.7171 	EXP 	noise: tex = <class 'numpy.ndarray'>
46.7793 	EXP 	noise: tex = <class 'numpy.ndarray'>
46.8428 	EXP 	noise: tex = <class 'numpy.ndarray'>
46.9062 	EXP 	noise: tex = <class 'numpy.ndarray'>
46.9692 	EXP 	noise: tex = <class 'numpy.ndarray'>
47.0169 	EXP 	noise: tex = <class 'numpy.ndarray'>
47.0795 	EXP 	noise: tex = <class 'numpy.ndarray'>
47.1276 	EXP 	noise: tex = <class 'numpy.ndarray'>
47.1809 	EXP 	noise: tex = <class 'numpy.ndarray'>
47.2317 	EXP 	noise: tex = <class 'numpy.ndarray'>
47.2798 	EXP 	noise: tex = <class 'numpy.ndarray'>
47.3273 	EXP 	noise: tex = <class 'numpy.ndarray'>
47.3784 	EXP 	noise: tex = <class 'numpy.ndarray'>
47.4291 	EXP 	noise: tex = <class 'numpy.ndarray'>
47.4837 	EXP 	noise: tex = <class 'numpy.ndarray'>
47.5437 	EXP 	noise: tex = <class 'numpy.ndarray'>
47.5942 	EXP 	noise: tex = <class 'numpy.ndarray'>
47.6447 	EXP 	noise: tex = <class 'numpy.ndarray'>
47.6981 	EXP 	noise: tex = <class 'numpy.ndarray'>
47.7476 	EXP 	noise: tex = <class 'numpy.ndarray'>
47.8131 	EXP 	noise: tex = <class 'numpy.ndarray'>
47.8673 	EXP 	noise: tex = <class 'numpy.ndarray'>
47.9197 	EXP 	noise: tex = <class 'numpy.ndarray'>
47.9699 	EXP 	noise: tex = <class 'numpy.ndarray'>
48.0262 	EXP 	noise: tex = <class 'numpy.ndarray'>
48.0877 	EXP 	noise: tex = <class 'numpy.ndarray'>
48.1431 	EXP 	noise: tex = <class 'numpy.ndarray'>
48.2031 	EXP 	noise: tex = <class 'numpy.ndarray'>
48.2526 	EXP 	noise: tex = <class 'numpy.ndarray'>
48.3096 	EXP 	noise: tex = <class 'numpy.ndarray'>
48.3723 	EXP 	noise: tex = <class 'numpy.ndarray'>
48.4265 	EXP 	noise: tex = <class 'numpy.ndarray'>
48.4875 	EXP 	noise: tex = <class 'numpy.ndarray'>
48.5543 	EXP 	noise: tex = <class 'numpy.ndarray'>
48.6138 	EXP 	noise: tex = <class 'numpy.ndarray'>
48.6612 	EXP 	noise: tex = <class 'numpy.ndarray'>
48.7129 	EXP 	noise: tex = <class 'numpy.ndarray'>
48.7683 	EXP 	noise: tex = <class 'numpy.ndarray'>
48.8262 	EXP 	noise: tex = <class 'numpy.ndarray'>
48.8866 	EXP 	noise: tex = <class 'numpy.ndarray'>
48.9336 	EXP 	noise: tex = <class 'numpy.ndarray'>
48.9859 	EXP 	noise: tex = <class 'numpy.ndarray'>
49.0459 	EXP 	noise: tex = <class 'numpy.ndarray'>
49.0971 	EXP 	noise: tex = <class 'numpy.ndarray'>
49.1486 	EXP 	noise: tex = <class 'numpy.ndarray'>
49.2018 	EXP 	noise: tex = <class 'numpy.ndarray'>
49.2517 	EXP 	noise: tex = <class 'numpy.ndarray'>
49.2987 	EXP 	noise: tex = <class 'numpy.ndarray'>
49.3474 	EXP 	noise: tex = <class 'numpy.ndarray'>
49.3990 	EXP 	noise: tex = <class 'numpy.ndarray'>
49.4478 	EXP 	noise: tex = <class 'numpy.ndarray'>
49.4974 	EXP 	noise: tex = <class 'numpy.ndarray'>
49.5508 	EXP 	noise: tex = <class 'numpy.ndarray'>
49.6110 	EXP 	noise: tex = <class 'numpy.ndarray'>
49.6736 	EXP 	noise: tex = <class 'numpy.ndarray'>
49.7382 	EXP 	noise: tex = <class 'numpy.ndarray'>
49.7859 	EXP 	noise: tex = <class 'numpy.ndarray'>
49.8348 	EXP 	noise: tex = <class 'numpy.ndarray'>
49.8929 	EXP 	noise: tex = <class 'numpy.ndarray'>
49.9431 	EXP 	noise: tex = <class 'numpy.ndarray'>
49.9935 	EXP 	noise: tex = <class 'numpy.ndarray'>
50.0457 	EXP 	noise: tex = <class 'numpy.ndarray'>
50.0969 	EXP 	noise: tex = <class 'numpy.ndarray'>
50.1444 	EXP 	noise: tex = <class 'numpy.ndarray'>
50.2069 	EXP 	noise: tex = <class 'numpy.ndarray'>
50.2598 	EXP 	noise: tex = <class 'numpy.ndarray'>
50.3098 	EXP 	noise: tex = <class 'numpy.ndarray'>
50.3732 	EXP 	noise: tex = <class 'numpy.ndarray'>
50.4266 	EXP 	noise: tex = <class 'numpy.ndarray'>
50.4765 	EXP 	noise: tex = <class 'numpy.ndarray'>
50.5270 	EXP 	noise: tex = <class 'numpy.ndarray'>
50.5766 	EXP 	noise: tex = <class 'numpy.ndarray'>
50.6288 	EXP 	noise: tex = <class 'numpy.ndarray'>
50.6814 	EXP 	noise: tex = <class 'numpy.ndarray'>
50.7459 	EXP 	noise: tex = <class 'numpy.ndarray'>
50.8009 	EXP 	noise: tex = <class 'numpy.ndarray'>
50.8599 	EXP 	noise: tex = <class 'numpy.ndarray'>
50.9118 	EXP 	noise: tex = <class 'numpy.ndarray'>
50.9601 	EXP 	noise: tex = <class 'numpy.ndarray'>
51.0100 	EXP 	noise: tex = <class 'numpy.ndarray'>
51.0634 	EXP 	noise: tex = <class 'numpy.ndarray'>
51.1198 	EXP 	noise: tex = <class 'numpy.ndarray'>
51.1865 	EXP 	noise: tex = <class 'numpy.ndarray'>
51.2360 	EXP 	noise: tex = <class 'numpy.ndarray'>
51.2860 	EXP 	noise: tex = <class 'numpy.ndarray'>
51.3430 	EXP 	noise: tex = <class 'numpy.ndarray'>
51.3955 	EXP 	noise: tex = <class 'numpy.ndarray'>
51.4441 	EXP 	noise: tex = <class 'numpy.ndarray'>
51.5101 	EXP 	noise: tex = <class 'numpy.ndarray'>
51.5721 	EXP 	noise: tex = <class 'numpy.ndarray'>
51.6262 	EXP 	noise: tex = <class 'numpy.ndarray'>
51.6783 	EXP 	noise: tex = <class 'numpy.ndarray'>
51.7268 	EXP 	noise: tex = <class 'numpy.ndarray'>
51.7878 	EXP 	noise: tex = <class 'numpy.ndarray'>
51.8547 	EXP 	noise: tex = <class 'numpy.ndarray'>
51.9095 	EXP 	noise: tex = <class 'numpy.ndarray'>
51.9597 	EXP 	noise: tex = <class 'numpy.ndarray'>
52.0118 	EXP 	noise: tex = <class 'numpy.ndarray'>
52.0611 	EXP 	noise: tex = <class 'numpy.ndarray'>
52.1129 	EXP 	noise: tex = <class 'numpy.ndarray'>
52.1599 	EXP 	noise: tex = <class 'numpy.ndarray'>
52.2259 	EXP 	noise: tex = <class 'numpy.ndarray'>
52.2767 	EXP 	noise: tex = <class 'numpy.ndarray'>
52.3283 	EXP 	noise: tex = <class 'numpy.ndarray'>
52.3801 	EXP 	noise: tex = <class 'numpy.ndarray'>
52.4290 	EXP 	noise: tex = <class 'numpy.ndarray'>
52.4772 	EXP 	noise: tex = <class 'numpy.ndarray'>
52.5287 	EXP 	noise: tex = <class 'numpy.ndarray'>
52.5764 	EXP 	noise: tex = <class 'numpy.ndarray'>
52.6265 	EXP 	noise: tex = <class 'numpy.ndarray'>
52.6768 	EXP 	noise: tex = <class 'numpy.ndarray'>
52.7297 	EXP 	noise: tex = <class 'numpy.ndarray'>
52.7909 	EXP 	noise: tex = <class 'numpy.ndarray'>
52.8430 	EXP 	noise: tex = <class 'numpy.ndarray'>
52.8931 	EXP 	noise: tex = <class 'numpy.ndarray'>
52.9432 	EXP 	noise: tex = <class 'numpy.ndarray'>
53.0039 	EXP 	noise: tex = <class 'numpy.ndarray'>
53.0501 	EXP 	noise: tex = <class 'numpy.ndarray'>
53.0938 	EXP 	noise: tex = <class 'numpy.ndarray'>
53.1432 	EXP 	noise: tex = <class 'numpy.ndarray'>
53.1932 	EXP 	noise: tex = <class 'numpy.ndarray'>
53.2543 	EXP 	noise: tex = <class 'numpy.ndarray'>
53.3144 	EXP 	noise: tex = <class 'numpy.ndarray'>
53.3663 	EXP 	noise: tex = <class 'numpy.ndarray'>
53.4145 	EXP 	noise: tex = <class 'numpy.ndarray'>
53.4660 	EXP 	noise: tex = <class 'numpy.ndarray'>
53.5290 	EXP 	noise: tex = <class 'numpy.ndarray'>
53.5806 	EXP 	noise: tex = <class 'numpy.ndarray'>
53.6458 	EXP 	noise: tex = <class 'numpy.ndarray'>
53.6976 	EXP 	noise: tex = <class 'numpy.ndarray'>
53.7520 	EXP 	noise: tex = <class 'numpy.ndarray'>
53.8101 	EXP 	noise: tex = <class 'numpy.ndarray'>
53.8601 	EXP 	noise: tex = <class 'numpy.ndarray'>
53.9108 	EXP 	noise: tex = <class 'numpy.ndarray'>
53.9599 	EXP 	noise: tex = <class 'numpy.ndarray'>
54.0217 	EXP 	noise: tex = <class 'numpy.ndarray'>
54.0762 	EXP 	noise: tex = <class 'numpy.ndarray'>
54.1264 	EXP 	noise: tex = <class 'numpy.ndarray'>
54.1799 	EXP 	noise: tex = <class 'numpy.ndarray'>
54.2341 	EXP 	noise: tex = <class 'numpy.ndarray'>
54.2859 	EXP 	noise: tex = <class 'numpy.ndarray'>
54.3429 	EXP 	noise: tex = <class 'numpy.ndarray'>
54.4071 	EXP 	noise: tex = <class 'numpy.ndarray'>
54.4664 	EXP 	noise: tex = <class 'numpy.ndarray'>
54.5186 	EXP 	noise: tex = <class 'numpy.ndarray'>
54.5693 	EXP 	noise: tex = <class 'numpy.ndarray'>
54.6184 	EXP 	noise: tex = <class 'numpy.ndarray'>
54.6762 	EXP 	noise: tex = <class 'numpy.ndarray'>
54.7366 	EXP 	noise: tex = <class 'numpy.ndarray'>
54.7931 	EXP 	noise: tex = <class 'numpy.ndarray'>
54.8555 	EXP 	noise: tex = <class 'numpy.ndarray'>
54.9177 	EXP 	noise: tex = <class 'numpy.ndarray'>
54.9761 	EXP 	noise: tex = <class 'numpy.ndarray'>
55.0371 	EXP 	noise: tex = <class 'numpy.ndarray'>
55.0845 	EXP 	noise: tex = <class 'numpy.ndarray'>
55.1433 	EXP 	noise: tex = <class 'numpy.ndarray'>
55.1930 	EXP 	noise: tex = <class 'numpy.ndarray'>
55.2429 	EXP 	noise: tex = <class 'numpy.ndarray'>
55.3071 	EXP 	noise: tex = <class 'numpy.ndarray'>
55.3597 	EXP 	noise: tex = <class 'numpy.ndarray'>
55.4116 	EXP 	noise: tex = <class 'numpy.ndarray'>
55.4597 	EXP 	noise: tex = <class 'numpy.ndarray'>
55.5097 	EXP 	noise: tex = <class 'numpy.ndarray'>
55.5605 	EXP 	noise: tex = <class 'numpy.ndarray'>
55.6097 	EXP 	noise: tex = <class 'numpy.ndarray'>
55.6596 	EXP 	noise: tex = <class 'numpy.ndarray'>
55.7101 	EXP 	noise: tex = <class 'numpy.ndarray'>
55.7596 	EXP 	noise: tex = <class 'numpy.ndarray'>
55.8097 	EXP 	noise: tex = <class 'numpy.ndarray'>
55.8597 	EXP 	noise: tex = <class 'numpy.ndarray'>
55.9231 	EXP 	noise: tex = <class 'numpy.ndarray'>
55.9764 	EXP 	noise: tex = <class 'numpy.ndarray'>
56.0401 	EXP 	noise: tex = <class 'numpy.ndarray'>
56.0932 	EXP 	noise: tex = <class 'numpy.ndarray'>
56.1557 	EXP 	noise: tex = <class 'numpy.ndarray'>
56.2098 	EXP 	noise: tex = <class 'numpy.ndarray'>
56.2596 	EXP 	noise: tex = <class 'numpy.ndarray'>
56.3099 	EXP 	noise: tex = <class 'numpy.ndarray'>
56.3619 	EXP 	noise: tex = <class 'numpy.ndarray'>
56.4098 	EXP 	noise: tex = <class 'numpy.ndarray'>
56.4611 	EXP 	noise: tex = <class 'numpy.ndarray'>
56.5265 	EXP 	noise: tex = <class 'numpy.ndarray'>
56.5769 	EXP 	noise: tex = <class 'numpy.ndarray'>
56.6286 	EXP 	noise: tex = <class 'numpy.ndarray'>
56.6810 	EXP 	noise: tex = <class 'numpy.ndarray'>
56.7455 	EXP 	noise: tex = <class 'numpy.ndarray'>
56.7959 	EXP 	noise: tex = <class 'numpy.ndarray'>
56.8498 	EXP 	noise: tex = <class 'numpy.ndarray'>
56.8994 	EXP 	noise: tex = <class 'numpy.ndarray'>
56.9625 	EXP 	noise: tex = <class 'numpy.ndarray'>
57.0169 	EXP 	noise: tex = <class 'numpy.ndarray'>
57.0665 	EXP 	noise: tex = <class 'numpy.ndarray'>
57.1130 	EXP 	noise: tex = <class 'numpy.ndarray'>
57.1659 	EXP 	noise: tex = <class 'numpy.ndarray'>
57.2178 	EXP 	noise: tex = <class 'numpy.ndarray'>
57.2679 	EXP 	noise: tex = <class 'numpy.ndarray'>
57.3192 	EXP 	noise: tex = <class 'numpy.ndarray'>
57.3657 	EXP 	noise: tex = <class 'numpy.ndarray'>
57.4293 	EXP 	noise: tex = <class 'numpy.ndarray'>
57.4818 	EXP 	noise: tex = <class 'numpy.ndarray'>
57.5350 	EXP 	noise: tex = <class 'numpy.ndarray'>
57.5950 	EXP 	noise: tex = <class 'numpy.ndarray'>
57.6430 	EXP 	noise: tex = <class 'numpy.ndarray'>
57.7120 	EXP 	noise: tex = <class 'numpy.ndarray'>
57.7717 	EXP 	noise: tex = <class 'numpy.ndarray'>
57.8263 	EXP 	noise: tex = <class 'numpy.ndarray'>
57.8765 	EXP 	noise: tex = <class 'numpy.ndarray'>
57.9266 	EXP 	noise: tex = <class 'numpy.ndarray'>
57.9871 	EXP 	noise: tex = <class 'numpy.ndarray'>
58.0359 	EXP 	noise: tex = <class 'numpy.ndarray'>
58.0955 	EXP 	noise: tex = <class 'numpy.ndarray'>
58.1525 	EXP 	noise: tex = <class 'numpy.ndarray'>
58.1984 	EXP 	noise: tex = <class 'numpy.ndarray'>
58.2442 	EXP 	noise: tex = <class 'numpy.ndarray'>
58.2981 	EXP 	noise: tex = <class 'numpy.ndarray'>
58.3507 	EXP 	noise: tex = <class 'numpy.ndarray'>
58.4016 	EXP 	noise: tex = <class 'numpy.ndarray'>
58.4501 	EXP 	noise: tex = <class 'numpy.ndarray'>
58.5125 	EXP 	noise: tex = <class 'numpy.ndarray'>
58.5632 	EXP 	noise: tex = <class 'numpy.ndarray'>
58.6097 	EXP 	noise: tex = <class 'numpy.ndarray'>
58.6608 	EXP 	noise: tex = <class 'numpy.ndarray'>
58.7105 	EXP 	noise: tex = <class 'numpy.ndarray'>
58.7598 	EXP 	noise: tex = <class 'numpy.ndarray'>
58.8134 	EXP 	noise: tex = <class 'numpy.ndarray'>
58.8666 	EXP 	noise: tex = <class 'numpy.ndarray'>
58.9288 	EXP 	noise: tex = <class 'numpy.ndarray'>
58.9763 	EXP 	noise: tex = <class 'numpy.ndarray'>
59.0281 	EXP 	noise: tex = <class 'numpy.ndarray'>
59.0764 	EXP 	noise: tex = <class 'numpy.ndarray'>
59.1299 	EXP 	noise: tex = <class 'numpy.ndarray'>
59.1804 	EXP 	noise: tex = <class 'numpy.ndarray'>
59.2270 	EXP 	noise: tex = <class 'numpy.ndarray'>
59.2766 	EXP 	noise: tex = <class 'numpy.ndarray'>
59.3264 	EXP 	noise: tex = <class 'numpy.ndarray'>
59.3766 	EXP 	noise: tex = <class 'numpy.ndarray'>
59.4300 	EXP 	noise: tex = <class 'numpy.ndarray'>
59.4783 	EXP 	noise: tex = <class 'numpy.ndarray'>
59.5456 	EXP 	noise: tex = <class 'numpy.ndarray'>
59.5961 	EXP 	noise: tex = <class 'numpy.ndarray'>
59.6566 	EXP 	noise: tex = <class 'numpy.ndarray'>
59.7172 	EXP 	noise: tex = <class 'numpy.ndarray'>
59.7649 	EXP 	noise: tex = <class 'numpy.ndarray'>
59.8152 	EXP 	noise: tex = <class 'numpy.ndarray'>
59.8629 	EXP 	noise: tex = <class 'numpy.ndarray'>
59.9148 	EXP 	noise: tex = <class 'numpy.ndarray'>
59.9675 	EXP 	noise: tex = <class 'numpy.ndarray'>
60.0150 	EXP 	noise: tex = <class 'numpy.ndarray'>
60.0790 	EXP 	noise: tex = <class 'numpy.ndarray'>
60.1312 	EXP 	noise: tex = <class 'numpy.ndarray'>
60.1826 	EXP 	noise: tex = <class 'numpy.ndarray'>
60.2334 	EXP 	noise: tex = <class 'numpy.ndarray'>
60.2853 	EXP 	noise: tex = <class 'numpy.ndarray'>
60.3458 	EXP 	noise: tex = <class 'numpy.ndarray'>
60.4002 	EXP 	noise: tex = <class 'numpy.ndarray'>
60.4515 	EXP 	noise: tex = <class 'numpy.ndarray'>
60.5012 	EXP 	noise: tex = <class 'numpy.ndarray'>
60.5594 	EXP 	noise: tex = <class 'numpy.ndarray'>
60.6217 	EXP 	noise: tex = <class 'numpy.ndarray'>
60.6761 	EXP 	noise: tex = <class 'numpy.ndarray'>
60.7389 	EXP 	noise: tex = <class 'numpy.ndarray'>
60.7427 	EXP 	New trial (rep=0, index=3): OrderedDict([('blobHeight', 0.3182), ('blobWidth', 0.22), ('mask', '$np.ones((512,512))'), ('sig', 0.015)])
60.7579 	EXP 	noise_0: autoDraw = False
60.7579 	EXP 	noise: autoDraw = False
60.7579 	EXP 	blob_0: autoDraw = False
60.7579 	EXP 	blob: autoDraw = False
60.7579 	EXP 	cursor: autoDraw = False
60.7579 	EXP 	start_trial_text: autoDraw = True
61.6304 	DATA 	Mouse: Left button down, pos=(806,862)
61.6603 	EXP 	window1: mouseVisible = 0
61.7225 	EXP 	start_trial_text: autoDraw = False
61.7225 	EXP 	blob_0: tex = <class 'numpy.ndarray'>
61.7225 	EXP 	blob: tex = <class 'numpy.ndarray'>
61.7225 	EXP 	noise_0: autoDraw = True
61.7225 	EXP 	noise_0: tex = <class 'numpy.ndarray'>
61.7225 	EXP 	blob_0: autoDraw = True
61.7225 	EXP 	cursor: autoDraw = True
61.7765 	EXP 	noise_0: tex = <class 'numpy.ndarray'>
61.7774 	DATA 	Mouse:  Left button up, pos=(720,450)
61.8281 	EXP 	noise_0: tex = <class 'numpy.ndarray'>
61.8767 	EXP 	noise_0: tex = <class 'numpy.ndarray'>
61.9265 	EXP 	noise_0: tex = <class 'numpy.ndarray'>
61.9764 	EXP 	noise_0: tex = <class 'numpy.ndarray'>
62.0301 	EXP 	noise_0: tex = <class 'numpy.ndarray'>
62.0958 	EXP 	noise_0: tex = <class 'numpy.ndarray'>
62.1449 	EXP 	noise_0: tex = <class 'numpy.ndarray'>
62.2312 	EXP 	noise_0: tex = <class 'numpy.ndarray'>
62.2312 	EXP 	noise: autoDraw = True
62.2312 	EXP 	noise: tex = <class 'numpy.ndarray'>
62.2312 	EXP 	blob: autoDraw = True
62.2832 	EXP 	noise_0: autoDraw = False
62.2832 	EXP 	noise: tex = <class 'numpy.ndarray'>
62.2832 	EXP 	blob_0: autoDraw = False
62.3320 	EXP 	noise: tex = <class 'numpy.ndarray'>
62.3957 	EXP 	noise: tex = <class 'numpy.ndarray'>
62.4513 	EXP 	noise: tex = <class 'numpy.ndarray'>
62.5122 	EXP 	noise: tex = <class 'numpy.ndarray'>
62.5620 	EXP 	noise: tex = <class 'numpy.ndarray'>
62.6280 	EXP 	noise: tex = <class 'numpy.ndarray'>
62.6884 	EXP 	noise: tex = <class 'numpy.ndarray'>
62.7427 	EXP 	noise: tex = <class 'numpy.ndarray'>
62.7942 	EXP 	noise: tex = <class 'numpy.ndarray'>
62.8587 	EXP 	noise: tex = <class 'numpy.ndarray'>
62.9099 	EXP 	noise: tex = <class 'numpy.ndarray'>
62.9596 	EXP 	noise: tex = <class 'numpy.ndarray'>
63.0132 	EXP 	noise: tex = <class 'numpy.ndarray'>
63.0657 	EXP 	noise: tex = <class 'numpy.ndarray'>
63.1150 	EXP 	noise: tex = <class 'numpy.ndarray'>
63.1599 	EXP 	noise: tex = <class 'numpy.ndarray'>
63.2219 	EXP 	noise: tex = <class 'numpy.ndarray'>
63.2691 	EXP 	noise: tex = <class 'numpy.ndarray'>
63.3263 	EXP 	noise: tex = <class 'numpy.ndarray'>
63.3766 	EXP 	noise: tex = <class 'numpy.ndarray'>
63.4262 	EXP 	noise: tex = <class 'numpy.ndarray'>
63.4762 	EXP 	noise: tex = <class 'numpy.ndarray'>
63.5261 	EXP 	noise: tex = <class 'numpy.ndarray'>
63.5762 	EXP 	noise: tex = <class 'numpy.ndarray'>
63.6263 	EXP 	noise: tex = <class 'numpy.ndarray'>
63.6784 	EXP 	noise: tex = <class 'numpy.ndarray'>
63.7267 	EXP 	noise: tex = <class 'numpy.ndarray'>
63.7789 	EXP 	noise: tex = <class 'numpy.ndarray'>
63.8288 	EXP 	noise: tex = <class 'numpy.ndarray'>
63.8792 	EXP 	noise: tex = <class 'numpy.ndarray'>
63.9266 	EXP 	noise: tex = <class 'numpy.ndarray'>
63.9806 	EXP 	noise: tex = <class 'numpy.ndarray'>
64.0458 	EXP 	noise: tex = <class 'numpy.ndarray'>
64.0972 	EXP 	noise: tex = <class 'numpy.ndarray'>
64.1644 	EXP 	noise: tex = <class 'numpy.ndarray'>
64.2163 	EXP 	noise: tex = <class 'numpy.ndarray'>
64.2635 	EXP 	noise: tex = <class 'numpy.ndarray'>
64.3131 	EXP 	noise: tex = <class 'numpy.ndarray'>
64.3629 	EXP 	noise: tex = <class 'numpy.ndarray'>
64.4160 	EXP 	noise: tex = <class 'numpy.ndarray'>
64.4642 	EXP 	noise: tex = <class 'numpy.ndarray'>
64.5135 	EXP 	noise: tex = <class 'numpy.ndarray'>
64.5693 	EXP 	noise: tex = <class 'numpy.ndarray'>
64.6250 	EXP 	noise: tex = <class 'numpy.ndarray'>
64.6769 	EXP 	noise: tex = <class 'numpy.ndarray'>
64.7300 	EXP 	noise: tex = <class 'numpy.ndarray'>
64.7814 	EXP 	noise: tex = <class 'numpy.ndarray'>
64.8329 	EXP 	noise: tex = <class 'numpy.ndarray'>
64.8833 	EXP 	noise: tex = <class 'numpy.ndarray'>
64.9455 	EXP 	noise: tex = <class 'numpy.ndarray'>
64.9955 	EXP 	noise: tex = <class 'numpy.ndarray'>
65.0595 	EXP 	noise: tex = <class 'numpy.ndarray'>
65.1101 	EXP 	noise: tex = <class 'numpy.ndarray'>
65.1595 	EXP 	noise: tex = <class 'numpy.ndarray'>
65.2219 	EXP 	noise: tex = <class 'numpy.ndarray'>
65.2682 	EXP 	noise: tex = <class 'numpy.ndarray'>
65.3133 	EXP 	noise: tex = <class 'numpy.ndarray'>
65.3597 	EXP 	noise: tex = <class 'numpy.ndarray'>
65.4202 	EXP 	noise: tex = <class 'numpy.ndarray'>
65.4760 	EXP 	noise: tex = <class 'numpy.ndarray'>
65.5263 	EXP 	noise: tex = <class 'numpy.ndarray'>
65.5766 	EXP 	noise: tex = <class 'numpy.ndarray'>
65.6397 	EXP 	noise: tex = <class 'numpy.ndarray'>
65.6928 	EXP 	noise: tex = <class 'numpy.ndarray'>
65.7444 	EXP 	noise: tex = <class 'numpy.ndarray'>
65.7963 	EXP 	noise: tex = <class 'numpy.ndarray'>
65.8528 	EXP 	noise: tex = <class 'numpy.ndarray'>
65.9078 	EXP 	noise: tex = <class 'numpy.ndarray'>
65.9705 	EXP 	noise: tex = <class 'numpy.ndarray'>
66.0288 	EXP 	noise: tex = <class 'numpy.ndarray'>
66.0795 	EXP 	noise: tex = <class 'numpy.ndarray'>
66.1313 	EXP 	noise: tex = <class 'numpy.ndarray'>
66.1860 	EXP 	noise: tex = <class 'numpy.ndarray'>
66.2422 	EXP 	noise: tex = <class 'numpy.ndarray'>
66.3050 	EXP 	noise: tex = <class 'numpy.ndarray'>
66.3597 	EXP 	noise: tex = <class 'numpy.ndarray'>
66.4199 	EXP 	noise: tex = <class 'numpy.ndarray'>
66.4833 	EXP 	noise: tex = <class 'numpy.ndarray'>
66.5345 	EXP 	noise: tex = <class 'numpy.ndarray'>
66.5933 	EXP 	noise: tex = <class 'numpy.ndarray'>
66.6428 	EXP 	noise: tex = <class 'numpy.ndarray'>
66.7039 	EXP 	noise: tex = <class 'numpy.ndarray'>
66.7523 	EXP 	noise: tex = <class 'numpy.ndarray'>
66.8010 	EXP 	noise: tex = <class 'numpy.ndarray'>
66.8524 	EXP 	noise: tex = <class 'numpy.ndarray'>
66.9121 	EXP 	noise: tex = <class 'numpy.ndarray'>
66.9646 	EXP 	noise: tex = <class 'numpy.ndarray'>
67.0176 	EXP 	noise: tex = <class 'numpy.ndarray'>
67.0687 	EXP 	noise: tex = <class 'numpy.ndarray'>
67.1260 	EXP 	noise: tex = <class 'numpy.ndarray'>
67.1863 	EXP 	noise: tex = <class 'numpy.ndarray'>
67.2430 	EXP 	noise: tex = <class 'numpy.ndarray'>
67.2954 	EXP 	noise: tex = <class 'numpy.ndarray'>
67.3503 	EXP 	noise: tex = <class 'numpy.ndarray'>
67.4115 	EXP 	noise: tex = <class 'numpy.ndarray'>
67.4610 	EXP 	noise: tex = <class 'numpy.ndarray'>
67.5136 	EXP 	noise: tex = <class 'numpy.ndarray'>
67.5626 	EXP 	noise: tex = <class 'numpy.ndarray'>
67.6164 	EXP 	noise: tex = <class 'numpy.ndarray'>
67.6682 	EXP 	noise: tex = <class 'numpy.ndarray'>
67.7191 	EXP 	noise: tex = <class 'numpy.ndarray'>
67.7683 	EXP 	noise: tex = <class 'numpy.ndarray'>
67.8175 	EXP 	noise: tex = <class 'numpy.ndarray'>
67.8762 	EXP 	noise: tex = <class 'numpy.ndarray'>
67.9347 	EXP 	noise: tex = <class 'numpy.ndarray'>
67.9929 	EXP 	noise: tex = <class 'numpy.ndarray'>
68.0546 	EXP 	noise: tex = <class 'numpy.ndarray'>
68.1095 	EXP 	noise: tex = <class 'numpy.ndarray'>
68.1703 	EXP 	noise: tex = <class 'numpy.ndarray'>
68.2166 	EXP 	noise: tex = <class 'numpy.ndarray'>
68.2789 	EXP 	noise: tex = <class 'numpy.ndarray'>
68.3284 	EXP 	noise: tex = <class 'numpy.ndarray'>
68.3939 	EXP 	noise: tex = <class 'numpy.ndarray'>
68.4577 	EXP 	noise: tex = <class 'numpy.ndarray'>
68.5097 	EXP 	noise: tex = <class 'numpy.ndarray'>
68.5637 	EXP 	noise: tex = <class 'numpy.ndarray'>
68.6194 	EXP 	noise: tex = <class 'numpy.ndarray'>
68.6763 	EXP 	noise: tex = <class 'numpy.ndarray'>
68.7278 	EXP 	noise: tex = <class 'numpy.ndarray'>
68.7771 	EXP 	noise: tex = <class 'numpy.ndarray'>
68.8297 	EXP 	noise: tex = <class 'numpy.ndarray'>
68.8824 	EXP 	noise: tex = <class 'numpy.ndarray'>
68.9300 	EXP 	noise: tex = <class 'numpy.ndarray'>
68.9803 	EXP 	noise: tex = <class 'numpy.ndarray'>
69.0266 	EXP 	noise: tex = <class 'numpy.ndarray'>
69.0777 	EXP 	noise: tex = <class 'numpy.ndarray'>
69.1389 	EXP 	noise: tex = <class 'numpy.ndarray'>
69.1984 	EXP 	noise: tex = <class 'numpy.ndarray'>
69.2480 	EXP 	noise: tex = <class 'numpy.ndarray'>
69.2961 	EXP 	noise: tex = <class 'numpy.ndarray'>
69.3507 	EXP 	noise: tex = <class 'numpy.ndarray'>
69.4048 	EXP 	noise: tex = <class 'numpy.ndarray'>
69.4665 	EXP 	noise: tex = <class 'numpy.ndarray'>
69.5261 	EXP 	noise: tex = <class 'numpy.ndarray'>
69.5761 	EXP 	noise: tex = <class 'numpy.ndarray'>
69.6386 	EXP 	noise: tex = <class 'numpy.ndarray'>
69.6926 	EXP 	noise: tex = <class 'numpy.ndarray'>
69.7432 	EXP 	noise: tex = <class 'numpy.ndarray'>
69.8052 	EXP 	noise: tex = <class 'numpy.ndarray'>
69.8592 	EXP 	noise: tex = <class 'numpy.ndarray'>
69.9095 	EXP 	noise: tex = <class 'numpy.ndarray'>
69.9597 	EXP 	noise: tex = <class 'numpy.ndarray'>
70.0102 	EXP 	noise: tex = <class 'numpy.ndarray'>
70.0715 	EXP 	noise: tex = <class 'numpy.ndarray'>
70.1259 	EXP 	noise: tex = <class 'numpy.ndarray'>
70.1854 	EXP 	noise: tex = <class 'numpy.ndarray'>
70.2330 	EXP 	noise: tex = <class 'numpy.ndarray'>
70.2969 	EXP 	noise: tex = <class 'numpy.ndarray'>
70.3484 	EXP 	noise: tex = <class 'numpy.ndarray'>
70.3995 	EXP 	noise: tex = <class 'numpy.ndarray'>
70.4504 	EXP 	noise: tex = <class 'numpy.ndarray'>
70.4964 	EXP 	noise: tex = <class 'numpy.ndarray'>
70.5531 	EXP 	noise: tex = <class 'numpy.ndarray'>
70.6200 	EXP 	noise: tex = <class 'numpy.ndarray'>
70.6760 	EXP 	noise: tex = <class 'numpy.ndarray'>
70.7362 	EXP 	noise: tex = <class 'numpy.ndarray'>
70.7927 	EXP 	noise: tex = <class 'numpy.ndarray'>
70.8573 	EXP 	noise: tex = <class 'numpy.ndarray'>
70.9148 	EXP 	noise: tex = <class 'numpy.ndarray'>
70.9624 	EXP 	noise: tex = <class 'numpy.ndarray'>
71.0124 	EXP 	noise: tex = <class 'numpy.ndarray'>
71.0647 	EXP 	noise: tex = <class 'numpy.ndarray'>
71.1168 	EXP 	noise: tex = <class 'numpy.ndarray'>
71.1672 	EXP 	noise: tex = <class 'numpy.ndarray'>
71.2176 	EXP 	noise: tex = <class 'numpy.ndarray'>
71.2643 	EXP 	noise: tex = <class 'numpy.ndarray'>
71.3178 	EXP 	noise: tex = <class 'numpy.ndarray'>
71.3747 	EXP 	noise: tex = <class 'numpy.ndarray'>
71.4332 	EXP 	noise: tex = <class 'numpy.ndarray'>
71.4926 	EXP 	noise: tex = <class 'numpy.ndarray'>
71.5438 	EXP 	noise: tex = <class 'numpy.ndarray'>
71.5934 	EXP 	noise: tex = <class 'numpy.ndarray'>
71.6447 	EXP 	noise: tex = <class 'numpy.ndarray'>
71.6955 	EXP 	noise: tex = <class 'numpy.ndarray'>
71.7559 	EXP 	noise: tex = <class 'numpy.ndarray'>
71.8095 	EXP 	noise: tex = <class 'numpy.ndarray'>
71.8596 	EXP 	noise: tex = <class 'numpy.ndarray'>
71.9109 	EXP 	noise: tex = <class 'numpy.ndarray'>
71.9594 	EXP 	noise: tex = <class 'numpy.ndarray'>
72.0218 	EXP 	noise: tex = <class 'numpy.ndarray'>
72.0681 	EXP 	noise: tex = <class 'numpy.ndarray'>
72.1189 	EXP 	noise: tex = <class 'numpy.ndarray'>
72.1760 	EXP 	noise: tex = <class 'numpy.ndarray'>
72.2262 	EXP 	noise: tex = <class 'numpy.ndarray'>
72.2772 	EXP 	noise: tex = <class 'numpy.ndarray'>
72.3270 	EXP 	noise: tex = <class 'numpy.ndarray'>
72.3807 	EXP 	noise: tex = <class 'numpy.ndarray'>
72.4347 	EXP 	noise: tex = <class 'numpy.ndarray'>
72.4928 	EXP 	noise: tex = <class 'numpy.ndarray'>
72.5452 	EXP 	noise: tex = <class 'numpy.ndarray'>
72.5953 	EXP 	noise: tex = <class 'numpy.ndarray'>
72.6553 	EXP 	noise: tex = <class 'numpy.ndarray'>
72.7026 	EXP 	noise: tex = <class 'numpy.ndarray'>
72.7517 	EXP 	noise: tex = <class 'numpy.ndarray'>
72.8015 	EXP 	noise: tex = <class 'numpy.ndarray'>
72.8622 	EXP 	noise: tex = <class 'numpy.ndarray'>
72.9106 	EXP 	noise: tex = <class 'numpy.ndarray'>
72.9721 	EXP 	noise: tex = <class 'numpy.ndarray'>
73.0261 	EXP 	noise: tex = <class 'numpy.ndarray'>
73.0858 	EXP 	noise: tex = <class 'numpy.ndarray'>
73.1466 	EXP 	noise: tex = <class 'numpy.ndarray'>
73.1970 	EXP 	noise: tex = <class 'numpy.ndarray'>
73.2446 	EXP 	noise: tex = <class 'numpy.ndarray'>
73.3059 	EXP 	noise: tex = <class 'numpy.ndarray'>
73.3594 	EXP 	noise: tex = <class 'numpy.ndarray'>
73.4111 	EXP 	noise: tex = <class 'numpy.ndarray'>
73.4631 	EXP 	noise: tex = <class 'numpy.ndarray'>
73.5155 	EXP 	noise: tex = <class 'numpy.ndarray'>
73.5662 	EXP 	noise: tex = <class 'numpy.ndarray'>
73.6198 	EXP 	noise: tex = <class 'numpy.ndarray'>
73.6723 	EXP 	noise: tex = <class 'numpy.ndarray'>
73.7263 	EXP 	noise: tex = <class 'numpy.ndarray'>
73.7784 	EXP 	noise: tex = <class 'numpy.ndarray'>
73.8328 	EXP 	noise: tex = <class 'numpy.ndarray'>
73.8925 	EXP 	noise: tex = <class 'numpy.ndarray'>
73.9449 	EXP 	noise: tex = <class 'numpy.ndarray'>
74.0000 	EXP 	noise: tex = <class 'numpy.ndarray'>
74.0542 	EXP 	noise: tex = <class 'numpy.ndarray'>
74.1093 	EXP 	noise: tex = <class 'numpy.ndarray'>
74.1696 	EXP 	noise: tex = <class 'numpy.ndarray'>
74.2289 	EXP 	noise: tex = <class 'numpy.ndarray'>
74.2819 	EXP 	noise: tex = <class 'numpy.ndarray'>
74.3293 	EXP 	noise: tex = <class 'numpy.ndarray'>
74.3803 	EXP 	noise: tex = <class 'numpy.ndarray'>
74.4313 	EXP 	noise: tex = <class 'numpy.ndarray'>
74.4821 	EXP 	noise: tex = <class 'numpy.ndarray'>
74.5333 	EXP 	noise: tex = <class 'numpy.ndarray'>
74.5955 	EXP 	noise: tex = <class 'numpy.ndarray'>
74.6523 	EXP 	noise: tex = <class 'numpy.ndarray'>
74.7096 	EXP 	noise: tex = <class 'numpy.ndarray'>
74.7616 	EXP 	noise: tex = <class 'numpy.ndarray'>
74.8111 	EXP 	noise: tex = <class 'numpy.ndarray'>
74.8651 	EXP 	noise: tex = <class 'numpy.ndarray'>
74.9166 	EXP 	noise: tex = <class 'numpy.ndarray'>
74.9809 	EXP 	noise: tex = <class 'numpy.ndarray'>
75.0311 	EXP 	noise: tex = <class 'numpy.ndarray'>
75.0822 	EXP 	noise: tex = <class 'numpy.ndarray'>
75.1306 	EXP 	noise: tex = <class 'numpy.ndarray'>
75.1843 	EXP 	noise: tex = <class 'numpy.ndarray'>
75.2453 	EXP 	noise: tex = <class 'numpy.ndarray'>
75.2940 	EXP 	noise: tex = <class 'numpy.ndarray'>
75.3546 	EXP 	noise: tex = <class 'numpy.ndarray'>
75.4025 	EXP 	noise: tex = <class 'numpy.ndarray'>
75.4593 	EXP 	noise: tex = <class 'numpy.ndarray'>
75.5106 	EXP 	noise: tex = <class 'numpy.ndarray'>
75.5622 	EXP 	noise: tex = <class 'numpy.ndarray'>
75.6215 	EXP 	noise: tex = <class 'numpy.ndarray'>
75.6760 	EXP 	noise: tex = <class 'numpy.ndarray'>
75.7377 	EXP 	noise: tex = <class 'numpy.ndarray'>
75.7925 	EXP 	noise: tex = <class 'numpy.ndarray'>
75.8433 	EXP 	noise: tex = <class 'numpy.ndarray'>
75.8928 	EXP 	noise: tex = <class 'numpy.ndarray'>
75.9594 	EXP 	noise: tex = <class 'numpy.ndarray'>
76.0095 	EXP 	noise: tex = <class 'numpy.ndarray'>
76.0726 	EXP 	noise: tex = <class 'numpy.ndarray'>
76.1363 	EXP 	noise: tex = <class 'numpy.ndarray'>
76.1845 	EXP 	noise: tex = <class 'numpy.ndarray'>
76.2332 	EXP 	noise: tex = <class 'numpy.ndarray'>
76.2856 	EXP 	noise: tex = <class 'numpy.ndarray'>
76.3327 	EXP 	noise: tex = <class 'numpy.ndarray'>
76.3812 	EXP 	noise: tex = <class 'numpy.ndarray'>
76.4280 	EXP 	noise: tex = <class 'numpy.ndarray'>
76.4778 	EXP 	noise: tex = <class 'numpy.ndarray'>
76.5261 	EXP 	noise: tex = <class 'numpy.ndarray'>
76.5764 	EXP 	noise: tex = <class 'numpy.ndarray'>
76.6261 	EXP 	noise: tex = <class 'numpy.ndarray'>
76.6870 	EXP 	noise: tex = <class 'numpy.ndarray'>
76.7454 	EXP 	noise: tex = <class 'numpy.ndarray'>
76.8010 	EXP 	noise: tex = <class 'numpy.ndarray'>
76.8480 	EXP 	noise: tex = <class 'numpy.ndarray'>
76.8959 	EXP 	noise: tex = <class 'numpy.ndarray'>
76.9513 	EXP 	noise: tex = <class 'numpy.ndarray'>
77.0050 	EXP 	noise: tex = <class 'numpy.ndarray'>
77.0680 	EXP 	noise: tex = <class 'numpy.ndarray'>
77.1261 	EXP 	noise: tex = <class 'numpy.ndarray'>
77.1925 	EXP 	noise: tex = <class 'numpy.ndarray'>
77.2076 	EXP 	noise_0: autoDraw = False
77.2076 	EXP 	noise: autoDraw = False
77.2076 	EXP 	blob_0: autoDraw = False
77.2076 	EXP 	blob: autoDraw = False
77.2076 	EXP 	cursor: autoDraw = False
77.5525 	EXP 	window1: mouseVisible = True
