0.8944 	WARNING 	We strongly recommend you activate the PTB sound engine in PsychoPy prefs as the preferred audio engine. Its timing is vastly superior. Your prefs are currently set to use ['sounddevice', 'PTB', 'pyo', 'pygame'] (in that order).
6.7991 	EXP 	Created window1 = Window(allowGUI=True, allowStencil=False, autoLog=True, backendConf=UNKNOWN, bitsMode=UNKNOWN, blendMode='avg', bpc=(8, 8, 8), color=array([0, 0, 0]), colorSpace='rgb', depthBits=8, fullscr=<method-wrapper '__getattribute__' of attributeSetter object at 0x7fd5208e1fd0>, gamma=None, gammaErrorPolicy='raise', lms=UNKNOWN, monitor=<psychopy.monitors.calibTools.Monitor object at 0x7fd4a89a39a0>, multiSample=False, name='window1', numSamples=2, pos=[360.0, 225.0], screen=0, size=array([2880, 1800]), stencilBits=0, stereo=False, units='height', useFBO=True, useRetina=True, viewOri=0.0, viewPos=None, viewScale=None, waitBlanking=True, winType='pyglet')
6.7992 	EXP 	window1: mouseVisible = True
6.8004 	EXP 	window1: mouseVisible = False
6.8004 	EXP 	window1: Attempting to measure frame rate of screen (0) ...
6.8004 	EXP 	window1: recordFrameIntervals = False
6.9643 	EXP 	window1: recordFrameIntervals = True
7.1489 	EXP 	Screen (0) actual frame rate measured at 59.69Hz
7.1489 	EXP 	window1: recordFrameIntervals = False
8.8662 	EXP 	Created start_trial_text = TextStim(__class__=<class 'psychopy.visual.text.TextStim'>, alignHoriz=method-wrapper(...), alignText='center', alignVert=method-wrapper(...), anchorHoriz='center', anchorVert='center', antialias=True, autoDraw=False, autoLog=True, bold=False, color=array([1., 1., 1.]), colorSpace='rgb', contrast=1.0, depth=0.0, flipHoriz=False, flipVert=False, font='Arial', fontFiles=[], height=0.04, italic=False, languageStyle='LTR', name='start_trial_text', opacity=1.0, ori=0.0, pos=array([-0.3 ,  0.25]), rgb=UNKNOWN, text='Press any button to continue', units='height', win=Window(...), wrapWidth=1)
8.8664 	EXP 	window1: mouseVisible = True
8.8665 	EXP 	window1: mouseVisible = True
8.8732 	EXP 	Created noise_0 = NoiseStim(__class__=<class 'psychopy.visual.noise.NoiseStim'>, anchor='center', autoDraw=False, autoLog=True, blendmode='add', color=array([0.5, 0.5, 0.5]), colorSpace='rgb', contrast=0.5, depth=-1.0, interpolate=False, mask='none', maskParams=None, name='noise_0', opacity=1.0, ori=0.0, phase=array([0., 0.]), pos=array([0., 0.]), rgbPedestal=array([0., 0., 0.]), sf=array([1., 1.]), size=array([1., 1.]), tex='sin', texRes=128, units='height', win=Window(...))
8.9624 	EXP 	Created noise = NoiseStim(__class__=<class 'psychopy.visual.noise.NoiseStim'>, anchor='center', autoDraw=False, autoLog=True, blendmode='add', color=array([0.5, 0.5, 0.5]), colorSpace='rgb', contrast=0.5, depth=-2.0, interpolate=False, mask='none', maskParams=None, name='noise', opacity=1.0, ori=0.0, phase=array([0., 0.]), pos=array([0., 0.]), rgbPedestal=array([0., 0., 0.]), sf=array([1., 1.]), size=array([1., 1.]), tex='sin', texRes=128, units='height', win=Window(...))
9.0622 	EXP 	Created blob_0 = GratingStim(__class__=<class 'psychopy.visual.grating.GratingStim'>, anchor='center', autoDraw=False, autoLog=True, blendmode='add', color=array([1., 1., 1.]), colorSpace='rgb', contrast=1.0, depth=-3.0, interpolate=True, mask='gauss', maskParams=None, name='blob_0', opacity=1.0, ori=45.0, phase=array([0.25, 0.25]), pos=array([0., 0.]), rgbPedestal=array([0., 0., 0.]), sf=array([1., 1.]), size=array([1., 1.]), tex=ndarray(...), texRes=512.0, units='height', win=Window(...))
9.0928 	EXP 	Created blob = GratingStim(__class__=<class 'psychopy.visual.grating.GratingStim'>, anchor='center', autoDraw=False, autoLog=True, blendmode='add', color=array([1., 1., 1.]), colorSpace='rgb', contrast=1.0, depth=-4.0, interpolate=True, mask='gauss', maskParams=None, name='blob', opacity=1.0, ori=45.0, phase=array([0.25, 0.25]), pos=array([0., 0.]), rgbPedestal=array([0., 0., 0.]), sf=array([1., 1.]), size=array([1., 1.]), tex=ndarray(...), texRes=512.0, units='height', win=Window(...))
9.1004 	EXP 	Created cursor = ShapeStim(__class__=<class 'psychopy.visual.shape.ShapeStim'>, anchor=('center', 'center'), autoDraw=False, autoLog=True, closeShape=True, color=method-wrapper(...), colorSpace='rgb', contrast=None, depth=-6.0, fillColor=array([ 1, -1, -1]), fillColorSpace='rgb', fillRGB=array([ 1, -1, -1]), interpolate=True, lineColor=array([ 1., -1., -1.]), lineColorSpace='rgb', lineRGB=array([ 1, -1, -1]), lineWidth=1.0, name='cursor', opacity=1.0, ori=0.0, pos=array([0., 0.]), size=array([0.005, 0.005]), units='height', vertices=ndarray(...), win=Window(...), windingRule=None)
9.1053 	EXP 	Imported Bonnen2015Conditions.csv as conditions, 4 conditions, 4 params
9.1057 	EXP 	Created sequence: random, trialTypes=4, nReps=1, seed=None
9.1060 	EXP 	New trial (rep=0, index=0): OrderedDict([('blobHeight', 0.5833), ('blobWidth', 0.12), ('mask', '$np.ones((512,512))'), ('sig', 0.015)])
9.1408 	EXP 	noise_0: blendmode = 'add'
9.1408 	EXP 	noise_0: mask = None
9.1408 	EXP 	noise_0: texRes = 512
9.1408 	EXP 	noise_0: noiseType = 'White'
9.1408 	EXP 	noise_0: noiseImage = None
9.1408 	EXP 	noise_0: noiseElementSize = [0.0625]
9.1408 	EXP 	noise_0: noiseBaseSf = 8.0
9.1408 	EXP 	noise_0: noiseBW = 1.0
9.1408 	EXP 	noise_0: noiseBWO = 30.0
9.1408 	EXP 	noise_0: noiseFractalPower = 0.0
9.1408 	EXP 	noise_0: noiseFilterUpper = 8.0
9.1408 	EXP 	noise_0: noiseFilterLower = 1.0
9.1408 	EXP 	noise_0: noiseFilterOrder = 0.0
9.1408 	EXP 	noise_0: noiseClip = 3.0
9.1408 	EXP 	noise_0: filter = None
9.1408 	EXP 	noise_0: tex = <class 'numpy.ndarray'>
9.1408 	EXP 	noise_0: tex = <class 'numpy.ndarray'>
9.1408 	EXP 	noise: blendmode = 'add'
9.1408 	EXP 	noise: mask = None
9.1408 	EXP 	noise: texRes = 512
9.1408 	EXP 	noise: noiseType = 'White'
9.1408 	EXP 	noise: noiseImage = None
9.1408 	EXP 	noise: noiseElementSize = [0.0625]
9.1408 	EXP 	noise: noiseBaseSf = 8.0
9.1408 	EXP 	noise: noiseBW = 1.0
9.1408 	EXP 	noise: noiseBWO = 30.0
9.1408 	EXP 	noise: noiseFractalPower = 0.0
9.1408 	EXP 	noise: noiseFilterUpper = 8.0
9.1408 	EXP 	noise: noiseFilterLower = 1.0
9.1408 	EXP 	noise: noiseFilterOrder = 0.0
9.1408 	EXP 	noise: noiseClip = 3.0
9.1408 	EXP 	noise: filter = None
9.1408 	EXP 	noise: tex = <class 'numpy.ndarray'>
9.1408 	EXP 	noise: tex = <class 'numpy.ndarray'>
9.1408 	EXP 	start_trial_text: autoDraw = True
9.7015 	DATA 	Mouse: Left button down, pos=(526,583)
9.7389 	EXP 	window1: mouseVisible = 0
9.8143 	EXP 	start_trial_text: autoDraw = False
9.8143 	EXP 	blob_0: tex = <class 'numpy.ndarray'>
9.8143 	EXP 	blob: tex = <class 'numpy.ndarray'>
9.8143 	EXP 	noise_0: autoDraw = True
9.8143 	EXP 	noise_0: tex = <class 'numpy.ndarray'>
9.8143 	EXP 	blob_0: autoDraw = True
9.8143 	EXP 	cursor: autoDraw = True
9.8152 	DATA 	Mouse:  Left button up, pos=(720,450)
9.8645 	EXP 	noise_0: tex = <class 'numpy.ndarray'>
9.9258 	EXP 	noise_0: tex = <class 'numpy.ndarray'>
9.9811 	EXP 	noise_0: tex = <class 'numpy.ndarray'>
10.0311 	EXP 	noise_0: tex = <class 'numpy.ndarray'>
10.0811 	EXP 	noise_0: tex = <class 'numpy.ndarray'>
10.1311 	EXP 	noise_0: tex = <class 'numpy.ndarray'>
10.1811 	EXP 	noise_0: tex = <class 'numpy.ndarray'>
10.2313 	EXP 	noise_0: tex = <class 'numpy.ndarray'>
10.3262 	EXP 	noise_0: tex = <class 'numpy.ndarray'>
10.3262 	EXP 	noise: autoDraw = True
10.3262 	EXP 	noise: tex = <class 'numpy.ndarray'>
10.3262 	EXP 	blob: autoDraw = True
10.3807 	EXP 	noise_0: autoDraw = False
10.3807 	EXP 	noise: tex = <class 'numpy.ndarray'>
10.3807 	EXP 	blob_0: autoDraw = False
10.4415 	EXP 	noise: tex = <class 'numpy.ndarray'>
10.4977 	EXP 	noise: tex = <class 'numpy.ndarray'>
10.5478 	EXP 	noise: tex = <class 'numpy.ndarray'>
10.5976 	EXP 	noise: tex = <class 'numpy.ndarray'>
10.6477 	EXP 	noise: tex = <class 'numpy.ndarray'>
10.6978 	EXP 	noise: tex = <class 'numpy.ndarray'>
10.7478 	EXP 	noise: tex = <class 'numpy.ndarray'>
10.7978 	EXP 	noise: tex = <class 'numpy.ndarray'>
10.8478 	EXP 	noise: tex = <class 'numpy.ndarray'>
10.9006 	EXP 	noise: tex = <class 'numpy.ndarray'>
10.9521 	EXP 	noise: tex = <class 'numpy.ndarray'>
11.0042 	EXP 	noise: tex = <class 'numpy.ndarray'>
11.0531 	EXP 	noise: tex = <class 'numpy.ndarray'>
11.1032 	EXP 	noise: tex = <class 'numpy.ndarray'>
11.1532 	EXP 	noise: tex = <class 'numpy.ndarray'>
11.2064 	EXP 	noise: tex = <class 'numpy.ndarray'>
11.2566 	EXP 	noise: tex = <class 'numpy.ndarray'>
11.3068 	EXP 	noise: tex = <class 'numpy.ndarray'>
11.3560 	EXP 	noise: tex = <class 'numpy.ndarray'>
11.4024 	EXP 	noise: tex = <class 'numpy.ndarray'>
11.4508 	EXP 	noise: tex = <class 'numpy.ndarray'>
11.4977 	EXP 	noise: tex = <class 'numpy.ndarray'>
11.5476 	EXP 	noise: tex = <class 'numpy.ndarray'>
11.5979 	EXP 	noise: tex = <class 'numpy.ndarray'>
11.6475 	EXP 	noise: tex = <class 'numpy.ndarray'>
11.6976 	EXP 	noise: tex = <class 'numpy.ndarray'>
11.7479 	EXP 	noise: tex = <class 'numpy.ndarray'>
11.7998 	EXP 	noise: tex = <class 'numpy.ndarray'>
11.8511 	EXP 	noise: tex = <class 'numpy.ndarray'>
11.9039 	EXP 	noise: tex = <class 'numpy.ndarray'>
11.9526 	EXP 	noise: tex = <class 'numpy.ndarray'>
12.0011 	EXP 	noise: tex = <class 'numpy.ndarray'>
12.0506 	EXP 	noise: tex = <class 'numpy.ndarray'>
12.0976 	EXP 	noise: tex = <class 'numpy.ndarray'>
12.1477 	EXP 	noise: tex = <class 'numpy.ndarray'>
12.1998 	EXP 	noise: tex = <class 'numpy.ndarray'>
12.2475 	EXP 	noise: tex = <class 'numpy.ndarray'>
12.2976 	EXP 	noise: tex = <class 'numpy.ndarray'>
12.3477 	EXP 	noise: tex = <class 'numpy.ndarray'>
12.3975 	EXP 	noise: tex = <class 'numpy.ndarray'>
12.4474 	EXP 	noise: tex = <class 'numpy.ndarray'>
12.4976 	EXP 	noise: tex = <class 'numpy.ndarray'>
12.5479 	EXP 	noise: tex = <class 'numpy.ndarray'>
12.6001 	EXP 	noise: tex = <class 'numpy.ndarray'>
12.6475 	EXP 	noise: tex = <class 'numpy.ndarray'>
12.6974 	EXP 	noise: tex = <class 'numpy.ndarray'>
12.7474 	EXP 	noise: tex = <class 'numpy.ndarray'>
12.7976 	EXP 	noise: tex = <class 'numpy.ndarray'>
12.8478 	EXP 	noise: tex = <class 'numpy.ndarray'>
12.8976 	EXP 	noise: tex = <class 'numpy.ndarray'>
12.9475 	EXP 	noise: tex = <class 'numpy.ndarray'>
12.9985 	EXP 	noise: tex = <class 'numpy.ndarray'>
13.0479 	EXP 	noise: tex = <class 'numpy.ndarray'>
13.0976 	EXP 	noise: tex = <class 'numpy.ndarray'>
13.1476 	EXP 	noise: tex = <class 'numpy.ndarray'>
13.1974 	EXP 	noise: tex = <class 'numpy.ndarray'>
13.2476 	EXP 	noise: tex = <class 'numpy.ndarray'>
13.2975 	EXP 	noise: tex = <class 'numpy.ndarray'>
13.3499 	EXP 	noise: tex = <class 'numpy.ndarray'>
13.4034 	EXP 	noise: tex = <class 'numpy.ndarray'>
13.4497 	EXP 	noise: tex = <class 'numpy.ndarray'>
13.5102 	EXP 	noise: tex = <class 'numpy.ndarray'>
13.5568 	EXP 	noise: tex = <class 'numpy.ndarray'>
13.6044 	EXP 	noise: tex = <class 'numpy.ndarray'>
13.6510 	EXP 	noise: tex = <class 'numpy.ndarray'>
13.7051 	EXP 	noise: tex = <class 'numpy.ndarray'>
13.7589 	EXP 	noise: tex = <class 'numpy.ndarray'>
13.8053 	EXP 	noise: tex = <class 'numpy.ndarray'>
13.8542 	EXP 	noise: tex = <class 'numpy.ndarray'>
13.9051 	EXP 	noise: tex = <class 'numpy.ndarray'>
13.9640 	EXP 	noise: tex = <class 'numpy.ndarray'>
14.0155 	EXP 	noise: tex = <class 'numpy.ndarray'>
14.0643 	EXP 	noise: tex = <class 'numpy.ndarray'>
14.1249 	EXP 	noise: tex = <class 'numpy.ndarray'>
14.1806 	EXP 	noise: tex = <class 'numpy.ndarray'>
14.2324 	EXP 	noise: tex = <class 'numpy.ndarray'>
14.2816 	EXP 	noise: tex = <class 'numpy.ndarray'>
14.3310 	EXP 	noise: tex = <class 'numpy.ndarray'>
14.3809 	EXP 	noise: tex = <class 'numpy.ndarray'>
14.4311 	EXP 	noise: tex = <class 'numpy.ndarray'>
14.4809 	EXP 	noise: tex = <class 'numpy.ndarray'>
14.5311 	EXP 	noise: tex = <class 'numpy.ndarray'>
14.5826 	EXP 	noise: tex = <class 'numpy.ndarray'>
14.6319 	EXP 	noise: tex = <class 'numpy.ndarray'>
14.6820 	EXP 	noise: tex = <class 'numpy.ndarray'>
14.7311 	EXP 	noise: tex = <class 'numpy.ndarray'>
14.7813 	EXP 	noise: tex = <class 'numpy.ndarray'>
14.8310 	EXP 	noise: tex = <class 'numpy.ndarray'>
14.8809 	EXP 	noise: tex = <class 'numpy.ndarray'>
14.9312 	EXP 	noise: tex = <class 'numpy.ndarray'>
14.9812 	EXP 	noise: tex = <class 'numpy.ndarray'>
15.0307 	EXP 	noise: tex = <class 'numpy.ndarray'>
15.0808 	EXP 	noise: tex = <class 'numpy.ndarray'>
15.1309 	EXP 	noise: tex = <class 'numpy.ndarray'>
15.1809 	EXP 	noise: tex = <class 'numpy.ndarray'>
15.2308 	EXP 	noise: tex = <class 'numpy.ndarray'>
15.2807 	EXP 	noise: tex = <class 'numpy.ndarray'>
15.3308 	EXP 	noise: tex = <class 'numpy.ndarray'>
15.3929 	EXP 	noise: tex = <class 'numpy.ndarray'>
15.4383 	EXP 	noise: tex = <class 'numpy.ndarray'>
15.4873 	EXP 	noise: tex = <class 'numpy.ndarray'>
15.5363 	EXP 	noise: tex = <class 'numpy.ndarray'>
15.5832 	EXP 	noise: tex = <class 'numpy.ndarray'>
15.6318 	EXP 	noise: tex = <class 'numpy.ndarray'>
15.6930 	EXP 	noise: tex = <class 'numpy.ndarray'>
15.7377 	EXP 	noise: tex = <class 'numpy.ndarray'>
15.7825 	EXP 	noise: tex = <class 'numpy.ndarray'>
15.8310 	EXP 	noise: tex = <class 'numpy.ndarray'>
15.8813 	EXP 	noise: tex = <class 'numpy.ndarray'>
15.9309 	EXP 	noise: tex = <class 'numpy.ndarray'>
15.9810 	EXP 	noise: tex = <class 'numpy.ndarray'>
16.0435 	EXP 	noise: tex = <class 'numpy.ndarray'>
16.0975 	EXP 	noise: tex = <class 'numpy.ndarray'>
16.1475 	EXP 	noise: tex = <class 'numpy.ndarray'>
16.1974 	EXP 	noise: tex = <class 'numpy.ndarray'>
16.2510 	EXP 	noise: tex = <class 'numpy.ndarray'>
16.2989 	EXP 	noise: tex = <class 'numpy.ndarray'>
16.3498 	EXP 	noise: tex = <class 'numpy.ndarray'>
16.3996 	EXP 	noise: tex = <class 'numpy.ndarray'>
16.4483 	EXP 	noise: tex = <class 'numpy.ndarray'>
16.4987 	EXP 	noise: tex = <class 'numpy.ndarray'>
16.5532 	EXP 	noise: tex = <class 'numpy.ndarray'>
16.6000 	EXP 	noise: tex = <class 'numpy.ndarray'>
16.6482 	EXP 	noise: tex = <class 'numpy.ndarray'>
16.6976 	EXP 	noise: tex = <class 'numpy.ndarray'>
16.7477 	EXP 	noise: tex = <class 'numpy.ndarray'>
16.7976 	EXP 	noise: tex = <class 'numpy.ndarray'>
16.8475 	EXP 	noise: tex = <class 'numpy.ndarray'>
16.8981 	EXP 	noise: tex = <class 'numpy.ndarray'>
16.9474 	EXP 	noise: tex = <class 'numpy.ndarray'>
16.9978 	EXP 	noise: tex = <class 'numpy.ndarray'>
17.0498 	EXP 	noise: tex = <class 'numpy.ndarray'>
17.0987 	EXP 	noise: tex = <class 'numpy.ndarray'>
17.1519 	EXP 	noise: tex = <class 'numpy.ndarray'>
17.2044 	EXP 	noise: tex = <class 'numpy.ndarray'>
17.2523 	EXP 	noise: tex = <class 'numpy.ndarray'>
17.2983 	EXP 	noise: tex = <class 'numpy.ndarray'>
17.3474 	EXP 	noise: tex = <class 'numpy.ndarray'>
17.3975 	EXP 	noise: tex = <class 'numpy.ndarray'>
17.4581 	EXP 	noise: tex = <class 'numpy.ndarray'>
17.5053 	EXP 	noise: tex = <class 'numpy.ndarray'>
17.5667 	EXP 	noise: tex = <class 'numpy.ndarray'>
17.6175 	EXP 	noise: tex = <class 'numpy.ndarray'>
17.6697 	EXP 	noise: tex = <class 'numpy.ndarray'>
17.7161 	EXP 	noise: tex = <class 'numpy.ndarray'>
17.7643 	EXP 	noise: tex = <class 'numpy.ndarray'>
17.8162 	EXP 	noise: tex = <class 'numpy.ndarray'>
17.8771 	EXP 	noise: tex = <class 'numpy.ndarray'>
17.9305 	EXP 	noise: tex = <class 'numpy.ndarray'>
17.9807 	EXP 	noise: tex = <class 'numpy.ndarray'>
18.0306 	EXP 	noise: tex = <class 'numpy.ndarray'>
18.0805 	EXP 	noise: tex = <class 'numpy.ndarray'>
18.1307 	EXP 	noise: tex = <class 'numpy.ndarray'>
18.1807 	EXP 	noise: tex = <class 'numpy.ndarray'>
18.2324 	EXP 	noise: tex = <class 'numpy.ndarray'>
18.2928 	EXP 	noise: tex = <class 'numpy.ndarray'>
18.3389 	EXP 	noise: tex = <class 'numpy.ndarray'>
18.3864 	EXP 	noise: tex = <class 'numpy.ndarray'>
18.4357 	EXP 	noise: tex = <class 'numpy.ndarray'>
18.4828 	EXP 	noise: tex = <class 'numpy.ndarray'>
18.5345 	EXP 	noise: tex = <class 'numpy.ndarray'>
18.5810 	EXP 	noise: tex = <class 'numpy.ndarray'>
18.6305 	EXP 	noise: tex = <class 'numpy.ndarray'>
18.6808 	EXP 	noise: tex = <class 'numpy.ndarray'>
18.7329 	EXP 	noise: tex = <class 'numpy.ndarray'>
18.7865 	EXP 	noise: tex = <class 'numpy.ndarray'>
18.8357 	EXP 	noise: tex = <class 'numpy.ndarray'>
18.8824 	EXP 	noise: tex = <class 'numpy.ndarray'>
18.9306 	EXP 	noise: tex = <class 'numpy.ndarray'>
18.9805 	EXP 	noise: tex = <class 'numpy.ndarray'>
19.0306 	EXP 	noise: tex = <class 'numpy.ndarray'>
19.0806 	EXP 	noise: tex = <class 'numpy.ndarray'>
19.1307 	EXP 	noise: tex = <class 'numpy.ndarray'>
19.1806 	EXP 	noise: tex = <class 'numpy.ndarray'>
19.2308 	EXP 	noise: tex = <class 'numpy.ndarray'>
19.2807 	EXP 	noise: tex = <class 'numpy.ndarray'>
19.3307 	EXP 	noise: tex = <class 'numpy.ndarray'>
19.3807 	EXP 	noise: tex = <class 'numpy.ndarray'>
19.4307 	EXP 	noise: tex = <class 'numpy.ndarray'>
19.4815 	EXP 	noise: tex = <class 'numpy.ndarray'>
19.5333 	EXP 	noise: tex = <class 'numpy.ndarray'>
19.5815 	EXP 	noise: tex = <class 'numpy.ndarray'>
19.6310 	EXP 	noise: tex = <class 'numpy.ndarray'>
19.6808 	EXP 	noise: tex = <class 'numpy.ndarray'>
19.7327 	EXP 	noise: tex = <class 'numpy.ndarray'>
19.7806 	EXP 	noise: tex = <class 'numpy.ndarray'>
19.8307 	EXP 	noise: tex = <class 'numpy.ndarray'>
19.8831 	EXP 	noise: tex = <class 'numpy.ndarray'>
19.9319 	EXP 	noise: tex = <class 'numpy.ndarray'>
19.9933 	EXP 	noise: tex = <class 'numpy.ndarray'>
20.0401 	EXP 	noise: tex = <class 'numpy.ndarray'>
20.0860 	EXP 	noise: tex = <class 'numpy.ndarray'>
20.1345 	EXP 	noise: tex = <class 'numpy.ndarray'>
20.1830 	EXP 	noise: tex = <class 'numpy.ndarray'>
20.2322 	EXP 	noise: tex = <class 'numpy.ndarray'>
20.2809 	EXP 	noise: tex = <class 'numpy.ndarray'>
20.3325 	EXP 	noise: tex = <class 'numpy.ndarray'>
20.3815 	EXP 	noise: tex = <class 'numpy.ndarray'>
20.4304 	EXP 	noise: tex = <class 'numpy.ndarray'>
20.4806 	EXP 	noise: tex = <class 'numpy.ndarray'>
20.5308 	EXP 	noise: tex = <class 'numpy.ndarray'>
20.5820 	EXP 	noise: tex = <class 'numpy.ndarray'>
20.6429 	EXP 	noise: tex = <class 'numpy.ndarray'>
20.6982 	EXP 	noise: tex = <class 'numpy.ndarray'>
20.7473 	EXP 	noise: tex = <class 'numpy.ndarray'>
20.7974 	EXP 	noise: tex = <class 'numpy.ndarray'>
20.8473 	EXP 	noise: tex = <class 'numpy.ndarray'>
20.8975 	EXP 	noise: tex = <class 'numpy.ndarray'>
20.9473 	EXP 	noise: tex = <class 'numpy.ndarray'>
20.9986 	EXP 	noise: tex = <class 'numpy.ndarray'>
21.0519 	EXP 	noise: tex = <class 'numpy.ndarray'>
21.0981 	EXP 	noise: tex = <class 'numpy.ndarray'>
21.1473 	EXP 	noise: tex = <class 'numpy.ndarray'>
21.2119 	EXP 	noise: tex = <class 'numpy.ndarray'>
21.2641 	EXP 	noise: tex = <class 'numpy.ndarray'>
21.3246 	EXP 	noise: tex = <class 'numpy.ndarray'>
21.3803 	EXP 	noise: tex = <class 'numpy.ndarray'>
21.4309 	EXP 	noise: tex = <class 'numpy.ndarray'>
21.4827 	EXP 	noise: tex = <class 'numpy.ndarray'>
21.5339 	EXP 	noise: tex = <class 'numpy.ndarray'>
21.5896 	EXP 	noise: tex = <class 'numpy.ndarray'>
21.6423 	EXP 	noise: tex = <class 'numpy.ndarray'>
21.6973 	EXP 	noise: tex = <class 'numpy.ndarray'>
21.7472 	EXP 	noise: tex = <class 'numpy.ndarray'>
21.8005 	EXP 	noise: tex = <class 'numpy.ndarray'>
21.8529 	EXP 	noise: tex = <class 'numpy.ndarray'>
21.9020 	EXP 	noise: tex = <class 'numpy.ndarray'>
21.9536 	EXP 	noise: tex = <class 'numpy.ndarray'>
22.0045 	EXP 	noise: tex = <class 'numpy.ndarray'>
22.0517 	EXP 	noise: tex = <class 'numpy.ndarray'>
22.0974 	EXP 	noise: tex = <class 'numpy.ndarray'>
22.1473 	EXP 	noise: tex = <class 'numpy.ndarray'>
22.1980 	EXP 	noise: tex = <class 'numpy.ndarray'>
22.2475 	EXP 	noise: tex = <class 'numpy.ndarray'>
22.2977 	EXP 	noise: tex = <class 'numpy.ndarray'>
22.3473 	EXP 	noise: tex = <class 'numpy.ndarray'>
22.3974 	EXP 	noise: tex = <class 'numpy.ndarray'>
22.4473 	EXP 	noise: tex = <class 'numpy.ndarray'>
22.4972 	EXP 	noise: tex = <class 'numpy.ndarray'>
22.5472 	EXP 	noise: tex = <class 'numpy.ndarray'>
22.5971 	EXP 	noise: tex = <class 'numpy.ndarray'>
22.6477 	EXP 	noise: tex = <class 'numpy.ndarray'>
22.6988 	EXP 	noise: tex = <class 'numpy.ndarray'>
22.7481 	EXP 	noise: tex = <class 'numpy.ndarray'>
22.7980 	EXP 	noise: tex = <class 'numpy.ndarray'>
22.8495 	EXP 	noise: tex = <class 'numpy.ndarray'>
22.8974 	EXP 	noise: tex = <class 'numpy.ndarray'>
22.9504 	EXP 	noise: tex = <class 'numpy.ndarray'>
22.9994 	EXP 	noise: tex = <class 'numpy.ndarray'>
23.0493 	EXP 	noise: tex = <class 'numpy.ndarray'>
23.1097 	EXP 	noise: tex = <class 'numpy.ndarray'>
23.1640 	EXP 	noise: tex = <class 'numpy.ndarray'>
23.2148 	EXP 	noise: tex = <class 'numpy.ndarray'>
23.2640 	EXP 	noise: tex = <class 'numpy.ndarray'>
23.3140 	EXP 	noise: tex = <class 'numpy.ndarray'>
23.3643 	EXP 	noise: tex = <class 'numpy.ndarray'>
23.4139 	EXP 	noise: tex = <class 'numpy.ndarray'>
23.4643 	EXP 	noise: tex = <class 'numpy.ndarray'>
23.5243 	EXP 	noise: tex = <class 'numpy.ndarray'>
23.5719 	EXP 	noise: tex = <class 'numpy.ndarray'>
23.6234 	EXP 	noise: tex = <class 'numpy.ndarray'>
23.6811 	EXP 	noise: tex = <class 'numpy.ndarray'>
23.7401 	EXP 	noise: tex = <class 'numpy.ndarray'>
23.7879 	EXP 	noise: tex = <class 'numpy.ndarray'>
23.8385 	EXP 	noise: tex = <class 'numpy.ndarray'>
23.8866 	EXP 	noise: tex = <class 'numpy.ndarray'>
23.9386 	EXP 	noise: tex = <class 'numpy.ndarray'>
23.9855 	EXP 	noise: tex = <class 'numpy.ndarray'>
24.0351 	EXP 	noise: tex = <class 'numpy.ndarray'>
24.0840 	EXP 	noise: tex = <class 'numpy.ndarray'>
24.1340 	EXP 	noise: tex = <class 'numpy.ndarray'>
24.1835 	EXP 	noise: tex = <class 'numpy.ndarray'>
24.2304 	EXP 	noise: tex = <class 'numpy.ndarray'>
24.2808 	EXP 	noise: tex = <class 'numpy.ndarray'>
24.3350 	EXP 	noise: tex = <class 'numpy.ndarray'>
24.3832 	EXP 	noise: tex = <class 'numpy.ndarray'>
24.4325 	EXP 	noise: tex = <class 'numpy.ndarray'>
24.4805 	EXP 	noise: tex = <class 'numpy.ndarray'>
24.5429 	EXP 	noise: tex = <class 'numpy.ndarray'>
24.5903 	EXP 	noise: tex = <class 'numpy.ndarray'>
24.6375 	EXP 	noise: tex = <class 'numpy.ndarray'>
24.6869 	EXP 	noise: tex = <class 'numpy.ndarray'>
24.7355 	EXP 	noise: tex = <class 'numpy.ndarray'>
24.7875 	EXP 	noise: tex = <class 'numpy.ndarray'>
24.8389 	EXP 	noise: tex = <class 'numpy.ndarray'>
24.8891 	EXP 	noise: tex = <class 'numpy.ndarray'>
24.9381 	EXP 	noise: tex = <class 'numpy.ndarray'>
24.9901 	EXP 	noise: tex = <class 'numpy.ndarray'>
25.0372 	EXP 	noise: tex = <class 'numpy.ndarray'>
25.0865 	EXP 	noise: tex = <class 'numpy.ndarray'>
25.1377 	EXP 	noise: tex = <class 'numpy.ndarray'>
25.1869 	EXP 	noise: tex = <class 'numpy.ndarray'>
25.2396 	EXP 	noise: tex = <class 'numpy.ndarray'>
25.2453 	EXP 	New trial (rep=0, index=1): OrderedDict([('blobHeight', 1.0), ('blobWidth', 0.07), ('mask', '$np.ones((512,512))'), ('sig', 0.015)])
25.2640 	EXP 	noise_0: autoDraw = False
25.2640 	EXP 	noise: autoDraw = False
25.2640 	EXP 	blob_0: autoDraw = False
25.2640 	EXP 	blob: autoDraw = False
25.2640 	EXP 	cursor: autoDraw = False
25.2640 	EXP 	start_trial_text: autoDraw = True
25.9816 	DATA 	Mouse: Left button down, pos=(981,635)
25.9994 	EXP 	window1: mouseVisible = 0
26.0588 	EXP 	start_trial_text: autoDraw = False
26.0588 	EXP 	blob_0: tex = <class 'numpy.ndarray'>
26.0588 	EXP 	blob: tex = <class 'numpy.ndarray'>
26.0588 	EXP 	noise_0: autoDraw = True
26.0588 	EXP 	noise_0: tex = <class 'numpy.ndarray'>
26.0588 	EXP 	blob_0: autoDraw = True
26.0588 	EXP 	cursor: autoDraw = True
26.1136 	EXP 	noise_0: tex = <class 'numpy.ndarray'>
26.1145 	DATA 	Mouse:  Left button up, pos=(720,450)
26.1641 	EXP 	noise_0: tex = <class 'numpy.ndarray'>
26.2139 	EXP 	noise_0: tex = <class 'numpy.ndarray'>
26.2641 	EXP 	noise_0: tex = <class 'numpy.ndarray'>
26.3139 	EXP 	noise_0: tex = <class 'numpy.ndarray'>
26.3641 	EXP 	noise_0: tex = <class 'numpy.ndarray'>
26.4143 	EXP 	noise_0: tex = <class 'numpy.ndarray'>
26.4649 	EXP 	noise_0: tex = <class 'numpy.ndarray'>
26.5136 	EXP 	noise_0: tex = <class 'numpy.ndarray'>
26.5967 	EXP 	noise_0: tex = <class 'numpy.ndarray'>
26.5967 	EXP 	noise: autoDraw = True
26.5967 	EXP 	noise: tex = <class 'numpy.ndarray'>
26.5967 	EXP 	blob: autoDraw = True
26.6473 	EXP 	noise_0: autoDraw = False
26.6473 	EXP 	noise: tex = <class 'numpy.ndarray'>
26.6473 	EXP 	blob_0: autoDraw = False
26.6987 	EXP 	noise: tex = <class 'numpy.ndarray'>
26.7475 	EXP 	noise: tex = <class 'numpy.ndarray'>
26.7975 	EXP 	noise: tex = <class 'numpy.ndarray'>
26.8475 	EXP 	noise: tex = <class 'numpy.ndarray'>
26.8995 	EXP 	noise: tex = <class 'numpy.ndarray'>
26.9479 	EXP 	noise: tex = <class 'numpy.ndarray'>
26.9974 	EXP 	noise: tex = <class 'numpy.ndarray'>
27.0471 	EXP 	noise: tex = <class 'numpy.ndarray'>
27.0971 	EXP 	noise: tex = <class 'numpy.ndarray'>
27.1471 	EXP 	noise: tex = <class 'numpy.ndarray'>
27.1974 	EXP 	noise: tex = <class 'numpy.ndarray'>
27.2579 	EXP 	noise: tex = <class 'numpy.ndarray'>
27.3044 	EXP 	noise: tex = <class 'numpy.ndarray'>
27.3530 	EXP 	noise: tex = <class 'numpy.ndarray'>
27.4021 	EXP 	noise: tex = <class 'numpy.ndarray'>
27.4488 	EXP 	noise: tex = <class 'numpy.ndarray'>
27.4972 	EXP 	noise: tex = <class 'numpy.ndarray'>
27.5488 	EXP 	noise: tex = <class 'numpy.ndarray'>
27.5976 	EXP 	noise: tex = <class 'numpy.ndarray'>
27.6491 	EXP 	noise: tex = <class 'numpy.ndarray'>
27.7013 	EXP 	noise: tex = <class 'numpy.ndarray'>
27.7538 	EXP 	noise: tex = <class 'numpy.ndarray'>
27.8005 	EXP 	noise: tex = <class 'numpy.ndarray'>
27.8510 	EXP 	noise: tex = <class 'numpy.ndarray'>
27.9009 	EXP 	noise: tex = <class 'numpy.ndarray'>
27.9509 	EXP 	noise: tex = <class 'numpy.ndarray'>
28.0021 	EXP 	noise: tex = <class 'numpy.ndarray'>
28.0541 	EXP 	noise: tex = <class 'numpy.ndarray'>
28.1036 	EXP 	noise: tex = <class 'numpy.ndarray'>
28.1663 	EXP 	noise: tex = <class 'numpy.ndarray'>
28.2136 	EXP 	noise: tex = <class 'numpy.ndarray'>
28.2685 	EXP 	noise: tex = <class 'numpy.ndarray'>
28.3209 	EXP 	noise: tex = <class 'numpy.ndarray'>
28.3692 	EXP 	noise: tex = <class 'numpy.ndarray'>
28.4183 	EXP 	noise: tex = <class 'numpy.ndarray'>
28.4686 	EXP 	noise: tex = <class 'numpy.ndarray'>
28.5155 	EXP 	noise: tex = <class 'numpy.ndarray'>
28.5638 	EXP 	noise: tex = <class 'numpy.ndarray'>
28.6142 	EXP 	noise: tex = <class 'numpy.ndarray'>
28.6658 	EXP 	noise: tex = <class 'numpy.ndarray'>
28.7153 	EXP 	noise: tex = <class 'numpy.ndarray'>
28.7640 	EXP 	noise: tex = <class 'numpy.ndarray'>
28.8137 	EXP 	noise: tex = <class 'numpy.ndarray'>
28.8637 	EXP 	noise: tex = <class 'numpy.ndarray'>
28.9138 	EXP 	noise: tex = <class 'numpy.ndarray'>
28.9640 	EXP 	noise: tex = <class 'numpy.ndarray'>
29.0139 	EXP 	noise: tex = <class 'numpy.ndarray'>
29.0743 	EXP 	noise: tex = <class 'numpy.ndarray'>
29.1210 	EXP 	noise: tex = <class 'numpy.ndarray'>
29.1717 	EXP 	noise: tex = <class 'numpy.ndarray'>
29.2210 	EXP 	noise: tex = <class 'numpy.ndarray'>
29.2718 	EXP 	noise: tex = <class 'numpy.ndarray'>
29.3196 	EXP 	noise: tex = <class 'numpy.ndarray'>
29.3678 	EXP 	noise: tex = <class 'numpy.ndarray'>
29.4171 	EXP 	noise: tex = <class 'numpy.ndarray'>
29.4668 	EXP 	noise: tex = <class 'numpy.ndarray'>
29.5185 	EXP 	noise: tex = <class 'numpy.ndarray'>
29.5655 	EXP 	noise: tex = <class 'numpy.ndarray'>
29.6140 	EXP 	noise: tex = <class 'numpy.ndarray'>
29.6639 	EXP 	noise: tex = <class 'numpy.ndarray'>
29.7140 	EXP 	noise: tex = <class 'numpy.ndarray'>
29.7637 	EXP 	noise: tex = <class 'numpy.ndarray'>
29.8157 	EXP 	noise: tex = <class 'numpy.ndarray'>
29.8690 	EXP 	noise: tex = <class 'numpy.ndarray'>
29.9180 	EXP 	noise: tex = <class 'numpy.ndarray'>
29.9662 	EXP 	noise: tex = <class 'numpy.ndarray'>
30.0156 	EXP 	noise: tex = <class 'numpy.ndarray'>
30.0650 	EXP 	noise: tex = <class 'numpy.ndarray'>
30.1139 	EXP 	noise: tex = <class 'numpy.ndarray'>
30.1638 	EXP 	noise: tex = <class 'numpy.ndarray'>
30.2156 	EXP 	noise: tex = <class 'numpy.ndarray'>
30.2638 	EXP 	noise: tex = <class 'numpy.ndarray'>
30.3137 	EXP 	noise: tex = <class 'numpy.ndarray'>
30.3655 	EXP 	noise: tex = <class 'numpy.ndarray'>
30.4139 	EXP 	noise: tex = <class 'numpy.ndarray'>
30.4664 	EXP 	noise: tex = <class 'numpy.ndarray'>
30.5186 	EXP 	noise: tex = <class 'numpy.ndarray'>
30.5693 	EXP 	noise: tex = <class 'numpy.ndarray'>
30.6224 	EXP 	noise: tex = <class 'numpy.ndarray'>
30.6686 	EXP 	noise: tex = <class 'numpy.ndarray'>
30.7195 	EXP 	noise: tex = <class 'numpy.ndarray'>
30.7668 	EXP 	noise: tex = <class 'numpy.ndarray'>
30.8179 	EXP 	noise: tex = <class 'numpy.ndarray'>
30.8722 	EXP 	noise: tex = <class 'numpy.ndarray'>
30.9210 	EXP 	noise: tex = <class 'numpy.ndarray'>
30.9676 	EXP 	noise: tex = <class 'numpy.ndarray'>
31.0185 	EXP 	noise: tex = <class 'numpy.ndarray'>
31.0686 	EXP 	noise: tex = <class 'numpy.ndarray'>
31.1174 	EXP 	noise: tex = <class 'numpy.ndarray'>
31.1681 	EXP 	noise: tex = <class 'numpy.ndarray'>
31.2173 	EXP 	noise: tex = <class 'numpy.ndarray'>
31.2680 	EXP 	noise: tex = <class 'numpy.ndarray'>
31.3158 	EXP 	noise: tex = <class 'numpy.ndarray'>
31.3638 	EXP 	noise: tex = <class 'numpy.ndarray'>
31.4139 	EXP 	noise: tex = <class 'numpy.ndarray'>
31.4646 	EXP 	noise: tex = <class 'numpy.ndarray'>
31.5157 	EXP 	noise: tex = <class 'numpy.ndarray'>
31.5676 	EXP 	noise: tex = <class 'numpy.ndarray'>
31.6144 	EXP 	noise: tex = <class 'numpy.ndarray'>
31.6640 	EXP 	noise: tex = <class 'numpy.ndarray'>
31.7138 	EXP 	noise: tex = <class 'numpy.ndarray'>
31.7638 	EXP 	noise: tex = <class 'numpy.ndarray'>
31.8153 	EXP 	noise: tex = <class 'numpy.ndarray'>
31.8676 	EXP 	noise: tex = <class 'numpy.ndarray'>
31.9139 	EXP 	noise: tex = <class 'numpy.ndarray'>
31.9638 	EXP 	noise: tex = <class 'numpy.ndarray'>
32.0149 	EXP 	noise: tex = <class 'numpy.ndarray'>
32.0636 	EXP 	noise: tex = <class 'numpy.ndarray'>
32.1137 	EXP 	noise: tex = <class 'numpy.ndarray'>
32.1639 	EXP 	noise: tex = <class 'numpy.ndarray'>
32.2142 	EXP 	noise: tex = <class 'numpy.ndarray'>
32.2646 	EXP 	noise: tex = <class 'numpy.ndarray'>
32.3140 	EXP 	noise: tex = <class 'numpy.ndarray'>
32.3641 	EXP 	noise: tex = <class 'numpy.ndarray'>
32.4152 	EXP 	noise: tex = <class 'numpy.ndarray'>
32.4642 	EXP 	noise: tex = <class 'numpy.ndarray'>
32.5154 	EXP 	noise: tex = <class 'numpy.ndarray'>
32.5684 	EXP 	noise: tex = <class 'numpy.ndarray'>
32.6214 	EXP 	noise: tex = <class 'numpy.ndarray'>
32.6687 	EXP 	noise: tex = <class 'numpy.ndarray'>
32.7166 	EXP 	noise: tex = <class 'numpy.ndarray'>
32.7705 	EXP 	noise: tex = <class 'numpy.ndarray'>
32.8226 	EXP 	noise: tex = <class 'numpy.ndarray'>
32.8835 	EXP 	noise: tex = <class 'numpy.ndarray'>
32.9354 	EXP 	noise: tex = <class 'numpy.ndarray'>
32.9867 	EXP 	noise: tex = <class 'numpy.ndarray'>
33.0375 	EXP 	noise: tex = <class 'numpy.ndarray'>
33.0875 	EXP 	noise: tex = <class 'numpy.ndarray'>
33.1361 	EXP 	noise: tex = <class 'numpy.ndarray'>
33.1848 	EXP 	noise: tex = <class 'numpy.ndarray'>
33.2336 	EXP 	noise: tex = <class 'numpy.ndarray'>
33.2810 	EXP 	noise: tex = <class 'numpy.ndarray'>
33.3309 	EXP 	noise: tex = <class 'numpy.ndarray'>
33.3814 	EXP 	noise: tex = <class 'numpy.ndarray'>
33.4307 	EXP 	noise: tex = <class 'numpy.ndarray'>
33.4804 	EXP 	noise: tex = <class 'numpy.ndarray'>
33.5305 	EXP 	noise: tex = <class 'numpy.ndarray'>
33.5806 	EXP 	noise: tex = <class 'numpy.ndarray'>
33.6312 	EXP 	noise: tex = <class 'numpy.ndarray'>
33.6810 	EXP 	noise: tex = <class 'numpy.ndarray'>
33.7306 	EXP 	noise: tex = <class 'numpy.ndarray'>
33.7804 	EXP 	noise: tex = <class 'numpy.ndarray'>
33.8307 	EXP 	noise: tex = <class 'numpy.ndarray'>
33.8806 	EXP 	noise: tex = <class 'numpy.ndarray'>
33.9310 	EXP 	noise: tex = <class 'numpy.ndarray'>
33.9809 	EXP 	noise: tex = <class 'numpy.ndarray'>
34.0304 	EXP 	noise: tex = <class 'numpy.ndarray'>
34.0806 	EXP 	noise: tex = <class 'numpy.ndarray'>
34.1304 	EXP 	noise: tex = <class 'numpy.ndarray'>
34.1835 	EXP 	noise: tex = <class 'numpy.ndarray'>
34.2332 	EXP 	noise: tex = <class 'numpy.ndarray'>
34.2812 	EXP 	noise: tex = <class 'numpy.ndarray'>
34.3308 	EXP 	noise: tex = <class 'numpy.ndarray'>
34.3810 	EXP 	noise: tex = <class 'numpy.ndarray'>
34.4306 	EXP 	noise: tex = <class 'numpy.ndarray'>
34.4827 	EXP 	noise: tex = <class 'numpy.ndarray'>
34.5319 	EXP 	noise: tex = <class 'numpy.ndarray'>
34.5847 	EXP 	noise: tex = <class 'numpy.ndarray'>
34.6375 	EXP 	noise: tex = <class 'numpy.ndarray'>
34.6877 	EXP 	noise: tex = <class 'numpy.ndarray'>
34.7340 	EXP 	noise: tex = <class 'numpy.ndarray'>
34.7830 	EXP 	noise: tex = <class 'numpy.ndarray'>
34.8306 	EXP 	noise: tex = <class 'numpy.ndarray'>
34.8806 	EXP 	noise: tex = <class 'numpy.ndarray'>
34.9320 	EXP 	noise: tex = <class 'numpy.ndarray'>
34.9806 	EXP 	noise: tex = <class 'numpy.ndarray'>
35.0309 	EXP 	noise: tex = <class 'numpy.ndarray'>
35.0809 	EXP 	noise: tex = <class 'numpy.ndarray'>
35.1307 	EXP 	noise: tex = <class 'numpy.ndarray'>
35.1821 	EXP 	noise: tex = <class 'numpy.ndarray'>
35.2324 	EXP 	noise: tex = <class 'numpy.ndarray'>
35.2806 	EXP 	noise: tex = <class 'numpy.ndarray'>
35.3307 	EXP 	noise: tex = <class 'numpy.ndarray'>
35.3807 	EXP 	noise: tex = <class 'numpy.ndarray'>
35.4305 	EXP 	noise: tex = <class 'numpy.ndarray'>
35.4819 	EXP 	noise: tex = <class 'numpy.ndarray'>
35.5332 	EXP 	noise: tex = <class 'numpy.ndarray'>
35.5808 	EXP 	noise: tex = <class 'numpy.ndarray'>
35.6303 	EXP 	noise: tex = <class 'numpy.ndarray'>
35.6806 	EXP 	noise: tex = <class 'numpy.ndarray'>
35.7305 	EXP 	noise: tex = <class 'numpy.ndarray'>
35.7814 	EXP 	noise: tex = <class 'numpy.ndarray'>
35.8331 	EXP 	noise: tex = <class 'numpy.ndarray'>
35.8839 	EXP 	noise: tex = <class 'numpy.ndarray'>
35.9336 	EXP 	noise: tex = <class 'numpy.ndarray'>
35.9819 	EXP 	noise: tex = <class 'numpy.ndarray'>
36.0306 	EXP 	noise: tex = <class 'numpy.ndarray'>
36.0809 	EXP 	noise: tex = <class 'numpy.ndarray'>
36.1306 	EXP 	noise: tex = <class 'numpy.ndarray'>
36.1813 	EXP 	noise: tex = <class 'numpy.ndarray'>
36.2316 	EXP 	noise: tex = <class 'numpy.ndarray'>
36.2818 	EXP 	noise: tex = <class 'numpy.ndarray'>
36.3425 	EXP 	noise: tex = <class 'numpy.ndarray'>
36.3974 	EXP 	noise: tex = <class 'numpy.ndarray'>
36.4490 	EXP 	noise: tex = <class 'numpy.ndarray'>
36.4973 	EXP 	noise: tex = <class 'numpy.ndarray'>
36.5485 	EXP 	noise: tex = <class 'numpy.ndarray'>
36.5988 	EXP 	noise: tex = <class 'numpy.ndarray'>
36.6513 	EXP 	noise: tex = <class 'numpy.ndarray'>
36.6991 	EXP 	noise: tex = <class 'numpy.ndarray'>
36.7510 	EXP 	noise: tex = <class 'numpy.ndarray'>
36.7971 	EXP 	noise: tex = <class 'numpy.ndarray'>
36.8472 	EXP 	noise: tex = <class 'numpy.ndarray'>
36.8974 	EXP 	noise: tex = <class 'numpy.ndarray'>
36.9503 	EXP 	noise: tex = <class 'numpy.ndarray'>
37.0003 	EXP 	noise: tex = <class 'numpy.ndarray'>
37.0473 	EXP 	noise: tex = <class 'numpy.ndarray'>
37.0974 	EXP 	noise: tex = <class 'numpy.ndarray'>
37.1480 	EXP 	noise: tex = <class 'numpy.ndarray'>
37.2004 	EXP 	noise: tex = <class 'numpy.ndarray'>
37.2468 	EXP 	noise: tex = <class 'numpy.ndarray'>
37.2969 	EXP 	noise: tex = <class 'numpy.ndarray'>
37.3502 	EXP 	noise: tex = <class 'numpy.ndarray'>
37.3971 	EXP 	noise: tex = <class 'numpy.ndarray'>
37.4471 	EXP 	noise: tex = <class 'numpy.ndarray'>
37.4975 	EXP 	noise: tex = <class 'numpy.ndarray'>
37.5470 	EXP 	noise: tex = <class 'numpy.ndarray'>
37.5974 	EXP 	noise: tex = <class 'numpy.ndarray'>
37.6486 	EXP 	noise: tex = <class 'numpy.ndarray'>
37.7087 	EXP 	noise: tex = <class 'numpy.ndarray'>
37.7634 	EXP 	noise: tex = <class 'numpy.ndarray'>
37.8143 	EXP 	noise: tex = <class 'numpy.ndarray'>
37.8637 	EXP 	noise: tex = <class 'numpy.ndarray'>
37.9158 	EXP 	noise: tex = <class 'numpy.ndarray'>
37.9692 	EXP 	noise: tex = <class 'numpy.ndarray'>
38.0190 	EXP 	noise: tex = <class 'numpy.ndarray'>
38.0657 	EXP 	noise: tex = <class 'numpy.ndarray'>
38.1136 	EXP 	noise: tex = <class 'numpy.ndarray'>
38.1637 	EXP 	noise: tex = <class 'numpy.ndarray'>
38.2139 	EXP 	noise: tex = <class 'numpy.ndarray'>
38.2638 	EXP 	noise: tex = <class 'numpy.ndarray'>
38.3243 	EXP 	noise: tex = <class 'numpy.ndarray'>
38.3707 	EXP 	noise: tex = <class 'numpy.ndarray'>
38.4201 	EXP 	noise: tex = <class 'numpy.ndarray'>
38.4679 	EXP 	noise: tex = <class 'numpy.ndarray'>
38.5173 	EXP 	noise: tex = <class 'numpy.ndarray'>
38.5690 	EXP 	noise: tex = <class 'numpy.ndarray'>
38.6197 	EXP 	noise: tex = <class 'numpy.ndarray'>
38.6734 	EXP 	noise: tex = <class 'numpy.ndarray'>
38.7265 	EXP 	noise: tex = <class 'numpy.ndarray'>
38.7731 	EXP 	noise: tex = <class 'numpy.ndarray'>
38.8194 	EXP 	noise: tex = <class 'numpy.ndarray'>
38.8655 	EXP 	noise: tex = <class 'numpy.ndarray'>
38.9138 	EXP 	noise: tex = <class 'numpy.ndarray'>
38.9637 	EXP 	noise: tex = <class 'numpy.ndarray'>
39.0141 	EXP 	noise: tex = <class 'numpy.ndarray'>
39.0642 	EXP 	noise: tex = <class 'numpy.ndarray'>
39.1136 	EXP 	noise: tex = <class 'numpy.ndarray'>
39.1638 	EXP 	noise: tex = <class 'numpy.ndarray'>
39.2137 	EXP 	noise: tex = <class 'numpy.ndarray'>
39.2656 	EXP 	noise: tex = <class 'numpy.ndarray'>
39.3137 	EXP 	noise: tex = <class 'numpy.ndarray'>
39.3636 	EXP 	noise: tex = <class 'numpy.ndarray'>
39.4136 	EXP 	noise: tex = <class 'numpy.ndarray'>
39.4637 	EXP 	noise: tex = <class 'numpy.ndarray'>
39.5137 	EXP 	noise: tex = <class 'numpy.ndarray'>
39.5740 	EXP 	noise: tex = <class 'numpy.ndarray'>
39.6305 	EXP 	noise: tex = <class 'numpy.ndarray'>
39.6806 	EXP 	noise: tex = <class 'numpy.ndarray'>
39.7305 	EXP 	noise: tex = <class 'numpy.ndarray'>
39.7834 	EXP 	noise: tex = <class 'numpy.ndarray'>
39.8363 	EXP 	noise: tex = <class 'numpy.ndarray'>
39.8832 	EXP 	noise: tex = <class 'numpy.ndarray'>
39.9327 	EXP 	noise: tex = <class 'numpy.ndarray'>
39.9858 	EXP 	noise: tex = <class 'numpy.ndarray'>
40.0396 	EXP 	noise: tex = <class 'numpy.ndarray'>
40.0919 	EXP 	noise: tex = <class 'numpy.ndarray'>
40.1471 	EXP 	noise: tex = <class 'numpy.ndarray'>
40.2053 	EXP 	noise: tex = <class 'numpy.ndarray'>
40.2542 	EXP 	noise: tex = <class 'numpy.ndarray'>
40.3008 	EXP 	noise: tex = <class 'numpy.ndarray'>
40.3488 	EXP 	noise: tex = <class 'numpy.ndarray'>
40.3985 	EXP 	noise: tex = <class 'numpy.ndarray'>
40.4615 	EXP 	noise: tex = <class 'numpy.ndarray'>
40.5196 	EXP 	noise: tex = <class 'numpy.ndarray'>
40.5683 	EXP 	noise: tex = <class 'numpy.ndarray'>
40.6208 	EXP 	noise: tex = <class 'numpy.ndarray'>
40.6685 	EXP 	noise: tex = <class 'numpy.ndarray'>
40.7212 	EXP 	noise: tex = <class 'numpy.ndarray'>
40.7680 	EXP 	noise: tex = <class 'numpy.ndarray'>
40.8151 	EXP 	noise: tex = <class 'numpy.ndarray'>
40.8651 	EXP 	noise: tex = <class 'numpy.ndarray'>
40.9137 	EXP 	noise: tex = <class 'numpy.ndarray'>
40.9637 	EXP 	noise: tex = <class 'numpy.ndarray'>
41.0137 	EXP 	noise: tex = <class 'numpy.ndarray'>
41.0637 	EXP 	noise: tex = <class 'numpy.ndarray'>
41.1136 	EXP 	noise: tex = <class 'numpy.ndarray'>
41.1636 	EXP 	noise: tex = <class 'numpy.ndarray'>
41.2135 	EXP 	noise: tex = <class 'numpy.ndarray'>
41.2666 	EXP 	noise: tex = <class 'numpy.ndarray'>
41.3164 	EXP 	noise: tex = <class 'numpy.ndarray'>
41.3642 	EXP 	noise: tex = <class 'numpy.ndarray'>
41.4135 	EXP 	noise: tex = <class 'numpy.ndarray'>
41.4668 	EXP 	noise: tex = <class 'numpy.ndarray'>
41.5156 	EXP 	noise: tex = <class 'numpy.ndarray'>
41.5200 	EXP 	New trial (rep=0, index=2): OrderedDict([('blobHeight', 0.3182), ('blobWidth', 0.22), ('mask', '$np.ones((512,512))'), ('sig', 0.015)])
41.5327 	EXP 	noise_0: autoDraw = False
41.5327 	EXP 	noise: autoDraw = False
41.5327 	EXP 	blob_0: autoDraw = False
41.5327 	EXP 	blob: autoDraw = False
41.5327 	EXP 	cursor: autoDraw = False
41.5327 	EXP 	start_trial_text: autoDraw = True
42.1981 	DATA 	Mouse: Left button down, pos=(1023,621)
42.2160 	EXP 	window1: mouseVisible = 0
42.2769 	EXP 	start_trial_text: autoDraw = False
42.2769 	EXP 	blob_0: tex = <class 'numpy.ndarray'>
42.2769 	EXP 	blob: tex = <class 'numpy.ndarray'>
42.2769 	EXP 	noise_0: autoDraw = True
42.2769 	EXP 	noise_0: tex = <class 'numpy.ndarray'>
42.2769 	EXP 	blob_0: autoDraw = True
42.2769 	EXP 	cursor: autoDraw = True
42.3240 	EXP 	noise_0: tex = <class 'numpy.ndarray'>
42.3252 	DATA 	Mouse:  Left button up, pos=(720,450)
42.3803 	EXP 	noise_0: tex = <class 'numpy.ndarray'>
42.4305 	EXP 	noise_0: tex = <class 'numpy.ndarray'>
42.4804 	EXP 	noise_0: tex = <class 'numpy.ndarray'>
42.5306 	EXP 	noise_0: tex = <class 'numpy.ndarray'>
42.5812 	EXP 	noise_0: tex = <class 'numpy.ndarray'>
42.6304 	EXP 	noise_0: tex = <class 'numpy.ndarray'>
42.6802 	EXP 	noise_0: tex = <class 'numpy.ndarray'>
42.7303 	EXP 	noise_0: tex = <class 'numpy.ndarray'>
42.8181 	EXP 	noise_0: tex = <class 'numpy.ndarray'>
42.8181 	EXP 	noise: autoDraw = True
42.8181 	EXP 	noise: tex = <class 'numpy.ndarray'>
42.8181 	EXP 	blob: autoDraw = True
42.8686 	EXP 	noise_0: autoDraw = False
42.8686 	EXP 	noise: tex = <class 'numpy.ndarray'>
42.8686 	EXP 	blob_0: autoDraw = False
42.9189 	EXP 	noise: tex = <class 'numpy.ndarray'>
42.9703 	EXP 	noise: tex = <class 'numpy.ndarray'>
43.0178 	EXP 	noise: tex = <class 'numpy.ndarray'>
43.0646 	EXP 	noise: tex = <class 'numpy.ndarray'>
43.1136 	EXP 	noise: tex = <class 'numpy.ndarray'>
43.1659 	EXP 	noise: tex = <class 'numpy.ndarray'>
43.2169 	EXP 	noise: tex = <class 'numpy.ndarray'>
43.2671 	EXP 	noise: tex = <class 'numpy.ndarray'>
43.3172 	EXP 	noise: tex = <class 'numpy.ndarray'>
43.3662 	EXP 	noise: tex = <class 'numpy.ndarray'>
43.4189 	EXP 	noise: tex = <class 'numpy.ndarray'>
43.4683 	EXP 	noise: tex = <class 'numpy.ndarray'>
43.5198 	EXP 	noise: tex = <class 'numpy.ndarray'>
43.5706 	EXP 	noise: tex = <class 'numpy.ndarray'>
43.6330 	EXP 	noise: tex = <class 'numpy.ndarray'>
43.6809 	EXP 	noise: tex = <class 'numpy.ndarray'>
43.7305 	EXP 	noise: tex = <class 'numpy.ndarray'>
43.7802 	EXP 	noise: tex = <class 'numpy.ndarray'>
43.8303 	EXP 	noise: tex = <class 'numpy.ndarray'>
43.8817 	EXP 	noise: tex = <class 'numpy.ndarray'>
43.9355 	EXP 	noise: tex = <class 'numpy.ndarray'>
43.9816 	EXP 	noise: tex = <class 'numpy.ndarray'>
44.0303 	EXP 	noise: tex = <class 'numpy.ndarray'>
44.0819 	EXP 	noise: tex = <class 'numpy.ndarray'>
44.1304 	EXP 	noise: tex = <class 'numpy.ndarray'>
44.1802 	EXP 	noise: tex = <class 'numpy.ndarray'>
44.2340 	EXP 	noise: tex = <class 'numpy.ndarray'>
44.2881 	EXP 	noise: tex = <class 'numpy.ndarray'>
44.3421 	EXP 	noise: tex = <class 'numpy.ndarray'>
44.3967 	EXP 	noise: tex = <class 'numpy.ndarray'>
44.4469 	EXP 	noise: tex = <class 'numpy.ndarray'>
44.4971 	EXP 	noise: tex = <class 'numpy.ndarray'>
44.5489 	EXP 	noise: tex = <class 'numpy.ndarray'>
44.5981 	EXP 	noise: tex = <class 'numpy.ndarray'>
44.6478 	EXP 	noise: tex = <class 'numpy.ndarray'>
44.6977 	EXP 	noise: tex = <class 'numpy.ndarray'>
44.7495 	EXP 	noise: tex = <class 'numpy.ndarray'>
44.8038 	EXP 	noise: tex = <class 'numpy.ndarray'>
44.8536 	EXP 	noise: tex = <class 'numpy.ndarray'>
44.8993 	EXP 	noise: tex = <class 'numpy.ndarray'>
44.9489 	EXP 	noise: tex = <class 'numpy.ndarray'>
45.0041 	EXP 	noise: tex = <class 'numpy.ndarray'>
45.0583 	EXP 	noise: tex = <class 'numpy.ndarray'>
45.1136 	EXP 	noise: tex = <class 'numpy.ndarray'>
45.1637 	EXP 	noise: tex = <class 'numpy.ndarray'>
45.2143 	EXP 	noise: tex = <class 'numpy.ndarray'>
45.2687 	EXP 	noise: tex = <class 'numpy.ndarray'>
45.3148 	EXP 	noise: tex = <class 'numpy.ndarray'>
45.3679 	EXP 	noise: tex = <class 'numpy.ndarray'>
45.4202 	EXP 	noise: tex = <class 'numpy.ndarray'>
45.4685 	EXP 	noise: tex = <class 'numpy.ndarray'>
45.5141 	EXP 	noise: tex = <class 'numpy.ndarray'>
45.5639 	EXP 	noise: tex = <class 'numpy.ndarray'>
45.6137 	EXP 	noise: tex = <class 'numpy.ndarray'>
45.6663 	EXP 	noise: tex = <class 'numpy.ndarray'>
45.7157 	EXP 	noise: tex = <class 'numpy.ndarray'>
45.7665 	EXP 	noise: tex = <class 'numpy.ndarray'>
45.8141 	EXP 	noise: tex = <class 'numpy.ndarray'>
45.8637 	EXP 	noise: tex = <class 'numpy.ndarray'>
45.9137 	EXP 	noise: tex = <class 'numpy.ndarray'>
45.9635 	EXP 	noise: tex = <class 'numpy.ndarray'>
46.0137 	EXP 	noise: tex = <class 'numpy.ndarray'>
46.0639 	EXP 	noise: tex = <class 'numpy.ndarray'>
46.1140 	EXP 	noise: tex = <class 'numpy.ndarray'>
46.1647 	EXP 	noise: tex = <class 'numpy.ndarray'>
46.2137 	EXP 	noise: tex = <class 'numpy.ndarray'>
46.2652 	EXP 	noise: tex = <class 'numpy.ndarray'>
46.3138 	EXP 	noise: tex = <class 'numpy.ndarray'>
46.3635 	EXP 	noise: tex = <class 'numpy.ndarray'>
46.4136 	EXP 	noise: tex = <class 'numpy.ndarray'>
46.4748 	EXP 	noise: tex = <class 'numpy.ndarray'>
46.5221 	EXP 	noise: tex = <class 'numpy.ndarray'>
46.5686 	EXP 	noise: tex = <class 'numpy.ndarray'>
46.6152 	EXP 	noise: tex = <class 'numpy.ndarray'>
46.6648 	EXP 	noise: tex = <class 'numpy.ndarray'>
46.7139 	EXP 	noise: tex = <class 'numpy.ndarray'>
46.7647 	EXP 	noise: tex = <class 'numpy.ndarray'>
46.8299 	EXP 	noise: tex = <class 'numpy.ndarray'>
46.8802 	EXP 	noise: tex = <class 'numpy.ndarray'>
46.9301 	EXP 	noise: tex = <class 'numpy.ndarray'>
46.9803 	EXP 	noise: tex = <class 'numpy.ndarray'>
47.0304 	EXP 	noise: tex = <class 'numpy.ndarray'>
47.0804 	EXP 	noise: tex = <class 'numpy.ndarray'>
47.1307 	EXP 	noise: tex = <class 'numpy.ndarray'>
47.1802 	EXP 	noise: tex = <class 'numpy.ndarray'>
47.2317 	EXP 	noise: tex = <class 'numpy.ndarray'>
47.2821 	EXP 	noise: tex = <class 'numpy.ndarray'>
47.3303 	EXP 	noise: tex = <class 'numpy.ndarray'>
47.3805 	EXP 	noise: tex = <class 'numpy.ndarray'>
47.4305 	EXP 	noise: tex = <class 'numpy.ndarray'>
47.4841 	EXP 	noise: tex = <class 'numpy.ndarray'>
47.5334 	EXP 	noise: tex = <class 'numpy.ndarray'>
47.5833 	EXP 	noise: tex = <class 'numpy.ndarray'>
47.6316 	EXP 	noise: tex = <class 'numpy.ndarray'>
47.6932 	EXP 	noise: tex = <class 'numpy.ndarray'>
47.7398 	EXP 	noise: tex = <class 'numpy.ndarray'>
47.7884 	EXP 	noise: tex = <class 'numpy.ndarray'>
47.8392 	EXP 	noise: tex = <class 'numpy.ndarray'>
47.8997 	EXP 	noise: tex = <class 'numpy.ndarray'>
47.9495 	EXP 	noise: tex = <class 'numpy.ndarray'>
47.9992 	EXP 	noise: tex = <class 'numpy.ndarray'>
48.0520 	EXP 	noise: tex = <class 'numpy.ndarray'>
48.0985 	EXP 	noise: tex = <class 'numpy.ndarray'>
48.1471 	EXP 	noise: tex = <class 'numpy.ndarray'>
48.1972 	EXP 	noise: tex = <class 'numpy.ndarray'>
48.2467 	EXP 	noise: tex = <class 'numpy.ndarray'>
48.2981 	EXP 	noise: tex = <class 'numpy.ndarray'>
48.3469 	EXP 	noise: tex = <class 'numpy.ndarray'>
48.3969 	EXP 	noise: tex = <class 'numpy.ndarray'>
48.4473 	EXP 	noise: tex = <class 'numpy.ndarray'>
48.4993 	EXP 	noise: tex = <class 'numpy.ndarray'>
48.5470 	EXP 	noise: tex = <class 'numpy.ndarray'>
48.6006 	EXP 	noise: tex = <class 'numpy.ndarray'>
48.6504 	EXP 	noise: tex = <class 'numpy.ndarray'>
48.7001 	EXP 	noise: tex = <class 'numpy.ndarray'>
48.7514 	EXP 	noise: tex = <class 'numpy.ndarray'>
48.7987 	EXP 	noise: tex = <class 'numpy.ndarray'>
48.8490 	EXP 	noise: tex = <class 'numpy.ndarray'>
48.8971 	EXP 	noise: tex = <class 'numpy.ndarray'>
48.9469 	EXP 	noise: tex = <class 'numpy.ndarray'>
48.9968 	EXP 	noise: tex = <class 'numpy.ndarray'>
49.0469 	EXP 	noise: tex = <class 'numpy.ndarray'>
49.0967 	EXP 	noise: tex = <class 'numpy.ndarray'>
49.1469 	EXP 	noise: tex = <class 'numpy.ndarray'>
49.1968 	EXP 	noise: tex = <class 'numpy.ndarray'>
49.2496 	EXP 	noise: tex = <class 'numpy.ndarray'>
49.2969 	EXP 	noise: tex = <class 'numpy.ndarray'>
49.3468 	EXP 	noise: tex = <class 'numpy.ndarray'>
49.3967 	EXP 	noise: tex = <class 'numpy.ndarray'>
49.4497 	EXP 	noise: tex = <class 'numpy.ndarray'>
49.5003 	EXP 	noise: tex = <class 'numpy.ndarray'>
49.5520 	EXP 	noise: tex = <class 'numpy.ndarray'>
49.6016 	EXP 	noise: tex = <class 'numpy.ndarray'>
49.6502 	EXP 	noise: tex = <class 'numpy.ndarray'>
49.6973 	EXP 	noise: tex = <class 'numpy.ndarray'>
49.7492 	EXP 	noise: tex = <class 'numpy.ndarray'>
49.7994 	EXP 	noise: tex = <class 'numpy.ndarray'>
49.8500 	EXP 	noise: tex = <class 'numpy.ndarray'>
49.9007 	EXP 	noise: tex = <class 'numpy.ndarray'>
49.9516 	EXP 	noise: tex = <class 'numpy.ndarray'>
49.9971 	EXP 	noise: tex = <class 'numpy.ndarray'>
50.0491 	EXP 	noise: tex = <class 'numpy.ndarray'>
50.1089 	EXP 	noise: tex = <class 'numpy.ndarray'>
50.1555 	EXP 	noise: tex = <class 'numpy.ndarray'>
50.2040 	EXP 	noise: tex = <class 'numpy.ndarray'>
50.2527 	EXP 	noise: tex = <class 'numpy.ndarray'>
50.3027 	EXP 	noise: tex = <class 'numpy.ndarray'>
50.3531 	EXP 	noise: tex = <class 'numpy.ndarray'>
50.4039 	EXP 	noise: tex = <class 'numpy.ndarray'>
50.4541 	EXP 	noise: tex = <class 'numpy.ndarray'>
50.5038 	EXP 	noise: tex = <class 'numpy.ndarray'>
50.5528 	EXP 	noise: tex = <class 'numpy.ndarray'>
50.6047 	EXP 	noise: tex = <class 'numpy.ndarray'>
50.6519 	EXP 	noise: tex = <class 'numpy.ndarray'>
50.6995 	EXP 	noise: tex = <class 'numpy.ndarray'>
50.7489 	EXP 	noise: tex = <class 'numpy.ndarray'>
50.7983 	EXP 	noise: tex = <class 'numpy.ndarray'>
50.8480 	EXP 	noise: tex = <class 'numpy.ndarray'>
50.8972 	EXP 	noise: tex = <class 'numpy.ndarray'>
50.9472 	EXP 	noise: tex = <class 'numpy.ndarray'>
50.9974 	EXP 	noise: tex = <class 'numpy.ndarray'>
51.0478 	EXP 	noise: tex = <class 'numpy.ndarray'>
51.0994 	EXP 	noise: tex = <class 'numpy.ndarray'>
51.1469 	EXP 	noise: tex = <class 'numpy.ndarray'>
51.1990 	EXP 	noise: tex = <class 'numpy.ndarray'>
51.2479 	EXP 	noise: tex = <class 'numpy.ndarray'>
51.2971 	EXP 	noise: tex = <class 'numpy.ndarray'>
51.3591 	EXP 	noise: tex = <class 'numpy.ndarray'>
51.4134 	EXP 	noise: tex = <class 'numpy.ndarray'>
51.4644 	EXP 	noise: tex = <class 'numpy.ndarray'>
51.5134 	EXP 	noise: tex = <class 'numpy.ndarray'>
51.5635 	EXP 	noise: tex = <class 'numpy.ndarray'>
51.6137 	EXP 	noise: tex = <class 'numpy.ndarray'>
51.6636 	EXP 	noise: tex = <class 'numpy.ndarray'>
51.7246 	EXP 	noise: tex = <class 'numpy.ndarray'>
51.7717 	EXP 	noise: tex = <class 'numpy.ndarray'>
51.8207 	EXP 	noise: tex = <class 'numpy.ndarray'>
51.8685 	EXP 	noise: tex = <class 'numpy.ndarray'>
51.9166 	EXP 	noise: tex = <class 'numpy.ndarray'>
51.9758 	EXP 	noise: tex = <class 'numpy.ndarray'>
52.0303 	EXP 	noise: tex = <class 'numpy.ndarray'>
52.0810 	EXP 	noise: tex = <class 'numpy.ndarray'>
52.1347 	EXP 	noise: tex = <class 'numpy.ndarray'>
52.1833 	EXP 	noise: tex = <class 'numpy.ndarray'>
52.2366 	EXP 	noise: tex = <class 'numpy.ndarray'>
52.2870 	EXP 	noise: tex = <class 'numpy.ndarray'>
52.3343 	EXP 	noise: tex = <class 'numpy.ndarray'>
52.3849 	EXP 	noise: tex = <class 'numpy.ndarray'>
52.4367 	EXP 	noise: tex = <class 'numpy.ndarray'>
52.4870 	EXP 	noise: tex = <class 'numpy.ndarray'>
52.5370 	EXP 	noise: tex = <class 'numpy.ndarray'>
52.5842 	EXP 	noise: tex = <class 'numpy.ndarray'>
52.6351 	EXP 	noise: tex = <class 'numpy.ndarray'>
52.6836 	EXP 	noise: tex = <class 'numpy.ndarray'>
52.7319 	EXP 	noise: tex = <class 'numpy.ndarray'>
52.7800 	EXP 	noise: tex = <class 'numpy.ndarray'>
52.8302 	EXP 	noise: tex = <class 'numpy.ndarray'>
52.8830 	EXP 	noise: tex = <class 'numpy.ndarray'>
52.9300 	EXP 	noise: tex = <class 'numpy.ndarray'>
52.9823 	EXP 	noise: tex = <class 'numpy.ndarray'>
53.0323 	EXP 	noise: tex = <class 'numpy.ndarray'>
53.0824 	EXP 	noise: tex = <class 'numpy.ndarray'>
53.1343 	EXP 	noise: tex = <class 'numpy.ndarray'>
53.1876 	EXP 	noise: tex = <class 'numpy.ndarray'>
53.2340 	EXP 	noise: tex = <class 'numpy.ndarray'>
53.2838 	EXP 	noise: tex = <class 'numpy.ndarray'>
53.3334 	EXP 	noise: tex = <class 'numpy.ndarray'>
53.3845 	EXP 	noise: tex = <class 'numpy.ndarray'>
53.4345 	EXP 	noise: tex = <class 'numpy.ndarray'>
53.4818 	EXP 	noise: tex = <class 'numpy.ndarray'>
53.5314 	EXP 	noise: tex = <class 'numpy.ndarray'>
53.5805 	EXP 	noise: tex = <class 'numpy.ndarray'>
53.6310 	EXP 	noise: tex = <class 'numpy.ndarray'>
53.6801 	EXP 	noise: tex = <class 'numpy.ndarray'>
53.7299 	EXP 	noise: tex = <class 'numpy.ndarray'>
53.7800 	EXP 	noise: tex = <class 'numpy.ndarray'>
53.8318 	EXP 	noise: tex = <class 'numpy.ndarray'>
53.8814 	EXP 	noise: tex = <class 'numpy.ndarray'>
53.9307 	EXP 	noise: tex = <class 'numpy.ndarray'>
53.9815 	EXP 	noise: tex = <class 'numpy.ndarray'>
54.0303 	EXP 	noise: tex = <class 'numpy.ndarray'>
54.0808 	EXP 	noise: tex = <class 'numpy.ndarray'>
54.1347 	EXP 	noise: tex = <class 'numpy.ndarray'>
54.1831 	EXP 	noise: tex = <class 'numpy.ndarray'>
54.2345 	EXP 	noise: tex = <class 'numpy.ndarray'>
54.2847 	EXP 	noise: tex = <class 'numpy.ndarray'>
54.3327 	EXP 	noise: tex = <class 'numpy.ndarray'>
54.3837 	EXP 	noise: tex = <class 'numpy.ndarray'>
54.4347 	EXP 	noise: tex = <class 'numpy.ndarray'>
54.4871 	EXP 	noise: tex = <class 'numpy.ndarray'>
54.5335 	EXP 	noise: tex = <class 'numpy.ndarray'>
54.5835 	EXP 	noise: tex = <class 'numpy.ndarray'>
54.6368 	EXP 	noise: tex = <class 'numpy.ndarray'>
54.6845 	EXP 	noise: tex = <class 'numpy.ndarray'>
54.7311 	EXP 	noise: tex = <class 'numpy.ndarray'>
54.7801 	EXP 	noise: tex = <class 'numpy.ndarray'>
54.8299 	EXP 	noise: tex = <class 'numpy.ndarray'>
54.8800 	EXP 	noise: tex = <class 'numpy.ndarray'>
54.9324 	EXP 	noise: tex = <class 'numpy.ndarray'>
54.9938 	EXP 	noise: tex = <class 'numpy.ndarray'>
55.0509 	EXP 	noise: tex = <class 'numpy.ndarray'>
55.1008 	EXP 	noise: tex = <class 'numpy.ndarray'>
55.1520 	EXP 	noise: tex = <class 'numpy.ndarray'>
55.2014 	EXP 	noise: tex = <class 'numpy.ndarray'>
55.2521 	EXP 	noise: tex = <class 'numpy.ndarray'>
55.3018 	EXP 	noise: tex = <class 'numpy.ndarray'>
55.3521 	EXP 	noise: tex = <class 'numpy.ndarray'>
55.4027 	EXP 	noise: tex = <class 'numpy.ndarray'>
55.4528 	EXP 	noise: tex = <class 'numpy.ndarray'>
55.5019 	EXP 	noise: tex = <class 'numpy.ndarray'>
55.5508 	EXP 	noise: tex = <class 'numpy.ndarray'>
55.6028 	EXP 	noise: tex = <class 'numpy.ndarray'>
55.6499 	EXP 	noise: tex = <class 'numpy.ndarray'>
55.7033 	EXP 	noise: tex = <class 'numpy.ndarray'>
55.7528 	EXP 	noise: tex = <class 'numpy.ndarray'>
55.8048 	EXP 	noise: tex = <class 'numpy.ndarray'>
55.8529 	EXP 	noise: tex = <class 'numpy.ndarray'>
55.9030 	EXP 	noise: tex = <class 'numpy.ndarray'>
55.9549 	EXP 	noise: tex = <class 'numpy.ndarray'>
56.0025 	EXP 	noise: tex = <class 'numpy.ndarray'>
56.0538 	EXP 	noise: tex = <class 'numpy.ndarray'>
56.1008 	EXP 	noise: tex = <class 'numpy.ndarray'>
56.1496 	EXP 	noise: tex = <class 'numpy.ndarray'>
56.2162 	EXP 	noise: tex = <class 'numpy.ndarray'>
56.2675 	EXP 	noise: tex = <class 'numpy.ndarray'>
56.3153 	EXP 	noise: tex = <class 'numpy.ndarray'>
56.3632 	EXP 	noise: tex = <class 'numpy.ndarray'>
56.4132 	EXP 	noise: tex = <class 'numpy.ndarray'>
56.4635 	EXP 	noise: tex = <class 'numpy.ndarray'>
56.5134 	EXP 	noise: tex = <class 'numpy.ndarray'>
56.5641 	EXP 	noise: tex = <class 'numpy.ndarray'>
56.6132 	EXP 	noise: tex = <class 'numpy.ndarray'>
56.6638 	EXP 	noise: tex = <class 'numpy.ndarray'>
56.7137 	EXP 	noise: tex = <class 'numpy.ndarray'>
56.7642 	EXP 	noise: tex = <class 'numpy.ndarray'>
56.8141 	EXP 	noise: tex = <class 'numpy.ndarray'>
56.8635 	EXP 	noise: tex = <class 'numpy.ndarray'>
56.9161 	EXP 	noise: tex = <class 'numpy.ndarray'>
56.9666 	EXP 	noise: tex = <class 'numpy.ndarray'>
57.0141 	EXP 	noise: tex = <class 'numpy.ndarray'>
57.0644 	EXP 	noise: tex = <class 'numpy.ndarray'>
57.1143 	EXP 	noise: tex = <class 'numpy.ndarray'>
57.1638 	EXP 	noise: tex = <class 'numpy.ndarray'>
57.2132 	EXP 	noise: tex = <class 'numpy.ndarray'>
57.2651 	EXP 	noise: tex = <class 'numpy.ndarray'>
57.3158 	EXP 	noise: tex = <class 'numpy.ndarray'>
57.3655 	EXP 	noise: tex = <class 'numpy.ndarray'>
57.4161 	EXP 	noise: tex = <class 'numpy.ndarray'>
57.4660 	EXP 	noise: tex = <class 'numpy.ndarray'>
57.5147 	EXP 	noise: tex = <class 'numpy.ndarray'>
57.5633 	EXP 	noise: tex = <class 'numpy.ndarray'>
57.6133 	EXP 	noise: tex = <class 'numpy.ndarray'>
57.6633 	EXP 	noise: tex = <class 'numpy.ndarray'>
57.7132 	EXP 	noise: tex = <class 'numpy.ndarray'>
57.7172 	EXP 	New trial (rep=0, index=3): OrderedDict([('blobHeight', 0.4118), ('blobWidth', 0.17), ('mask', '$np.ones((512,512))'), ('sig', 0.015)])
57.7306 	EXP 	noise_0: autoDraw = False
57.7306 	EXP 	noise: autoDraw = False
57.7306 	EXP 	blob_0: autoDraw = False
57.7306 	EXP 	blob: autoDraw = False
57.7306 	EXP 	cursor: autoDraw = False
57.7306 	EXP 	start_trial_text: autoDraw = True
58.3982 	DATA 	Mouse: Left button down, pos=(984,361)
58.4166 	EXP 	window1: mouseVisible = 0
58.4762 	EXP 	start_trial_text: autoDraw = False
58.4762 	EXP 	blob_0: tex = <class 'numpy.ndarray'>
58.4762 	EXP 	blob: tex = <class 'numpy.ndarray'>
58.4762 	EXP 	noise_0: autoDraw = True
58.4762 	EXP 	noise_0: tex = <class 'numpy.ndarray'>
58.4762 	EXP 	blob_0: autoDraw = True
58.4762 	EXP 	cursor: autoDraw = True
58.5301 	EXP 	noise_0: tex = <class 'numpy.ndarray'>
58.5313 	DATA 	Mouse:  Left button up, pos=(720,450)
58.5814 	EXP 	noise_0: tex = <class 'numpy.ndarray'>
58.6320 	EXP 	noise_0: tex = <class 'numpy.ndarray'>
58.6803 	EXP 	noise_0: tex = <class 'numpy.ndarray'>
58.7308 	EXP 	noise_0: tex = <class 'numpy.ndarray'>
58.7801 	EXP 	noise_0: tex = <class 'numpy.ndarray'>
58.8300 	EXP 	noise_0: tex = <class 'numpy.ndarray'>
58.8798 	EXP 	noise_0: tex = <class 'numpy.ndarray'>
58.9304 	EXP 	noise_0: tex = <class 'numpy.ndarray'>
59.0160 	EXP 	noise_0: tex = <class 'numpy.ndarray'>
59.0160 	EXP 	noise: autoDraw = True
59.0160 	EXP 	noise: tex = <class 'numpy.ndarray'>
59.0160 	EXP 	blob: autoDraw = True
59.0754 	EXP 	noise_0: autoDraw = False
59.0754 	EXP 	noise: tex = <class 'numpy.ndarray'>
59.0754 	EXP 	blob_0: autoDraw = False
59.1297 	EXP 	noise: tex = <class 'numpy.ndarray'>
59.1798 	EXP 	noise: tex = <class 'numpy.ndarray'>
59.2298 	EXP 	noise: tex = <class 'numpy.ndarray'>
59.2798 	EXP 	noise: tex = <class 'numpy.ndarray'>
59.3302 	EXP 	noise: tex = <class 'numpy.ndarray'>
59.3828 	EXP 	noise: tex = <class 'numpy.ndarray'>
59.4306 	EXP 	noise: tex = <class 'numpy.ndarray'>
59.4819 	EXP 	noise: tex = <class 'numpy.ndarray'>
59.5303 	EXP 	noise: tex = <class 'numpy.ndarray'>
59.5801 	EXP 	noise: tex = <class 'numpy.ndarray'>
59.6302 	EXP 	noise: tex = <class 'numpy.ndarray'>
59.6799 	EXP 	noise: tex = <class 'numpy.ndarray'>
59.7328 	EXP 	noise: tex = <class 'numpy.ndarray'>
59.7836 	EXP 	noise: tex = <class 'numpy.ndarray'>
59.8330 	EXP 	noise: tex = <class 'numpy.ndarray'>
59.8861 	EXP 	noise: tex = <class 'numpy.ndarray'>
59.9496 	EXP 	noise: tex = <class 'numpy.ndarray'>
59.9979 	EXP 	noise: tex = <class 'numpy.ndarray'>
60.0468 	EXP 	noise: tex = <class 'numpy.ndarray'>
60.0965 	EXP 	noise: tex = <class 'numpy.ndarray'>
60.1466 	EXP 	noise: tex = <class 'numpy.ndarray'>
60.1964 	EXP 	noise: tex = <class 'numpy.ndarray'>
60.2466 	EXP 	noise: tex = <class 'numpy.ndarray'>
60.2965 	EXP 	noise: tex = <class 'numpy.ndarray'>
60.3466 	EXP 	noise: tex = <class 'numpy.ndarray'>
60.3969 	EXP 	noise: tex = <class 'numpy.ndarray'>
60.4478 	EXP 	noise: tex = <class 'numpy.ndarray'>
60.4971 	EXP 	noise: tex = <class 'numpy.ndarray'>
60.5465 	EXP 	noise: tex = <class 'numpy.ndarray'>
60.5969 	EXP 	noise: tex = <class 'numpy.ndarray'>
60.6484 	EXP 	noise: tex = <class 'numpy.ndarray'>
60.6997 	EXP 	noise: tex = <class 'numpy.ndarray'>
60.7467 	EXP 	noise: tex = <class 'numpy.ndarray'>
60.7980 	EXP 	noise: tex = <class 'numpy.ndarray'>
60.8465 	EXP 	noise: tex = <class 'numpy.ndarray'>
60.8972 	EXP 	noise: tex = <class 'numpy.ndarray'>
60.9487 	EXP 	noise: tex = <class 'numpy.ndarray'>
60.9969 	EXP 	noise: tex = <class 'numpy.ndarray'>
61.0484 	EXP 	noise: tex = <class 'numpy.ndarray'>
61.0967 	EXP 	noise: tex = <class 'numpy.ndarray'>
61.1479 	EXP 	noise: tex = <class 'numpy.ndarray'>
61.1968 	EXP 	noise: tex = <class 'numpy.ndarray'>
61.2465 	EXP 	noise: tex = <class 'numpy.ndarray'>
61.2966 	EXP 	noise: tex = <class 'numpy.ndarray'>
61.3468 	EXP 	noise: tex = <class 'numpy.ndarray'>
61.3978 	EXP 	noise: tex = <class 'numpy.ndarray'>
61.4469 	EXP 	noise: tex = <class 'numpy.ndarray'>
61.4996 	EXP 	noise: tex = <class 'numpy.ndarray'>
61.5467 	EXP 	noise: tex = <class 'numpy.ndarray'>
61.5990 	EXP 	noise: tex = <class 'numpy.ndarray'>
61.6469 	EXP 	noise: tex = <class 'numpy.ndarray'>
61.6967 	EXP 	noise: tex = <class 'numpy.ndarray'>
61.7476 	EXP 	noise: tex = <class 'numpy.ndarray'>
61.7967 	EXP 	noise: tex = <class 'numpy.ndarray'>
61.8482 	EXP 	noise: tex = <class 'numpy.ndarray'>
61.8965 	EXP 	noise: tex = <class 'numpy.ndarray'>
61.9468 	EXP 	noise: tex = <class 'numpy.ndarray'>
61.9967 	EXP 	noise: tex = <class 'numpy.ndarray'>
62.0465 	EXP 	noise: tex = <class 'numpy.ndarray'>
62.0968 	EXP 	noise: tex = <class 'numpy.ndarray'>
62.1466 	EXP 	noise: tex = <class 'numpy.ndarray'>
62.1990 	EXP 	noise: tex = <class 'numpy.ndarray'>
62.2507 	EXP 	noise: tex = <class 'numpy.ndarray'>
62.2989 	EXP 	noise: tex = <class 'numpy.ndarray'>
62.3481 	EXP 	noise: tex = <class 'numpy.ndarray'>
62.3968 	EXP 	noise: tex = <class 'numpy.ndarray'>
62.4467 	EXP 	noise: tex = <class 'numpy.ndarray'>
62.4966 	EXP 	noise: tex = <class 'numpy.ndarray'>
62.5466 	EXP 	noise: tex = <class 'numpy.ndarray'>
62.5965 	EXP 	noise: tex = <class 'numpy.ndarray'>
62.6471 	EXP 	noise: tex = <class 'numpy.ndarray'>
62.6973 	EXP 	noise: tex = <class 'numpy.ndarray'>
62.7464 	EXP 	noise: tex = <class 'numpy.ndarray'>
62.7971 	EXP 	noise: tex = <class 'numpy.ndarray'>
62.8467 	EXP 	noise: tex = <class 'numpy.ndarray'>
62.8964 	EXP 	noise: tex = <class 'numpy.ndarray'>
62.9475 	EXP 	noise: tex = <class 'numpy.ndarray'>
63.0083 	EXP 	noise: tex = <class 'numpy.ndarray'>
63.0628 	EXP 	noise: tex = <class 'numpy.ndarray'>
63.1150 	EXP 	noise: tex = <class 'numpy.ndarray'>
63.1632 	EXP 	noise: tex = <class 'numpy.ndarray'>
63.2130 	EXP 	noise: tex = <class 'numpy.ndarray'>
63.2649 	EXP 	noise: tex = <class 'numpy.ndarray'>
63.3147 	EXP 	noise: tex = <class 'numpy.ndarray'>
63.3672 	EXP 	noise: tex = <class 'numpy.ndarray'>
63.4134 	EXP 	noise: tex = <class 'numpy.ndarray'>
63.4637 	EXP 	noise: tex = <class 'numpy.ndarray'>
63.5142 	EXP 	noise: tex = <class 'numpy.ndarray'>
63.5632 	EXP 	noise: tex = <class 'numpy.ndarray'>
63.6131 	EXP 	noise: tex = <class 'numpy.ndarray'>
63.6642 	EXP 	noise: tex = <class 'numpy.ndarray'>
63.7168 	EXP 	noise: tex = <class 'numpy.ndarray'>
63.7640 	EXP 	noise: tex = <class 'numpy.ndarray'>
63.8159 	EXP 	noise: tex = <class 'numpy.ndarray'>
63.8670 	EXP 	noise: tex = <class 'numpy.ndarray'>
63.9190 	EXP 	noise: tex = <class 'numpy.ndarray'>
63.9697 	EXP 	noise: tex = <class 'numpy.ndarray'>
64.0170 	EXP 	noise: tex = <class 'numpy.ndarray'>
64.0658 	EXP 	noise: tex = <class 'numpy.ndarray'>
64.1168 	EXP 	noise: tex = <class 'numpy.ndarray'>
64.1663 	EXP 	noise: tex = <class 'numpy.ndarray'>
64.2139 	EXP 	noise: tex = <class 'numpy.ndarray'>
64.2639 	EXP 	noise: tex = <class 'numpy.ndarray'>
64.3157 	EXP 	noise: tex = <class 'numpy.ndarray'>
64.3639 	EXP 	noise: tex = <class 'numpy.ndarray'>
64.4132 	EXP 	noise: tex = <class 'numpy.ndarray'>
64.4636 	EXP 	noise: tex = <class 'numpy.ndarray'>
64.5153 	EXP 	noise: tex = <class 'numpy.ndarray'>
64.5652 	EXP 	noise: tex = <class 'numpy.ndarray'>
64.6145 	EXP 	noise: tex = <class 'numpy.ndarray'>
64.6634 	EXP 	noise: tex = <class 'numpy.ndarray'>
64.7133 	EXP 	noise: tex = <class 'numpy.ndarray'>
64.7630 	EXP 	noise: tex = <class 'numpy.ndarray'>
64.8133 	EXP 	noise: tex = <class 'numpy.ndarray'>
64.8633 	EXP 	noise: tex = <class 'numpy.ndarray'>
64.9136 	EXP 	noise: tex = <class 'numpy.ndarray'>
64.9633 	EXP 	noise: tex = <class 'numpy.ndarray'>
65.0138 	EXP 	noise: tex = <class 'numpy.ndarray'>
65.0633 	EXP 	noise: tex = <class 'numpy.ndarray'>
65.1132 	EXP 	noise: tex = <class 'numpy.ndarray'>
65.1648 	EXP 	noise: tex = <class 'numpy.ndarray'>
65.2133 	EXP 	noise: tex = <class 'numpy.ndarray'>
65.2644 	EXP 	noise: tex = <class 'numpy.ndarray'>
65.3135 	EXP 	noise: tex = <class 'numpy.ndarray'>
65.3649 	EXP 	noise: tex = <class 'numpy.ndarray'>
65.4141 	EXP 	noise: tex = <class 'numpy.ndarray'>
65.4639 	EXP 	noise: tex = <class 'numpy.ndarray'>
65.5132 	EXP 	noise: tex = <class 'numpy.ndarray'>
65.5633 	EXP 	noise: tex = <class 'numpy.ndarray'>
65.6131 	EXP 	noise: tex = <class 'numpy.ndarray'>
65.6635 	EXP 	noise: tex = <class 'numpy.ndarray'>
65.7130 	EXP 	noise: tex = <class 'numpy.ndarray'>
65.7632 	EXP 	noise: tex = <class 'numpy.ndarray'>
65.8139 	EXP 	noise: tex = <class 'numpy.ndarray'>
65.8632 	EXP 	noise: tex = <class 'numpy.ndarray'>
65.9142 	EXP 	noise: tex = <class 'numpy.ndarray'>
65.9633 	EXP 	noise: tex = <class 'numpy.ndarray'>
66.0132 	EXP 	noise: tex = <class 'numpy.ndarray'>
66.0631 	EXP 	noise: tex = <class 'numpy.ndarray'>
66.1132 	EXP 	noise: tex = <class 'numpy.ndarray'>
66.1632 	EXP 	noise: tex = <class 'numpy.ndarray'>
66.2133 	EXP 	noise: tex = <class 'numpy.ndarray'>
66.2635 	EXP 	noise: tex = <class 'numpy.ndarray'>
66.3133 	EXP 	noise: tex = <class 'numpy.ndarray'>
66.3651 	EXP 	noise: tex = <class 'numpy.ndarray'>
66.4168 	EXP 	noise: tex = <class 'numpy.ndarray'>
66.4670 	EXP 	noise: tex = <class 'numpy.ndarray'>
66.5176 	EXP 	noise: tex = <class 'numpy.ndarray'>
66.5673 	EXP 	noise: tex = <class 'numpy.ndarray'>
66.6173 	EXP 	noise: tex = <class 'numpy.ndarray'>
66.6678 	EXP 	noise: tex = <class 'numpy.ndarray'>
66.7160 	EXP 	noise: tex = <class 'numpy.ndarray'>
66.7632 	EXP 	noise: tex = <class 'numpy.ndarray'>
66.8146 	EXP 	noise: tex = <class 'numpy.ndarray'>
66.8668 	EXP 	noise: tex = <class 'numpy.ndarray'>
66.9182 	EXP 	noise: tex = <class 'numpy.ndarray'>
66.9662 	EXP 	noise: tex = <class 'numpy.ndarray'>
67.0182 	EXP 	noise: tex = <class 'numpy.ndarray'>
67.0659 	EXP 	noise: tex = <class 'numpy.ndarray'>
67.1135 	EXP 	noise: tex = <class 'numpy.ndarray'>
67.1632 	EXP 	noise: tex = <class 'numpy.ndarray'>
67.2132 	EXP 	noise: tex = <class 'numpy.ndarray'>
67.2669 	EXP 	noise: tex = <class 'numpy.ndarray'>
67.3156 	EXP 	noise: tex = <class 'numpy.ndarray'>
67.3655 	EXP 	noise: tex = <class 'numpy.ndarray'>
67.4131 	EXP 	noise: tex = <class 'numpy.ndarray'>
67.4632 	EXP 	noise: tex = <class 'numpy.ndarray'>
67.5132 	EXP 	noise: tex = <class 'numpy.ndarray'>
67.5643 	EXP 	noise: tex = <class 'numpy.ndarray'>
67.6133 	EXP 	noise: tex = <class 'numpy.ndarray'>
67.6634 	EXP 	noise: tex = <class 'numpy.ndarray'>
67.7133 	EXP 	noise: tex = <class 'numpy.ndarray'>
67.7632 	EXP 	noise: tex = <class 'numpy.ndarray'>
67.8150 	EXP 	noise: tex = <class 'numpy.ndarray'>
67.8653 	EXP 	noise: tex = <class 'numpy.ndarray'>
67.9150 	EXP 	noise: tex = <class 'numpy.ndarray'>
67.9633 	EXP 	noise: tex = <class 'numpy.ndarray'>
68.0175 	EXP 	noise: tex = <class 'numpy.ndarray'>
68.0671 	EXP 	noise: tex = <class 'numpy.ndarray'>
68.1171 	EXP 	noise: tex = <class 'numpy.ndarray'>
68.1644 	EXP 	noise: tex = <class 'numpy.ndarray'>
68.2156 	EXP 	noise: tex = <class 'numpy.ndarray'>
68.2660 	EXP 	noise: tex = <class 'numpy.ndarray'>
68.3180 	EXP 	noise: tex = <class 'numpy.ndarray'>
68.3665 	EXP 	noise: tex = <class 'numpy.ndarray'>
68.4183 	EXP 	noise: tex = <class 'numpy.ndarray'>
68.4692 	EXP 	noise: tex = <class 'numpy.ndarray'>
68.5203 	EXP 	noise: tex = <class 'numpy.ndarray'>
68.5695 	EXP 	noise: tex = <class 'numpy.ndarray'>
68.6162 	EXP 	noise: tex = <class 'numpy.ndarray'>
68.6654 	EXP 	noise: tex = <class 'numpy.ndarray'>
68.7149 	EXP 	noise: tex = <class 'numpy.ndarray'>
68.7640 	EXP 	noise: tex = <class 'numpy.ndarray'>
68.8132 	EXP 	noise: tex = <class 'numpy.ndarray'>
68.8631 	EXP 	noise: tex = <class 'numpy.ndarray'>
68.9134 	EXP 	noise: tex = <class 'numpy.ndarray'>
68.9633 	EXP 	noise: tex = <class 'numpy.ndarray'>
69.0148 	EXP 	noise: tex = <class 'numpy.ndarray'>
69.0652 	EXP 	noise: tex = <class 'numpy.ndarray'>
69.1139 	EXP 	noise: tex = <class 'numpy.ndarray'>
69.1633 	EXP 	noise: tex = <class 'numpy.ndarray'>
69.2164 	EXP 	noise: tex = <class 'numpy.ndarray'>
69.2645 	EXP 	noise: tex = <class 'numpy.ndarray'>
69.3159 	EXP 	noise: tex = <class 'numpy.ndarray'>
69.3633 	EXP 	noise: tex = <class 'numpy.ndarray'>
69.4131 	EXP 	noise: tex = <class 'numpy.ndarray'>
69.4635 	EXP 	noise: tex = <class 'numpy.ndarray'>
69.5139 	EXP 	noise: tex = <class 'numpy.ndarray'>
69.5634 	EXP 	noise: tex = <class 'numpy.ndarray'>
69.6131 	EXP 	noise: tex = <class 'numpy.ndarray'>
69.6633 	EXP 	noise: tex = <class 'numpy.ndarray'>
69.7132 	EXP 	noise: tex = <class 'numpy.ndarray'>
69.7631 	EXP 	noise: tex = <class 'numpy.ndarray'>
69.8141 	EXP 	noise: tex = <class 'numpy.ndarray'>
69.8664 	EXP 	noise: tex = <class 'numpy.ndarray'>
69.9143 	EXP 	noise: tex = <class 'numpy.ndarray'>
69.9642 	EXP 	noise: tex = <class 'numpy.ndarray'>
70.0131 	EXP 	noise: tex = <class 'numpy.ndarray'>
70.0644 	EXP 	noise: tex = <class 'numpy.ndarray'>
70.1131 	EXP 	noise: tex = <class 'numpy.ndarray'>
70.1634 	EXP 	noise: tex = <class 'numpy.ndarray'>
70.2134 	EXP 	noise: tex = <class 'numpy.ndarray'>
70.2632 	EXP 	noise: tex = <class 'numpy.ndarray'>
70.3134 	EXP 	noise: tex = <class 'numpy.ndarray'>
70.3631 	EXP 	noise: tex = <class 'numpy.ndarray'>
70.4130 	EXP 	noise: tex = <class 'numpy.ndarray'>
70.4632 	EXP 	noise: tex = <class 'numpy.ndarray'>
70.5131 	EXP 	noise: tex = <class 'numpy.ndarray'>
70.5632 	EXP 	noise: tex = <class 'numpy.ndarray'>
70.6130 	EXP 	noise: tex = <class 'numpy.ndarray'>
70.6631 	EXP 	noise: tex = <class 'numpy.ndarray'>
70.7131 	EXP 	noise: tex = <class 'numpy.ndarray'>
70.7632 	EXP 	noise: tex = <class 'numpy.ndarray'>
70.8132 	EXP 	noise: tex = <class 'numpy.ndarray'>
70.8655 	EXP 	noise: tex = <class 'numpy.ndarray'>
70.9157 	EXP 	noise: tex = <class 'numpy.ndarray'>
70.9651 	EXP 	noise: tex = <class 'numpy.ndarray'>
71.0132 	EXP 	noise: tex = <class 'numpy.ndarray'>
71.0631 	EXP 	noise: tex = <class 'numpy.ndarray'>
71.1132 	EXP 	noise: tex = <class 'numpy.ndarray'>
71.1636 	EXP 	noise: tex = <class 'numpy.ndarray'>
71.2136 	EXP 	noise: tex = <class 'numpy.ndarray'>
71.2662 	EXP 	noise: tex = <class 'numpy.ndarray'>
71.3167 	EXP 	noise: tex = <class 'numpy.ndarray'>
71.3663 	EXP 	noise: tex = <class 'numpy.ndarray'>
71.4131 	EXP 	noise: tex = <class 'numpy.ndarray'>
71.4631 	EXP 	noise: tex = <class 'numpy.ndarray'>
71.5131 	EXP 	noise: tex = <class 'numpy.ndarray'>
71.5633 	EXP 	noise: tex = <class 'numpy.ndarray'>
71.6132 	EXP 	noise: tex = <class 'numpy.ndarray'>
71.6640 	EXP 	noise: tex = <class 'numpy.ndarray'>
71.7137 	EXP 	noise: tex = <class 'numpy.ndarray'>
71.7631 	EXP 	noise: tex = <class 'numpy.ndarray'>
71.8130 	EXP 	noise: tex = <class 'numpy.ndarray'>
71.8635 	EXP 	noise: tex = <class 'numpy.ndarray'>
71.9131 	EXP 	noise: tex = <class 'numpy.ndarray'>
71.9631 	EXP 	noise: tex = <class 'numpy.ndarray'>
72.0132 	EXP 	noise: tex = <class 'numpy.ndarray'>
72.0630 	EXP 	noise: tex = <class 'numpy.ndarray'>
72.1132 	EXP 	noise: tex = <class 'numpy.ndarray'>
72.1633 	EXP 	noise: tex = <class 'numpy.ndarray'>
72.2132 	EXP 	noise: tex = <class 'numpy.ndarray'>
72.2633 	EXP 	noise: tex = <class 'numpy.ndarray'>
72.3137 	EXP 	noise: tex = <class 'numpy.ndarray'>
72.3632 	EXP 	noise: tex = <class 'numpy.ndarray'>
72.4135 	EXP 	noise: tex = <class 'numpy.ndarray'>
72.4651 	EXP 	noise: tex = <class 'numpy.ndarray'>
72.5130 	EXP 	noise: tex = <class 'numpy.ndarray'>
72.5635 	EXP 	noise: tex = <class 'numpy.ndarray'>
72.6138 	EXP 	noise: tex = <class 'numpy.ndarray'>
72.6633 	EXP 	noise: tex = <class 'numpy.ndarray'>
72.7131 	EXP 	noise: tex = <class 'numpy.ndarray'>
72.7736 	EXP 	noise: tex = <class 'numpy.ndarray'>
72.8220 	EXP 	noise: tex = <class 'numpy.ndarray'>
72.8727 	EXP 	noise: tex = <class 'numpy.ndarray'>
72.9216 	EXP 	noise: tex = <class 'numpy.ndarray'>
72.9705 	EXP 	noise: tex = <class 'numpy.ndarray'>
73.0174 	EXP 	noise: tex = <class 'numpy.ndarray'>
73.0637 	EXP 	noise: tex = <class 'numpy.ndarray'>
73.1138 	EXP 	noise: tex = <class 'numpy.ndarray'>
73.1631 	EXP 	noise: tex = <class 'numpy.ndarray'>
73.2139 	EXP 	noise: tex = <class 'numpy.ndarray'>
73.2631 	EXP 	noise: tex = <class 'numpy.ndarray'>
73.3133 	EXP 	noise: tex = <class 'numpy.ndarray'>
73.3662 	EXP 	noise: tex = <class 'numpy.ndarray'>
73.4191 	EXP 	noise: tex = <class 'numpy.ndarray'>
73.4695 	EXP 	noise: tex = <class 'numpy.ndarray'>
73.5159 	EXP 	noise: tex = <class 'numpy.ndarray'>
73.5643 	EXP 	noise: tex = <class 'numpy.ndarray'>
73.6150 	EXP 	noise: tex = <class 'numpy.ndarray'>
73.6634 	EXP 	noise: tex = <class 'numpy.ndarray'>
73.7134 	EXP 	noise: tex = <class 'numpy.ndarray'>
73.7633 	EXP 	noise: tex = <class 'numpy.ndarray'>
73.8144 	EXP 	noise: tex = <class 'numpy.ndarray'>
73.8632 	EXP 	noise: tex = <class 'numpy.ndarray'>
73.9149 	EXP 	noise: tex = <class 'numpy.ndarray'>
73.9310 	EXP 	noise_0: autoDraw = False
73.9310 	EXP 	noise: autoDraw = False
73.9310 	EXP 	blob_0: autoDraw = False
73.9310 	EXP 	blob: autoDraw = False
73.9310 	EXP 	cursor: autoDraw = False
74.2690 	EXP 	window1: mouseVisible = True
