1.0915 	WARNING 	We strongly recommend you activate the PTB sound engine in PsychoPy prefs as the preferred audio engine. Its timing is vastly superior. Your prefs are currently set to use ['sounddevice', 'PTB', 'pyo', 'pygame'] (in that order).
34.9944 	WARNING 	User requested fullscreen with size [1440  900], but screen is actually [1280, 720]. Using actual size
37.2578 	WARNING 	Couldn't measure a consistent frame rate!
  - Is your graphics card set to sync to vertical blank?
  - Are you running other processes on your computer?

37.2580 	EXP 	Created window1 = Window(allowGUI=True, allowStencil=False, autoLog=True, backendConf=UNKNOWN, bitsMode=UNKNOWN, blendMode='avg', bpc=(8, 8, 8), color=array([0, 0, 0]), colorSpace='rgb', depthBits=8, fullscr=<method-wrapper '__getattribute__' of attributeSetter object at 0x7fd4911c9f70>, gamma=None, gammaErrorPolicy='raise', lms=UNKNOWN, monitor=<psychopy.monitors.calibTools.Monitor object at 0x7fd3f0c16460>, multiSample=False, name='window1', numSamples=2, pos=[0.0, 0.0], screen=0, size=array([1280,  720]), stencilBits=0, stereo=False, units='height', useFBO=True, useRetina=False, viewOri=0.0, viewPos=None, viewScale=None, waitBlanking=True, winType='pyglet')
37.2581 	EXP 	window1: mouseVisible = True
37.2588 	EXP 	window1: mouseVisible = False
37.2588 	EXP 	window1: Attempting to measure frame rate of screen (0) ...
37.2589 	EXP 	window1: recordFrameIntervals = False
37.4184 	EXP 	window1: recordFrameIntervals = True
37.5073 	WARNING 	t of last frame was 22.31ms (=1/44)
37.5748 	WARNING 	t of last frame was 22.11ms (=1/45)
37.6423 	WARNING 	t of last frame was 22.57ms (=1/44)
37.7097 	WARNING 	t of last frame was 22.88ms (=1/43)
37.7555 	WARNING 	Multiple dropped frames have occurred - I'll stop bothering you about them!
39.1016 	WARNING 	Couldn't measure a consistent frame rate!
  - Is your graphics card set to sync to vertical blank?
  - Are you running other processes on your computer?

41.1736 	EXP 	Created start_trial_text = TextStim(__class__=<class 'psychopy.visual.text.TextStim'>, alignHoriz=method-wrapper(...), alignText='center', alignVert=method-wrapper(...), anchorHoriz='center', anchorVert='center', antialias=True, autoDraw=False, autoLog=True, bold=False, color=array([1., 1., 1.]), colorSpace='rgb', contrast=1.0, depth=0.0, flipHoriz=False, flipVert=False, font='Arial', fontFiles=[], height=0.04, italic=False, languageStyle='LTR', name='start_trial_text', opacity=1.0, ori=0.0, pos=array([-0.3 ,  0.25]), rgb=UNKNOWN, text='Press any button to continue', units='height', win=Window(...), wrapWidth=1)
41.1739 	EXP 	window1: mouseVisible = True
41.1740 	EXP 	window1: mouseVisible = True
41.1829 	EXP 	Created noise_0 = NoiseStim(__class__=<class 'psychopy.visual.noise.NoiseStim'>, anchor='center', autoDraw=False, autoLog=True, blendmode='add', color=array([0.5, 0.5, 0.5]), colorSpace='rgb', contrast=0.5, depth=-1.0, interpolate=False, mask='none', maskParams=None, name='noise_0', opacity=1.0, ori=0.0, phase=array([0., 0.]), pos=array([0., 0.]), rgbPedestal=array([0., 0., 0.]), sf=array([1., 1.]), size=array([1., 1.]), tex='sin', texRes=128, units='height', win=Window(...))
41.2757 	EXP 	Created noise = NoiseStim(__class__=<class 'psychopy.visual.noise.NoiseStim'>, anchor='center', autoDraw=False, autoLog=True, blendmode='add', color=array([0.5, 0.5, 0.5]), colorSpace='rgb', contrast=0.5, depth=-2.0, interpolate=False, mask='none', maskParams=None, name='noise', opacity=1.0, ori=0.0, phase=array([0., 0.]), pos=array([0., 0.]), rgbPedestal=array([0., 0., 0.]), sf=array([1., 1.]), size=array([1., 1.]), tex='sin', texRes=128, units='height', win=Window(...))
41.3926 	EXP 	Created blob_0 = GratingStim(__class__=<class 'psychopy.visual.grating.GratingStim'>, anchor='center', autoDraw=False, autoLog=True, blendmode='add', color=array([1., 1., 1.]), colorSpace='rgb', contrast=1.0, depth=-3.0, interpolate=True, mask='gauss', maskParams=None, name='blob_0', opacity=1.0, ori=45.0, phase=array([0.25, 0.25]), pos=array([0., 0.]), rgbPedestal=array([0., 0., 0.]), sf=array([1., 1.]), size=array([1., 1.]), tex=ndarray(...), texRes=512.0, units='height', win=Window(...))
41.4233 	EXP 	Created blob = GratingStim(__class__=<class 'psychopy.visual.grating.GratingStim'>, anchor='center', autoDraw=False, autoLog=True, blendmode='add', color=array([1., 1., 1.]), colorSpace='rgb', contrast=1.0, depth=-4.0, interpolate=True, mask='gauss', maskParams=None, name='blob', opacity=1.0, ori=45.0, phase=array([0.25, 0.25]), pos=array([0., 0.]), rgbPedestal=array([0., 0., 0.]), sf=array([1., 1.]), size=array([1., 1.]), tex=ndarray(...), texRes=512.0, units='height', win=Window(...))
41.4310 	EXP 	Created cursor = ShapeStim(__class__=<class 'psychopy.visual.shape.ShapeStim'>, anchor=('center', 'center'), autoDraw=False, autoLog=True, closeShape=True, color=method-wrapper(...), colorSpace='rgb', contrast=None, depth=-6.0, fillColor=array([ 1, -1, -1]), fillColorSpace='rgb', fillRGB=array([ 1, -1, -1]), interpolate=True, lineColor=array([ 1., -1., -1.]), lineColorSpace='rgb', lineRGB=array([ 1, -1, -1]), lineWidth=1.0, name='cursor', opacity=1.0, ori=0.0, pos=array([0., 0.]), size=array([0.005, 0.005]), units='height', vertices=ndarray(...), win=Window(...), windingRule=None)
41.4416 	EXP 	Imported Bonnen2015Conditions.csv as conditions, 4 conditions, 4 params
41.4423 	EXP 	Created sequence: random, trialTypes=4, nReps=1, seed=None
41.4426 	EXP 	New trial (rep=0, index=0): OrderedDict([('blobHeight', 0.1892), ('blobWidth', 0.37), ('mask', '$np.ones((512,512))'), ('sig', 0.01)])
41.4681 	EXP 	noise_0: blendmode = 'add'
41.4681 	EXP 	noise_0: mask = None
41.4681 	EXP 	noise_0: texRes = 512
41.4681 	EXP 	noise_0: noiseType = 'White'
41.4681 	EXP 	noise_0: noiseImage = None
41.4681 	EXP 	noise_0: noiseElementSize = [0.0625]
41.4681 	EXP 	noise_0: noiseBaseSf = 8.0
41.4681 	EXP 	noise_0: noiseBW = 1.0
41.4681 	EXP 	noise_0: noiseBWO = 30.0
41.4681 	EXP 	noise_0: noiseFractalPower = 0.0
41.4681 	EXP 	noise_0: noiseFilterUpper = 8.0
41.4681 	EXP 	noise_0: noiseFilterLower = 1.0
41.4681 	EXP 	noise_0: noiseFilterOrder = 0.0
41.4681 	EXP 	noise_0: noiseClip = 3.0
41.4681 	EXP 	noise_0: filter = None
41.4681 	EXP 	noise_0: tex = <class 'numpy.ndarray'>
41.4681 	EXP 	noise_0: tex = <class 'numpy.ndarray'>
41.4681 	EXP 	noise: blendmode = 'add'
41.4681 	EXP 	noise: mask = None
41.4681 	EXP 	noise: texRes = 512
41.4681 	EXP 	noise: noiseType = 'White'
41.4681 	EXP 	noise: noiseImage = None
41.4681 	EXP 	noise: noiseElementSize = [0.0625]
41.4681 	EXP 	noise: noiseBaseSf = 8.0
41.4681 	EXP 	noise: noiseBW = 1.0
41.4681 	EXP 	noise: noiseBWO = 30.0
41.4681 	EXP 	noise: noiseFractalPower = 0.0
41.4681 	EXP 	noise: noiseFilterUpper = 8.0
41.4681 	EXP 	noise: noiseFilterLower = 1.0
41.4681 	EXP 	noise: noiseFilterOrder = 0.0
41.4681 	EXP 	noise: noiseClip = 3.0
41.4681 	EXP 	noise: filter = None
41.4681 	EXP 	noise: tex = <class 'numpy.ndarray'>
41.4681 	EXP 	noise: tex = <class 'numpy.ndarray'>
41.4681 	EXP 	start_trial_text: autoDraw = True
43.1545 	DATA 	Mouse: Left button down, pos=(444,456)
43.1762 	EXP 	window1: mouseVisible = 0
43.2390 	EXP 	start_trial_text: autoDraw = False
43.2390 	EXP 	blob_0: tex = <class 'numpy.ndarray'>
43.2390 	EXP 	blob: tex = <class 'numpy.ndarray'>
43.2390 	EXP 	noise_0: autoDraw = True
43.2390 	EXP 	noise_0: tex = <class 'numpy.ndarray'>
43.2390 	EXP 	blob_0: autoDraw = True
43.2390 	EXP 	cursor: autoDraw = True
43.2848 	EXP 	noise_0: tex = <class 'numpy.ndarray'>
43.3163 	DATA 	Mouse:  Left button up, pos=(640,360)
43.3347 	EXP 	noise_0: tex = <class 'numpy.ndarray'>
43.3849 	EXP 	noise_0: tex = <class 'numpy.ndarray'>
43.4212 	EXP 	noise_0: tex = <class 'numpy.ndarray'>
43.4681 	EXP 	noise_0: tex = <class 'numpy.ndarray'>
43.5181 	EXP 	noise_0: tex = <class 'numpy.ndarray'>
43.5680 	EXP 	noise_0: tex = <class 'numpy.ndarray'>
43.6184 	EXP 	noise_0: tex = <class 'numpy.ndarray'>
43.6681 	EXP 	noise_0: tex = <class 'numpy.ndarray'>
43.7406 	EXP 	noise_0: tex = <class 'numpy.ndarray'>
43.7406 	EXP 	noise: autoDraw = True
43.7406 	EXP 	noise: tex = <class 'numpy.ndarray'>
43.7406 	EXP 	blob: autoDraw = True
43.7847 	EXP 	noise_0: autoDraw = False
43.7847 	EXP 	noise: tex = <class 'numpy.ndarray'>
43.7847 	EXP 	blob_0: autoDraw = False
43.8348 	EXP 	noise: tex = <class 'numpy.ndarray'>
43.8848 	EXP 	noise: tex = <class 'numpy.ndarray'>
43.9348 	EXP 	noise: tex = <class 'numpy.ndarray'>
43.9849 	EXP 	noise: tex = <class 'numpy.ndarray'>
44.0348 	EXP 	noise: tex = <class 'numpy.ndarray'>
44.0847 	EXP 	noise: tex = <class 'numpy.ndarray'>
44.1348 	EXP 	noise: tex = <class 'numpy.ndarray'>
44.1848 	EXP 	noise: tex = <class 'numpy.ndarray'>
44.2349 	EXP 	noise: tex = <class 'numpy.ndarray'>
44.2847 	EXP 	noise: tex = <class 'numpy.ndarray'>
44.3347 	EXP 	noise: tex = <class 'numpy.ndarray'>
44.3848 	EXP 	noise: tex = <class 'numpy.ndarray'>
44.4358 	EXP 	noise: tex = <class 'numpy.ndarray'>
44.4849 	EXP 	noise: tex = <class 'numpy.ndarray'>
44.5349 	EXP 	noise: tex = <class 'numpy.ndarray'>
44.5850 	EXP 	noise: tex = <class 'numpy.ndarray'>
44.6348 	EXP 	noise: tex = <class 'numpy.ndarray'>
44.6848 	EXP 	noise: tex = <class 'numpy.ndarray'>
44.7348 	EXP 	noise: tex = <class 'numpy.ndarray'>
44.7848 	EXP 	noise: tex = <class 'numpy.ndarray'>
44.8350 	EXP 	noise: tex = <class 'numpy.ndarray'>
44.8849 	EXP 	noise: tex = <class 'numpy.ndarray'>
44.9348 	EXP 	noise: tex = <class 'numpy.ndarray'>
44.9849 	EXP 	noise: tex = <class 'numpy.ndarray'>
45.0347 	EXP 	noise: tex = <class 'numpy.ndarray'>
45.0856 	EXP 	noise: tex = <class 'numpy.ndarray'>
45.1347 	EXP 	noise: tex = <class 'numpy.ndarray'>
45.1848 	EXP 	noise: tex = <class 'numpy.ndarray'>
45.2348 	EXP 	noise: tex = <class 'numpy.ndarray'>
45.2849 	EXP 	noise: tex = <class 'numpy.ndarray'>
45.3348 	EXP 	noise: tex = <class 'numpy.ndarray'>
45.3848 	EXP 	noise: tex = <class 'numpy.ndarray'>
45.4348 	EXP 	noise: tex = <class 'numpy.ndarray'>
45.4848 	EXP 	noise: tex = <class 'numpy.ndarray'>
45.5348 	EXP 	noise: tex = <class 'numpy.ndarray'>
45.5848 	EXP 	noise: tex = <class 'numpy.ndarray'>
45.6348 	EXP 	noise: tex = <class 'numpy.ndarray'>
45.6848 	EXP 	noise: tex = <class 'numpy.ndarray'>
45.7351 	EXP 	noise: tex = <class 'numpy.ndarray'>
45.7848 	EXP 	noise: tex = <class 'numpy.ndarray'>
45.8349 	EXP 	noise: tex = <class 'numpy.ndarray'>
45.8852 	EXP 	noise: tex = <class 'numpy.ndarray'>
45.9350 	EXP 	noise: tex = <class 'numpy.ndarray'>
45.9854 	EXP 	noise: tex = <class 'numpy.ndarray'>
46.0348 	EXP 	noise: tex = <class 'numpy.ndarray'>
46.0848 	EXP 	noise: tex = <class 'numpy.ndarray'>
46.1349 	EXP 	noise: tex = <class 'numpy.ndarray'>
46.1847 	EXP 	noise: tex = <class 'numpy.ndarray'>
46.2350 	EXP 	noise: tex = <class 'numpy.ndarray'>
46.2847 	EXP 	noise: tex = <class 'numpy.ndarray'>
46.3348 	EXP 	noise: tex = <class 'numpy.ndarray'>
46.3849 	EXP 	noise: tex = <class 'numpy.ndarray'>
46.4349 	EXP 	noise: tex = <class 'numpy.ndarray'>
46.4847 	EXP 	noise: tex = <class 'numpy.ndarray'>
46.5356 	EXP 	noise: tex = <class 'numpy.ndarray'>
46.5849 	EXP 	noise: tex = <class 'numpy.ndarray'>
46.6348 	EXP 	noise: tex = <class 'numpy.ndarray'>
46.6848 	EXP 	noise: tex = <class 'numpy.ndarray'>
46.7349 	EXP 	noise: tex = <class 'numpy.ndarray'>
46.7849 	EXP 	noise: tex = <class 'numpy.ndarray'>
46.8347 	EXP 	noise: tex = <class 'numpy.ndarray'>
46.8848 	EXP 	noise: tex = <class 'numpy.ndarray'>
46.9347 	EXP 	noise: tex = <class 'numpy.ndarray'>
46.9848 	EXP 	noise: tex = <class 'numpy.ndarray'>
47.0350 	EXP 	noise: tex = <class 'numpy.ndarray'>
47.0849 	EXP 	noise: tex = <class 'numpy.ndarray'>
47.1347 	EXP 	noise: tex = <class 'numpy.ndarray'>
47.1848 	EXP 	noise: tex = <class 'numpy.ndarray'>
47.2349 	EXP 	noise: tex = <class 'numpy.ndarray'>
47.2848 	EXP 	noise: tex = <class 'numpy.ndarray'>
47.3451 	EXP 	noise: tex = <class 'numpy.ndarray'>
47.3867 	EXP 	noise: tex = <class 'numpy.ndarray'>
47.4347 	EXP 	noise: tex = <class 'numpy.ndarray'>
47.4848 	EXP 	noise: tex = <class 'numpy.ndarray'>
47.5347 	EXP 	noise: tex = <class 'numpy.ndarray'>
47.5850 	EXP 	noise: tex = <class 'numpy.ndarray'>
47.6348 	EXP 	noise: tex = <class 'numpy.ndarray'>
47.6847 	EXP 	noise: tex = <class 'numpy.ndarray'>
47.7349 	EXP 	noise: tex = <class 'numpy.ndarray'>
47.7847 	EXP 	noise: tex = <class 'numpy.ndarray'>
47.8348 	EXP 	noise: tex = <class 'numpy.ndarray'>
47.8850 	EXP 	noise: tex = <class 'numpy.ndarray'>
47.9348 	EXP 	noise: tex = <class 'numpy.ndarray'>
47.9848 	EXP 	noise: tex = <class 'numpy.ndarray'>
48.0349 	EXP 	noise: tex = <class 'numpy.ndarray'>
48.0848 	EXP 	noise: tex = <class 'numpy.ndarray'>
48.1347 	EXP 	noise: tex = <class 'numpy.ndarray'>
48.1852 	EXP 	noise: tex = <class 'numpy.ndarray'>
48.2347 	EXP 	noise: tex = <class 'numpy.ndarray'>
48.2849 	EXP 	noise: tex = <class 'numpy.ndarray'>
48.3349 	EXP 	noise: tex = <class 'numpy.ndarray'>
48.3849 	EXP 	noise: tex = <class 'numpy.ndarray'>
48.4348 	EXP 	noise: tex = <class 'numpy.ndarray'>
48.4848 	EXP 	noise: tex = <class 'numpy.ndarray'>
48.5350 	EXP 	noise: tex = <class 'numpy.ndarray'>
48.5848 	EXP 	noise: tex = <class 'numpy.ndarray'>
48.6347 	EXP 	noise: tex = <class 'numpy.ndarray'>
48.6848 	EXP 	noise: tex = <class 'numpy.ndarray'>
48.7348 	EXP 	noise: tex = <class 'numpy.ndarray'>
48.7848 	EXP 	noise: tex = <class 'numpy.ndarray'>
48.8350 	EXP 	noise: tex = <class 'numpy.ndarray'>
48.8849 	EXP 	noise: tex = <class 'numpy.ndarray'>
48.9348 	EXP 	noise: tex = <class 'numpy.ndarray'>
48.9850 	EXP 	noise: tex = <class 'numpy.ndarray'>
49.0348 	EXP 	noise: tex = <class 'numpy.ndarray'>
49.0848 	EXP 	noise: tex = <class 'numpy.ndarray'>
49.1348 	EXP 	noise: tex = <class 'numpy.ndarray'>
49.1849 	EXP 	noise: tex = <class 'numpy.ndarray'>
49.2348 	EXP 	noise: tex = <class 'numpy.ndarray'>
49.2848 	EXP 	noise: tex = <class 'numpy.ndarray'>
49.3348 	EXP 	noise: tex = <class 'numpy.ndarray'>
49.3849 	EXP 	noise: tex = <class 'numpy.ndarray'>
49.4348 	EXP 	noise: tex = <class 'numpy.ndarray'>
49.4848 	EXP 	noise: tex = <class 'numpy.ndarray'>
49.5349 	EXP 	noise: tex = <class 'numpy.ndarray'>
49.5848 	EXP 	noise: tex = <class 'numpy.ndarray'>
49.6347 	EXP 	noise: tex = <class 'numpy.ndarray'>
49.6848 	EXP 	noise: tex = <class 'numpy.ndarray'>
49.7348 	EXP 	noise: tex = <class 'numpy.ndarray'>
49.7848 	EXP 	noise: tex = <class 'numpy.ndarray'>
49.8349 	EXP 	noise: tex = <class 'numpy.ndarray'>
49.8848 	EXP 	noise: tex = <class 'numpy.ndarray'>
49.9348 	EXP 	noise: tex = <class 'numpy.ndarray'>
49.9848 	EXP 	noise: tex = <class 'numpy.ndarray'>
50.0348 	EXP 	noise: tex = <class 'numpy.ndarray'>
50.0848 	EXP 	noise: tex = <class 'numpy.ndarray'>
50.1348 	EXP 	noise: tex = <class 'numpy.ndarray'>
50.1849 	EXP 	noise: tex = <class 'numpy.ndarray'>
50.2349 	EXP 	noise: tex = <class 'numpy.ndarray'>
50.2848 	EXP 	noise: tex = <class 'numpy.ndarray'>
50.3347 	EXP 	noise: tex = <class 'numpy.ndarray'>
50.3847 	EXP 	noise: tex = <class 'numpy.ndarray'>
50.4349 	EXP 	noise: tex = <class 'numpy.ndarray'>
50.4848 	EXP 	noise: tex = <class 'numpy.ndarray'>
50.5349 	EXP 	noise: tex = <class 'numpy.ndarray'>
50.5851 	EXP 	noise: tex = <class 'numpy.ndarray'>
50.6349 	EXP 	noise: tex = <class 'numpy.ndarray'>
50.6848 	EXP 	noise: tex = <class 'numpy.ndarray'>
50.7348 	EXP 	noise: tex = <class 'numpy.ndarray'>
50.7849 	EXP 	noise: tex = <class 'numpy.ndarray'>
50.8349 	EXP 	noise: tex = <class 'numpy.ndarray'>
50.8848 	EXP 	noise: tex = <class 'numpy.ndarray'>
50.9348 	EXP 	noise: tex = <class 'numpy.ndarray'>
50.9849 	EXP 	noise: tex = <class 'numpy.ndarray'>
51.0347 	EXP 	noise: tex = <class 'numpy.ndarray'>
51.0848 	EXP 	noise: tex = <class 'numpy.ndarray'>
51.1350 	EXP 	noise: tex = <class 'numpy.ndarray'>
51.1848 	EXP 	noise: tex = <class 'numpy.ndarray'>
51.2348 	EXP 	noise: tex = <class 'numpy.ndarray'>
51.2850 	EXP 	noise: tex = <class 'numpy.ndarray'>
51.3349 	EXP 	noise: tex = <class 'numpy.ndarray'>
51.3849 	EXP 	noise: tex = <class 'numpy.ndarray'>
51.4348 	EXP 	noise: tex = <class 'numpy.ndarray'>
51.4854 	EXP 	noise: tex = <class 'numpy.ndarray'>
51.5348 	EXP 	noise: tex = <class 'numpy.ndarray'>
51.5848 	EXP 	noise: tex = <class 'numpy.ndarray'>
51.6347 	EXP 	noise: tex = <class 'numpy.ndarray'>
51.6850 	EXP 	noise: tex = <class 'numpy.ndarray'>
51.7348 	EXP 	noise: tex = <class 'numpy.ndarray'>
51.7847 	EXP 	noise: tex = <class 'numpy.ndarray'>
51.8348 	EXP 	noise: tex = <class 'numpy.ndarray'>
51.8943 	EXP 	noise: tex = <class 'numpy.ndarray'>
51.9362 	EXP 	noise: tex = <class 'numpy.ndarray'>
51.9849 	EXP 	noise: tex = <class 'numpy.ndarray'>
52.0348 	EXP 	noise: tex = <class 'numpy.ndarray'>
52.0849 	EXP 	noise: tex = <class 'numpy.ndarray'>
52.1349 	EXP 	noise: tex = <class 'numpy.ndarray'>
52.1847 	EXP 	noise: tex = <class 'numpy.ndarray'>
52.2349 	EXP 	noise: tex = <class 'numpy.ndarray'>
52.2848 	EXP 	noise: tex = <class 'numpy.ndarray'>
52.3352 	EXP 	noise: tex = <class 'numpy.ndarray'>
52.3847 	EXP 	noise: tex = <class 'numpy.ndarray'>
52.4348 	EXP 	noise: tex = <class 'numpy.ndarray'>
52.4849 	EXP 	noise: tex = <class 'numpy.ndarray'>
52.5348 	EXP 	noise: tex = <class 'numpy.ndarray'>
52.5696 	DATA 	Keypress: escape
52.5848 	EXP 	noise: tex = <class 'numpy.ndarray'>
52.6351 	EXP 	noise: tex = <class 'numpy.ndarray'>
52.6847 	EXP 	noise: tex = <class 'numpy.ndarray'>
53.1378 	EXP 	window1: mouseVisible = True
