0.8706 	WARNING 	We strongly recommend you activate the PTB sound engine in PsychoPy prefs as the preferred audio engine. Its timing is vastly superior. Your prefs are currently set to use ['sounddevice', 'PTB', 'pyo', 'pygame'] (in that order).
7.6435 	EXP 	Created window1 = Window(allowGUI=True, allowStencil=False, autoLog=True, backendConf=UNKNOWN, bitsMode=UNKNOWN, blendMode='avg', bpc=(8, 8, 8), color=array([0, 0, 0]), colorSpace='rgb', depthBits=8, fullscr=<method-wrapper '__getattribute__' of attributeSetter object at 0x7fe21163afa0>, gamma=None, gammaErrorPolicy='raise', lms=UNKNOWN, monitor=<psychopy.monitors.calibTools.Monitor object at 0x7fe1ebced5e0>, multiSample=False, name='window1', numSamples=2, pos=[360.0, 225.0], screen=0, size=array([2880, 1800]), stencilBits=0, stereo=False, units='height', useFBO=True, useRetina=True, viewOri=0.0, viewPos=None, viewScale=None, waitBlanking=True, winType='pyglet')
7.6437 	EXP 	window1: mouseVisible = True
7.6449 	EXP 	window1: mouseVisible = False
7.6449 	EXP 	window1: Attempting to measure frame rate of screen (0) ...
7.6449 	EXP 	window1: recordFrameIntervals = False
7.8095 	EXP 	window1: recordFrameIntervals = True
7.9933 	EXP 	Screen (0) actual frame rate measured at 59.93Hz
7.9933 	EXP 	window1: recordFrameIntervals = False
9.6877 	EXP 	Created start_trial_text = TextStim(__class__=<class 'psychopy.visual.text.TextStim'>, alignHoriz=method-wrapper(...), alignText='center', alignVert=method-wrapper(...), anchorHoriz='center', anchorVert='center', antialias=True, autoDraw=False, autoLog=True, bold=False, color=array([1., 1., 1.]), colorSpace='rgb', contrast=1.0, depth=0.0, flipHoriz=False, flipVert=False, font='Arial', fontFiles=[], height=0.04, italic=False, languageStyle='LTR', name='start_trial_text', opacity=1.0, ori=0.0, pos=array([-0.3 ,  0.25]), rgb=UNKNOWN, text='Press any button to continue', units='height', win=Window(...), wrapWidth=1)
9.6879 	EXP 	window1: mouseVisible = True
9.6880 	EXP 	window1: mouseVisible = True
9.6946 	EXP 	Created noise_0 = NoiseStim(__class__=<class 'psychopy.visual.noise.NoiseStim'>, anchor='center', autoDraw=False, autoLog=True, blendmode='add', color=array([0.5, 0.5, 0.5]), colorSpace='rgb', contrast=0.5, depth=-1.0, interpolate=False, mask='none', maskParams=None, name='noise_0', opacity=1.0, ori=0.0, phase=array([0., 0.]), pos=array([0., 0.]), rgbPedestal=array([0., 0., 0.]), sf=array([1., 1.]), size=array([1., 1.]), tex='sin', texRes=128, units='height', win=Window(...))
9.7726 	EXP 	Created noise = NoiseStim(__class__=<class 'psychopy.visual.noise.NoiseStim'>, anchor='center', autoDraw=False, autoLog=True, blendmode='add', color=array([0.5, 0.5, 0.5]), colorSpace='rgb', contrast=0.5, depth=-2.0, interpolate=False, mask='none', maskParams=None, name='noise', opacity=1.0, ori=0.0, phase=array([0., 0.]), pos=array([0., 0.]), rgbPedestal=array([0., 0., 0.]), sf=array([1., 1.]), size=array([1., 1.]), tex='sin', texRes=128, units='height', win=Window(...))
9.8708 	EXP 	Created blob_0 = GratingStim(__class__=<class 'psychopy.visual.grating.GratingStim'>, anchor='center', autoDraw=False, autoLog=True, blendmode='add', color=array([1., 1., 1.]), colorSpace='rgb', contrast=1.0, depth=-3.0, interpolate=True, mask='gauss', maskParams=None, name='blob_0', opacity=1.0, ori=45.0, phase=array([0.25, 0.25]), pos=array([0., 0.]), rgbPedestal=array([0., 0., 0.]), sf=array([1., 1.]), size=array([1., 1.]), tex=ndarray(...), texRes=512.0, units='height', win=Window(...))
9.9015 	EXP 	Created blob = GratingStim(__class__=<class 'psychopy.visual.grating.GratingStim'>, anchor='center', autoDraw=False, autoLog=True, blendmode='add', color=array([1., 1., 1.]), colorSpace='rgb', contrast=1.0, depth=-4.0, interpolate=True, mask='gauss', maskParams=None, name='blob', opacity=1.0, ori=45.0, phase=array([0.25, 0.25]), pos=array([0., 0.]), rgbPedestal=array([0., 0., 0.]), sf=array([1., 1.]), size=array([1., 1.]), tex=ndarray(...), texRes=512.0, units='height', win=Window(...))
9.9077 	EXP 	Created cursor = ShapeStim(__class__=<class 'psychopy.visual.shape.ShapeStim'>, anchor=('center', 'center'), autoDraw=False, autoLog=True, closeShape=True, color=method-wrapper(...), colorSpace='rgb', contrast=None, depth=-6.0, fillColor=array([ 1, -1, -1]), fillColorSpace='rgb', fillRGB=array([ 1, -1, -1]), interpolate=True, lineColor=array([ 1., -1., -1.]), lineColorSpace='rgb', lineRGB=array([ 1, -1, -1]), lineWidth=1.0, name='cursor', opacity=1.0, ori=0.0, pos=array([0., 0.]), size=array([0.005, 0.005]), units='height', vertices=ndarray(...), win=Window(...), windingRule=None)
9.9125 	EXP 	Imported Bonnen2015Conditions.csv as conditions, 4 conditions, 4 params
9.9130 	EXP 	Created sequence: random, trialTypes=4, nReps=1, seed=None
9.9133 	EXP 	New trial (rep=0, index=0): OrderedDict([('blobHeight', 0.2593), ('blobWidth', 0.27), ('mask', '$np.ones((512,512))'), ('sig', 0.01)])
9.9494 	EXP 	noise_0: blendmode = 'add'
9.9494 	EXP 	noise_0: mask = None
9.9494 	EXP 	noise_0: texRes = 512
9.9494 	EXP 	noise_0: noiseType = 'White'
9.9494 	EXP 	noise_0: noiseImage = None
9.9494 	EXP 	noise_0: noiseElementSize = [0.0625]
9.9494 	EXP 	noise_0: noiseBaseSf = 8.0
9.9494 	EXP 	noise_0: noiseBW = 1.0
9.9494 	EXP 	noise_0: noiseBWO = 30.0
9.9494 	EXP 	noise_0: noiseFractalPower = 0.0
9.9494 	EXP 	noise_0: noiseFilterUpper = 8.0
9.9494 	EXP 	noise_0: noiseFilterLower = 1.0
9.9494 	EXP 	noise_0: noiseFilterOrder = 0.0
9.9494 	EXP 	noise_0: noiseClip = 3.0
9.9494 	EXP 	noise_0: filter = None
9.9494 	EXP 	noise_0: tex = <class 'numpy.ndarray'>
9.9494 	EXP 	noise_0: tex = <class 'numpy.ndarray'>
9.9494 	EXP 	noise: blendmode = 'add'
9.9494 	EXP 	noise: mask = None
9.9494 	EXP 	noise: texRes = 512
9.9494 	EXP 	noise: noiseType = 'White'
9.9494 	EXP 	noise: noiseImage = None
9.9494 	EXP 	noise: noiseElementSize = [0.0625]
9.9494 	EXP 	noise: noiseBaseSf = 8.0
9.9494 	EXP 	noise: noiseBW = 1.0
9.9494 	EXP 	noise: noiseBWO = 30.0
9.9494 	EXP 	noise: noiseFractalPower = 0.0
9.9494 	EXP 	noise: noiseFilterUpper = 8.0
9.9494 	EXP 	noise: noiseFilterLower = 1.0
9.9494 	EXP 	noise: noiseFilterOrder = 0.0
9.9494 	EXP 	noise: noiseClip = 3.0
9.9494 	EXP 	noise: filter = None
9.9494 	EXP 	noise: tex = <class 'numpy.ndarray'>
9.9494 	EXP 	noise: tex = <class 'numpy.ndarray'>
9.9494 	EXP 	start_trial_text: autoDraw = True
10.5597 	DATA 	Mouse: Left button down, pos=(701,512)
10.5827 	EXP 	window1: mouseVisible = 0
10.6561 	EXP 	start_trial_text: autoDraw = False
10.6561 	EXP 	blob_0: tex = <class 'numpy.ndarray'>
10.6561 	EXP 	blob: tex = <class 'numpy.ndarray'>
10.6561 	EXP 	noise_0: autoDraw = True
10.6561 	EXP 	noise_0: tex = <class 'numpy.ndarray'>
10.6561 	EXP 	blob_0: autoDraw = True
10.6561 	EXP 	cursor: autoDraw = True
10.6863 	DATA 	Mouse:  Left button up, pos=(720,450)
10.7084 	EXP 	noise_0: tex = <class 'numpy.ndarray'>
10.7587 	EXP 	noise_0: tex = <class 'numpy.ndarray'>
10.8105 	EXP 	noise_0: tex = <class 'numpy.ndarray'>
10.8616 	EXP 	noise_0: tex = <class 'numpy.ndarray'>
10.9084 	EXP 	noise_0: tex = <class 'numpy.ndarray'>
10.9584 	EXP 	noise_0: tex = <class 'numpy.ndarray'>
11.0086 	EXP 	noise_0: tex = <class 'numpy.ndarray'>
11.0584 	EXP 	noise_0: tex = <class 'numpy.ndarray'>
11.1385 	EXP 	noise_0: tex = <class 'numpy.ndarray'>
11.1385 	EXP 	noise: autoDraw = True
11.1385 	EXP 	noise: tex = <class 'numpy.ndarray'>
11.1385 	EXP 	blob: autoDraw = True
11.1921 	EXP 	noise_0: autoDraw = False
11.1921 	EXP 	noise: tex = <class 'numpy.ndarray'>
11.1921 	EXP 	blob_0: autoDraw = False
11.2418 	EXP 	noise: tex = <class 'numpy.ndarray'>
11.2917 	EXP 	noise: tex = <class 'numpy.ndarray'>
11.3417 	EXP 	noise: tex = <class 'numpy.ndarray'>
11.3917 	EXP 	noise: tex = <class 'numpy.ndarray'>
11.4418 	EXP 	noise: tex = <class 'numpy.ndarray'>
11.4917 	EXP 	noise: tex = <class 'numpy.ndarray'>
11.5417 	EXP 	noise: tex = <class 'numpy.ndarray'>
11.6034 	EXP 	noise: tex = <class 'numpy.ndarray'>
11.6519 	EXP 	noise: tex = <class 'numpy.ndarray'>
11.7021 	EXP 	noise: tex = <class 'numpy.ndarray'>
11.7584 	EXP 	noise: tex = <class 'numpy.ndarray'>
11.8096 	EXP 	noise: tex = <class 'numpy.ndarray'>
11.8585 	EXP 	noise: tex = <class 'numpy.ndarray'>
11.9085 	EXP 	noise: tex = <class 'numpy.ndarray'>
11.9586 	EXP 	noise: tex = <class 'numpy.ndarray'>
12.0203 	EXP 	noise: tex = <class 'numpy.ndarray'>
12.0678 	EXP 	noise: tex = <class 'numpy.ndarray'>
12.1143 	EXP 	noise: tex = <class 'numpy.ndarray'>
12.1584 	EXP 	noise: tex = <class 'numpy.ndarray'>
12.2084 	EXP 	noise: tex = <class 'numpy.ndarray'>
12.2593 	EXP 	noise: tex = <class 'numpy.ndarray'>
12.3083 	EXP 	noise: tex = <class 'numpy.ndarray'>
12.3584 	EXP 	noise: tex = <class 'numpy.ndarray'>
12.4086 	EXP 	noise: tex = <class 'numpy.ndarray'>
12.4717 	EXP 	noise: tex = <class 'numpy.ndarray'>
12.5312 	EXP 	noise: tex = <class 'numpy.ndarray'>
12.5917 	EXP 	noise: tex = <class 'numpy.ndarray'>
12.6418 	EXP 	noise: tex = <class 'numpy.ndarray'>
12.6918 	EXP 	noise: tex = <class 'numpy.ndarray'>
12.7418 	EXP 	noise: tex = <class 'numpy.ndarray'>
12.7942 	EXP 	noise: tex = <class 'numpy.ndarray'>
12.8418 	EXP 	noise: tex = <class 'numpy.ndarray'>
12.8923 	EXP 	noise: tex = <class 'numpy.ndarray'>
12.9417 	EXP 	noise: tex = <class 'numpy.ndarray'>
12.9917 	EXP 	noise: tex = <class 'numpy.ndarray'>
13.0417 	EXP 	noise: tex = <class 'numpy.ndarray'>
13.0919 	EXP 	noise: tex = <class 'numpy.ndarray'>
13.1437 	EXP 	noise: tex = <class 'numpy.ndarray'>
13.1941 	EXP 	noise: tex = <class 'numpy.ndarray'>
13.2417 	EXP 	noise: tex = <class 'numpy.ndarray'>
13.2917 	EXP 	noise: tex = <class 'numpy.ndarray'>
13.3550 	EXP 	noise: tex = <class 'numpy.ndarray'>
13.4081 	EXP 	noise: tex = <class 'numpy.ndarray'>
13.4583 	EXP 	noise: tex = <class 'numpy.ndarray'>
13.5085 	EXP 	noise: tex = <class 'numpy.ndarray'>
13.5583 	EXP 	noise: tex = <class 'numpy.ndarray'>
13.6082 	EXP 	noise: tex = <class 'numpy.ndarray'>
13.6583 	EXP 	noise: tex = <class 'numpy.ndarray'>
13.7083 	EXP 	noise: tex = <class 'numpy.ndarray'>
13.7583 	EXP 	noise: tex = <class 'numpy.ndarray'>
13.8083 	EXP 	noise: tex = <class 'numpy.ndarray'>
13.8584 	EXP 	noise: tex = <class 'numpy.ndarray'>
13.9083 	EXP 	noise: tex = <class 'numpy.ndarray'>
13.9584 	EXP 	noise: tex = <class 'numpy.ndarray'>
14.0083 	EXP 	noise: tex = <class 'numpy.ndarray'>
14.0515 	EXP 	noise: tex = <class 'numpy.ndarray'>
14.1011 	EXP 	noise: tex = <class 'numpy.ndarray'>
14.1581 	EXP 	noise: tex = <class 'numpy.ndarray'>
14.2024 	EXP 	noise: tex = <class 'numpy.ndarray'>
14.2470 	EXP 	noise: tex = <class 'numpy.ndarray'>
14.2917 	EXP 	noise: tex = <class 'numpy.ndarray'>
14.3417 	EXP 	noise: tex = <class 'numpy.ndarray'>
14.3917 	EXP 	noise: tex = <class 'numpy.ndarray'>
14.4434 	EXP 	noise: tex = <class 'numpy.ndarray'>
14.4918 	EXP 	noise: tex = <class 'numpy.ndarray'>
14.5522 	EXP 	noise: tex = <class 'numpy.ndarray'>
14.5958 	EXP 	noise: tex = <class 'numpy.ndarray'>
14.6416 	EXP 	noise: tex = <class 'numpy.ndarray'>
14.6917 	EXP 	noise: tex = <class 'numpy.ndarray'>
14.7451 	EXP 	noise: tex = <class 'numpy.ndarray'>
14.7918 	EXP 	noise: tex = <class 'numpy.ndarray'>
14.8529 	EXP 	noise: tex = <class 'numpy.ndarray'>
14.9012 	EXP 	noise: tex = <class 'numpy.ndarray'>
14.9459 	EXP 	noise: tex = <class 'numpy.ndarray'>
14.9960 	EXP 	noise: tex = <class 'numpy.ndarray'>
15.0482 	EXP 	noise: tex = <class 'numpy.ndarray'>
15.0953 	EXP 	noise: tex = <class 'numpy.ndarray'>
15.1453 	EXP 	noise: tex = <class 'numpy.ndarray'>
15.1988 	EXP 	noise: tex = <class 'numpy.ndarray'>
15.2466 	EXP 	noise: tex = <class 'numpy.ndarray'>
15.2934 	EXP 	noise: tex = <class 'numpy.ndarray'>
15.3455 	EXP 	noise: tex = <class 'numpy.ndarray'>
15.3960 	EXP 	noise: tex = <class 'numpy.ndarray'>
15.4454 	EXP 	noise: tex = <class 'numpy.ndarray'>
15.4957 	EXP 	noise: tex = <class 'numpy.ndarray'>
15.5460 	EXP 	noise: tex = <class 'numpy.ndarray'>
15.5918 	EXP 	noise: tex = <class 'numpy.ndarray'>
15.6437 	EXP 	noise: tex = <class 'numpy.ndarray'>
15.6922 	EXP 	noise: tex = <class 'numpy.ndarray'>
15.7418 	EXP 	noise: tex = <class 'numpy.ndarray'>
15.7917 	EXP 	noise: tex = <class 'numpy.ndarray'>
15.8417 	EXP 	noise: tex = <class 'numpy.ndarray'>
15.8917 	EXP 	noise: tex = <class 'numpy.ndarray'>
15.9417 	EXP 	noise: tex = <class 'numpy.ndarray'>
15.9924 	EXP 	noise: tex = <class 'numpy.ndarray'>
16.0537 	EXP 	noise: tex = <class 'numpy.ndarray'>
16.1086 	EXP 	noise: tex = <class 'numpy.ndarray'>
16.1599 	EXP 	noise: tex = <class 'numpy.ndarray'>
16.2095 	EXP 	noise: tex = <class 'numpy.ndarray'>
16.2584 	EXP 	noise: tex = <class 'numpy.ndarray'>
16.3085 	EXP 	noise: tex = <class 'numpy.ndarray'>
16.3607 	EXP 	noise: tex = <class 'numpy.ndarray'>
16.4142 	EXP 	noise: tex = <class 'numpy.ndarray'>
16.4778 	EXP 	noise: tex = <class 'numpy.ndarray'>
16.5258 	EXP 	noise: tex = <class 'numpy.ndarray'>
16.5749 	EXP 	noise: tex = <class 'numpy.ndarray'>
16.6252 	EXP 	noise: tex = <class 'numpy.ndarray'>
16.6749 	EXP 	noise: tex = <class 'numpy.ndarray'>
16.7249 	EXP 	noise: tex = <class 'numpy.ndarray'>
16.7749 	EXP 	noise: tex = <class 'numpy.ndarray'>
16.8249 	EXP 	noise: tex = <class 'numpy.ndarray'>
16.8857 	EXP 	noise: tex = <class 'numpy.ndarray'>
16.9321 	EXP 	noise: tex = <class 'numpy.ndarray'>
16.9757 	EXP 	noise: tex = <class 'numpy.ndarray'>
17.0184 	EXP 	noise: tex = <class 'numpy.ndarray'>
17.0644 	EXP 	noise: tex = <class 'numpy.ndarray'>
17.1114 	EXP 	noise: tex = <class 'numpy.ndarray'>
17.1582 	EXP 	noise: tex = <class 'numpy.ndarray'>
17.2083 	EXP 	noise: tex = <class 'numpy.ndarray'>
17.2586 	EXP 	noise: tex = <class 'numpy.ndarray'>
17.3086 	EXP 	noise: tex = <class 'numpy.ndarray'>
17.3582 	EXP 	noise: tex = <class 'numpy.ndarray'>
17.4083 	EXP 	noise: tex = <class 'numpy.ndarray'>
17.4511 	EXP 	noise: tex = <class 'numpy.ndarray'>
17.4964 	EXP 	noise: tex = <class 'numpy.ndarray'>
17.5430 	EXP 	noise: tex = <class 'numpy.ndarray'>
17.5917 	EXP 	noise: tex = <class 'numpy.ndarray'>
17.6420 	EXP 	noise: tex = <class 'numpy.ndarray'>
17.6916 	EXP 	noise: tex = <class 'numpy.ndarray'>
17.7415 	EXP 	noise: tex = <class 'numpy.ndarray'>
17.7916 	EXP 	noise: tex = <class 'numpy.ndarray'>
17.8415 	EXP 	noise: tex = <class 'numpy.ndarray'>
17.8915 	EXP 	noise: tex = <class 'numpy.ndarray'>
17.9415 	EXP 	noise: tex = <class 'numpy.ndarray'>
17.9949 	EXP 	noise: tex = <class 'numpy.ndarray'>
18.0458 	EXP 	noise: tex = <class 'numpy.ndarray'>
18.0962 	EXP 	noise: tex = <class 'numpy.ndarray'>
18.1420 	EXP 	noise: tex = <class 'numpy.ndarray'>
18.1915 	EXP 	noise: tex = <class 'numpy.ndarray'>
18.2416 	EXP 	noise: tex = <class 'numpy.ndarray'>
18.2917 	EXP 	noise: tex = <class 'numpy.ndarray'>
18.3417 	EXP 	noise: tex = <class 'numpy.ndarray'>
18.3918 	EXP 	noise: tex = <class 'numpy.ndarray'>
18.4346 	EXP 	noise: tex = <class 'numpy.ndarray'>
18.4773 	EXP 	noise: tex = <class 'numpy.ndarray'>
18.5251 	EXP 	noise: tex = <class 'numpy.ndarray'>
18.5749 	EXP 	noise: tex = <class 'numpy.ndarray'>
18.6257 	EXP 	noise: tex = <class 'numpy.ndarray'>
18.6867 	EXP 	noise: tex = <class 'numpy.ndarray'>
18.7314 	EXP 	noise: tex = <class 'numpy.ndarray'>
18.7755 	EXP 	noise: tex = <class 'numpy.ndarray'>
18.8250 	EXP 	noise: tex = <class 'numpy.ndarray'>
18.8749 	EXP 	noise: tex = <class 'numpy.ndarray'>
18.9365 	EXP 	noise: tex = <class 'numpy.ndarray'>
18.9845 	EXP 	noise: tex = <class 'numpy.ndarray'>
19.0446 	EXP 	noise: tex = <class 'numpy.ndarray'>
19.0916 	EXP 	noise: tex = <class 'numpy.ndarray'>
19.1416 	EXP 	noise: tex = <class 'numpy.ndarray'>
19.1915 	EXP 	noise: tex = <class 'numpy.ndarray'>
19.2434 	EXP 	noise: tex = <class 'numpy.ndarray'>
19.2920 	EXP 	noise: tex = <class 'numpy.ndarray'>
19.3416 	EXP 	noise: tex = <class 'numpy.ndarray'>
19.3947 	EXP 	noise: tex = <class 'numpy.ndarray'>
19.4437 	EXP 	noise: tex = <class 'numpy.ndarray'>
19.4937 	EXP 	noise: tex = <class 'numpy.ndarray'>
19.5415 	EXP 	noise: tex = <class 'numpy.ndarray'>
19.5918 	EXP 	noise: tex = <class 'numpy.ndarray'>
19.6428 	EXP 	noise: tex = <class 'numpy.ndarray'>
19.6925 	EXP 	noise: tex = <class 'numpy.ndarray'>
19.7436 	EXP 	noise: tex = <class 'numpy.ndarray'>
19.7958 	EXP 	noise: tex = <class 'numpy.ndarray'>
19.8460 	EXP 	noise: tex = <class 'numpy.ndarray'>
19.8995 	EXP 	noise: tex = <class 'numpy.ndarray'>
19.9475 	EXP 	noise: tex = <class 'numpy.ndarray'>
19.9980 	EXP 	noise: tex = <class 'numpy.ndarray'>
20.0448 	EXP 	noise: tex = <class 'numpy.ndarray'>
20.0972 	EXP 	noise: tex = <class 'numpy.ndarray'>
20.1436 	EXP 	noise: tex = <class 'numpy.ndarray'>
20.2050 	EXP 	noise: tex = <class 'numpy.ndarray'>
20.2678 	EXP 	noise: tex = <class 'numpy.ndarray'>
20.3143 	EXP 	noise: tex = <class 'numpy.ndarray'>
20.3624 	EXP 	noise: tex = <class 'numpy.ndarray'>
20.4277 	EXP 	noise: tex = <class 'numpy.ndarray'>
20.4792 	EXP 	noise: tex = <class 'numpy.ndarray'>
20.5294 	EXP 	noise: tex = <class 'numpy.ndarray'>
20.5795 	EXP 	noise: tex = <class 'numpy.ndarray'>
20.6444 	EXP 	noise: tex = <class 'numpy.ndarray'>
20.6935 	EXP 	noise: tex = <class 'numpy.ndarray'>
20.7448 	EXP 	noise: tex = <class 'numpy.ndarray'>
20.7957 	EXP 	noise: tex = <class 'numpy.ndarray'>
20.8479 	EXP 	noise: tex = <class 'numpy.ndarray'>
20.9110 	EXP 	noise: tex = <class 'numpy.ndarray'>
20.9583 	EXP 	noise: tex = <class 'numpy.ndarray'>
21.0213 	EXP 	noise: tex = <class 'numpy.ndarray'>
21.0849 	EXP 	noise: tex = <class 'numpy.ndarray'>
21.1415 	EXP 	noise: tex = <class 'numpy.ndarray'>
21.1940 	EXP 	noise: tex = <class 'numpy.ndarray'>
21.2471 	EXP 	noise: tex = <class 'numpy.ndarray'>
21.3013 	EXP 	noise: tex = <class 'numpy.ndarray'>
21.3552 	EXP 	noise: tex = <class 'numpy.ndarray'>
21.4170 	EXP 	noise: tex = <class 'numpy.ndarray'>
21.4627 	EXP 	noise: tex = <class 'numpy.ndarray'>
21.5277 	EXP 	noise: tex = <class 'numpy.ndarray'>
21.5788 	EXP 	noise: tex = <class 'numpy.ndarray'>
21.6271 	EXP 	noise: tex = <class 'numpy.ndarray'>
21.6812 	EXP 	noise: tex = <class 'numpy.ndarray'>
21.7335 	EXP 	noise: tex = <class 'numpy.ndarray'>
21.7806 	EXP 	noise: tex = <class 'numpy.ndarray'>
21.8332 	EXP 	noise: tex = <class 'numpy.ndarray'>
21.8825 	EXP 	noise: tex = <class 'numpy.ndarray'>
21.9324 	EXP 	noise: tex = <class 'numpy.ndarray'>
22.0020 	EXP 	noise: tex = <class 'numpy.ndarray'>
22.0493 	EXP 	noise: tex = <class 'numpy.ndarray'>
22.0990 	EXP 	noise: tex = <class 'numpy.ndarray'>
22.1519 	EXP 	noise: tex = <class 'numpy.ndarray'>
22.1984 	EXP 	noise: tex = <class 'numpy.ndarray'>
22.2464 	EXP 	noise: tex = <class 'numpy.ndarray'>
22.3011 	EXP 	noise: tex = <class 'numpy.ndarray'>
22.3590 	EXP 	noise: tex = <class 'numpy.ndarray'>
22.4089 	EXP 	noise: tex = <class 'numpy.ndarray'>
22.4582 	EXP 	noise: tex = <class 'numpy.ndarray'>
22.5082 	EXP 	noise: tex = <class 'numpy.ndarray'>
22.5585 	EXP 	noise: tex = <class 'numpy.ndarray'>
22.6082 	EXP 	noise: tex = <class 'numpy.ndarray'>
22.6593 	EXP 	noise: tex = <class 'numpy.ndarray'>
22.7119 	EXP 	noise: tex = <class 'numpy.ndarray'>
22.7610 	EXP 	noise: tex = <class 'numpy.ndarray'>
22.8109 	EXP 	noise: tex = <class 'numpy.ndarray'>
22.8677 	EXP 	noise: tex = <class 'numpy.ndarray'>
22.9221 	EXP 	noise: tex = <class 'numpy.ndarray'>
22.9753 	EXP 	noise: tex = <class 'numpy.ndarray'>
23.0266 	EXP 	noise: tex = <class 'numpy.ndarray'>
23.0772 	EXP 	noise: tex = <class 'numpy.ndarray'>
23.1287 	EXP 	noise: tex = <class 'numpy.ndarray'>
23.1789 	EXP 	noise: tex = <class 'numpy.ndarray'>
23.2285 	EXP 	noise: tex = <class 'numpy.ndarray'>
23.2758 	EXP 	noise: tex = <class 'numpy.ndarray'>
23.3264 	EXP 	noise: tex = <class 'numpy.ndarray'>
23.3791 	EXP 	noise: tex = <class 'numpy.ndarray'>
23.4279 	EXP 	noise: tex = <class 'numpy.ndarray'>
23.4825 	EXP 	noise: tex = <class 'numpy.ndarray'>
23.5361 	EXP 	noise: tex = <class 'numpy.ndarray'>
23.5915 	EXP 	noise: tex = <class 'numpy.ndarray'>
23.6420 	EXP 	noise: tex = <class 'numpy.ndarray'>
23.6937 	EXP 	noise: tex = <class 'numpy.ndarray'>
23.7547 	EXP 	noise: tex = <class 'numpy.ndarray'>
23.8117 	EXP 	noise: tex = <class 'numpy.ndarray'>
23.8647 	EXP 	noise: tex = <class 'numpy.ndarray'>
23.9161 	EXP 	noise: tex = <class 'numpy.ndarray'>
23.9653 	EXP 	noise: tex = <class 'numpy.ndarray'>
24.0277 	EXP 	noise: tex = <class 'numpy.ndarray'>
24.0763 	EXP 	noise: tex = <class 'numpy.ndarray'>
24.1257 	EXP 	noise: tex = <class 'numpy.ndarray'>
24.1881 	EXP 	noise: tex = <class 'numpy.ndarray'>
24.2415 	EXP 	noise: tex = <class 'numpy.ndarray'>
24.3033 	EXP 	noise: tex = <class 'numpy.ndarray'>
24.3586 	EXP 	noise: tex = <class 'numpy.ndarray'>
24.4100 	EXP 	noise: tex = <class 'numpy.ndarray'>
24.4583 	EXP 	noise: tex = <class 'numpy.ndarray'>
24.5081 	EXP 	noise: tex = <class 'numpy.ndarray'>
24.5581 	EXP 	noise: tex = <class 'numpy.ndarray'>
24.6084 	EXP 	noise: tex = <class 'numpy.ndarray'>
24.6607 	EXP 	noise: tex = <class 'numpy.ndarray'>
24.7121 	EXP 	noise: tex = <class 'numpy.ndarray'>
24.7659 	EXP 	noise: tex = <class 'numpy.ndarray'>
24.8158 	EXP 	noise: tex = <class 'numpy.ndarray'>
24.8625 	EXP 	noise: tex = <class 'numpy.ndarray'>
24.9118 	EXP 	noise: tex = <class 'numpy.ndarray'>
24.9777 	EXP 	noise: tex = <class 'numpy.ndarray'>
25.0278 	EXP 	noise: tex = <class 'numpy.ndarray'>
25.0759 	EXP 	noise: tex = <class 'numpy.ndarray'>
25.1250 	EXP 	noise: tex = <class 'numpy.ndarray'>
25.1756 	EXP 	noise: tex = <class 'numpy.ndarray'>
25.2248 	EXP 	noise: tex = <class 'numpy.ndarray'>
25.2749 	EXP 	noise: tex = <class 'numpy.ndarray'>
25.3251 	EXP 	noise: tex = <class 'numpy.ndarray'>
25.3751 	EXP 	noise: tex = <class 'numpy.ndarray'>
25.4263 	EXP 	noise: tex = <class 'numpy.ndarray'>
25.4799 	EXP 	noise: tex = <class 'numpy.ndarray'>
25.5443 	EXP 	noise: tex = <class 'numpy.ndarray'>
25.5930 	EXP 	noise: tex = <class 'numpy.ndarray'>
25.6448 	EXP 	noise: tex = <class 'numpy.ndarray'>
25.6939 	EXP 	noise: tex = <class 'numpy.ndarray'>
25.7463 	EXP 	noise: tex = <class 'numpy.ndarray'>
25.7938 	EXP 	noise: tex = <class 'numpy.ndarray'>
25.8428 	EXP 	noise: tex = <class 'numpy.ndarray'>
25.9047 	EXP 	noise: tex = <class 'numpy.ndarray'>
25.9630 	EXP 	noise: tex = <class 'numpy.ndarray'>
26.0128 	EXP 	noise: tex = <class 'numpy.ndarray'>
26.0671 	EXP 	noise: tex = <class 'numpy.ndarray'>
26.0716 	EXP 	New trial (rep=0, index=1): OrderedDict([('blobHeight', 1.0), ('blobWidth', 0.07), ('mask', '$np.ones((512,512))'), ('sig', 0.01)])
26.0918 	EXP 	noise_0: autoDraw = False
26.0918 	EXP 	noise: autoDraw = False
26.0918 	EXP 	blob_0: autoDraw = False
26.0918 	EXP 	blob: autoDraw = False
26.0918 	EXP 	cursor: autoDraw = False
26.0918 	EXP 	start_trial_text: autoDraw = True
26.7762 	DATA 	Mouse: Left button down, pos=(459,449)
26.7955 	EXP 	window1: mouseVisible = 0
26.8549 	EXP 	start_trial_text: autoDraw = False
26.8549 	EXP 	blob_0: tex = <class 'numpy.ndarray'>
26.8549 	EXP 	blob: tex = <class 'numpy.ndarray'>
26.8549 	EXP 	noise_0: autoDraw = True
26.8549 	EXP 	noise_0: tex = <class 'numpy.ndarray'>
26.8549 	EXP 	blob_0: autoDraw = True
26.8549 	EXP 	cursor: autoDraw = True
26.8902 	DATA 	Mouse:  Left button up, pos=(720,450)
26.9080 	EXP 	noise_0: tex = <class 'numpy.ndarray'>
26.9707 	EXP 	noise_0: tex = <class 'numpy.ndarray'>
27.0328 	EXP 	noise_0: tex = <class 'numpy.ndarray'>
27.0847 	EXP 	noise_0: tex = <class 'numpy.ndarray'>
27.1414 	EXP 	noise_0: tex = <class 'numpy.ndarray'>
27.1915 	EXP 	noise_0: tex = <class 'numpy.ndarray'>
27.2415 	EXP 	noise_0: tex = <class 'numpy.ndarray'>
27.3038 	EXP 	noise_0: tex = <class 'numpy.ndarray'>
27.3899 	EXP 	noise_0: tex = <class 'numpy.ndarray'>
27.3899 	EXP 	noise: autoDraw = True
27.3899 	EXP 	noise: tex = <class 'numpy.ndarray'>
27.3899 	EXP 	blob: autoDraw = True
27.4418 	EXP 	noise_0: autoDraw = False
27.4418 	EXP 	noise: tex = <class 'numpy.ndarray'>
27.4418 	EXP 	blob_0: autoDraw = False
27.4916 	EXP 	noise: tex = <class 'numpy.ndarray'>
27.5416 	EXP 	noise: tex = <class 'numpy.ndarray'>
27.6045 	EXP 	noise: tex = <class 'numpy.ndarray'>
27.6579 	EXP 	noise: tex = <class 'numpy.ndarray'>
27.7081 	EXP 	noise: tex = <class 'numpy.ndarray'>
27.7707 	EXP 	noise: tex = <class 'numpy.ndarray'>
27.8278 	EXP 	noise: tex = <class 'numpy.ndarray'>
27.8791 	EXP 	noise: tex = <class 'numpy.ndarray'>
27.9301 	EXP 	noise: tex = <class 'numpy.ndarray'>
27.9805 	EXP 	noise: tex = <class 'numpy.ndarray'>
28.0273 	EXP 	noise: tex = <class 'numpy.ndarray'>
28.0798 	EXP 	noise: tex = <class 'numpy.ndarray'>
28.1337 	EXP 	noise: tex = <class 'numpy.ndarray'>
28.1880 	EXP 	noise: tex = <class 'numpy.ndarray'>
28.2445 	EXP 	noise: tex = <class 'numpy.ndarray'>
28.2913 	EXP 	noise: tex = <class 'numpy.ndarray'>
28.3436 	EXP 	noise: tex = <class 'numpy.ndarray'>
28.3941 	EXP 	noise: tex = <class 'numpy.ndarray'>
28.4544 	EXP 	noise: tex = <class 'numpy.ndarray'>
28.5078 	EXP 	noise: tex = <class 'numpy.ndarray'>
28.5684 	EXP 	noise: tex = <class 'numpy.ndarray'>
28.6176 	EXP 	noise: tex = <class 'numpy.ndarray'>
28.6772 	EXP 	noise: tex = <class 'numpy.ndarray'>
28.7285 	EXP 	noise: tex = <class 'numpy.ndarray'>
28.7755 	EXP 	noise: tex = <class 'numpy.ndarray'>
28.8374 	EXP 	noise: tex = <class 'numpy.ndarray'>
28.8914 	EXP 	noise: tex = <class 'numpy.ndarray'>
28.9413 	EXP 	noise: tex = <class 'numpy.ndarray'>
29.0030 	EXP 	noise: tex = <class 'numpy.ndarray'>
29.0635 	EXP 	noise: tex = <class 'numpy.ndarray'>
29.1121 	EXP 	noise: tex = <class 'numpy.ndarray'>
29.1655 	EXP 	noise: tex = <class 'numpy.ndarray'>
29.2245 	EXP 	noise: tex = <class 'numpy.ndarray'>
29.2749 	EXP 	noise: tex = <class 'numpy.ndarray'>
29.3252 	EXP 	noise: tex = <class 'numpy.ndarray'>
29.3752 	EXP 	noise: tex = <class 'numpy.ndarray'>
29.4270 	EXP 	noise: tex = <class 'numpy.ndarray'>
29.4748 	EXP 	noise: tex = <class 'numpy.ndarray'>
29.5255 	EXP 	noise: tex = <class 'numpy.ndarray'>
29.5778 	EXP 	noise: tex = <class 'numpy.ndarray'>
29.6312 	EXP 	noise: tex = <class 'numpy.ndarray'>
29.6838 	EXP 	noise: tex = <class 'numpy.ndarray'>
29.7332 	EXP 	noise: tex = <class 'numpy.ndarray'>
29.7910 	EXP 	noise: tex = <class 'numpy.ndarray'>
29.8417 	EXP 	noise: tex = <class 'numpy.ndarray'>
29.9024 	EXP 	noise: tex = <class 'numpy.ndarray'>
29.9639 	EXP 	noise: tex = <class 'numpy.ndarray'>
30.0155 	EXP 	noise: tex = <class 'numpy.ndarray'>
30.0626 	EXP 	noise: tex = <class 'numpy.ndarray'>
30.1134 	EXP 	noise: tex = <class 'numpy.ndarray'>
30.1598 	EXP 	noise: tex = <class 'numpy.ndarray'>
30.2103 	EXP 	noise: tex = <class 'numpy.ndarray'>
30.2616 	EXP 	noise: tex = <class 'numpy.ndarray'>
30.3082 	EXP 	noise: tex = <class 'numpy.ndarray'>
30.3582 	EXP 	noise: tex = <class 'numpy.ndarray'>
30.4082 	EXP 	noise: tex = <class 'numpy.ndarray'>
30.4606 	EXP 	noise: tex = <class 'numpy.ndarray'>
30.5156 	EXP 	noise: tex = <class 'numpy.ndarray'>
30.5750 	EXP 	noise: tex = <class 'numpy.ndarray'>
30.6257 	EXP 	noise: tex = <class 'numpy.ndarray'>
30.6747 	EXP 	noise: tex = <class 'numpy.ndarray'>
30.7255 	EXP 	noise: tex = <class 'numpy.ndarray'>
30.7747 	EXP 	noise: tex = <class 'numpy.ndarray'>
30.8249 	EXP 	noise: tex = <class 'numpy.ndarray'>
30.8781 	EXP 	noise: tex = <class 'numpy.ndarray'>
30.9441 	EXP 	noise: tex = <class 'numpy.ndarray'>
30.9918 	EXP 	noise: tex = <class 'numpy.ndarray'>
31.0427 	EXP 	noise: tex = <class 'numpy.ndarray'>
31.1039 	EXP 	noise: tex = <class 'numpy.ndarray'>
31.1580 	EXP 	noise: tex = <class 'numpy.ndarray'>
31.2082 	EXP 	noise: tex = <class 'numpy.ndarray'>
31.2604 	EXP 	noise: tex = <class 'numpy.ndarray'>
31.3112 	EXP 	noise: tex = <class 'numpy.ndarray'>
31.3650 	EXP 	noise: tex = <class 'numpy.ndarray'>
31.4205 	EXP 	noise: tex = <class 'numpy.ndarray'>
31.4822 	EXP 	noise: tex = <class 'numpy.ndarray'>
31.5319 	EXP 	noise: tex = <class 'numpy.ndarray'>
31.5809 	EXP 	noise: tex = <class 'numpy.ndarray'>
31.6443 	EXP 	noise: tex = <class 'numpy.ndarray'>
31.7107 	EXP 	noise: tex = <class 'numpy.ndarray'>
31.7621 	EXP 	noise: tex = <class 'numpy.ndarray'>
31.8087 	EXP 	noise: tex = <class 'numpy.ndarray'>
31.8619 	EXP 	noise: tex = <class 'numpy.ndarray'>
31.9130 	EXP 	noise: tex = <class 'numpy.ndarray'>
31.9776 	EXP 	noise: tex = <class 'numpy.ndarray'>
32.0334 	EXP 	noise: tex = <class 'numpy.ndarray'>
32.0807 	EXP 	noise: tex = <class 'numpy.ndarray'>
32.1271 	EXP 	noise: tex = <class 'numpy.ndarray'>
32.1774 	EXP 	noise: tex = <class 'numpy.ndarray'>
32.2287 	EXP 	noise: tex = <class 'numpy.ndarray'>
32.2784 	EXP 	noise: tex = <class 'numpy.ndarray'>
32.3286 	EXP 	noise: tex = <class 'numpy.ndarray'>
32.3805 	EXP 	noise: tex = <class 'numpy.ndarray'>
32.4297 	EXP 	noise: tex = <class 'numpy.ndarray'>
32.4798 	EXP 	noise: tex = <class 'numpy.ndarray'>
32.5320 	EXP 	noise: tex = <class 'numpy.ndarray'>
32.5794 	EXP 	noise: tex = <class 'numpy.ndarray'>
32.6272 	EXP 	noise: tex = <class 'numpy.ndarray'>
32.6763 	EXP 	noise: tex = <class 'numpy.ndarray'>
32.7248 	EXP 	noise: tex = <class 'numpy.ndarray'>
32.7757 	EXP 	noise: tex = <class 'numpy.ndarray'>
32.8373 	EXP 	noise: tex = <class 'numpy.ndarray'>
32.8952 	EXP 	noise: tex = <class 'numpy.ndarray'>
32.9579 	EXP 	noise: tex = <class 'numpy.ndarray'>
33.0172 	EXP 	noise: tex = <class 'numpy.ndarray'>
33.0823 	EXP 	noise: tex = <class 'numpy.ndarray'>
33.1345 	EXP 	noise: tex = <class 'numpy.ndarray'>
33.1912 	EXP 	noise: tex = <class 'numpy.ndarray'>
33.2419 	EXP 	noise: tex = <class 'numpy.ndarray'>
33.3040 	EXP 	noise: tex = <class 'numpy.ndarray'>
33.3505 	EXP 	noise: tex = <class 'numpy.ndarray'>
33.3946 	EXP 	noise: tex = <class 'numpy.ndarray'>
33.4439 	EXP 	noise: tex = <class 'numpy.ndarray'>
33.4915 	EXP 	noise: tex = <class 'numpy.ndarray'>
33.5414 	EXP 	noise: tex = <class 'numpy.ndarray'>
33.6034 	EXP 	noise: tex = <class 'numpy.ndarray'>
33.6513 	EXP 	noise: tex = <class 'numpy.ndarray'>
33.7080 	EXP 	noise: tex = <class 'numpy.ndarray'>
33.7698 	EXP 	noise: tex = <class 'numpy.ndarray'>
33.8151 	EXP 	noise: tex = <class 'numpy.ndarray'>
33.8775 	EXP 	noise: tex = <class 'numpy.ndarray'>
33.9283 	EXP 	noise: tex = <class 'numpy.ndarray'>
33.9784 	EXP 	noise: tex = <class 'numpy.ndarray'>
34.0265 	EXP 	noise: tex = <class 'numpy.ndarray'>
34.0880 	EXP 	noise: tex = <class 'numpy.ndarray'>
34.1332 	EXP 	noise: tex = <class 'numpy.ndarray'>
34.1831 	EXP 	noise: tex = <class 'numpy.ndarray'>
34.2444 	EXP 	noise: tex = <class 'numpy.ndarray'>
34.2946 	EXP 	noise: tex = <class 'numpy.ndarray'>
34.3468 	EXP 	noise: tex = <class 'numpy.ndarray'>
34.3947 	EXP 	noise: tex = <class 'numpy.ndarray'>
34.4542 	EXP 	noise: tex = <class 'numpy.ndarray'>
34.5080 	EXP 	noise: tex = <class 'numpy.ndarray'>
34.5597 	EXP 	noise: tex = <class 'numpy.ndarray'>
34.6088 	EXP 	noise: tex = <class 'numpy.ndarray'>
34.6691 	EXP 	noise: tex = <class 'numpy.ndarray'>
34.7246 	EXP 	noise: tex = <class 'numpy.ndarray'>
34.7749 	EXP 	noise: tex = <class 'numpy.ndarray'>
34.8258 	EXP 	noise: tex = <class 'numpy.ndarray'>
34.8748 	EXP 	noise: tex = <class 'numpy.ndarray'>
34.9247 	EXP 	noise: tex = <class 'numpy.ndarray'>
34.9747 	EXP 	noise: tex = <class 'numpy.ndarray'>
35.0249 	EXP 	noise: tex = <class 'numpy.ndarray'>
35.0752 	EXP 	noise: tex = <class 'numpy.ndarray'>
35.1284 	EXP 	noise: tex = <class 'numpy.ndarray'>
35.1778 	EXP 	noise: tex = <class 'numpy.ndarray'>
35.2287 	EXP 	noise: tex = <class 'numpy.ndarray'>
35.2805 	EXP 	noise: tex = <class 'numpy.ndarray'>
35.3440 	EXP 	noise: tex = <class 'numpy.ndarray'>
35.4080 	EXP 	noise: tex = <class 'numpy.ndarray'>
35.4595 	EXP 	noise: tex = <class 'numpy.ndarray'>
35.5111 	EXP 	noise: tex = <class 'numpy.ndarray'>
35.5635 	EXP 	noise: tex = <class 'numpy.ndarray'>
35.6111 	EXP 	noise: tex = <class 'numpy.ndarray'>
35.6622 	EXP 	noise: tex = <class 'numpy.ndarray'>
35.7080 	EXP 	noise: tex = <class 'numpy.ndarray'>
35.7581 	EXP 	noise: tex = <class 'numpy.ndarray'>
35.8085 	EXP 	noise: tex = <class 'numpy.ndarray'>
35.8587 	EXP 	noise: tex = <class 'numpy.ndarray'>
35.9193 	EXP 	noise: tex = <class 'numpy.ndarray'>
35.9745 	EXP 	noise: tex = <class 'numpy.ndarray'>
36.0249 	EXP 	noise: tex = <class 'numpy.ndarray'>
36.0747 	EXP 	noise: tex = <class 'numpy.ndarray'>
36.1258 	EXP 	noise: tex = <class 'numpy.ndarray'>
36.1882 	EXP 	noise: tex = <class 'numpy.ndarray'>
36.2347 	EXP 	noise: tex = <class 'numpy.ndarray'>
36.2916 	EXP 	noise: tex = <class 'numpy.ndarray'>
36.3414 	EXP 	noise: tex = <class 'numpy.ndarray'>
36.3928 	EXP 	noise: tex = <class 'numpy.ndarray'>
36.4415 	EXP 	noise: tex = <class 'numpy.ndarray'>
36.4917 	EXP 	noise: tex = <class 'numpy.ndarray'>
36.5439 	EXP 	noise: tex = <class 'numpy.ndarray'>
36.5946 	EXP 	noise: tex = <class 'numpy.ndarray'>
36.6470 	EXP 	noise: tex = <class 'numpy.ndarray'>
36.7002 	EXP 	noise: tex = <class 'numpy.ndarray'>
36.7470 	EXP 	noise: tex = <class 'numpy.ndarray'>
36.7928 	EXP 	noise: tex = <class 'numpy.ndarray'>
36.8416 	EXP 	noise: tex = <class 'numpy.ndarray'>
36.8916 	EXP 	noise: tex = <class 'numpy.ndarray'>
36.9414 	EXP 	noise: tex = <class 'numpy.ndarray'>
36.9914 	EXP 	noise: tex = <class 'numpy.ndarray'>
37.0440 	EXP 	noise: tex = <class 'numpy.ndarray'>
37.0935 	EXP 	noise: tex = <class 'numpy.ndarray'>
37.1439 	EXP 	noise: tex = <class 'numpy.ndarray'>
37.1960 	EXP 	noise: tex = <class 'numpy.ndarray'>
37.2423 	EXP 	noise: tex = <class 'numpy.ndarray'>
37.2916 	EXP 	noise: tex = <class 'numpy.ndarray'>
37.3427 	EXP 	noise: tex = <class 'numpy.ndarray'>
37.3925 	EXP 	noise: tex = <class 'numpy.ndarray'>
37.4462 	EXP 	noise: tex = <class 'numpy.ndarray'>
37.4928 	EXP 	noise: tex = <class 'numpy.ndarray'>
37.5416 	EXP 	noise: tex = <class 'numpy.ndarray'>
37.5929 	EXP 	noise: tex = <class 'numpy.ndarray'>
37.6414 	EXP 	noise: tex = <class 'numpy.ndarray'>
37.6912 	EXP 	noise: tex = <class 'numpy.ndarray'>
37.7433 	EXP 	noise: tex = <class 'numpy.ndarray'>
37.7911 	EXP 	noise: tex = <class 'numpy.ndarray'>
37.8544 	EXP 	noise: tex = <class 'numpy.ndarray'>
37.9081 	EXP 	noise: tex = <class 'numpy.ndarray'>
37.9591 	EXP 	noise: tex = <class 'numpy.ndarray'>
38.0207 	EXP 	noise: tex = <class 'numpy.ndarray'>
38.0746 	EXP 	noise: tex = <class 'numpy.ndarray'>
38.1249 	EXP 	noise: tex = <class 'numpy.ndarray'>
38.1769 	EXP 	noise: tex = <class 'numpy.ndarray'>
38.2264 	EXP 	noise: tex = <class 'numpy.ndarray'>
38.2876 	EXP 	noise: tex = <class 'numpy.ndarray'>
38.3493 	EXP 	noise: tex = <class 'numpy.ndarray'>
38.3970 	EXP 	noise: tex = <class 'numpy.ndarray'>
38.4446 	EXP 	noise: tex = <class 'numpy.ndarray'>
38.4952 	EXP 	noise: tex = <class 'numpy.ndarray'>
38.5420 	EXP 	noise: tex = <class 'numpy.ndarray'>
38.5931 	EXP 	noise: tex = <class 'numpy.ndarray'>
38.6440 	EXP 	noise: tex = <class 'numpy.ndarray'>
38.6944 	EXP 	noise: tex = <class 'numpy.ndarray'>
38.7488 	EXP 	noise: tex = <class 'numpy.ndarray'>
38.8045 	EXP 	noise: tex = <class 'numpy.ndarray'>
38.8588 	EXP 	noise: tex = <class 'numpy.ndarray'>
38.9080 	EXP 	noise: tex = <class 'numpy.ndarray'>
38.9581 	EXP 	noise: tex = <class 'numpy.ndarray'>
39.0083 	EXP 	noise: tex = <class 'numpy.ndarray'>
39.0580 	EXP 	noise: tex = <class 'numpy.ndarray'>
39.1189 	EXP 	noise: tex = <class 'numpy.ndarray'>
39.1746 	EXP 	noise: tex = <class 'numpy.ndarray'>
39.2249 	EXP 	noise: tex = <class 'numpy.ndarray'>
39.2780 	EXP 	noise: tex = <class 'numpy.ndarray'>
39.3265 	EXP 	noise: tex = <class 'numpy.ndarray'>
39.3787 	EXP 	noise: tex = <class 'numpy.ndarray'>
39.4255 	EXP 	noise: tex = <class 'numpy.ndarray'>
39.4748 	EXP 	noise: tex = <class 'numpy.ndarray'>
39.5254 	EXP 	noise: tex = <class 'numpy.ndarray'>
39.5769 	EXP 	noise: tex = <class 'numpy.ndarray'>
39.6286 	EXP 	noise: tex = <class 'numpy.ndarray'>
39.6816 	EXP 	noise: tex = <class 'numpy.ndarray'>
39.7315 	EXP 	noise: tex = <class 'numpy.ndarray'>
39.7909 	EXP 	noise: tex = <class 'numpy.ndarray'>
39.8414 	EXP 	noise: tex = <class 'numpy.ndarray'>
39.9041 	EXP 	noise: tex = <class 'numpy.ndarray'>
39.9618 	EXP 	noise: tex = <class 'numpy.ndarray'>
40.0097 	EXP 	noise: tex = <class 'numpy.ndarray'>
40.0584 	EXP 	noise: tex = <class 'numpy.ndarray'>
40.1080 	EXP 	noise: tex = <class 'numpy.ndarray'>
40.1580 	EXP 	noise: tex = <class 'numpy.ndarray'>
40.2095 	EXP 	noise: tex = <class 'numpy.ndarray'>
40.2636 	EXP 	noise: tex = <class 'numpy.ndarray'>
40.3114 	EXP 	noise: tex = <class 'numpy.ndarray'>
40.3632 	EXP 	noise: tex = <class 'numpy.ndarray'>
40.4156 	EXP 	noise: tex = <class 'numpy.ndarray'>
40.4634 	EXP 	noise: tex = <class 'numpy.ndarray'>
40.5149 	EXP 	noise: tex = <class 'numpy.ndarray'>
40.5622 	EXP 	noise: tex = <class 'numpy.ndarray'>
40.6114 	EXP 	noise: tex = <class 'numpy.ndarray'>
40.6600 	EXP 	noise: tex = <class 'numpy.ndarray'>
40.7101 	EXP 	noise: tex = <class 'numpy.ndarray'>
40.7630 	EXP 	noise: tex = <class 'numpy.ndarray'>
40.8144 	EXP 	noise: tex = <class 'numpy.ndarray'>
40.8772 	EXP 	noise: tex = <class 'numpy.ndarray'>
40.9291 	EXP 	noise: tex = <class 'numpy.ndarray'>
40.9794 	EXP 	noise: tex = <class 'numpy.ndarray'>
41.0322 	EXP 	noise: tex = <class 'numpy.ndarray'>
41.0786 	EXP 	noise: tex = <class 'numpy.ndarray'>
41.1312 	EXP 	noise: tex = <class 'numpy.ndarray'>
41.1816 	EXP 	noise: tex = <class 'numpy.ndarray'>
41.2409 	EXP 	noise: tex = <class 'numpy.ndarray'>
41.2912 	EXP 	noise: tex = <class 'numpy.ndarray'>
41.3517 	EXP 	noise: tex = <class 'numpy.ndarray'>
41.4008 	EXP 	noise: tex = <class 'numpy.ndarray'>
41.4578 	EXP 	noise: tex = <class 'numpy.ndarray'>
41.5087 	EXP 	noise: tex = <class 'numpy.ndarray'>
41.5580 	EXP 	noise: tex = <class 'numpy.ndarray'>
41.6222 	EXP 	noise: tex = <class 'numpy.ndarray'>
41.6747 	EXP 	noise: tex = <class 'numpy.ndarray'>
41.7272 	EXP 	noise: tex = <class 'numpy.ndarray'>
41.7761 	EXP 	noise: tex = <class 'numpy.ndarray'>
41.8383 	EXP 	noise: tex = <class 'numpy.ndarray'>
41.8911 	EXP 	noise: tex = <class 'numpy.ndarray'>
41.9443 	EXP 	noise: tex = <class 'numpy.ndarray'>
41.9939 	EXP 	noise: tex = <class 'numpy.ndarray'>
42.0550 	EXP 	noise: tex = <class 'numpy.ndarray'>
42.1080 	EXP 	noise: tex = <class 'numpy.ndarray'>
42.1581 	EXP 	noise: tex = <class 'numpy.ndarray'>
42.2098 	EXP 	noise: tex = <class 'numpy.ndarray'>
42.2721 	EXP 	noise: tex = <class 'numpy.ndarray'>
42.3333 	EXP 	noise: tex = <class 'numpy.ndarray'>
42.3373 	EXP 	New trial (rep=0, index=2): OrderedDict([('blobHeight', 0.1892), ('blobWidth', 0.37), ('mask', '$np.ones((512,512))'), ('sig', 0.01)])
42.3580 	EXP 	noise_0: autoDraw = False
42.3580 	EXP 	noise: autoDraw = False
42.3580 	EXP 	blob_0: autoDraw = False
42.3580 	EXP 	blob: autoDraw = False
42.3580 	EXP 	cursor: autoDraw = False
42.3580 	EXP 	start_trial_text: autoDraw = True
42.9425 	DATA 	Mouse: Left button down, pos=(554,396)
42.9634 	EXP 	window1: mouseVisible = 0
43.0211 	EXP 	start_trial_text: autoDraw = False
43.0211 	EXP 	blob_0: tex = <class 'numpy.ndarray'>
43.0211 	EXP 	blob: tex = <class 'numpy.ndarray'>
43.0211 	EXP 	noise_0: autoDraw = True
43.0211 	EXP 	noise_0: tex = <class 'numpy.ndarray'>
43.0211 	EXP 	blob_0: autoDraw = True
43.0211 	EXP 	cursor: autoDraw = True
43.0519 	DATA 	Mouse:  Left button up, pos=(720,450)
43.0747 	EXP 	noise_0: tex = <class 'numpy.ndarray'>
43.1247 	EXP 	noise_0: tex = <class 'numpy.ndarray'>
43.1888 	EXP 	noise_0: tex = <class 'numpy.ndarray'>
43.2486 	EXP 	noise_0: tex = <class 'numpy.ndarray'>
43.3079 	EXP 	noise_0: tex = <class 'numpy.ndarray'>
43.3676 	EXP 	noise_0: tex = <class 'numpy.ndarray'>
43.4245 	EXP 	noise_0: tex = <class 'numpy.ndarray'>
43.4875 	EXP 	noise_0: tex = <class 'numpy.ndarray'>
43.5777 	EXP 	noise_0: tex = <class 'numpy.ndarray'>
43.5777 	EXP 	noise: autoDraw = True
43.5777 	EXP 	noise: tex = <class 'numpy.ndarray'>
43.5777 	EXP 	blob: autoDraw = True
43.6270 	EXP 	noise_0: autoDraw = False
43.6270 	EXP 	noise: tex = <class 'numpy.ndarray'>
43.6270 	EXP 	blob_0: autoDraw = False
43.6802 	EXP 	noise: tex = <class 'numpy.ndarray'>
43.7271 	EXP 	noise: tex = <class 'numpy.ndarray'>
43.7792 	EXP 	noise: tex = <class 'numpy.ndarray'>
43.8306 	EXP 	noise: tex = <class 'numpy.ndarray'>
43.8777 	EXP 	noise: tex = <class 'numpy.ndarray'>
43.9249 	EXP 	noise: tex = <class 'numpy.ndarray'>
43.9779 	EXP 	noise: tex = <class 'numpy.ndarray'>
44.0288 	EXP 	noise: tex = <class 'numpy.ndarray'>
44.0755 	EXP 	noise: tex = <class 'numpy.ndarray'>
44.1248 	EXP 	noise: tex = <class 'numpy.ndarray'>
44.1860 	EXP 	noise: tex = <class 'numpy.ndarray'>
44.2475 	EXP 	noise: tex = <class 'numpy.ndarray'>
44.2964 	EXP 	noise: tex = <class 'numpy.ndarray'>
44.3432 	EXP 	noise: tex = <class 'numpy.ndarray'>
44.3913 	EXP 	noise: tex = <class 'numpy.ndarray'>
44.4449 	EXP 	noise: tex = <class 'numpy.ndarray'>
44.4971 	EXP 	noise: tex = <class 'numpy.ndarray'>
44.5476 	EXP 	noise: tex = <class 'numpy.ndarray'>
44.5947 	EXP 	noise: tex = <class 'numpy.ndarray'>
44.6474 	EXP 	noise: tex = <class 'numpy.ndarray'>
44.6993 	EXP 	noise: tex = <class 'numpy.ndarray'>
44.7507 	EXP 	noise: tex = <class 'numpy.ndarray'>
44.8165 	EXP 	noise: tex = <class 'numpy.ndarray'>
44.8668 	EXP 	noise: tex = <class 'numpy.ndarray'>
44.9135 	EXP 	noise: tex = <class 'numpy.ndarray'>
44.9608 	EXP 	noise: tex = <class 'numpy.ndarray'>
45.0137 	EXP 	noise: tex = <class 'numpy.ndarray'>
45.0610 	EXP 	noise: tex = <class 'numpy.ndarray'>
45.1136 	EXP 	noise: tex = <class 'numpy.ndarray'>
45.1667 	EXP 	noise: tex = <class 'numpy.ndarray'>
45.2244 	EXP 	noise: tex = <class 'numpy.ndarray'>
45.2888 	EXP 	noise: tex = <class 'numpy.ndarray'>
45.3412 	EXP 	noise: tex = <class 'numpy.ndarray'>
45.3930 	EXP 	noise: tex = <class 'numpy.ndarray'>
45.4417 	EXP 	noise: tex = <class 'numpy.ndarray'>
45.4914 	EXP 	noise: tex = <class 'numpy.ndarray'>
45.5443 	EXP 	noise: tex = <class 'numpy.ndarray'>
45.5930 	EXP 	noise: tex = <class 'numpy.ndarray'>
45.6434 	EXP 	noise: tex = <class 'numpy.ndarray'>
45.6950 	EXP 	noise: tex = <class 'numpy.ndarray'>
45.7481 	EXP 	noise: tex = <class 'numpy.ndarray'>
45.8002 	EXP 	noise: tex = <class 'numpy.ndarray'>
45.8606 	EXP 	noise: tex = <class 'numpy.ndarray'>
45.9131 	EXP 	noise: tex = <class 'numpy.ndarray'>
45.9639 	EXP 	noise: tex = <class 'numpy.ndarray'>
46.0105 	EXP 	noise: tex = <class 'numpy.ndarray'>
46.0663 	EXP 	noise: tex = <class 'numpy.ndarray'>
46.1269 	EXP 	noise: tex = <class 'numpy.ndarray'>
46.1749 	EXP 	noise: tex = <class 'numpy.ndarray'>
46.2244 	EXP 	noise: tex = <class 'numpy.ndarray'>
46.2781 	EXP 	noise: tex = <class 'numpy.ndarray'>
46.3257 	EXP 	noise: tex = <class 'numpy.ndarray'>
46.3745 	EXP 	noise: tex = <class 'numpy.ndarray'>
46.4254 	EXP 	noise: tex = <class 'numpy.ndarray'>
46.4746 	EXP 	noise: tex = <class 'numpy.ndarray'>
46.5247 	EXP 	noise: tex = <class 'numpy.ndarray'>
46.5746 	EXP 	noise: tex = <class 'numpy.ndarray'>
46.6264 	EXP 	noise: tex = <class 'numpy.ndarray'>
46.6874 	EXP 	noise: tex = <class 'numpy.ndarray'>
46.7409 	EXP 	noise: tex = <class 'numpy.ndarray'>
46.7915 	EXP 	noise: tex = <class 'numpy.ndarray'>
46.8417 	EXP 	noise: tex = <class 'numpy.ndarray'>
46.8924 	EXP 	noise: tex = <class 'numpy.ndarray'>
46.9412 	EXP 	noise: tex = <class 'numpy.ndarray'>
46.9912 	EXP 	noise: tex = <class 'numpy.ndarray'>
47.0421 	EXP 	noise: tex = <class 'numpy.ndarray'>
47.0936 	EXP 	noise: tex = <class 'numpy.ndarray'>
47.1465 	EXP 	noise: tex = <class 'numpy.ndarray'>
47.1977 	EXP 	noise: tex = <class 'numpy.ndarray'>
47.2605 	EXP 	noise: tex = <class 'numpy.ndarray'>
47.3086 	EXP 	noise: tex = <class 'numpy.ndarray'>
47.3625 	EXP 	noise: tex = <class 'numpy.ndarray'>
47.4104 	EXP 	noise: tex = <class 'numpy.ndarray'>
47.4642 	EXP 	noise: tex = <class 'numpy.ndarray'>
47.5134 	EXP 	noise: tex = <class 'numpy.ndarray'>
47.5607 	EXP 	noise: tex = <class 'numpy.ndarray'>
47.6080 	EXP 	noise: tex = <class 'numpy.ndarray'>
47.6578 	EXP 	noise: tex = <class 'numpy.ndarray'>
47.7078 	EXP 	noise: tex = <class 'numpy.ndarray'>
47.7577 	EXP 	noise: tex = <class 'numpy.ndarray'>
47.8079 	EXP 	noise: tex = <class 'numpy.ndarray'>
47.8581 	EXP 	noise: tex = <class 'numpy.ndarray'>
47.9090 	EXP 	noise: tex = <class 'numpy.ndarray'>
47.9581 	EXP 	noise: tex = <class 'numpy.ndarray'>
48.0200 	EXP 	noise: tex = <class 'numpy.ndarray'>
48.0742 	EXP 	noise: tex = <class 'numpy.ndarray'>
48.1246 	EXP 	noise: tex = <class 'numpy.ndarray'>
48.1746 	EXP 	noise: tex = <class 'numpy.ndarray'>
48.2247 	EXP 	noise: tex = <class 'numpy.ndarray'>
48.2745 	EXP 	noise: tex = <class 'numpy.ndarray'>
48.3255 	EXP 	noise: tex = <class 'numpy.ndarray'>
48.3790 	EXP 	noise: tex = <class 'numpy.ndarray'>
48.4282 	EXP 	noise: tex = <class 'numpy.ndarray'>
48.4749 	EXP 	noise: tex = <class 'numpy.ndarray'>
48.5273 	EXP 	noise: tex = <class 'numpy.ndarray'>
48.5807 	EXP 	noise: tex = <class 'numpy.ndarray'>
48.6302 	EXP 	noise: tex = <class 'numpy.ndarray'>
48.6819 	EXP 	noise: tex = <class 'numpy.ndarray'>
48.7294 	EXP 	noise: tex = <class 'numpy.ndarray'>
48.7809 	EXP 	noise: tex = <class 'numpy.ndarray'>
48.8289 	EXP 	noise: tex = <class 'numpy.ndarray'>
48.8823 	EXP 	noise: tex = <class 'numpy.ndarray'>
48.9291 	EXP 	noise: tex = <class 'numpy.ndarray'>
48.9759 	EXP 	noise: tex = <class 'numpy.ndarray'>
49.0284 	EXP 	noise: tex = <class 'numpy.ndarray'>
49.0805 	EXP 	noise: tex = <class 'numpy.ndarray'>
49.1438 	EXP 	noise: tex = <class 'numpy.ndarray'>
49.1962 	EXP 	noise: tex = <class 'numpy.ndarray'>
49.2461 	EXP 	noise: tex = <class 'numpy.ndarray'>
49.3107 	EXP 	noise: tex = <class 'numpy.ndarray'>
49.3598 	EXP 	noise: tex = <class 'numpy.ndarray'>
49.4135 	EXP 	noise: tex = <class 'numpy.ndarray'>
49.4632 	EXP 	noise: tex = <class 'numpy.ndarray'>
49.5146 	EXP 	noise: tex = <class 'numpy.ndarray'>
49.5660 	EXP 	noise: tex = <class 'numpy.ndarray'>
49.6143 	EXP 	noise: tex = <class 'numpy.ndarray'>
49.6636 	EXP 	noise: tex = <class 'numpy.ndarray'>
49.7146 	EXP 	noise: tex = <class 'numpy.ndarray'>
49.7647 	EXP 	noise: tex = <class 'numpy.ndarray'>
49.8127 	EXP 	noise: tex = <class 'numpy.ndarray'>
49.8603 	EXP 	noise: tex = <class 'numpy.ndarray'>
49.9107 	EXP 	noise: tex = <class 'numpy.ndarray'>
49.9626 	EXP 	noise: tex = <class 'numpy.ndarray'>
50.0138 	EXP 	noise: tex = <class 'numpy.ndarray'>
50.0772 	EXP 	noise: tex = <class 'numpy.ndarray'>
50.1243 	EXP 	noise: tex = <class 'numpy.ndarray'>
50.1755 	EXP 	noise: tex = <class 'numpy.ndarray'>
50.2296 	EXP 	noise: tex = <class 'numpy.ndarray'>
50.2751 	EXP 	noise: tex = <class 'numpy.ndarray'>
50.3248 	EXP 	noise: tex = <class 'numpy.ndarray'>
50.3771 	EXP 	noise: tex = <class 'numpy.ndarray'>
50.4289 	EXP 	noise: tex = <class 'numpy.ndarray'>
50.4777 	EXP 	noise: tex = <class 'numpy.ndarray'>
50.5316 	EXP 	noise: tex = <class 'numpy.ndarray'>
50.5784 	EXP 	noise: tex = <class 'numpy.ndarray'>
50.6245 	EXP 	noise: tex = <class 'numpy.ndarray'>
50.6851 	EXP 	noise: tex = <class 'numpy.ndarray'>
50.7409 	EXP 	noise: tex = <class 'numpy.ndarray'>
50.7912 	EXP 	noise: tex = <class 'numpy.ndarray'>
50.8414 	EXP 	noise: tex = <class 'numpy.ndarray'>
50.8932 	EXP 	noise: tex = <class 'numpy.ndarray'>
50.9411 	EXP 	noise: tex = <class 'numpy.ndarray'>
50.9924 	EXP 	noise: tex = <class 'numpy.ndarray'>
51.0410 	EXP 	noise: tex = <class 'numpy.ndarray'>
51.0909 	EXP 	noise: tex = <class 'numpy.ndarray'>
51.1410 	EXP 	noise: tex = <class 'numpy.ndarray'>
51.1912 	EXP 	noise: tex = <class 'numpy.ndarray'>
51.2409 	EXP 	noise: tex = <class 'numpy.ndarray'>
51.2910 	EXP 	noise: tex = <class 'numpy.ndarray'>
51.3428 	EXP 	noise: tex = <class 'numpy.ndarray'>
51.3919 	EXP 	noise: tex = <class 'numpy.ndarray'>
51.4416 	EXP 	noise: tex = <class 'numpy.ndarray'>
51.4912 	EXP 	noise: tex = <class 'numpy.ndarray'>
51.5421 	EXP 	noise: tex = <class 'numpy.ndarray'>
51.5932 	EXP 	noise: tex = <class 'numpy.ndarray'>
51.6433 	EXP 	noise: tex = <class 'numpy.ndarray'>
51.6947 	EXP 	noise: tex = <class 'numpy.ndarray'>
51.7416 	EXP 	noise: tex = <class 'numpy.ndarray'>
51.7911 	EXP 	noise: tex = <class 'numpy.ndarray'>
51.8409 	EXP 	noise: tex = <class 'numpy.ndarray'>
51.8946 	EXP 	noise: tex = <class 'numpy.ndarray'>
51.9499 	EXP 	noise: tex = <class 'numpy.ndarray'>
52.0053 	EXP 	noise: tex = <class 'numpy.ndarray'>
52.0579 	EXP 	noise: tex = <class 'numpy.ndarray'>
52.1192 	EXP 	noise: tex = <class 'numpy.ndarray'>
52.1744 	EXP 	noise: tex = <class 'numpy.ndarray'>
52.2377 	EXP 	noise: tex = <class 'numpy.ndarray'>
52.3011 	EXP 	noise: tex = <class 'numpy.ndarray'>
52.3688 	EXP 	noise: tex = <class 'numpy.ndarray'>
52.4177 	EXP 	noise: tex = <class 'numpy.ndarray'>
52.4660 	EXP 	noise: tex = <class 'numpy.ndarray'>
52.5125 	EXP 	noise: tex = <class 'numpy.ndarray'>
52.5595 	EXP 	noise: tex = <class 'numpy.ndarray'>
52.6158 	EXP 	noise: tex = <class 'numpy.ndarray'>
52.6750 	EXP 	noise: tex = <class 'numpy.ndarray'>
52.7248 	EXP 	noise: tex = <class 'numpy.ndarray'>
52.7757 	EXP 	noise: tex = <class 'numpy.ndarray'>
52.8245 	EXP 	noise: tex = <class 'numpy.ndarray'>
52.8874 	EXP 	noise: tex = <class 'numpy.ndarray'>
52.9351 	EXP 	noise: tex = <class 'numpy.ndarray'>
52.9908 	EXP 	noise: tex = <class 'numpy.ndarray'>
53.0414 	EXP 	noise: tex = <class 'numpy.ndarray'>
53.0912 	EXP 	noise: tex = <class 'numpy.ndarray'>
53.1520 	EXP 	noise: tex = <class 'numpy.ndarray'>
53.2008 	EXP 	noise: tex = <class 'numpy.ndarray'>
53.2461 	EXP 	noise: tex = <class 'numpy.ndarray'>
53.2987 	EXP 	noise: tex = <class 'numpy.ndarray'>
53.3605 	EXP 	noise: tex = <class 'numpy.ndarray'>
53.4110 	EXP 	noise: tex = <class 'numpy.ndarray'>
53.4638 	EXP 	noise: tex = <class 'numpy.ndarray'>
53.5274 	EXP 	noise: tex = <class 'numpy.ndarray'>
53.5744 	EXP 	noise: tex = <class 'numpy.ndarray'>
53.6284 	EXP 	noise: tex = <class 'numpy.ndarray'>
53.6774 	EXP 	noise: tex = <class 'numpy.ndarray'>
53.7289 	EXP 	noise: tex = <class 'numpy.ndarray'>
53.7772 	EXP 	noise: tex = <class 'numpy.ndarray'>
53.8243 	EXP 	noise: tex = <class 'numpy.ndarray'>
53.8745 	EXP 	noise: tex = <class 'numpy.ndarray'>
53.9245 	EXP 	noise: tex = <class 'numpy.ndarray'>
53.9752 	EXP 	noise: tex = <class 'numpy.ndarray'>
54.0260 	EXP 	noise: tex = <class 'numpy.ndarray'>
54.0784 	EXP 	noise: tex = <class 'numpy.ndarray'>
54.1289 	EXP 	noise: tex = <class 'numpy.ndarray'>
54.1788 	EXP 	noise: tex = <class 'numpy.ndarray'>
54.2257 	EXP 	noise: tex = <class 'numpy.ndarray'>
54.2760 	EXP 	noise: tex = <class 'numpy.ndarray'>
54.3276 	EXP 	noise: tex = <class 'numpy.ndarray'>
54.3783 	EXP 	noise: tex = <class 'numpy.ndarray'>
54.4253 	EXP 	noise: tex = <class 'numpy.ndarray'>
54.4795 	EXP 	noise: tex = <class 'numpy.ndarray'>
54.5282 	EXP 	noise: tex = <class 'numpy.ndarray'>
54.5940 	EXP 	noise: tex = <class 'numpy.ndarray'>
54.6432 	EXP 	noise: tex = <class 'numpy.ndarray'>
54.6967 	EXP 	noise: tex = <class 'numpy.ndarray'>
54.7604 	EXP 	noise: tex = <class 'numpy.ndarray'>
54.8117 	EXP 	noise: tex = <class 'numpy.ndarray'>
54.8686 	EXP 	noise: tex = <class 'numpy.ndarray'>
54.9211 	EXP 	noise: tex = <class 'numpy.ndarray'>
54.9744 	EXP 	noise: tex = <class 'numpy.ndarray'>
55.0244 	EXP 	noise: tex = <class 'numpy.ndarray'>
55.0744 	EXP 	noise: tex = <class 'numpy.ndarray'>
55.1246 	EXP 	noise: tex = <class 'numpy.ndarray'>
55.1892 	EXP 	noise: tex = <class 'numpy.ndarray'>
55.2411 	EXP 	noise: tex = <class 'numpy.ndarray'>
55.2912 	EXP 	noise: tex = <class 'numpy.ndarray'>
55.3410 	EXP 	noise: tex = <class 'numpy.ndarray'>
55.3913 	EXP 	noise: tex = <class 'numpy.ndarray'>
55.4539 	EXP 	noise: tex = <class 'numpy.ndarray'>
55.5080 	EXP 	noise: tex = <class 'numpy.ndarray'>
55.5680 	EXP 	noise: tex = <class 'numpy.ndarray'>
55.6249 	EXP 	noise: tex = <class 'numpy.ndarray'>
55.6747 	EXP 	noise: tex = <class 'numpy.ndarray'>
55.7261 	EXP 	noise: tex = <class 'numpy.ndarray'>
55.7810 	EXP 	noise: tex = <class 'numpy.ndarray'>
55.8323 	EXP 	noise: tex = <class 'numpy.ndarray'>
55.8938 	EXP 	noise: tex = <class 'numpy.ndarray'>
55.9427 	EXP 	noise: tex = <class 'numpy.ndarray'>
55.9941 	EXP 	noise: tex = <class 'numpy.ndarray'>
56.0440 	EXP 	noise: tex = <class 'numpy.ndarray'>
56.0948 	EXP 	noise: tex = <class 'numpy.ndarray'>
56.1461 	EXP 	noise: tex = <class 'numpy.ndarray'>
56.1929 	EXP 	noise: tex = <class 'numpy.ndarray'>
56.2410 	EXP 	noise: tex = <class 'numpy.ndarray'>
56.2910 	EXP 	noise: tex = <class 'numpy.ndarray'>
56.3436 	EXP 	noise: tex = <class 'numpy.ndarray'>
56.3912 	EXP 	noise: tex = <class 'numpy.ndarray'>
56.4569 	EXP 	noise: tex = <class 'numpy.ndarray'>
56.5080 	EXP 	noise: tex = <class 'numpy.ndarray'>
56.5577 	EXP 	noise: tex = <class 'numpy.ndarray'>
56.6104 	EXP 	noise: tex = <class 'numpy.ndarray'>
56.6627 	EXP 	noise: tex = <class 'numpy.ndarray'>
56.7102 	EXP 	noise: tex = <class 'numpy.ndarray'>
56.7611 	EXP 	noise: tex = <class 'numpy.ndarray'>
56.8152 	EXP 	noise: tex = <class 'numpy.ndarray'>
56.8651 	EXP 	noise: tex = <class 'numpy.ndarray'>
56.9150 	EXP 	noise: tex = <class 'numpy.ndarray'>
56.9625 	EXP 	noise: tex = <class 'numpy.ndarray'>
57.0101 	EXP 	noise: tex = <class 'numpy.ndarray'>
57.0607 	EXP 	noise: tex = <class 'numpy.ndarray'>
57.1123 	EXP 	noise: tex = <class 'numpy.ndarray'>
57.1605 	EXP 	noise: tex = <class 'numpy.ndarray'>
57.2130 	EXP 	noise: tex = <class 'numpy.ndarray'>
57.2590 	EXP 	noise: tex = <class 'numpy.ndarray'>
57.3212 	EXP 	noise: tex = <class 'numpy.ndarray'>
57.3852 	EXP 	noise: tex = <class 'numpy.ndarray'>
57.4327 	EXP 	noise: tex = <class 'numpy.ndarray'>
57.4799 	EXP 	noise: tex = <class 'numpy.ndarray'>
57.5284 	EXP 	noise: tex = <class 'numpy.ndarray'>
57.5750 	EXP 	noise: tex = <class 'numpy.ndarray'>
57.6259 	EXP 	noise: tex = <class 'numpy.ndarray'>
57.6760 	EXP 	noise: tex = <class 'numpy.ndarray'>
57.7243 	EXP 	noise: tex = <class 'numpy.ndarray'>
57.7748 	EXP 	noise: tex = <class 'numpy.ndarray'>
57.8248 	EXP 	noise: tex = <class 'numpy.ndarray'>
57.8754 	EXP 	noise: tex = <class 'numpy.ndarray'>
57.9373 	EXP 	noise: tex = <class 'numpy.ndarray'>
58.0043 	EXP 	noise: tex = <class 'numpy.ndarray'>
58.0577 	EXP 	noise: tex = <class 'numpy.ndarray'>
58.1181 	EXP 	noise: tex = <class 'numpy.ndarray'>
58.1769 	EXP 	noise: tex = <class 'numpy.ndarray'>
58.2303 	EXP 	noise: tex = <class 'numpy.ndarray'>
58.2812 	EXP 	noise: tex = <class 'numpy.ndarray'>
58.3434 	EXP 	noise: tex = <class 'numpy.ndarray'>
58.3949 	EXP 	noise: tex = <class 'numpy.ndarray'>
58.4490 	EXP 	noise: tex = <class 'numpy.ndarray'>
58.4535 	EXP 	New trial (rep=0, index=3): OrderedDict([('blobHeight', 0.4188), ('blobWidth', 0.17), ('mask', '$np.ones((512,512))'), ('sig', 0.01)])
58.4747 	EXP 	noise_0: autoDraw = False
58.4747 	EXP 	noise: autoDraw = False
58.4747 	EXP 	blob_0: autoDraw = False
58.4747 	EXP 	blob: autoDraw = False
58.4747 	EXP 	cursor: autoDraw = False
58.4747 	EXP 	start_trial_text: autoDraw = True
59.0943 	DATA 	Mouse: Left button down, pos=(562,714)
59.1246 	EXP 	window1: mouseVisible = 0
59.1590 	DATA 	Mouse:  Left button up, pos=(720,450)
59.1875 	EXP 	start_trial_text: autoDraw = False
59.1875 	EXP 	blob_0: tex = <class 'numpy.ndarray'>
59.1875 	EXP 	blob: tex = <class 'numpy.ndarray'>
59.1875 	EXP 	noise_0: autoDraw = True
59.1875 	EXP 	noise_0: tex = <class 'numpy.ndarray'>
59.1875 	EXP 	blob_0: autoDraw = True
59.1875 	EXP 	cursor: autoDraw = True
59.2338 	EXP 	noise_0: tex = <class 'numpy.ndarray'>
59.2828 	EXP 	noise_0: tex = <class 'numpy.ndarray'>
59.3436 	EXP 	noise_0: tex = <class 'numpy.ndarray'>
59.3927 	EXP 	noise_0: tex = <class 'numpy.ndarray'>
59.4434 	EXP 	noise_0: tex = <class 'numpy.ndarray'>
59.5003 	EXP 	noise_0: tex = <class 'numpy.ndarray'>
59.5596 	EXP 	noise_0: tex = <class 'numpy.ndarray'>
59.6092 	EXP 	noise_0: tex = <class 'numpy.ndarray'>
59.7055 	EXP 	noise_0: tex = <class 'numpy.ndarray'>
59.7055 	EXP 	noise: autoDraw = True
59.7055 	EXP 	noise: tex = <class 'numpy.ndarray'>
59.7055 	EXP 	blob: autoDraw = True
59.7679 	EXP 	noise_0: autoDraw = False
59.7679 	EXP 	noise: tex = <class 'numpy.ndarray'>
59.7679 	EXP 	blob_0: autoDraw = False
59.8243 	EXP 	noise: tex = <class 'numpy.ndarray'>
59.8881 	EXP 	noise: tex = <class 'numpy.ndarray'>
59.9521 	EXP 	noise: tex = <class 'numpy.ndarray'>
60.0107 	EXP 	noise: tex = <class 'numpy.ndarray'>
60.0624 	EXP 	noise: tex = <class 'numpy.ndarray'>
60.1140 	EXP 	noise: tex = <class 'numpy.ndarray'>
60.1603 	EXP 	noise: tex = <class 'numpy.ndarray'>
60.2109 	EXP 	noise: tex = <class 'numpy.ndarray'>
60.2736 	EXP 	noise: tex = <class 'numpy.ndarray'>
60.3245 	EXP 	noise: tex = <class 'numpy.ndarray'>
60.3758 	EXP 	noise: tex = <class 'numpy.ndarray'>
60.4242 	EXP 	noise: tex = <class 'numpy.ndarray'>
60.4779 	EXP 	noise: tex = <class 'numpy.ndarray'>
60.5309 	EXP 	noise: tex = <class 'numpy.ndarray'>
60.5803 	EXP 	noise: tex = <class 'numpy.ndarray'>
60.6436 	EXP 	noise: tex = <class 'numpy.ndarray'>
60.6934 	EXP 	noise: tex = <class 'numpy.ndarray'>
60.7490 	EXP 	noise: tex = <class 'numpy.ndarray'>
60.8026 	EXP 	noise: tex = <class 'numpy.ndarray'>
60.8490 	EXP 	noise: tex = <class 'numpy.ndarray'>
60.8993 	EXP 	noise: tex = <class 'numpy.ndarray'>
60.9476 	EXP 	noise: tex = <class 'numpy.ndarray'>
60.9969 	EXP 	noise: tex = <class 'numpy.ndarray'>
61.0473 	EXP 	noise: tex = <class 'numpy.ndarray'>
61.0967 	EXP 	noise: tex = <class 'numpy.ndarray'>
61.1603 	EXP 	noise: tex = <class 'numpy.ndarray'>
61.2097 	EXP 	noise: tex = <class 'numpy.ndarray'>
61.2591 	EXP 	noise: tex = <class 'numpy.ndarray'>
61.3241 	EXP 	noise: tex = <class 'numpy.ndarray'>
61.3776 	EXP 	noise: tex = <class 'numpy.ndarray'>
61.4266 	EXP 	noise: tex = <class 'numpy.ndarray'>
61.4760 	EXP 	noise: tex = <class 'numpy.ndarray'>
61.5274 	EXP 	noise: tex = <class 'numpy.ndarray'>
61.5772 	EXP 	noise: tex = <class 'numpy.ndarray'>
61.6302 	EXP 	noise: tex = <class 'numpy.ndarray'>
61.6828 	EXP 	noise: tex = <class 'numpy.ndarray'>
61.7324 	EXP 	noise: tex = <class 'numpy.ndarray'>
61.7910 	EXP 	noise: tex = <class 'numpy.ndarray'>
61.8411 	EXP 	noise: tex = <class 'numpy.ndarray'>
61.9029 	EXP 	noise: tex = <class 'numpy.ndarray'>
61.9493 	EXP 	noise: tex = <class 'numpy.ndarray'>
61.9986 	EXP 	noise: tex = <class 'numpy.ndarray'>
62.0604 	EXP 	noise: tex = <class 'numpy.ndarray'>
62.1142 	EXP 	noise: tex = <class 'numpy.ndarray'>
62.1627 	EXP 	noise: tex = <class 'numpy.ndarray'>
62.2133 	EXP 	noise: tex = <class 'numpy.ndarray'>
62.2622 	EXP 	noise: tex = <class 'numpy.ndarray'>
62.3126 	EXP 	noise: tex = <class 'numpy.ndarray'>
62.3614 	EXP 	noise: tex = <class 'numpy.ndarray'>
62.4107 	EXP 	noise: tex = <class 'numpy.ndarray'>
62.4639 	EXP 	noise: tex = <class 'numpy.ndarray'>
62.5136 	EXP 	noise: tex = <class 'numpy.ndarray'>
62.5640 	EXP 	noise: tex = <class 'numpy.ndarray'>
62.6136 	EXP 	noise: tex = <class 'numpy.ndarray'>
62.6616 	EXP 	noise: tex = <class 'numpy.ndarray'>
62.7126 	EXP 	noise: tex = <class 'numpy.ndarray'>
62.7651 	EXP 	noise: tex = <class 'numpy.ndarray'>
62.8138 	EXP 	noise: tex = <class 'numpy.ndarray'>
62.8672 	EXP 	noise: tex = <class 'numpy.ndarray'>
62.9241 	EXP 	noise: tex = <class 'numpy.ndarray'>
62.9743 	EXP 	noise: tex = <class 'numpy.ndarray'>
63.0263 	EXP 	noise: tex = <class 'numpy.ndarray'>
63.0744 	EXP 	noise: tex = <class 'numpy.ndarray'>
63.1252 	EXP 	noise: tex = <class 'numpy.ndarray'>
63.1875 	EXP 	noise: tex = <class 'numpy.ndarray'>
63.2409 	EXP 	noise: tex = <class 'numpy.ndarray'>
63.2928 	EXP 	noise: tex = <class 'numpy.ndarray'>
63.3557 	EXP 	noise: tex = <class 'numpy.ndarray'>
63.4079 	EXP 	noise: tex = <class 'numpy.ndarray'>
63.4679 	EXP 	noise: tex = <class 'numpy.ndarray'>
63.5168 	EXP 	noise: tex = <class 'numpy.ndarray'>
63.5655 	EXP 	noise: tex = <class 'numpy.ndarray'>
63.6174 	EXP 	noise: tex = <class 'numpy.ndarray'>
63.6741 	EXP 	noise: tex = <class 'numpy.ndarray'>
63.7245 	EXP 	noise: tex = <class 'numpy.ndarray'>
63.7742 	EXP 	noise: tex = <class 'numpy.ndarray'>
63.8369 	EXP 	noise: tex = <class 'numpy.ndarray'>
63.8911 	EXP 	noise: tex = <class 'numpy.ndarray'>
63.9411 	EXP 	noise: tex = <class 'numpy.ndarray'>
63.9917 	EXP 	noise: tex = <class 'numpy.ndarray'>
64.0410 	EXP 	noise: tex = <class 'numpy.ndarray'>
64.1013 	EXP 	noise: tex = <class 'numpy.ndarray'>
64.1571 	EXP 	noise: tex = <class 'numpy.ndarray'>
64.2087 	EXP 	noise: tex = <class 'numpy.ndarray'>
64.2713 	EXP 	noise: tex = <class 'numpy.ndarray'>
64.3240 	EXP 	noise: tex = <class 'numpy.ndarray'>
64.3755 	EXP 	noise: tex = <class 'numpy.ndarray'>
64.4249 	EXP 	noise: tex = <class 'numpy.ndarray'>
64.4743 	EXP 	noise: tex = <class 'numpy.ndarray'>
64.5270 	EXP 	noise: tex = <class 'numpy.ndarray'>
64.5786 	EXP 	noise: tex = <class 'numpy.ndarray'>
64.6435 	EXP 	noise: tex = <class 'numpy.ndarray'>
64.6944 	EXP 	noise: tex = <class 'numpy.ndarray'>
64.7407 	EXP 	noise: tex = <class 'numpy.ndarray'>
64.7911 	EXP 	noise: tex = <class 'numpy.ndarray'>
64.8514 	EXP 	noise: tex = <class 'numpy.ndarray'>
64.9110 	EXP 	noise: tex = <class 'numpy.ndarray'>
64.9739 	EXP 	noise: tex = <class 'numpy.ndarray'>
65.0247 	EXP 	noise: tex = <class 'numpy.ndarray'>
65.0872 	EXP 	noise: tex = <class 'numpy.ndarray'>
65.1341 	EXP 	noise: tex = <class 'numpy.ndarray'>
65.1906 	EXP 	noise: tex = <class 'numpy.ndarray'>
65.2433 	EXP 	noise: tex = <class 'numpy.ndarray'>
65.2928 	EXP 	noise: tex = <class 'numpy.ndarray'>
65.3411 	EXP 	noise: tex = <class 'numpy.ndarray'>
65.3911 	EXP 	noise: tex = <class 'numpy.ndarray'>
65.4444 	EXP 	noise: tex = <class 'numpy.ndarray'>
65.4978 	EXP 	noise: tex = <class 'numpy.ndarray'>
65.5602 	EXP 	noise: tex = <class 'numpy.ndarray'>
65.6095 	EXP 	noise: tex = <class 'numpy.ndarray'>
65.6597 	EXP 	noise: tex = <class 'numpy.ndarray'>
65.7088 	EXP 	noise: tex = <class 'numpy.ndarray'>
65.7718 	EXP 	noise: tex = <class 'numpy.ndarray'>
65.8243 	EXP 	noise: tex = <class 'numpy.ndarray'>
65.8772 	EXP 	noise: tex = <class 'numpy.ndarray'>
65.9272 	EXP 	noise: tex = <class 'numpy.ndarray'>
65.9761 	EXP 	noise: tex = <class 'numpy.ndarray'>
66.0274 	EXP 	noise: tex = <class 'numpy.ndarray'>
66.0835 	EXP 	noise: tex = <class 'numpy.ndarray'>
66.1379 	EXP 	noise: tex = <class 'numpy.ndarray'>
66.1912 	EXP 	noise: tex = <class 'numpy.ndarray'>
66.2438 	EXP 	noise: tex = <class 'numpy.ndarray'>
66.2970 	EXP 	noise: tex = <class 'numpy.ndarray'>
66.3506 	EXP 	noise: tex = <class 'numpy.ndarray'>
66.4042 	EXP 	noise: tex = <class 'numpy.ndarray'>
66.4575 	EXP 	noise: tex = <class 'numpy.ndarray'>
66.5074 	EXP 	noise: tex = <class 'numpy.ndarray'>
66.5596 	EXP 	noise: tex = <class 'numpy.ndarray'>
66.6108 	EXP 	noise: tex = <class 'numpy.ndarray'>
66.6769 	EXP 	noise: tex = <class 'numpy.ndarray'>
66.7242 	EXP 	noise: tex = <class 'numpy.ndarray'>
66.7879 	EXP 	noise: tex = <class 'numpy.ndarray'>
66.8409 	EXP 	noise: tex = <class 'numpy.ndarray'>
66.9047 	EXP 	noise: tex = <class 'numpy.ndarray'>
66.9577 	EXP 	noise: tex = <class 'numpy.ndarray'>
67.0076 	EXP 	noise: tex = <class 'numpy.ndarray'>
67.0693 	EXP 	noise: tex = <class 'numpy.ndarray'>
67.1239 	EXP 	noise: tex = <class 'numpy.ndarray'>
67.1747 	EXP 	noise: tex = <class 'numpy.ndarray'>
67.2281 	EXP 	noise: tex = <class 'numpy.ndarray'>
67.2937 	EXP 	noise: tex = <class 'numpy.ndarray'>
67.3412 	EXP 	noise: tex = <class 'numpy.ndarray'>
67.4044 	EXP 	noise: tex = <class 'numpy.ndarray'>
67.4664 	EXP 	noise: tex = <class 'numpy.ndarray'>
67.5169 	EXP 	noise: tex = <class 'numpy.ndarray'>
67.5661 	EXP 	noise: tex = <class 'numpy.ndarray'>
67.6161 	EXP 	noise: tex = <class 'numpy.ndarray'>
67.6768 	EXP 	noise: tex = <class 'numpy.ndarray'>
67.7281 	EXP 	noise: tex = <class 'numpy.ndarray'>
67.7834 	EXP 	noise: tex = <class 'numpy.ndarray'>
67.8426 	EXP 	noise: tex = <class 'numpy.ndarray'>
67.9044 	EXP 	noise: tex = <class 'numpy.ndarray'>
67.9575 	EXP 	noise: tex = <class 'numpy.ndarray'>
68.0076 	EXP 	noise: tex = <class 'numpy.ndarray'>
68.0577 	EXP 	noise: tex = <class 'numpy.ndarray'>
68.1077 	EXP 	noise: tex = <class 'numpy.ndarray'>
68.1709 	EXP 	noise: tex = <class 'numpy.ndarray'>
68.2324 	EXP 	noise: tex = <class 'numpy.ndarray'>
68.2807 	EXP 	noise: tex = <class 'numpy.ndarray'>
68.3317 	EXP 	noise: tex = <class 'numpy.ndarray'>
68.3808 	EXP 	noise: tex = <class 'numpy.ndarray'>
68.4304 	EXP 	noise: tex = <class 'numpy.ndarray'>
68.4933 	EXP 	noise: tex = <class 'numpy.ndarray'>
68.5409 	EXP 	noise: tex = <class 'numpy.ndarray'>
68.5909 	EXP 	noise: tex = <class 'numpy.ndarray'>
68.6409 	EXP 	noise: tex = <class 'numpy.ndarray'>
68.6935 	EXP 	noise: tex = <class 'numpy.ndarray'>
68.7419 	EXP 	noise: tex = <class 'numpy.ndarray'>
68.7921 	EXP 	noise: tex = <class 'numpy.ndarray'>
68.8416 	EXP 	noise: tex = <class 'numpy.ndarray'>
68.8915 	EXP 	noise: tex = <class 'numpy.ndarray'>
68.9417 	EXP 	noise: tex = <class 'numpy.ndarray'>
69.0052 	EXP 	noise: tex = <class 'numpy.ndarray'>
69.0694 	EXP 	noise: tex = <class 'numpy.ndarray'>
69.1241 	EXP 	noise: tex = <class 'numpy.ndarray'>
69.1759 	EXP 	noise: tex = <class 'numpy.ndarray'>
69.2385 	EXP 	noise: tex = <class 'numpy.ndarray'>
69.2998 	EXP 	noise: tex = <class 'numpy.ndarray'>
69.3576 	EXP 	noise: tex = <class 'numpy.ndarray'>
69.4094 	EXP 	noise: tex = <class 'numpy.ndarray'>
69.4577 	EXP 	noise: tex = <class 'numpy.ndarray'>
69.5077 	EXP 	noise: tex = <class 'numpy.ndarray'>
69.5577 	EXP 	noise: tex = <class 'numpy.ndarray'>
69.6105 	EXP 	noise: tex = <class 'numpy.ndarray'>
69.6578 	EXP 	noise: tex = <class 'numpy.ndarray'>
69.7114 	EXP 	noise: tex = <class 'numpy.ndarray'>
69.7644 	EXP 	noise: tex = <class 'numpy.ndarray'>
69.8240 	EXP 	noise: tex = <class 'numpy.ndarray'>
69.8759 	EXP 	noise: tex = <class 'numpy.ndarray'>
69.9251 	EXP 	noise: tex = <class 'numpy.ndarray'>
69.9746 	EXP 	noise: tex = <class 'numpy.ndarray'>
70.0375 	EXP 	noise: tex = <class 'numpy.ndarray'>
70.0909 	EXP 	noise: tex = <class 'numpy.ndarray'>
70.1423 	EXP 	noise: tex = <class 'numpy.ndarray'>
70.1909 	EXP 	noise: tex = <class 'numpy.ndarray'>
70.2554 	EXP 	noise: tex = <class 'numpy.ndarray'>
70.3073 	EXP 	noise: tex = <class 'numpy.ndarray'>
70.3575 	EXP 	noise: tex = <class 'numpy.ndarray'>
70.4073 	EXP 	noise: tex = <class 'numpy.ndarray'>
70.4706 	EXP 	noise: tex = <class 'numpy.ndarray'>
70.5336 	EXP 	noise: tex = <class 'numpy.ndarray'>
70.6014 	EXP 	noise: tex = <class 'numpy.ndarray'>
70.6572 	EXP 	noise: tex = <class 'numpy.ndarray'>
70.7073 	EXP 	noise: tex = <class 'numpy.ndarray'>
70.7600 	EXP 	noise: tex = <class 'numpy.ndarray'>
70.8075 	EXP 	noise: tex = <class 'numpy.ndarray'>
70.8590 	EXP 	noise: tex = <class 'numpy.ndarray'>
70.9113 	EXP 	noise: tex = <class 'numpy.ndarray'>
70.9644 	EXP 	noise: tex = <class 'numpy.ndarray'>
71.0172 	EXP 	noise: tex = <class 'numpy.ndarray'>
71.0768 	EXP 	noise: tex = <class 'numpy.ndarray'>
71.1272 	EXP 	noise: tex = <class 'numpy.ndarray'>
71.1811 	EXP 	noise: tex = <class 'numpy.ndarray'>
71.2309 	EXP 	noise: tex = <class 'numpy.ndarray'>
71.2796 	EXP 	noise: tex = <class 'numpy.ndarray'>
71.3307 	EXP 	noise: tex = <class 'numpy.ndarray'>
71.3791 	EXP 	noise: tex = <class 'numpy.ndarray'>
71.4278 	EXP 	noise: tex = <class 'numpy.ndarray'>
71.4766 	EXP 	noise: tex = <class 'numpy.ndarray'>
71.5280 	EXP 	noise: tex = <class 'numpy.ndarray'>
71.5796 	EXP 	noise: tex = <class 'numpy.ndarray'>
71.6335 	EXP 	noise: tex = <class 'numpy.ndarray'>
71.6884 	EXP 	noise: tex = <class 'numpy.ndarray'>
71.7409 	EXP 	noise: tex = <class 'numpy.ndarray'>
71.7928 	EXP 	noise: tex = <class 'numpy.ndarray'>
71.8414 	EXP 	noise: tex = <class 'numpy.ndarray'>
71.8909 	EXP 	noise: tex = <class 'numpy.ndarray'>
71.9408 	EXP 	noise: tex = <class 'numpy.ndarray'>
71.9914 	EXP 	noise: tex = <class 'numpy.ndarray'>
72.0406 	EXP 	noise: tex = <class 'numpy.ndarray'>
72.0908 	EXP 	noise: tex = <class 'numpy.ndarray'>
72.1407 	EXP 	noise: tex = <class 'numpy.ndarray'>
72.1906 	EXP 	noise: tex = <class 'numpy.ndarray'>
72.2547 	EXP 	noise: tex = <class 'numpy.ndarray'>
72.3145 	EXP 	noise: tex = <class 'numpy.ndarray'>
72.3641 	EXP 	noise: tex = <class 'numpy.ndarray'>
72.4155 	EXP 	noise: tex = <class 'numpy.ndarray'>
72.4654 	EXP 	noise: tex = <class 'numpy.ndarray'>
72.5280 	EXP 	noise: tex = <class 'numpy.ndarray'>
72.5782 	EXP 	noise: tex = <class 'numpy.ndarray'>
72.6288 	EXP 	noise: tex = <class 'numpy.ndarray'>
72.6817 	EXP 	noise: tex = <class 'numpy.ndarray'>
72.7406 	EXP 	noise: tex = <class 'numpy.ndarray'>
72.7924 	EXP 	noise: tex = <class 'numpy.ndarray'>
72.8430 	EXP 	noise: tex = <class 'numpy.ndarray'>
72.8967 	EXP 	noise: tex = <class 'numpy.ndarray'>
72.9571 	EXP 	noise: tex = <class 'numpy.ndarray'>
73.0073 	EXP 	noise: tex = <class 'numpy.ndarray'>
73.0697 	EXP 	noise: tex = <class 'numpy.ndarray'>
73.1239 	EXP 	noise: tex = <class 'numpy.ndarray'>
73.1762 	EXP 	noise: tex = <class 'numpy.ndarray'>
73.2333 	EXP 	noise: tex = <class 'numpy.ndarray'>
73.2901 	EXP 	noise: tex = <class 'numpy.ndarray'>
73.3510 	EXP 	noise: tex = <class 'numpy.ndarray'>
73.3990 	EXP 	noise: tex = <class 'numpy.ndarray'>
73.4601 	EXP 	noise: tex = <class 'numpy.ndarray'>
73.5097 	EXP 	noise: tex = <class 'numpy.ndarray'>
73.5611 	EXP 	noise: tex = <class 'numpy.ndarray'>
73.6157 	EXP 	noise: tex = <class 'numpy.ndarray'>
73.6724 	EXP 	noise: tex = <class 'numpy.ndarray'>
73.7240 	EXP 	noise: tex = <class 'numpy.ndarray'>
73.7881 	EXP 	noise: tex = <class 'numpy.ndarray'>
73.8410 	EXP 	noise: tex = <class 'numpy.ndarray'>
73.8935 	EXP 	noise: tex = <class 'numpy.ndarray'>
73.9440 	EXP 	noise: tex = <class 'numpy.ndarray'>
73.9908 	EXP 	noise: tex = <class 'numpy.ndarray'>
74.0439 	EXP 	noise: tex = <class 'numpy.ndarray'>
74.0996 	EXP 	noise: tex = <class 'numpy.ndarray'>
74.1567 	EXP 	noise: tex = <class 'numpy.ndarray'>
74.2203 	EXP 	noise: tex = <class 'numpy.ndarray'>
74.2739 	EXP 	noise: tex = <class 'numpy.ndarray'>
74.3257 	EXP 	noise: tex = <class 'numpy.ndarray'>
74.3857 	EXP 	noise: tex = <class 'numpy.ndarray'>
74.4337 	EXP 	noise: tex = <class 'numpy.ndarray'>
74.4932 	EXP 	noise: tex = <class 'numpy.ndarray'>
74.5431 	EXP 	noise: tex = <class 'numpy.ndarray'>
74.6052 	EXP 	noise: tex = <class 'numpy.ndarray'>
74.6739 	EXP 	noise: tex = <class 'numpy.ndarray'>
74.6908 	EXP 	noise_0: autoDraw = False
74.6908 	EXP 	noise: autoDraw = False
74.6908 	EXP 	blob_0: autoDraw = False
74.6908 	EXP 	blob: autoDraw = False
74.6908 	EXP 	cursor: autoDraw = False
75.0241 	EXP 	window1: mouseVisible = True
