0.8875 	WARNING 	We strongly recommend you activate the PTB sound engine in PsychoPy prefs as the preferred audio engine. Its timing is vastly superior. Your prefs are currently set to use ['sounddevice', 'PTB', 'pyo', 'pygame'] (in that order).
8.0495 	EXP 	Created window1 = Window(allowGUI=True, allowStencil=False, autoLog=True, backendConf=UNKNOWN, bitsMode=UNKNOWN, blendMode='avg', bpc=(8, 8, 8), color=array([0, 0, 0]), colorSpace='rgb', depthBits=8, fullscr=<method-wrapper '__getattribute__' of attributeSetter object at 0x7f97e9e52ee0>, gamma=None, gammaErrorPolicy='raise', lms=UNKNOWN, monitor=<psychopy.monitors.calibTools.Monitor object at 0x7f975800a280>, multiSample=False, name='window1', numSamples=2, pos=[360.0, 225.0], screen=0, size=array([2880, 1800]), stencilBits=0, stereo=False, units='height', useFBO=True, useRetina=True, viewOri=0.0, viewPos=None, viewScale=None, waitBlanking=True, winType='pyglet')
8.0497 	EXP 	window1: mouseVisible = True
8.0509 	EXP 	window1: mouseVisible = False
8.0509 	EXP 	window1: Attempting to measure frame rate of screen (0) ...
8.0509 	EXP 	window1: recordFrameIntervals = False
8.2146 	EXP 	window1: recordFrameIntervals = True
8.3984 	EXP 	Screen (0) actual frame rate measured at 60.20Hz
8.3985 	EXP 	window1: recordFrameIntervals = False
10.1076 	EXP 	Created start_trial_text = TextStim(__class__=<class 'psychopy.visual.text.TextStim'>, alignHoriz=method-wrapper(...), alignText='center', alignVert=method-wrapper(...), anchorHoriz='center', anchorVert='center', antialias=True, autoDraw=False, autoLog=True, bold=False, color=array([1., 1., 1.]), colorSpace='rgb', contrast=1.0, depth=0.0, flipHoriz=False, flipVert=False, font='Arial', fontFiles=[], height=0.04, italic=False, languageStyle='LTR', name='start_trial_text', opacity=1.0, ori=0.0, pos=array([-0.3 ,  0.25]), rgb=UNKNOWN, text='Press any button to continue', units='height', win=Window(...), wrapWidth=1)
10.1079 	EXP 	window1: mouseVisible = True
10.1080 	EXP 	window1: mouseVisible = True
10.1143 	EXP 	Created noise_0 = NoiseStim(__class__=<class 'psychopy.visual.noise.NoiseStim'>, anchor='center', autoDraw=False, autoLog=True, blendmode='add', color=array([0.5, 0.5, 0.5]), colorSpace='rgb', contrast=0.5, depth=-1.0, interpolate=False, mask='none', maskParams=None, name='noise_0', opacity=1.0, ori=0.0, phase=array([0., 0.]), pos=array([0., 0.]), rgbPedestal=array([0., 0., 0.]), sf=array([1., 1.]), size=array([1., 1.]), tex='sin', texRes=128, units='height', win=Window(...))
10.1905 	EXP 	Created noise = NoiseStim(__class__=<class 'psychopy.visual.noise.NoiseStim'>, anchor='center', autoDraw=False, autoLog=True, blendmode='add', color=array([0.5, 0.5, 0.5]), colorSpace='rgb', contrast=0.5, depth=-2.0, interpolate=False, mask='none', maskParams=None, name='noise', opacity=1.0, ori=0.0, phase=array([0., 0.]), pos=array([0., 0.]), rgbPedestal=array([0., 0., 0.]), sf=array([1., 1.]), size=array([1., 1.]), tex='sin', texRes=128, units='height', win=Window(...))
10.2913 	EXP 	Created blob_0 = GratingStim(__class__=<class 'psychopy.visual.grating.GratingStim'>, anchor='center', autoDraw=False, autoLog=True, blendmode='add', color=array([1., 1., 1.]), colorSpace='rgb', contrast=1.0, depth=-3.0, interpolate=True, mask='gauss', maskParams=None, name='blob_0', opacity=1.0, ori=45.0, phase=array([0.25, 0.25]), pos=array([0., 0.]), rgbPedestal=array([0., 0., 0.]), sf=array([1., 1.]), size=array([1., 1.]), tex=ndarray(...), texRes=512.0, units='height', win=Window(...))
10.3188 	EXP 	Created blob = GratingStim(__class__=<class 'psychopy.visual.grating.GratingStim'>, anchor='center', autoDraw=False, autoLog=True, blendmode='add', color=array([1., 1., 1.]), colorSpace='rgb', contrast=1.0, depth=-4.0, interpolate=True, mask='gauss', maskParams=None, name='blob', opacity=1.0, ori=45.0, phase=array([0.25, 0.25]), pos=array([0., 0.]), rgbPedestal=array([0., 0., 0.]), sf=array([1., 1.]), size=array([1., 1.]), tex=ndarray(...), texRes=512.0, units='height', win=Window(...))
10.3249 	EXP 	Created cursor = ShapeStim(__class__=<class 'psychopy.visual.shape.ShapeStim'>, anchor=('center', 'center'), autoDraw=False, autoLog=True, closeShape=True, color=method-wrapper(...), colorSpace='rgb', contrast=None, depth=-6.0, fillColor=array([ 1, -1, -1]), fillColorSpace='rgb', fillRGB=array([ 1, -1, -1]), interpolate=True, lineColor=array([ 1., -1., -1.]), lineColorSpace='rgb', lineRGB=array([ 1, -1, -1]), lineWidth=1.0, name='cursor', opacity=1.0, ori=0.0, pos=array([0., 0.]), size=array([0.005, 0.005]), units='height', vertices=ndarray(...), win=Window(...), windingRule=None)
10.3296 	EXP 	Imported Bonnen2015Conditions.csv as conditions, 4 conditions, 4 params
10.3300 	EXP 	Created sequence: random, trialTypes=4, nReps=1, seed=None
10.3303 	EXP 	New trial (rep=0, index=0): OrderedDict([('blobHeight', 0.2593), ('blobWidth', 0.27), ('mask', '$np.ones((512,512))'), ('sig', 0.01)])
10.3611 	EXP 	noise_0: blendmode = 'add'
10.3611 	EXP 	noise_0: mask = None
10.3611 	EXP 	noise_0: texRes = 512
10.3611 	EXP 	noise_0: noiseType = 'White'
10.3611 	EXP 	noise_0: noiseImage = None
10.3611 	EXP 	noise_0: noiseElementSize = [0.0625]
10.3611 	EXP 	noise_0: noiseBaseSf = 8.0
10.3611 	EXP 	noise_0: noiseBW = 1.0
10.3611 	EXP 	noise_0: noiseBWO = 30.0
10.3611 	EXP 	noise_0: noiseFractalPower = 0.0
10.3611 	EXP 	noise_0: noiseFilterUpper = 8.0
10.3611 	EXP 	noise_0: noiseFilterLower = 1.0
10.3611 	EXP 	noise_0: noiseFilterOrder = 0.0
10.3611 	EXP 	noise_0: noiseClip = 3.0
10.3611 	EXP 	noise_0: filter = None
10.3611 	EXP 	noise_0: tex = <class 'numpy.ndarray'>
10.3611 	EXP 	noise_0: tex = <class 'numpy.ndarray'>
10.3611 	EXP 	noise: blendmode = 'add'
10.3611 	EXP 	noise: mask = None
10.3611 	EXP 	noise: texRes = 512
10.3611 	EXP 	noise: noiseType = 'White'
10.3611 	EXP 	noise: noiseImage = None
10.3611 	EXP 	noise: noiseElementSize = [0.0625]
10.3611 	EXP 	noise: noiseBaseSf = 8.0
10.3611 	EXP 	noise: noiseBW = 1.0
10.3611 	EXP 	noise: noiseBWO = 30.0
10.3611 	EXP 	noise: noiseFractalPower = 0.0
10.3611 	EXP 	noise: noiseFilterUpper = 8.0
10.3611 	EXP 	noise: noiseFilterLower = 1.0
10.3611 	EXP 	noise: noiseFilterOrder = 0.0
10.3611 	EXP 	noise: noiseClip = 3.0
10.3611 	EXP 	noise: filter = None
10.3611 	EXP 	noise: tex = <class 'numpy.ndarray'>
10.3611 	EXP 	noise: tex = <class 'numpy.ndarray'>
10.3611 	EXP 	start_trial_text: autoDraw = True
10.9150 	DATA 	Mouse: Left button down, pos=(724,498)
10.9353 	EXP 	window1: mouseVisible = 0
11.0105 	EXP 	start_trial_text: autoDraw = False
11.0105 	EXP 	blob_0: tex = <class 'numpy.ndarray'>
11.0105 	EXP 	blob: tex = <class 'numpy.ndarray'>
11.0105 	EXP 	noise_0: autoDraw = True
11.0105 	EXP 	noise_0: tex = <class 'numpy.ndarray'>
11.0105 	EXP 	blob_0: autoDraw = True
11.0105 	EXP 	cursor: autoDraw = True
11.0581 	EXP 	noise_0: tex = <class 'numpy.ndarray'>
11.0592 	DATA 	Mouse:  Left button up, pos=(720,450)
11.1143 	EXP 	noise_0: tex = <class 'numpy.ndarray'>
11.1646 	EXP 	noise_0: tex = <class 'numpy.ndarray'>
11.2147 	EXP 	noise_0: tex = <class 'numpy.ndarray'>
11.2647 	EXP 	noise_0: tex = <class 'numpy.ndarray'>
11.3145 	EXP 	noise_0: tex = <class 'numpy.ndarray'>
11.3647 	EXP 	noise_0: tex = <class 'numpy.ndarray'>
11.4142 	EXP 	noise_0: tex = <class 'numpy.ndarray'>
11.4952 	EXP 	noise_0: tex = <class 'numpy.ndarray'>
11.4952 	EXP 	noise: autoDraw = True
11.4952 	EXP 	noise: tex = <class 'numpy.ndarray'>
11.4952 	EXP 	blob: autoDraw = True
11.5478 	EXP 	noise_0: autoDraw = False
11.5478 	EXP 	noise: tex = <class 'numpy.ndarray'>
11.5478 	EXP 	blob_0: autoDraw = False
11.5976 	EXP 	noise: tex = <class 'numpy.ndarray'>
11.6478 	EXP 	noise: tex = <class 'numpy.ndarray'>
11.6978 	EXP 	noise: tex = <class 'numpy.ndarray'>
11.7480 	EXP 	noise: tex = <class 'numpy.ndarray'>
11.7977 	EXP 	noise: tex = <class 'numpy.ndarray'>
11.8479 	EXP 	noise: tex = <class 'numpy.ndarray'>
11.8990 	EXP 	noise: tex = <class 'numpy.ndarray'>
11.9477 	EXP 	noise: tex = <class 'numpy.ndarray'>
11.9978 	EXP 	noise: tex = <class 'numpy.ndarray'>
12.0477 	EXP 	noise: tex = <class 'numpy.ndarray'>
12.0978 	EXP 	noise: tex = <class 'numpy.ndarray'>
12.1476 	EXP 	noise: tex = <class 'numpy.ndarray'>
12.1977 	EXP 	noise: tex = <class 'numpy.ndarray'>
12.2477 	EXP 	noise: tex = <class 'numpy.ndarray'>
12.2976 	EXP 	noise: tex = <class 'numpy.ndarray'>
12.3478 	EXP 	noise: tex = <class 'numpy.ndarray'>
12.3979 	EXP 	noise: tex = <class 'numpy.ndarray'>
12.4488 	EXP 	noise: tex = <class 'numpy.ndarray'>
12.4977 	EXP 	noise: tex = <class 'numpy.ndarray'>
12.5478 	EXP 	noise: tex = <class 'numpy.ndarray'>
12.5976 	EXP 	noise: tex = <class 'numpy.ndarray'>
12.6475 	EXP 	noise: tex = <class 'numpy.ndarray'>
12.6978 	EXP 	noise: tex = <class 'numpy.ndarray'>
12.7478 	EXP 	noise: tex = <class 'numpy.ndarray'>
12.7977 	EXP 	noise: tex = <class 'numpy.ndarray'>
12.8478 	EXP 	noise: tex = <class 'numpy.ndarray'>
12.8975 	EXP 	noise: tex = <class 'numpy.ndarray'>
12.9476 	EXP 	noise: tex = <class 'numpy.ndarray'>
12.9981 	EXP 	noise: tex = <class 'numpy.ndarray'>
13.0486 	EXP 	noise: tex = <class 'numpy.ndarray'>
13.1001 	EXP 	noise: tex = <class 'numpy.ndarray'>
13.1522 	EXP 	noise: tex = <class 'numpy.ndarray'>
13.2000 	EXP 	noise: tex = <class 'numpy.ndarray'>
13.2478 	EXP 	noise: tex = <class 'numpy.ndarray'>
13.2979 	EXP 	noise: tex = <class 'numpy.ndarray'>
13.3476 	EXP 	noise: tex = <class 'numpy.ndarray'>
13.3979 	EXP 	noise: tex = <class 'numpy.ndarray'>
13.4476 	EXP 	noise: tex = <class 'numpy.ndarray'>
13.4977 	EXP 	noise: tex = <class 'numpy.ndarray'>
13.5477 	EXP 	noise: tex = <class 'numpy.ndarray'>
13.5978 	EXP 	noise: tex = <class 'numpy.ndarray'>
13.6478 	EXP 	noise: tex = <class 'numpy.ndarray'>
13.6979 	EXP 	noise: tex = <class 'numpy.ndarray'>
13.7479 	EXP 	noise: tex = <class 'numpy.ndarray'>
13.7977 	EXP 	noise: tex = <class 'numpy.ndarray'>
13.8478 	EXP 	noise: tex = <class 'numpy.ndarray'>
13.8982 	EXP 	noise: tex = <class 'numpy.ndarray'>
13.9478 	EXP 	noise: tex = <class 'numpy.ndarray'>
13.9976 	EXP 	noise: tex = <class 'numpy.ndarray'>
14.0476 	EXP 	noise: tex = <class 'numpy.ndarray'>
14.0976 	EXP 	noise: tex = <class 'numpy.ndarray'>
14.1477 	EXP 	noise: tex = <class 'numpy.ndarray'>
14.1980 	EXP 	noise: tex = <class 'numpy.ndarray'>
14.2480 	EXP 	noise: tex = <class 'numpy.ndarray'>
14.2974 	EXP 	noise: tex = <class 'numpy.ndarray'>
14.3478 	EXP 	noise: tex = <class 'numpy.ndarray'>
14.3977 	EXP 	noise: tex = <class 'numpy.ndarray'>
14.4478 	EXP 	noise: tex = <class 'numpy.ndarray'>
14.4977 	EXP 	noise: tex = <class 'numpy.ndarray'>
14.5477 	EXP 	noise: tex = <class 'numpy.ndarray'>
14.5975 	EXP 	noise: tex = <class 'numpy.ndarray'>
14.6476 	EXP 	noise: tex = <class 'numpy.ndarray'>
14.6976 	EXP 	noise: tex = <class 'numpy.ndarray'>
14.7476 	EXP 	noise: tex = <class 'numpy.ndarray'>
14.7979 	EXP 	noise: tex = <class 'numpy.ndarray'>
14.8476 	EXP 	noise: tex = <class 'numpy.ndarray'>
14.8976 	EXP 	noise: tex = <class 'numpy.ndarray'>
14.9591 	EXP 	noise: tex = <class 'numpy.ndarray'>
15.0064 	EXP 	noise: tex = <class 'numpy.ndarray'>
15.0538 	EXP 	noise: tex = <class 'numpy.ndarray'>
15.1049 	EXP 	noise: tex = <class 'numpy.ndarray'>
15.1531 	EXP 	noise: tex = <class 'numpy.ndarray'>
15.2027 	EXP 	noise: tex = <class 'numpy.ndarray'>
15.2528 	EXP 	noise: tex = <class 'numpy.ndarray'>
15.3002 	EXP 	noise: tex = <class 'numpy.ndarray'>
15.3474 	EXP 	noise: tex = <class 'numpy.ndarray'>
15.3977 	EXP 	noise: tex = <class 'numpy.ndarray'>
15.4478 	EXP 	noise: tex = <class 'numpy.ndarray'>
15.4978 	EXP 	noise: tex = <class 'numpy.ndarray'>
15.5476 	EXP 	noise: tex = <class 'numpy.ndarray'>
15.5978 	EXP 	noise: tex = <class 'numpy.ndarray'>
15.6474 	EXP 	noise: tex = <class 'numpy.ndarray'>
15.6977 	EXP 	noise: tex = <class 'numpy.ndarray'>
15.7484 	EXP 	noise: tex = <class 'numpy.ndarray'>
15.7976 	EXP 	noise: tex = <class 'numpy.ndarray'>
15.8474 	EXP 	noise: tex = <class 'numpy.ndarray'>
15.8978 	EXP 	noise: tex = <class 'numpy.ndarray'>
15.9476 	EXP 	noise: tex = <class 'numpy.ndarray'>
15.9978 	EXP 	noise: tex = <class 'numpy.ndarray'>
16.0477 	EXP 	noise: tex = <class 'numpy.ndarray'>
16.0979 	EXP 	noise: tex = <class 'numpy.ndarray'>
16.1475 	EXP 	noise: tex = <class 'numpy.ndarray'>
16.1978 	EXP 	noise: tex = <class 'numpy.ndarray'>
16.2479 	EXP 	noise: tex = <class 'numpy.ndarray'>
16.2976 	EXP 	noise: tex = <class 'numpy.ndarray'>
16.3474 	EXP 	noise: tex = <class 'numpy.ndarray'>
16.3976 	EXP 	noise: tex = <class 'numpy.ndarray'>
16.4478 	EXP 	noise: tex = <class 'numpy.ndarray'>
16.4978 	EXP 	noise: tex = <class 'numpy.ndarray'>
16.5475 	EXP 	noise: tex = <class 'numpy.ndarray'>
16.5978 	EXP 	noise: tex = <class 'numpy.ndarray'>
16.6485 	EXP 	noise: tex = <class 'numpy.ndarray'>
16.6975 	EXP 	noise: tex = <class 'numpy.ndarray'>
16.7475 	EXP 	noise: tex = <class 'numpy.ndarray'>
16.7981 	EXP 	noise: tex = <class 'numpy.ndarray'>
16.8477 	EXP 	noise: tex = <class 'numpy.ndarray'>
16.8976 	EXP 	noise: tex = <class 'numpy.ndarray'>
16.9476 	EXP 	noise: tex = <class 'numpy.ndarray'>
16.9976 	EXP 	noise: tex = <class 'numpy.ndarray'>
17.0479 	EXP 	noise: tex = <class 'numpy.ndarray'>
17.0974 	EXP 	noise: tex = <class 'numpy.ndarray'>
17.1477 	EXP 	noise: tex = <class 'numpy.ndarray'>
17.1975 	EXP 	noise: tex = <class 'numpy.ndarray'>
17.2478 	EXP 	noise: tex = <class 'numpy.ndarray'>
17.2977 	EXP 	noise: tex = <class 'numpy.ndarray'>
17.3477 	EXP 	noise: tex = <class 'numpy.ndarray'>
17.3976 	EXP 	noise: tex = <class 'numpy.ndarray'>
17.4475 	EXP 	noise: tex = <class 'numpy.ndarray'>
17.4977 	EXP 	noise: tex = <class 'numpy.ndarray'>
17.5477 	EXP 	noise: tex = <class 'numpy.ndarray'>
17.5977 	EXP 	noise: tex = <class 'numpy.ndarray'>
17.6479 	EXP 	noise: tex = <class 'numpy.ndarray'>
17.6976 	EXP 	noise: tex = <class 'numpy.ndarray'>
17.7474 	EXP 	noise: tex = <class 'numpy.ndarray'>
17.7983 	EXP 	noise: tex = <class 'numpy.ndarray'>
17.8480 	EXP 	noise: tex = <class 'numpy.ndarray'>
17.8978 	EXP 	noise: tex = <class 'numpy.ndarray'>
17.9479 	EXP 	noise: tex = <class 'numpy.ndarray'>
17.9977 	EXP 	noise: tex = <class 'numpy.ndarray'>
18.0478 	EXP 	noise: tex = <class 'numpy.ndarray'>
18.0974 	EXP 	noise: tex = <class 'numpy.ndarray'>
18.1477 	EXP 	noise: tex = <class 'numpy.ndarray'>
18.1974 	EXP 	noise: tex = <class 'numpy.ndarray'>
18.2476 	EXP 	noise: tex = <class 'numpy.ndarray'>
18.2986 	EXP 	noise: tex = <class 'numpy.ndarray'>
18.3480 	EXP 	noise: tex = <class 'numpy.ndarray'>
18.3974 	EXP 	noise: tex = <class 'numpy.ndarray'>
18.4475 	EXP 	noise: tex = <class 'numpy.ndarray'>
18.4977 	EXP 	noise: tex = <class 'numpy.ndarray'>
18.5474 	EXP 	noise: tex = <class 'numpy.ndarray'>
18.5986 	EXP 	noise: tex = <class 'numpy.ndarray'>
18.6477 	EXP 	noise: tex = <class 'numpy.ndarray'>
18.6976 	EXP 	noise: tex = <class 'numpy.ndarray'>
18.7478 	EXP 	noise: tex = <class 'numpy.ndarray'>
18.7976 	EXP 	noise: tex = <class 'numpy.ndarray'>
18.8477 	EXP 	noise: tex = <class 'numpy.ndarray'>
18.8976 	EXP 	noise: tex = <class 'numpy.ndarray'>
18.9478 	EXP 	noise: tex = <class 'numpy.ndarray'>
18.9980 	EXP 	noise: tex = <class 'numpy.ndarray'>
19.0476 	EXP 	noise: tex = <class 'numpy.ndarray'>
19.0974 	EXP 	noise: tex = <class 'numpy.ndarray'>
19.1474 	EXP 	noise: tex = <class 'numpy.ndarray'>
19.1975 	EXP 	noise: tex = <class 'numpy.ndarray'>
19.2475 	EXP 	noise: tex = <class 'numpy.ndarray'>
19.2975 	EXP 	noise: tex = <class 'numpy.ndarray'>
19.3474 	EXP 	noise: tex = <class 'numpy.ndarray'>
19.3976 	EXP 	noise: tex = <class 'numpy.ndarray'>
19.4475 	EXP 	noise: tex = <class 'numpy.ndarray'>
19.4979 	EXP 	noise: tex = <class 'numpy.ndarray'>
19.5477 	EXP 	noise: tex = <class 'numpy.ndarray'>
19.5978 	EXP 	noise: tex = <class 'numpy.ndarray'>
19.6475 	EXP 	noise: tex = <class 'numpy.ndarray'>
19.7007 	EXP 	noise: tex = <class 'numpy.ndarray'>
19.7475 	EXP 	noise: tex = <class 'numpy.ndarray'>
19.7976 	EXP 	noise: tex = <class 'numpy.ndarray'>
19.8474 	EXP 	noise: tex = <class 'numpy.ndarray'>
19.8973 	EXP 	noise: tex = <class 'numpy.ndarray'>
19.9485 	EXP 	noise: tex = <class 'numpy.ndarray'>
19.9979 	EXP 	noise: tex = <class 'numpy.ndarray'>
20.0475 	EXP 	noise: tex = <class 'numpy.ndarray'>
20.0977 	EXP 	noise: tex = <class 'numpy.ndarray'>
20.1473 	EXP 	noise: tex = <class 'numpy.ndarray'>
20.1977 	EXP 	noise: tex = <class 'numpy.ndarray'>
20.2476 	EXP 	noise: tex = <class 'numpy.ndarray'>
20.2976 	EXP 	noise: tex = <class 'numpy.ndarray'>
20.3478 	EXP 	noise: tex = <class 'numpy.ndarray'>
20.3978 	EXP 	noise: tex = <class 'numpy.ndarray'>
20.4478 	EXP 	noise: tex = <class 'numpy.ndarray'>
20.4975 	EXP 	noise: tex = <class 'numpy.ndarray'>
20.5475 	EXP 	noise: tex = <class 'numpy.ndarray'>
20.5976 	EXP 	noise: tex = <class 'numpy.ndarray'>
20.6474 	EXP 	noise: tex = <class 'numpy.ndarray'>
20.6974 	EXP 	noise: tex = <class 'numpy.ndarray'>
20.7475 	EXP 	noise: tex = <class 'numpy.ndarray'>
20.7975 	EXP 	noise: tex = <class 'numpy.ndarray'>
20.8486 	EXP 	noise: tex = <class 'numpy.ndarray'>
20.8979 	EXP 	noise: tex = <class 'numpy.ndarray'>
20.9478 	EXP 	noise: tex = <class 'numpy.ndarray'>
20.9978 	EXP 	noise: tex = <class 'numpy.ndarray'>
21.0474 	EXP 	noise: tex = <class 'numpy.ndarray'>
21.0977 	EXP 	noise: tex = <class 'numpy.ndarray'>
21.1475 	EXP 	noise: tex = <class 'numpy.ndarray'>
21.1973 	EXP 	noise: tex = <class 'numpy.ndarray'>
21.2474 	EXP 	noise: tex = <class 'numpy.ndarray'>
21.2974 	EXP 	noise: tex = <class 'numpy.ndarray'>
21.3475 	EXP 	noise: tex = <class 'numpy.ndarray'>
21.3977 	EXP 	noise: tex = <class 'numpy.ndarray'>
21.4477 	EXP 	noise: tex = <class 'numpy.ndarray'>
21.4976 	EXP 	noise: tex = <class 'numpy.ndarray'>
21.5475 	EXP 	noise: tex = <class 'numpy.ndarray'>
21.5975 	EXP 	noise: tex = <class 'numpy.ndarray'>
21.6475 	EXP 	noise: tex = <class 'numpy.ndarray'>
21.6976 	EXP 	noise: tex = <class 'numpy.ndarray'>
21.7477 	EXP 	noise: tex = <class 'numpy.ndarray'>
21.7986 	EXP 	noise: tex = <class 'numpy.ndarray'>
21.8482 	EXP 	noise: tex = <class 'numpy.ndarray'>
21.8978 	EXP 	noise: tex = <class 'numpy.ndarray'>
21.9493 	EXP 	noise: tex = <class 'numpy.ndarray'>
21.9975 	EXP 	noise: tex = <class 'numpy.ndarray'>
22.0476 	EXP 	noise: tex = <class 'numpy.ndarray'>
22.0984 	EXP 	noise: tex = <class 'numpy.ndarray'>
22.1484 	EXP 	noise: tex = <class 'numpy.ndarray'>
22.2005 	EXP 	noise: tex = <class 'numpy.ndarray'>
22.2495 	EXP 	noise: tex = <class 'numpy.ndarray'>
22.2977 	EXP 	noise: tex = <class 'numpy.ndarray'>
22.3475 	EXP 	noise: tex = <class 'numpy.ndarray'>
22.4015 	EXP 	noise: tex = <class 'numpy.ndarray'>
22.4499 	EXP 	noise: tex = <class 'numpy.ndarray'>
22.4974 	EXP 	noise: tex = <class 'numpy.ndarray'>
22.5477 	EXP 	noise: tex = <class 'numpy.ndarray'>
22.5973 	EXP 	noise: tex = <class 'numpy.ndarray'>
22.6476 	EXP 	noise: tex = <class 'numpy.ndarray'>
22.6974 	EXP 	noise: tex = <class 'numpy.ndarray'>
22.7474 	EXP 	noise: tex = <class 'numpy.ndarray'>
22.7977 	EXP 	noise: tex = <class 'numpy.ndarray'>
22.8476 	EXP 	noise: tex = <class 'numpy.ndarray'>
22.8978 	EXP 	noise: tex = <class 'numpy.ndarray'>
22.9477 	EXP 	noise: tex = <class 'numpy.ndarray'>
22.9977 	EXP 	noise: tex = <class 'numpy.ndarray'>
23.0476 	EXP 	noise: tex = <class 'numpy.ndarray'>
23.0973 	EXP 	noise: tex = <class 'numpy.ndarray'>
23.1474 	EXP 	noise: tex = <class 'numpy.ndarray'>
23.1979 	EXP 	noise: tex = <class 'numpy.ndarray'>
23.2474 	EXP 	noise: tex = <class 'numpy.ndarray'>
23.2973 	EXP 	noise: tex = <class 'numpy.ndarray'>
23.3478 	EXP 	noise: tex = <class 'numpy.ndarray'>
23.3975 	EXP 	noise: tex = <class 'numpy.ndarray'>
23.4476 	EXP 	noise: tex = <class 'numpy.ndarray'>
23.4975 	EXP 	noise: tex = <class 'numpy.ndarray'>
23.5478 	EXP 	noise: tex = <class 'numpy.ndarray'>
23.5977 	EXP 	noise: tex = <class 'numpy.ndarray'>
23.6474 	EXP 	noise: tex = <class 'numpy.ndarray'>
23.6974 	EXP 	noise: tex = <class 'numpy.ndarray'>
23.7474 	EXP 	noise: tex = <class 'numpy.ndarray'>
23.7975 	EXP 	noise: tex = <class 'numpy.ndarray'>
23.8477 	EXP 	noise: tex = <class 'numpy.ndarray'>
23.8972 	EXP 	noise: tex = <class 'numpy.ndarray'>
23.9476 	EXP 	noise: tex = <class 'numpy.ndarray'>
23.9977 	EXP 	noise: tex = <class 'numpy.ndarray'>
24.0474 	EXP 	noise: tex = <class 'numpy.ndarray'>
24.0975 	EXP 	noise: tex = <class 'numpy.ndarray'>
24.1474 	EXP 	noise: tex = <class 'numpy.ndarray'>
24.1978 	EXP 	noise: tex = <class 'numpy.ndarray'>
24.2479 	EXP 	noise: tex = <class 'numpy.ndarray'>
24.2973 	EXP 	noise: tex = <class 'numpy.ndarray'>
24.3480 	EXP 	noise: tex = <class 'numpy.ndarray'>
24.3984 	EXP 	noise: tex = <class 'numpy.ndarray'>
24.4500 	EXP 	noise: tex = <class 'numpy.ndarray'>
24.4976 	EXP 	noise: tex = <class 'numpy.ndarray'>
24.5475 	EXP 	noise: tex = <class 'numpy.ndarray'>
24.5977 	EXP 	noise: tex = <class 'numpy.ndarray'>
24.6474 	EXP 	noise: tex = <class 'numpy.ndarray'>
24.6975 	EXP 	noise: tex = <class 'numpy.ndarray'>
24.7500 	EXP 	noise: tex = <class 'numpy.ndarray'>
24.8008 	EXP 	noise: tex = <class 'numpy.ndarray'>
24.8492 	EXP 	noise: tex = <class 'numpy.ndarray'>
24.8977 	EXP 	noise: tex = <class 'numpy.ndarray'>
24.9478 	EXP 	noise: tex = <class 'numpy.ndarray'>
24.9976 	EXP 	noise: tex = <class 'numpy.ndarray'>
25.0478 	EXP 	noise: tex = <class 'numpy.ndarray'>
25.0976 	EXP 	noise: tex = <class 'numpy.ndarray'>
25.1476 	EXP 	noise: tex = <class 'numpy.ndarray'>
25.1976 	EXP 	noise: tex = <class 'numpy.ndarray'>
25.2476 	EXP 	noise: tex = <class 'numpy.ndarray'>
25.2978 	EXP 	noise: tex = <class 'numpy.ndarray'>
25.3480 	EXP 	noise: tex = <class 'numpy.ndarray'>
25.3974 	EXP 	noise: tex = <class 'numpy.ndarray'>
25.4476 	EXP 	noise: tex = <class 'numpy.ndarray'>
25.4974 	EXP 	noise: tex = <class 'numpy.ndarray'>
25.5478 	EXP 	noise: tex = <class 'numpy.ndarray'>
25.5979 	EXP 	noise: tex = <class 'numpy.ndarray'>
25.6477 	EXP 	noise: tex = <class 'numpy.ndarray'>
25.6978 	EXP 	noise: tex = <class 'numpy.ndarray'>
25.7474 	EXP 	noise: tex = <class 'numpy.ndarray'>
25.7974 	EXP 	noise: tex = <class 'numpy.ndarray'>
25.8476 	EXP 	noise: tex = <class 'numpy.ndarray'>
25.8975 	EXP 	noise: tex = <class 'numpy.ndarray'>
25.9477 	EXP 	noise: tex = <class 'numpy.ndarray'>
25.9977 	EXP 	noise: tex = <class 'numpy.ndarray'>
26.0476 	EXP 	noise: tex = <class 'numpy.ndarray'>
26.0975 	EXP 	noise: tex = <class 'numpy.ndarray'>
26.1476 	EXP 	noise: tex = <class 'numpy.ndarray'>
26.1976 	EXP 	noise: tex = <class 'numpy.ndarray'>
26.2479 	EXP 	noise: tex = <class 'numpy.ndarray'>
26.2975 	EXP 	noise: tex = <class 'numpy.ndarray'>
26.3474 	EXP 	noise: tex = <class 'numpy.ndarray'>
26.3975 	EXP 	noise: tex = <class 'numpy.ndarray'>
26.4475 	EXP 	noise: tex = <class 'numpy.ndarray'>
26.4521 	EXP 	New trial (rep=0, index=1): OrderedDict([('blobHeight', 1.0), ('blobWidth', 0.07), ('mask', '$np.ones((512,512))'), ('sig', 0.01)])
26.4648 	EXP 	noise_0: autoDraw = False
26.4648 	EXP 	noise: autoDraw = False
26.4648 	EXP 	blob_0: autoDraw = False
26.4648 	EXP 	blob: autoDraw = False
26.4648 	EXP 	cursor: autoDraw = False
26.4648 	EXP 	start_trial_text: autoDraw = True
27.8822 	DATA 	Mouse: Left button down, pos=(750,422)
27.8992 	EXP 	window1: mouseVisible = 0
27.9588 	EXP 	start_trial_text: autoDraw = False
27.9588 	EXP 	blob_0: tex = <class 'numpy.ndarray'>
27.9588 	EXP 	blob: tex = <class 'numpy.ndarray'>
27.9588 	EXP 	noise_0: autoDraw = True
27.9588 	EXP 	noise_0: tex = <class 'numpy.ndarray'>
27.9588 	EXP 	blob_0: autoDraw = True
27.9588 	EXP 	cursor: autoDraw = True
28.0060 	EXP 	noise_0: tex = <class 'numpy.ndarray'>
28.0365 	DATA 	Mouse:  Left button up, pos=(720,450)
28.0537 	EXP 	noise_0: tex = <class 'numpy.ndarray'>
28.1022 	EXP 	noise_0: tex = <class 'numpy.ndarray'>
28.1477 	EXP 	noise_0: tex = <class 'numpy.ndarray'>
28.1978 	EXP 	noise_0: tex = <class 'numpy.ndarray'>
28.2476 	EXP 	noise_0: tex = <class 'numpy.ndarray'>
28.2977 	EXP 	noise_0: tex = <class 'numpy.ndarray'>
28.3476 	EXP 	noise_0: tex = <class 'numpy.ndarray'>
28.3976 	EXP 	noise_0: tex = <class 'numpy.ndarray'>
28.4928 	EXP 	noise_0: tex = <class 'numpy.ndarray'>
28.4928 	EXP 	noise: autoDraw = True
28.4928 	EXP 	noise: tex = <class 'numpy.ndarray'>
28.4928 	EXP 	blob: autoDraw = True
28.5394 	EXP 	noise_0: autoDraw = False
28.5394 	EXP 	noise: tex = <class 'numpy.ndarray'>
28.5394 	EXP 	blob_0: autoDraw = False
28.5857 	EXP 	noise: tex = <class 'numpy.ndarray'>
28.6345 	EXP 	noise: tex = <class 'numpy.ndarray'>
28.6841 	EXP 	noise: tex = <class 'numpy.ndarray'>
28.7306 	EXP 	noise: tex = <class 'numpy.ndarray'>
28.7809 	EXP 	noise: tex = <class 'numpy.ndarray'>
28.8308 	EXP 	noise: tex = <class 'numpy.ndarray'>
28.8806 	EXP 	noise: tex = <class 'numpy.ndarray'>
28.9308 	EXP 	noise: tex = <class 'numpy.ndarray'>
28.9809 	EXP 	noise: tex = <class 'numpy.ndarray'>
29.0311 	EXP 	noise: tex = <class 'numpy.ndarray'>
29.0811 	EXP 	noise: tex = <class 'numpy.ndarray'>
29.1311 	EXP 	noise: tex = <class 'numpy.ndarray'>
29.1808 	EXP 	noise: tex = <class 'numpy.ndarray'>
29.2321 	EXP 	noise: tex = <class 'numpy.ndarray'>
29.2807 	EXP 	noise: tex = <class 'numpy.ndarray'>
29.3308 	EXP 	noise: tex = <class 'numpy.ndarray'>
29.3809 	EXP 	noise: tex = <class 'numpy.ndarray'>
29.4310 	EXP 	noise: tex = <class 'numpy.ndarray'>
29.4809 	EXP 	noise: tex = <class 'numpy.ndarray'>
29.5327 	EXP 	noise: tex = <class 'numpy.ndarray'>
29.5807 	EXP 	noise: tex = <class 'numpy.ndarray'>
29.6307 	EXP 	noise: tex = <class 'numpy.ndarray'>
29.6807 	EXP 	noise: tex = <class 'numpy.ndarray'>
29.7306 	EXP 	noise: tex = <class 'numpy.ndarray'>
29.7809 	EXP 	noise: tex = <class 'numpy.ndarray'>
29.8310 	EXP 	noise: tex = <class 'numpy.ndarray'>
29.8806 	EXP 	noise: tex = <class 'numpy.ndarray'>
29.9308 	EXP 	noise: tex = <class 'numpy.ndarray'>
29.9805 	EXP 	noise: tex = <class 'numpy.ndarray'>
30.0309 	EXP 	noise: tex = <class 'numpy.ndarray'>
30.0810 	EXP 	noise: tex = <class 'numpy.ndarray'>
30.1306 	EXP 	noise: tex = <class 'numpy.ndarray'>
30.1808 	EXP 	noise: tex = <class 'numpy.ndarray'>
30.2310 	EXP 	noise: tex = <class 'numpy.ndarray'>
30.2810 	EXP 	noise: tex = <class 'numpy.ndarray'>
30.3310 	EXP 	noise: tex = <class 'numpy.ndarray'>
30.3808 	EXP 	noise: tex = <class 'numpy.ndarray'>
30.4307 	EXP 	noise: tex = <class 'numpy.ndarray'>
30.4806 	EXP 	noise: tex = <class 'numpy.ndarray'>
30.5307 	EXP 	noise: tex = <class 'numpy.ndarray'>
30.5806 	EXP 	noise: tex = <class 'numpy.ndarray'>
30.6306 	EXP 	noise: tex = <class 'numpy.ndarray'>
30.6806 	EXP 	noise: tex = <class 'numpy.ndarray'>
30.7309 	EXP 	noise: tex = <class 'numpy.ndarray'>
30.7807 	EXP 	noise: tex = <class 'numpy.ndarray'>
30.8305 	EXP 	noise: tex = <class 'numpy.ndarray'>
30.8809 	EXP 	noise: tex = <class 'numpy.ndarray'>
30.9326 	EXP 	noise: tex = <class 'numpy.ndarray'>
30.9807 	EXP 	noise: tex = <class 'numpy.ndarray'>
31.0308 	EXP 	noise: tex = <class 'numpy.ndarray'>
31.0805 	EXP 	noise: tex = <class 'numpy.ndarray'>
31.1311 	EXP 	noise: tex = <class 'numpy.ndarray'>
31.1825 	EXP 	noise: tex = <class 'numpy.ndarray'>
31.2307 	EXP 	noise: tex = <class 'numpy.ndarray'>
31.2809 	EXP 	noise: tex = <class 'numpy.ndarray'>
31.3309 	EXP 	noise: tex = <class 'numpy.ndarray'>
31.3808 	EXP 	noise: tex = <class 'numpy.ndarray'>
31.4326 	EXP 	noise: tex = <class 'numpy.ndarray'>
31.4808 	EXP 	noise: tex = <class 'numpy.ndarray'>
31.5307 	EXP 	noise: tex = <class 'numpy.ndarray'>
31.5812 	EXP 	noise: tex = <class 'numpy.ndarray'>
31.6306 	EXP 	noise: tex = <class 'numpy.ndarray'>
31.6808 	EXP 	noise: tex = <class 'numpy.ndarray'>
31.7308 	EXP 	noise: tex = <class 'numpy.ndarray'>
31.7807 	EXP 	noise: tex = <class 'numpy.ndarray'>
31.8309 	EXP 	noise: tex = <class 'numpy.ndarray'>
31.8828 	EXP 	noise: tex = <class 'numpy.ndarray'>
31.9307 	EXP 	noise: tex = <class 'numpy.ndarray'>
31.9811 	EXP 	noise: tex = <class 'numpy.ndarray'>
32.0307 	EXP 	noise: tex = <class 'numpy.ndarray'>
32.0806 	EXP 	noise: tex = <class 'numpy.ndarray'>
32.1308 	EXP 	noise: tex = <class 'numpy.ndarray'>
32.1810 	EXP 	noise: tex = <class 'numpy.ndarray'>
32.2309 	EXP 	noise: tex = <class 'numpy.ndarray'>
32.2914 	EXP 	noise: tex = <class 'numpy.ndarray'>
32.3402 	EXP 	noise: tex = <class 'numpy.ndarray'>
32.3869 	EXP 	noise: tex = <class 'numpy.ndarray'>
32.4339 	EXP 	noise: tex = <class 'numpy.ndarray'>
32.4808 	EXP 	noise: tex = <class 'numpy.ndarray'>
32.5305 	EXP 	noise: tex = <class 'numpy.ndarray'>
32.5807 	EXP 	noise: tex = <class 'numpy.ndarray'>
32.6306 	EXP 	noise: tex = <class 'numpy.ndarray'>
32.6816 	EXP 	noise: tex = <class 'numpy.ndarray'>
32.7307 	EXP 	noise: tex = <class 'numpy.ndarray'>
32.7807 	EXP 	noise: tex = <class 'numpy.ndarray'>
32.8310 	EXP 	noise: tex = <class 'numpy.ndarray'>
32.8806 	EXP 	noise: tex = <class 'numpy.ndarray'>
32.9309 	EXP 	noise: tex = <class 'numpy.ndarray'>
32.9805 	EXP 	noise: tex = <class 'numpy.ndarray'>
33.0308 	EXP 	noise: tex = <class 'numpy.ndarray'>
33.0806 	EXP 	noise: tex = <class 'numpy.ndarray'>
33.1308 	EXP 	noise: tex = <class 'numpy.ndarray'>
33.1812 	EXP 	noise: tex = <class 'numpy.ndarray'>
33.2308 	EXP 	noise: tex = <class 'numpy.ndarray'>
33.2806 	EXP 	noise: tex = <class 'numpy.ndarray'>
33.3306 	EXP 	noise: tex = <class 'numpy.ndarray'>
33.3807 	EXP 	noise: tex = <class 'numpy.ndarray'>
33.4310 	EXP 	noise: tex = <class 'numpy.ndarray'>
33.4808 	EXP 	noise: tex = <class 'numpy.ndarray'>
33.5308 	EXP 	noise: tex = <class 'numpy.ndarray'>
33.5806 	EXP 	noise: tex = <class 'numpy.ndarray'>
33.6307 	EXP 	noise: tex = <class 'numpy.ndarray'>
33.6807 	EXP 	noise: tex = <class 'numpy.ndarray'>
33.7306 	EXP 	noise: tex = <class 'numpy.ndarray'>
33.7806 	EXP 	noise: tex = <class 'numpy.ndarray'>
33.8311 	EXP 	noise: tex = <class 'numpy.ndarray'>
33.8806 	EXP 	noise: tex = <class 'numpy.ndarray'>
33.9307 	EXP 	noise: tex = <class 'numpy.ndarray'>
33.9807 	EXP 	noise: tex = <class 'numpy.ndarray'>
34.0306 	EXP 	noise: tex = <class 'numpy.ndarray'>
34.0805 	EXP 	noise: tex = <class 'numpy.ndarray'>
34.1306 	EXP 	noise: tex = <class 'numpy.ndarray'>
34.1807 	EXP 	noise: tex = <class 'numpy.ndarray'>
34.2308 	EXP 	noise: tex = <class 'numpy.ndarray'>
34.2808 	EXP 	noise: tex = <class 'numpy.ndarray'>
34.3309 	EXP 	noise: tex = <class 'numpy.ndarray'>
34.3808 	EXP 	noise: tex = <class 'numpy.ndarray'>
34.4305 	EXP 	noise: tex = <class 'numpy.ndarray'>
34.4807 	EXP 	noise: tex = <class 'numpy.ndarray'>
34.5323 	EXP 	noise: tex = <class 'numpy.ndarray'>
34.5807 	EXP 	noise: tex = <class 'numpy.ndarray'>
34.6307 	EXP 	noise: tex = <class 'numpy.ndarray'>
34.6806 	EXP 	noise: tex = <class 'numpy.ndarray'>
34.7307 	EXP 	noise: tex = <class 'numpy.ndarray'>
34.7807 	EXP 	noise: tex = <class 'numpy.ndarray'>
34.8324 	EXP 	noise: tex = <class 'numpy.ndarray'>
34.8808 	EXP 	noise: tex = <class 'numpy.ndarray'>
34.9308 	EXP 	noise: tex = <class 'numpy.ndarray'>
34.9806 	EXP 	noise: tex = <class 'numpy.ndarray'>
35.0305 	EXP 	noise: tex = <class 'numpy.ndarray'>
35.0806 	EXP 	noise: tex = <class 'numpy.ndarray'>
35.1308 	EXP 	noise: tex = <class 'numpy.ndarray'>
35.1809 	EXP 	noise: tex = <class 'numpy.ndarray'>
35.2307 	EXP 	noise: tex = <class 'numpy.ndarray'>
35.2808 	EXP 	noise: tex = <class 'numpy.ndarray'>
35.3311 	EXP 	noise: tex = <class 'numpy.ndarray'>
35.3805 	EXP 	noise: tex = <class 'numpy.ndarray'>
35.4306 	EXP 	noise: tex = <class 'numpy.ndarray'>
35.4809 	EXP 	noise: tex = <class 'numpy.ndarray'>
35.5309 	EXP 	noise: tex = <class 'numpy.ndarray'>
35.5805 	EXP 	noise: tex = <class 'numpy.ndarray'>
35.6306 	EXP 	noise: tex = <class 'numpy.ndarray'>
35.6808 	EXP 	noise: tex = <class 'numpy.ndarray'>
35.7309 	EXP 	noise: tex = <class 'numpy.ndarray'>
35.7808 	EXP 	noise: tex = <class 'numpy.ndarray'>
35.8307 	EXP 	noise: tex = <class 'numpy.ndarray'>
35.8808 	EXP 	noise: tex = <class 'numpy.ndarray'>
35.9309 	EXP 	noise: tex = <class 'numpy.ndarray'>
35.9807 	EXP 	noise: tex = <class 'numpy.ndarray'>
36.0306 	EXP 	noise: tex = <class 'numpy.ndarray'>
36.0807 	EXP 	noise: tex = <class 'numpy.ndarray'>
36.1306 	EXP 	noise: tex = <class 'numpy.ndarray'>
36.1811 	EXP 	noise: tex = <class 'numpy.ndarray'>
36.2311 	EXP 	noise: tex = <class 'numpy.ndarray'>
36.2808 	EXP 	noise: tex = <class 'numpy.ndarray'>
36.3308 	EXP 	noise: tex = <class 'numpy.ndarray'>
36.3809 	EXP 	noise: tex = <class 'numpy.ndarray'>
36.4306 	EXP 	noise: tex = <class 'numpy.ndarray'>
36.4807 	EXP 	noise: tex = <class 'numpy.ndarray'>
36.5310 	EXP 	noise: tex = <class 'numpy.ndarray'>
36.5810 	EXP 	noise: tex = <class 'numpy.ndarray'>
36.6306 	EXP 	noise: tex = <class 'numpy.ndarray'>
36.6805 	EXP 	noise: tex = <class 'numpy.ndarray'>
36.7331 	EXP 	noise: tex = <class 'numpy.ndarray'>
36.7806 	EXP 	noise: tex = <class 'numpy.ndarray'>
36.8305 	EXP 	noise: tex = <class 'numpy.ndarray'>
36.8807 	EXP 	noise: tex = <class 'numpy.ndarray'>
36.9306 	EXP 	noise: tex = <class 'numpy.ndarray'>
36.9807 	EXP 	noise: tex = <class 'numpy.ndarray'>
37.0309 	EXP 	noise: tex = <class 'numpy.ndarray'>
37.0808 	EXP 	noise: tex = <class 'numpy.ndarray'>
37.1308 	EXP 	noise: tex = <class 'numpy.ndarray'>
37.1806 	EXP 	noise: tex = <class 'numpy.ndarray'>
37.2307 	EXP 	noise: tex = <class 'numpy.ndarray'>
37.2807 	EXP 	noise: tex = <class 'numpy.ndarray'>
37.3308 	EXP 	noise: tex = <class 'numpy.ndarray'>
37.3808 	EXP 	noise: tex = <class 'numpy.ndarray'>
37.4332 	EXP 	noise: tex = <class 'numpy.ndarray'>
37.4835 	EXP 	noise: tex = <class 'numpy.ndarray'>
37.5322 	EXP 	noise: tex = <class 'numpy.ndarray'>
37.5807 	EXP 	noise: tex = <class 'numpy.ndarray'>
37.6309 	EXP 	noise: tex = <class 'numpy.ndarray'>
37.6810 	EXP 	noise: tex = <class 'numpy.ndarray'>
37.7308 	EXP 	noise: tex = <class 'numpy.ndarray'>
37.7810 	EXP 	noise: tex = <class 'numpy.ndarray'>
37.8307 	EXP 	noise: tex = <class 'numpy.ndarray'>
37.8807 	EXP 	noise: tex = <class 'numpy.ndarray'>
37.9306 	EXP 	noise: tex = <class 'numpy.ndarray'>
37.9807 	EXP 	noise: tex = <class 'numpy.ndarray'>
38.0307 	EXP 	noise: tex = <class 'numpy.ndarray'>
38.0805 	EXP 	noise: tex = <class 'numpy.ndarray'>
38.1305 	EXP 	noise: tex = <class 'numpy.ndarray'>
38.1806 	EXP 	noise: tex = <class 'numpy.ndarray'>
38.2307 	EXP 	noise: tex = <class 'numpy.ndarray'>
38.2807 	EXP 	noise: tex = <class 'numpy.ndarray'>
38.3312 	EXP 	noise: tex = <class 'numpy.ndarray'>
38.3809 	EXP 	noise: tex = <class 'numpy.ndarray'>
38.4306 	EXP 	noise: tex = <class 'numpy.ndarray'>
38.4807 	EXP 	noise: tex = <class 'numpy.ndarray'>
38.5305 	EXP 	noise: tex = <class 'numpy.ndarray'>
38.5805 	EXP 	noise: tex = <class 'numpy.ndarray'>
38.6307 	EXP 	noise: tex = <class 'numpy.ndarray'>
38.6805 	EXP 	noise: tex = <class 'numpy.ndarray'>
38.7305 	EXP 	noise: tex = <class 'numpy.ndarray'>
38.7808 	EXP 	noise: tex = <class 'numpy.ndarray'>
38.8314 	EXP 	noise: tex = <class 'numpy.ndarray'>
38.8812 	EXP 	noise: tex = <class 'numpy.ndarray'>
38.9308 	EXP 	noise: tex = <class 'numpy.ndarray'>
38.9810 	EXP 	noise: tex = <class 'numpy.ndarray'>
39.0306 	EXP 	noise: tex = <class 'numpy.ndarray'>
39.0806 	EXP 	noise: tex = <class 'numpy.ndarray'>
39.1308 	EXP 	noise: tex = <class 'numpy.ndarray'>
39.1805 	EXP 	noise: tex = <class 'numpy.ndarray'>
39.2308 	EXP 	noise: tex = <class 'numpy.ndarray'>
39.2806 	EXP 	noise: tex = <class 'numpy.ndarray'>
39.3308 	EXP 	noise: tex = <class 'numpy.ndarray'>
39.3805 	EXP 	noise: tex = <class 'numpy.ndarray'>
39.4308 	EXP 	noise: tex = <class 'numpy.ndarray'>
39.4808 	EXP 	noise: tex = <class 'numpy.ndarray'>
39.5306 	EXP 	noise: tex = <class 'numpy.ndarray'>
39.5805 	EXP 	noise: tex = <class 'numpy.ndarray'>
39.6305 	EXP 	noise: tex = <class 'numpy.ndarray'>
39.6804 	EXP 	noise: tex = <class 'numpy.ndarray'>
39.7306 	EXP 	noise: tex = <class 'numpy.ndarray'>
39.7806 	EXP 	noise: tex = <class 'numpy.ndarray'>
39.8307 	EXP 	noise: tex = <class 'numpy.ndarray'>
39.8805 	EXP 	noise: tex = <class 'numpy.ndarray'>
39.9313 	EXP 	noise: tex = <class 'numpy.ndarray'>
39.9806 	EXP 	noise: tex = <class 'numpy.ndarray'>
40.0305 	EXP 	noise: tex = <class 'numpy.ndarray'>
40.0803 	EXP 	noise: tex = <class 'numpy.ndarray'>
40.1304 	EXP 	noise: tex = <class 'numpy.ndarray'>
40.1804 	EXP 	noise: tex = <class 'numpy.ndarray'>
40.2306 	EXP 	noise: tex = <class 'numpy.ndarray'>
40.2804 	EXP 	noise: tex = <class 'numpy.ndarray'>
40.3305 	EXP 	noise: tex = <class 'numpy.ndarray'>
40.3804 	EXP 	noise: tex = <class 'numpy.ndarray'>
40.4305 	EXP 	noise: tex = <class 'numpy.ndarray'>
40.4803 	EXP 	noise: tex = <class 'numpy.ndarray'>
40.5306 	EXP 	noise: tex = <class 'numpy.ndarray'>
40.5805 	EXP 	noise: tex = <class 'numpy.ndarray'>
40.6304 	EXP 	noise: tex = <class 'numpy.ndarray'>
40.6803 	EXP 	noise: tex = <class 'numpy.ndarray'>
40.7303 	EXP 	noise: tex = <class 'numpy.ndarray'>
40.7804 	EXP 	noise: tex = <class 'numpy.ndarray'>
40.8303 	EXP 	noise: tex = <class 'numpy.ndarray'>
40.8804 	EXP 	noise: tex = <class 'numpy.ndarray'>
40.9304 	EXP 	noise: tex = <class 'numpy.ndarray'>
40.9803 	EXP 	noise: tex = <class 'numpy.ndarray'>
41.0306 	EXP 	noise: tex = <class 'numpy.ndarray'>
41.0805 	EXP 	noise: tex = <class 'numpy.ndarray'>
41.1306 	EXP 	noise: tex = <class 'numpy.ndarray'>
41.1804 	EXP 	noise: tex = <class 'numpy.ndarray'>
41.2305 	EXP 	noise: tex = <class 'numpy.ndarray'>
41.2809 	EXP 	noise: tex = <class 'numpy.ndarray'>
41.3305 	EXP 	noise: tex = <class 'numpy.ndarray'>
41.3803 	EXP 	noise: tex = <class 'numpy.ndarray'>
41.4309 	EXP 	noise: tex = <class 'numpy.ndarray'>
41.4804 	EXP 	noise: tex = <class 'numpy.ndarray'>
41.5305 	EXP 	noise: tex = <class 'numpy.ndarray'>
41.5804 	EXP 	noise: tex = <class 'numpy.ndarray'>
41.6302 	EXP 	noise: tex = <class 'numpy.ndarray'>
41.6804 	EXP 	noise: tex = <class 'numpy.ndarray'>
41.7303 	EXP 	noise: tex = <class 'numpy.ndarray'>
41.7805 	EXP 	noise: tex = <class 'numpy.ndarray'>
41.8303 	EXP 	noise: tex = <class 'numpy.ndarray'>
41.8805 	EXP 	noise: tex = <class 'numpy.ndarray'>
41.9304 	EXP 	noise: tex = <class 'numpy.ndarray'>
41.9803 	EXP 	noise: tex = <class 'numpy.ndarray'>
42.0305 	EXP 	noise: tex = <class 'numpy.ndarray'>
42.0804 	EXP 	noise: tex = <class 'numpy.ndarray'>
42.1303 	EXP 	noise: tex = <class 'numpy.ndarray'>
42.1805 	EXP 	noise: tex = <class 'numpy.ndarray'>
42.2305 	EXP 	noise: tex = <class 'numpy.ndarray'>
42.2802 	EXP 	noise: tex = <class 'numpy.ndarray'>
42.3303 	EXP 	noise: tex = <class 'numpy.ndarray'>
42.3805 	EXP 	noise: tex = <class 'numpy.ndarray'>
42.4303 	EXP 	noise: tex = <class 'numpy.ndarray'>
42.4804 	EXP 	noise: tex = <class 'numpy.ndarray'>
42.5303 	EXP 	noise: tex = <class 'numpy.ndarray'>
42.5810 	EXP 	noise: tex = <class 'numpy.ndarray'>
42.6325 	EXP 	noise: tex = <class 'numpy.ndarray'>
42.6804 	EXP 	noise: tex = <class 'numpy.ndarray'>
42.7305 	EXP 	noise: tex = <class 'numpy.ndarray'>
42.7805 	EXP 	noise: tex = <class 'numpy.ndarray'>
42.8304 	EXP 	noise: tex = <class 'numpy.ndarray'>
42.8808 	EXP 	noise: tex = <class 'numpy.ndarray'>
42.9308 	EXP 	noise: tex = <class 'numpy.ndarray'>
42.9829 	EXP 	noise: tex = <class 'numpy.ndarray'>
43.0304 	EXP 	noise: tex = <class 'numpy.ndarray'>
43.0805 	EXP 	noise: tex = <class 'numpy.ndarray'>
43.1305 	EXP 	noise: tex = <class 'numpy.ndarray'>
43.1803 	EXP 	noise: tex = <class 'numpy.ndarray'>
43.2304 	EXP 	noise: tex = <class 'numpy.ndarray'>
43.2804 	EXP 	noise: tex = <class 'numpy.ndarray'>
43.3302 	EXP 	noise: tex = <class 'numpy.ndarray'>
43.3803 	EXP 	noise: tex = <class 'numpy.ndarray'>
43.4304 	EXP 	noise: tex = <class 'numpy.ndarray'>
43.4348 	EXP 	New trial (rep=0, index=2): OrderedDict([('blobHeight', 0.1892), ('blobWidth', 0.37), ('mask', '$np.ones((512,512))'), ('sig', 0.01)])
43.4488 	EXP 	noise_0: autoDraw = False
43.4488 	EXP 	noise: autoDraw = False
43.4488 	EXP 	blob_0: autoDraw = False
43.4488 	EXP 	blob: autoDraw = False
43.4488 	EXP 	cursor: autoDraw = False
43.4488 	EXP 	start_trial_text: autoDraw = True
44.1151 	DATA 	Mouse: Left button down, pos=(813,696)
44.1313 	EXP 	window1: mouseVisible = 0
44.1913 	EXP 	start_trial_text: autoDraw = False
44.1913 	EXP 	blob_0: tex = <class 'numpy.ndarray'>
44.1913 	EXP 	blob: tex = <class 'numpy.ndarray'>
44.1913 	EXP 	noise_0: autoDraw = True
44.1913 	EXP 	noise_0: tex = <class 'numpy.ndarray'>
44.1913 	EXP 	blob_0: autoDraw = True
44.1913 	EXP 	cursor: autoDraw = True
44.2382 	EXP 	noise_0: tex = <class 'numpy.ndarray'>
44.2390 	DATA 	Mouse:  Left button up, pos=(720,450)
44.2842 	EXP 	noise_0: tex = <class 'numpy.ndarray'>
44.3318 	EXP 	noise_0: tex = <class 'numpy.ndarray'>
44.3805 	EXP 	noise_0: tex = <class 'numpy.ndarray'>
44.4304 	EXP 	noise_0: tex = <class 'numpy.ndarray'>
44.4808 	EXP 	noise_0: tex = <class 'numpy.ndarray'>
44.5307 	EXP 	noise_0: tex = <class 'numpy.ndarray'>
44.5833 	EXP 	noise_0: tex = <class 'numpy.ndarray'>
44.6308 	EXP 	noise_0: tex = <class 'numpy.ndarray'>
44.7167 	EXP 	noise_0: tex = <class 'numpy.ndarray'>
44.7167 	EXP 	noise: autoDraw = True
44.7167 	EXP 	noise: tex = <class 'numpy.ndarray'>
44.7167 	EXP 	blob: autoDraw = True
44.7688 	EXP 	noise_0: autoDraw = False
44.7688 	EXP 	noise: tex = <class 'numpy.ndarray'>
44.7688 	EXP 	blob_0: autoDraw = False
44.8163 	EXP 	noise: tex = <class 'numpy.ndarray'>
44.8658 	EXP 	noise: tex = <class 'numpy.ndarray'>
44.9153 	EXP 	noise: tex = <class 'numpy.ndarray'>
44.9638 	EXP 	noise: tex = <class 'numpy.ndarray'>
45.0137 	EXP 	noise: tex = <class 'numpy.ndarray'>
45.0645 	EXP 	noise: tex = <class 'numpy.ndarray'>
45.1140 	EXP 	noise: tex = <class 'numpy.ndarray'>
45.1644 	EXP 	noise: tex = <class 'numpy.ndarray'>
45.2137 	EXP 	noise: tex = <class 'numpy.ndarray'>
45.2636 	EXP 	noise: tex = <class 'numpy.ndarray'>
45.3137 	EXP 	noise: tex = <class 'numpy.ndarray'>
45.3637 	EXP 	noise: tex = <class 'numpy.ndarray'>
45.4139 	EXP 	noise: tex = <class 'numpy.ndarray'>
45.4662 	EXP 	noise: tex = <class 'numpy.ndarray'>
45.5151 	EXP 	noise: tex = <class 'numpy.ndarray'>
45.5642 	EXP 	noise: tex = <class 'numpy.ndarray'>
45.6138 	EXP 	noise: tex = <class 'numpy.ndarray'>
45.6638 	EXP 	noise: tex = <class 'numpy.ndarray'>
45.7137 	EXP 	noise: tex = <class 'numpy.ndarray'>
45.7639 	EXP 	noise: tex = <class 'numpy.ndarray'>
45.8138 	EXP 	noise: tex = <class 'numpy.ndarray'>
45.8638 	EXP 	noise: tex = <class 'numpy.ndarray'>
45.9165 	EXP 	noise: tex = <class 'numpy.ndarray'>
45.9662 	EXP 	noise: tex = <class 'numpy.ndarray'>
46.0168 	EXP 	noise: tex = <class 'numpy.ndarray'>
46.0637 	EXP 	noise: tex = <class 'numpy.ndarray'>
46.1137 	EXP 	noise: tex = <class 'numpy.ndarray'>
46.1638 	EXP 	noise: tex = <class 'numpy.ndarray'>
46.2165 	EXP 	noise: tex = <class 'numpy.ndarray'>
46.2664 	EXP 	noise: tex = <class 'numpy.ndarray'>
46.3157 	EXP 	noise: tex = <class 'numpy.ndarray'>
46.3683 	EXP 	noise: tex = <class 'numpy.ndarray'>
46.4155 	EXP 	noise: tex = <class 'numpy.ndarray'>
46.4661 	EXP 	noise: tex = <class 'numpy.ndarray'>
46.5146 	EXP 	noise: tex = <class 'numpy.ndarray'>
46.5638 	EXP 	noise: tex = <class 'numpy.ndarray'>
46.6150 	EXP 	noise: tex = <class 'numpy.ndarray'>
46.6646 	EXP 	noise: tex = <class 'numpy.ndarray'>
46.7138 	EXP 	noise: tex = <class 'numpy.ndarray'>
46.7644 	EXP 	noise: tex = <class 'numpy.ndarray'>
46.8144 	EXP 	noise: tex = <class 'numpy.ndarray'>
46.8647 	EXP 	noise: tex = <class 'numpy.ndarray'>
46.9142 	EXP 	noise: tex = <class 'numpy.ndarray'>
46.9639 	EXP 	noise: tex = <class 'numpy.ndarray'>
47.0139 	EXP 	noise: tex = <class 'numpy.ndarray'>
47.0637 	EXP 	noise: tex = <class 'numpy.ndarray'>
47.1135 	EXP 	noise: tex = <class 'numpy.ndarray'>
47.1636 	EXP 	noise: tex = <class 'numpy.ndarray'>
47.2160 	EXP 	noise: tex = <class 'numpy.ndarray'>
47.2636 	EXP 	noise: tex = <class 'numpy.ndarray'>
47.3143 	EXP 	noise: tex = <class 'numpy.ndarray'>
47.3654 	EXP 	noise: tex = <class 'numpy.ndarray'>
47.4155 	EXP 	noise: tex = <class 'numpy.ndarray'>
47.4645 	EXP 	noise: tex = <class 'numpy.ndarray'>
47.5169 	EXP 	noise: tex = <class 'numpy.ndarray'>
47.5693 	EXP 	noise: tex = <class 'numpy.ndarray'>
47.6172 	EXP 	noise: tex = <class 'numpy.ndarray'>
47.6655 	EXP 	noise: tex = <class 'numpy.ndarray'>
47.7137 	EXP 	noise: tex = <class 'numpy.ndarray'>
47.7643 	EXP 	noise: tex = <class 'numpy.ndarray'>
47.8136 	EXP 	noise: tex = <class 'numpy.ndarray'>
47.8641 	EXP 	noise: tex = <class 'numpy.ndarray'>
47.9135 	EXP 	noise: tex = <class 'numpy.ndarray'>
47.9669 	EXP 	noise: tex = <class 'numpy.ndarray'>
48.0152 	EXP 	noise: tex = <class 'numpy.ndarray'>
48.0643 	EXP 	noise: tex = <class 'numpy.ndarray'>
48.1137 	EXP 	noise: tex = <class 'numpy.ndarray'>
48.1640 	EXP 	noise: tex = <class 'numpy.ndarray'>
48.2137 	EXP 	noise: tex = <class 'numpy.ndarray'>
48.2637 	EXP 	noise: tex = <class 'numpy.ndarray'>
48.3139 	EXP 	noise: tex = <class 'numpy.ndarray'>
48.3651 	EXP 	noise: tex = <class 'numpy.ndarray'>
48.4135 	EXP 	noise: tex = <class 'numpy.ndarray'>
48.4637 	EXP 	noise: tex = <class 'numpy.ndarray'>
48.5136 	EXP 	noise: tex = <class 'numpy.ndarray'>
48.5637 	EXP 	noise: tex = <class 'numpy.ndarray'>
48.6151 	EXP 	noise: tex = <class 'numpy.ndarray'>
48.6638 	EXP 	noise: tex = <class 'numpy.ndarray'>
48.7137 	EXP 	noise: tex = <class 'numpy.ndarray'>
48.7638 	EXP 	noise: tex = <class 'numpy.ndarray'>
48.8139 	EXP 	noise: tex = <class 'numpy.ndarray'>
48.8637 	EXP 	noise: tex = <class 'numpy.ndarray'>
48.9161 	EXP 	noise: tex = <class 'numpy.ndarray'>
48.9644 	EXP 	noise: tex = <class 'numpy.ndarray'>
49.0135 	EXP 	noise: tex = <class 'numpy.ndarray'>
49.0638 	EXP 	noise: tex = <class 'numpy.ndarray'>
49.1143 	EXP 	noise: tex = <class 'numpy.ndarray'>
49.1638 	EXP 	noise: tex = <class 'numpy.ndarray'>
49.2140 	EXP 	noise: tex = <class 'numpy.ndarray'>
49.2637 	EXP 	noise: tex = <class 'numpy.ndarray'>
49.3142 	EXP 	noise: tex = <class 'numpy.ndarray'>
49.3665 	EXP 	noise: tex = <class 'numpy.ndarray'>
49.4136 	EXP 	noise: tex = <class 'numpy.ndarray'>
49.4637 	EXP 	noise: tex = <class 'numpy.ndarray'>
49.5136 	EXP 	noise: tex = <class 'numpy.ndarray'>
49.5635 	EXP 	noise: tex = <class 'numpy.ndarray'>
49.6138 	EXP 	noise: tex = <class 'numpy.ndarray'>
49.6639 	EXP 	noise: tex = <class 'numpy.ndarray'>
49.7136 	EXP 	noise: tex = <class 'numpy.ndarray'>
49.7636 	EXP 	noise: tex = <class 'numpy.ndarray'>
49.8137 	EXP 	noise: tex = <class 'numpy.ndarray'>
49.8639 	EXP 	noise: tex = <class 'numpy.ndarray'>
49.9140 	EXP 	noise: tex = <class 'numpy.ndarray'>
49.9635 	EXP 	noise: tex = <class 'numpy.ndarray'>
50.0137 	EXP 	noise: tex = <class 'numpy.ndarray'>
50.0638 	EXP 	noise: tex = <class 'numpy.ndarray'>
50.1136 	EXP 	noise: tex = <class 'numpy.ndarray'>
50.1636 	EXP 	noise: tex = <class 'numpy.ndarray'>
50.2136 	EXP 	noise: tex = <class 'numpy.ndarray'>
50.2638 	EXP 	noise: tex = <class 'numpy.ndarray'>
50.3136 	EXP 	noise: tex = <class 'numpy.ndarray'>
50.3636 	EXP 	noise: tex = <class 'numpy.ndarray'>
50.4136 	EXP 	noise: tex = <class 'numpy.ndarray'>
50.4636 	EXP 	noise: tex = <class 'numpy.ndarray'>
50.5136 	EXP 	noise: tex = <class 'numpy.ndarray'>
50.5635 	EXP 	noise: tex = <class 'numpy.ndarray'>
50.6136 	EXP 	noise: tex = <class 'numpy.ndarray'>
50.6659 	EXP 	noise: tex = <class 'numpy.ndarray'>
50.7144 	EXP 	noise: tex = <class 'numpy.ndarray'>
50.7637 	EXP 	noise: tex = <class 'numpy.ndarray'>
50.8136 	EXP 	noise: tex = <class 'numpy.ndarray'>
50.8662 	EXP 	noise: tex = <class 'numpy.ndarray'>
50.9158 	EXP 	noise: tex = <class 'numpy.ndarray'>
50.9635 	EXP 	noise: tex = <class 'numpy.ndarray'>
51.0136 	EXP 	noise: tex = <class 'numpy.ndarray'>
51.0638 	EXP 	noise: tex = <class 'numpy.ndarray'>
51.1135 	EXP 	noise: tex = <class 'numpy.ndarray'>
51.1636 	EXP 	noise: tex = <class 'numpy.ndarray'>
51.2139 	EXP 	noise: tex = <class 'numpy.ndarray'>
51.2635 	EXP 	noise: tex = <class 'numpy.ndarray'>
51.3136 	EXP 	noise: tex = <class 'numpy.ndarray'>
51.3635 	EXP 	noise: tex = <class 'numpy.ndarray'>
51.4136 	EXP 	noise: tex = <class 'numpy.ndarray'>
51.4638 	EXP 	noise: tex = <class 'numpy.ndarray'>
51.5137 	EXP 	noise: tex = <class 'numpy.ndarray'>
51.5637 	EXP 	noise: tex = <class 'numpy.ndarray'>
51.6135 	EXP 	noise: tex = <class 'numpy.ndarray'>
51.6637 	EXP 	noise: tex = <class 'numpy.ndarray'>
51.7137 	EXP 	noise: tex = <class 'numpy.ndarray'>
51.7639 	EXP 	noise: tex = <class 'numpy.ndarray'>
51.8137 	EXP 	noise: tex = <class 'numpy.ndarray'>
51.8671 	EXP 	noise: tex = <class 'numpy.ndarray'>
51.9146 	EXP 	noise: tex = <class 'numpy.ndarray'>
51.9636 	EXP 	noise: tex = <class 'numpy.ndarray'>
52.0135 	EXP 	noise: tex = <class 'numpy.ndarray'>
52.0637 	EXP 	noise: tex = <class 'numpy.ndarray'>
52.1135 	EXP 	noise: tex = <class 'numpy.ndarray'>
52.1635 	EXP 	noise: tex = <class 'numpy.ndarray'>
52.2138 	EXP 	noise: tex = <class 'numpy.ndarray'>
52.2641 	EXP 	noise: tex = <class 'numpy.ndarray'>
52.3136 	EXP 	noise: tex = <class 'numpy.ndarray'>
52.3637 	EXP 	noise: tex = <class 'numpy.ndarray'>
52.4152 	EXP 	noise: tex = <class 'numpy.ndarray'>
52.4644 	EXP 	noise: tex = <class 'numpy.ndarray'>
52.5138 	EXP 	noise: tex = <class 'numpy.ndarray'>
52.5636 	EXP 	noise: tex = <class 'numpy.ndarray'>
52.6139 	EXP 	noise: tex = <class 'numpy.ndarray'>
52.6652 	EXP 	noise: tex = <class 'numpy.ndarray'>
52.7136 	EXP 	noise: tex = <class 'numpy.ndarray'>
52.7637 	EXP 	noise: tex = <class 'numpy.ndarray'>
52.8136 	EXP 	noise: tex = <class 'numpy.ndarray'>
52.8645 	EXP 	noise: tex = <class 'numpy.ndarray'>
52.9138 	EXP 	noise: tex = <class 'numpy.ndarray'>
52.9635 	EXP 	noise: tex = <class 'numpy.ndarray'>
53.0136 	EXP 	noise: tex = <class 'numpy.ndarray'>
53.0665 	EXP 	noise: tex = <class 'numpy.ndarray'>
53.1138 	EXP 	noise: tex = <class 'numpy.ndarray'>
53.1636 	EXP 	noise: tex = <class 'numpy.ndarray'>
53.2134 	EXP 	noise: tex = <class 'numpy.ndarray'>
53.2638 	EXP 	noise: tex = <class 'numpy.ndarray'>
53.3136 	EXP 	noise: tex = <class 'numpy.ndarray'>
53.3643 	EXP 	noise: tex = <class 'numpy.ndarray'>
53.4156 	EXP 	noise: tex = <class 'numpy.ndarray'>
53.4637 	EXP 	noise: tex = <class 'numpy.ndarray'>
53.5142 	EXP 	noise: tex = <class 'numpy.ndarray'>
53.5636 	EXP 	noise: tex = <class 'numpy.ndarray'>
53.6135 	EXP 	noise: tex = <class 'numpy.ndarray'>
53.6635 	EXP 	noise: tex = <class 'numpy.ndarray'>
53.7137 	EXP 	noise: tex = <class 'numpy.ndarray'>
53.7635 	EXP 	noise: tex = <class 'numpy.ndarray'>
53.8136 	EXP 	noise: tex = <class 'numpy.ndarray'>
53.8635 	EXP 	noise: tex = <class 'numpy.ndarray'>
53.9134 	EXP 	noise: tex = <class 'numpy.ndarray'>
53.9638 	EXP 	noise: tex = <class 'numpy.ndarray'>
54.0137 	EXP 	noise: tex = <class 'numpy.ndarray'>
54.0636 	EXP 	noise: tex = <class 'numpy.ndarray'>
54.1140 	EXP 	noise: tex = <class 'numpy.ndarray'>
54.1636 	EXP 	noise: tex = <class 'numpy.ndarray'>
54.2135 	EXP 	noise: tex = <class 'numpy.ndarray'>
54.2637 	EXP 	noise: tex = <class 'numpy.ndarray'>
54.3138 	EXP 	noise: tex = <class 'numpy.ndarray'>
54.3636 	EXP 	noise: tex = <class 'numpy.ndarray'>
54.4136 	EXP 	noise: tex = <class 'numpy.ndarray'>
54.4636 	EXP 	noise: tex = <class 'numpy.ndarray'>
54.5137 	EXP 	noise: tex = <class 'numpy.ndarray'>
54.5636 	EXP 	noise: tex = <class 'numpy.ndarray'>
54.6135 	EXP 	noise: tex = <class 'numpy.ndarray'>
54.6636 	EXP 	noise: tex = <class 'numpy.ndarray'>
54.7151 	EXP 	noise: tex = <class 'numpy.ndarray'>
54.7647 	EXP 	noise: tex = <class 'numpy.ndarray'>
54.8171 	EXP 	noise: tex = <class 'numpy.ndarray'>
54.8635 	EXP 	noise: tex = <class 'numpy.ndarray'>
54.9134 	EXP 	noise: tex = <class 'numpy.ndarray'>
54.9636 	EXP 	noise: tex = <class 'numpy.ndarray'>
55.0134 	EXP 	noise: tex = <class 'numpy.ndarray'>
55.0646 	EXP 	noise: tex = <class 'numpy.ndarray'>
55.1150 	EXP 	noise: tex = <class 'numpy.ndarray'>
55.1638 	EXP 	noise: tex = <class 'numpy.ndarray'>
55.2163 	EXP 	noise: tex = <class 'numpy.ndarray'>
55.2634 	EXP 	noise: tex = <class 'numpy.ndarray'>
55.3136 	EXP 	noise: tex = <class 'numpy.ndarray'>
55.3637 	EXP 	noise: tex = <class 'numpy.ndarray'>
55.4140 	EXP 	noise: tex = <class 'numpy.ndarray'>
55.4635 	EXP 	noise: tex = <class 'numpy.ndarray'>
55.5140 	EXP 	noise: tex = <class 'numpy.ndarray'>
55.5638 	EXP 	noise: tex = <class 'numpy.ndarray'>
55.6136 	EXP 	noise: tex = <class 'numpy.ndarray'>
55.6643 	EXP 	noise: tex = <class 'numpy.ndarray'>
55.7143 	EXP 	noise: tex = <class 'numpy.ndarray'>
55.7657 	EXP 	noise: tex = <class 'numpy.ndarray'>
55.8135 	EXP 	noise: tex = <class 'numpy.ndarray'>
55.8635 	EXP 	noise: tex = <class 'numpy.ndarray'>
55.9137 	EXP 	noise: tex = <class 'numpy.ndarray'>
55.9636 	EXP 	noise: tex = <class 'numpy.ndarray'>
56.0138 	EXP 	noise: tex = <class 'numpy.ndarray'>
56.0638 	EXP 	noise: tex = <class 'numpy.ndarray'>
56.1137 	EXP 	noise: tex = <class 'numpy.ndarray'>
56.1635 	EXP 	noise: tex = <class 'numpy.ndarray'>
56.2136 	EXP 	noise: tex = <class 'numpy.ndarray'>
56.2640 	EXP 	noise: tex = <class 'numpy.ndarray'>
56.3136 	EXP 	noise: tex = <class 'numpy.ndarray'>
56.3637 	EXP 	noise: tex = <class 'numpy.ndarray'>
56.4138 	EXP 	noise: tex = <class 'numpy.ndarray'>
56.4635 	EXP 	noise: tex = <class 'numpy.ndarray'>
56.5140 	EXP 	noise: tex = <class 'numpy.ndarray'>
56.5636 	EXP 	noise: tex = <class 'numpy.ndarray'>
56.6137 	EXP 	noise: tex = <class 'numpy.ndarray'>
56.6635 	EXP 	noise: tex = <class 'numpy.ndarray'>
56.7137 	EXP 	noise: tex = <class 'numpy.ndarray'>
56.7760 	EXP 	noise: tex = <class 'numpy.ndarray'>
56.8301 	EXP 	noise: tex = <class 'numpy.ndarray'>
56.8803 	EXP 	noise: tex = <class 'numpy.ndarray'>
56.9301 	EXP 	noise: tex = <class 'numpy.ndarray'>
56.9808 	EXP 	noise: tex = <class 'numpy.ndarray'>
57.0307 	EXP 	noise: tex = <class 'numpy.ndarray'>
57.0809 	EXP 	noise: tex = <class 'numpy.ndarray'>
57.1300 	EXP 	noise: tex = <class 'numpy.ndarray'>
57.1802 	EXP 	noise: tex = <class 'numpy.ndarray'>
57.2303 	EXP 	noise: tex = <class 'numpy.ndarray'>
57.2801 	EXP 	noise: tex = <class 'numpy.ndarray'>
57.3302 	EXP 	noise: tex = <class 'numpy.ndarray'>
57.3809 	EXP 	noise: tex = <class 'numpy.ndarray'>
57.4321 	EXP 	noise: tex = <class 'numpy.ndarray'>
57.4802 	EXP 	noise: tex = <class 'numpy.ndarray'>
57.5301 	EXP 	noise: tex = <class 'numpy.ndarray'>
57.5809 	EXP 	noise: tex = <class 'numpy.ndarray'>
57.6305 	EXP 	noise: tex = <class 'numpy.ndarray'>
57.6818 	EXP 	noise: tex = <class 'numpy.ndarray'>
57.7305 	EXP 	noise: tex = <class 'numpy.ndarray'>
57.7805 	EXP 	noise: tex = <class 'numpy.ndarray'>
57.8336 	EXP 	noise: tex = <class 'numpy.ndarray'>
57.8839 	EXP 	noise: tex = <class 'numpy.ndarray'>
57.9359 	EXP 	noise: tex = <class 'numpy.ndarray'>
57.9830 	EXP 	noise: tex = <class 'numpy.ndarray'>
58.0308 	EXP 	noise: tex = <class 'numpy.ndarray'>
58.0810 	EXP 	noise: tex = <class 'numpy.ndarray'>
58.1307 	EXP 	noise: tex = <class 'numpy.ndarray'>
58.1800 	EXP 	noise: tex = <class 'numpy.ndarray'>
58.2325 	EXP 	noise: tex = <class 'numpy.ndarray'>
58.2821 	EXP 	noise: tex = <class 'numpy.ndarray'>
58.3308 	EXP 	noise: tex = <class 'numpy.ndarray'>
58.3803 	EXP 	noise: tex = <class 'numpy.ndarray'>
58.4303 	EXP 	noise: tex = <class 'numpy.ndarray'>
58.4821 	EXP 	noise: tex = <class 'numpy.ndarray'>
58.5300 	EXP 	noise: tex = <class 'numpy.ndarray'>
58.5802 	EXP 	noise: tex = <class 'numpy.ndarray'>
58.6325 	EXP 	noise: tex = <class 'numpy.ndarray'>
58.6817 	EXP 	noise: tex = <class 'numpy.ndarray'>
58.7300 	EXP 	noise: tex = <class 'numpy.ndarray'>
58.7804 	EXP 	noise: tex = <class 'numpy.ndarray'>
58.8308 	EXP 	noise: tex = <class 'numpy.ndarray'>
58.8800 	EXP 	noise: tex = <class 'numpy.ndarray'>
58.9301 	EXP 	noise: tex = <class 'numpy.ndarray'>
58.9802 	EXP 	noise: tex = <class 'numpy.ndarray'>
59.0302 	EXP 	noise: tex = <class 'numpy.ndarray'>
59.0801 	EXP 	noise: tex = <class 'numpy.ndarray'>
59.1304 	EXP 	noise: tex = <class 'numpy.ndarray'>
59.1803 	EXP 	noise: tex = <class 'numpy.ndarray'>
59.2301 	EXP 	noise: tex = <class 'numpy.ndarray'>
59.2802 	EXP 	noise: tex = <class 'numpy.ndarray'>
59.3305 	EXP 	noise: tex = <class 'numpy.ndarray'>
59.3802 	EXP 	noise: tex = <class 'numpy.ndarray'>
59.4302 	EXP 	noise: tex = <class 'numpy.ndarray'>
59.4801 	EXP 	noise: tex = <class 'numpy.ndarray'>
59.5320 	EXP 	noise: tex = <class 'numpy.ndarray'>
59.5800 	EXP 	noise: tex = <class 'numpy.ndarray'>
59.6301 	EXP 	noise: tex = <class 'numpy.ndarray'>
59.6349 	EXP 	New trial (rep=0, index=3): OrderedDict([('blobHeight', 0.4188), ('blobWidth', 0.17), ('mask', '$np.ones((512,512))'), ('sig', 0.01)])
59.6491 	EXP 	noise_0: autoDraw = False
59.6491 	EXP 	noise: autoDraw = False
59.6491 	EXP 	blob_0: autoDraw = False
59.6491 	EXP 	blob: autoDraw = False
59.6491 	EXP 	cursor: autoDraw = False
59.6491 	EXP 	start_trial_text: autoDraw = True
60.3314 	DATA 	Mouse: Left button down, pos=(733,527)
60.3482 	EXP 	window1: mouseVisible = 0
60.4086 	EXP 	start_trial_text: autoDraw = False
60.4086 	EXP 	blob_0: tex = <class 'numpy.ndarray'>
60.4086 	EXP 	blob: tex = <class 'numpy.ndarray'>
60.4086 	EXP 	noise_0: autoDraw = True
60.4086 	EXP 	noise_0: tex = <class 'numpy.ndarray'>
60.4086 	EXP 	blob_0: autoDraw = True
60.4086 	EXP 	cursor: autoDraw = True
60.4099 	DATA 	Mouse:  Left button up, pos=(720,450)
60.4541 	EXP 	noise_0: tex = <class 'numpy.ndarray'>
60.5163 	EXP 	noise_0: tex = <class 'numpy.ndarray'>
60.5661 	EXP 	noise_0: tex = <class 'numpy.ndarray'>
60.6144 	EXP 	noise_0: tex = <class 'numpy.ndarray'>
60.6636 	EXP 	noise_0: tex = <class 'numpy.ndarray'>
60.7135 	EXP 	noise_0: tex = <class 'numpy.ndarray'>
60.7635 	EXP 	noise_0: tex = <class 'numpy.ndarray'>
60.8136 	EXP 	noise_0: tex = <class 'numpy.ndarray'>
60.8636 	EXP 	noise_0: tex = <class 'numpy.ndarray'>
60.9468 	EXP 	noise_0: tex = <class 'numpy.ndarray'>
60.9468 	EXP 	noise: autoDraw = True
60.9468 	EXP 	noise: tex = <class 'numpy.ndarray'>
60.9468 	EXP 	blob: autoDraw = True
60.9965 	EXP 	noise_0: autoDraw = False
60.9965 	EXP 	noise: tex = <class 'numpy.ndarray'>
60.9965 	EXP 	blob_0: autoDraw = False
61.0469 	EXP 	noise: tex = <class 'numpy.ndarray'>
61.0972 	EXP 	noise: tex = <class 'numpy.ndarray'>
61.1468 	EXP 	noise: tex = <class 'numpy.ndarray'>
61.1966 	EXP 	noise: tex = <class 'numpy.ndarray'>
61.2469 	EXP 	noise: tex = <class 'numpy.ndarray'>
61.2967 	EXP 	noise: tex = <class 'numpy.ndarray'>
61.3469 	EXP 	noise: tex = <class 'numpy.ndarray'>
61.3968 	EXP 	noise: tex = <class 'numpy.ndarray'>
61.4470 	EXP 	noise: tex = <class 'numpy.ndarray'>
61.4969 	EXP 	noise: tex = <class 'numpy.ndarray'>
61.5468 	EXP 	noise: tex = <class 'numpy.ndarray'>
61.5967 	EXP 	noise: tex = <class 'numpy.ndarray'>
61.6480 	EXP 	noise: tex = <class 'numpy.ndarray'>
61.6965 	EXP 	noise: tex = <class 'numpy.ndarray'>
61.7467 	EXP 	noise: tex = <class 'numpy.ndarray'>
61.7968 	EXP 	noise: tex = <class 'numpy.ndarray'>
61.8467 	EXP 	noise: tex = <class 'numpy.ndarray'>
61.8967 	EXP 	noise: tex = <class 'numpy.ndarray'>
61.9467 	EXP 	noise: tex = <class 'numpy.ndarray'>
61.9970 	EXP 	noise: tex = <class 'numpy.ndarray'>
62.0472 	EXP 	noise: tex = <class 'numpy.ndarray'>
62.0967 	EXP 	noise: tex = <class 'numpy.ndarray'>
62.1467 	EXP 	noise: tex = <class 'numpy.ndarray'>
62.1966 	EXP 	noise: tex = <class 'numpy.ndarray'>
62.2467 	EXP 	noise: tex = <class 'numpy.ndarray'>
62.2966 	EXP 	noise: tex = <class 'numpy.ndarray'>
62.3467 	EXP 	noise: tex = <class 'numpy.ndarray'>
62.3967 	EXP 	noise: tex = <class 'numpy.ndarray'>
62.4468 	EXP 	noise: tex = <class 'numpy.ndarray'>
62.4970 	EXP 	noise: tex = <class 'numpy.ndarray'>
62.5476 	EXP 	noise: tex = <class 'numpy.ndarray'>
62.5966 	EXP 	noise: tex = <class 'numpy.ndarray'>
62.6468 	EXP 	noise: tex = <class 'numpy.ndarray'>
62.6966 	EXP 	noise: tex = <class 'numpy.ndarray'>
62.7467 	EXP 	noise: tex = <class 'numpy.ndarray'>
62.7970 	EXP 	noise: tex = <class 'numpy.ndarray'>
62.8469 	EXP 	noise: tex = <class 'numpy.ndarray'>
62.8966 	EXP 	noise: tex = <class 'numpy.ndarray'>
62.9466 	EXP 	noise: tex = <class 'numpy.ndarray'>
62.9966 	EXP 	noise: tex = <class 'numpy.ndarray'>
63.0467 	EXP 	noise: tex = <class 'numpy.ndarray'>
63.0967 	EXP 	noise: tex = <class 'numpy.ndarray'>
63.1467 	EXP 	noise: tex = <class 'numpy.ndarray'>
63.1968 	EXP 	noise: tex = <class 'numpy.ndarray'>
63.2467 	EXP 	noise: tex = <class 'numpy.ndarray'>
63.2967 	EXP 	noise: tex = <class 'numpy.ndarray'>
63.3471 	EXP 	noise: tex = <class 'numpy.ndarray'>
63.3967 	EXP 	noise: tex = <class 'numpy.ndarray'>
63.4466 	EXP 	noise: tex = <class 'numpy.ndarray'>
63.4968 	EXP 	noise: tex = <class 'numpy.ndarray'>
63.5472 	EXP 	noise: tex = <class 'numpy.ndarray'>
63.5967 	EXP 	noise: tex = <class 'numpy.ndarray'>
63.6467 	EXP 	noise: tex = <class 'numpy.ndarray'>
63.6968 	EXP 	noise: tex = <class 'numpy.ndarray'>
63.7468 	EXP 	noise: tex = <class 'numpy.ndarray'>
63.7968 	EXP 	noise: tex = <class 'numpy.ndarray'>
63.8469 	EXP 	noise: tex = <class 'numpy.ndarray'>
63.8966 	EXP 	noise: tex = <class 'numpy.ndarray'>
63.9469 	EXP 	noise: tex = <class 'numpy.ndarray'>
63.9969 	EXP 	noise: tex = <class 'numpy.ndarray'>
64.0469 	EXP 	noise: tex = <class 'numpy.ndarray'>
64.0968 	EXP 	noise: tex = <class 'numpy.ndarray'>
64.1472 	EXP 	noise: tex = <class 'numpy.ndarray'>
64.1968 	EXP 	noise: tex = <class 'numpy.ndarray'>
64.2478 	EXP 	noise: tex = <class 'numpy.ndarray'>
64.3090 	EXP 	noise: tex = <class 'numpy.ndarray'>
64.3554 	EXP 	noise: tex = <class 'numpy.ndarray'>
64.4016 	EXP 	noise: tex = <class 'numpy.ndarray'>
64.4486 	EXP 	noise: tex = <class 'numpy.ndarray'>
64.4987 	EXP 	noise: tex = <class 'numpy.ndarray'>
64.5471 	EXP 	noise: tex = <class 'numpy.ndarray'>
64.5966 	EXP 	noise: tex = <class 'numpy.ndarray'>
64.6466 	EXP 	noise: tex = <class 'numpy.ndarray'>
64.6966 	EXP 	noise: tex = <class 'numpy.ndarray'>
64.7467 	EXP 	noise: tex = <class 'numpy.ndarray'>
64.7967 	EXP 	noise: tex = <class 'numpy.ndarray'>
64.8476 	EXP 	noise: tex = <class 'numpy.ndarray'>
64.8980 	EXP 	noise: tex = <class 'numpy.ndarray'>
64.9480 	EXP 	noise: tex = <class 'numpy.ndarray'>
64.9968 	EXP 	noise: tex = <class 'numpy.ndarray'>
65.0468 	EXP 	noise: tex = <class 'numpy.ndarray'>
65.0965 	EXP 	noise: tex = <class 'numpy.ndarray'>
65.1466 	EXP 	noise: tex = <class 'numpy.ndarray'>
65.1969 	EXP 	noise: tex = <class 'numpy.ndarray'>
65.2468 	EXP 	noise: tex = <class 'numpy.ndarray'>
65.2966 	EXP 	noise: tex = <class 'numpy.ndarray'>
65.3467 	EXP 	noise: tex = <class 'numpy.ndarray'>
65.3966 	EXP 	noise: tex = <class 'numpy.ndarray'>
65.4467 	EXP 	noise: tex = <class 'numpy.ndarray'>
65.4970 	EXP 	noise: tex = <class 'numpy.ndarray'>
65.5474 	EXP 	noise: tex = <class 'numpy.ndarray'>
65.5968 	EXP 	noise: tex = <class 'numpy.ndarray'>
65.6467 	EXP 	noise: tex = <class 'numpy.ndarray'>
65.6966 	EXP 	noise: tex = <class 'numpy.ndarray'>
65.7470 	EXP 	noise: tex = <class 'numpy.ndarray'>
65.7966 	EXP 	noise: tex = <class 'numpy.ndarray'>
65.8480 	EXP 	noise: tex = <class 'numpy.ndarray'>
65.8966 	EXP 	noise: tex = <class 'numpy.ndarray'>
65.9478 	EXP 	noise: tex = <class 'numpy.ndarray'>
65.9975 	EXP 	noise: tex = <class 'numpy.ndarray'>
66.0495 	EXP 	noise: tex = <class 'numpy.ndarray'>
66.0983 	EXP 	noise: tex = <class 'numpy.ndarray'>
66.1470 	EXP 	noise: tex = <class 'numpy.ndarray'>
66.1968 	EXP 	noise: tex = <class 'numpy.ndarray'>
66.2471 	EXP 	noise: tex = <class 'numpy.ndarray'>
66.2978 	EXP 	noise: tex = <class 'numpy.ndarray'>
66.3468 	EXP 	noise: tex = <class 'numpy.ndarray'>
66.3965 	EXP 	noise: tex = <class 'numpy.ndarray'>
66.4469 	EXP 	noise: tex = <class 'numpy.ndarray'>
66.4966 	EXP 	noise: tex = <class 'numpy.ndarray'>
66.5467 	EXP 	noise: tex = <class 'numpy.ndarray'>
66.5965 	EXP 	noise: tex = <class 'numpy.ndarray'>
66.6470 	EXP 	noise: tex = <class 'numpy.ndarray'>
66.6976 	EXP 	noise: tex = <class 'numpy.ndarray'>
66.7469 	EXP 	noise: tex = <class 'numpy.ndarray'>
66.7973 	EXP 	noise: tex = <class 'numpy.ndarray'>
66.8468 	EXP 	noise: tex = <class 'numpy.ndarray'>
66.8967 	EXP 	noise: tex = <class 'numpy.ndarray'>
66.9468 	EXP 	noise: tex = <class 'numpy.ndarray'>
66.9967 	EXP 	noise: tex = <class 'numpy.ndarray'>
67.0465 	EXP 	noise: tex = <class 'numpy.ndarray'>
67.0966 	EXP 	noise: tex = <class 'numpy.ndarray'>
67.1469 	EXP 	noise: tex = <class 'numpy.ndarray'>
67.1973 	EXP 	noise: tex = <class 'numpy.ndarray'>
67.2466 	EXP 	noise: tex = <class 'numpy.ndarray'>
67.2969 	EXP 	noise: tex = <class 'numpy.ndarray'>
67.3465 	EXP 	noise: tex = <class 'numpy.ndarray'>
67.3981 	EXP 	noise: tex = <class 'numpy.ndarray'>
67.4468 	EXP 	noise: tex = <class 'numpy.ndarray'>
67.4973 	EXP 	noise: tex = <class 'numpy.ndarray'>
67.5465 	EXP 	noise: tex = <class 'numpy.ndarray'>
67.5966 	EXP 	noise: tex = <class 'numpy.ndarray'>
67.6467 	EXP 	noise: tex = <class 'numpy.ndarray'>
67.6967 	EXP 	noise: tex = <class 'numpy.ndarray'>
67.7468 	EXP 	noise: tex = <class 'numpy.ndarray'>
67.7967 	EXP 	noise: tex = <class 'numpy.ndarray'>
67.8467 	EXP 	noise: tex = <class 'numpy.ndarray'>
67.8968 	EXP 	noise: tex = <class 'numpy.ndarray'>
67.9465 	EXP 	noise: tex = <class 'numpy.ndarray'>
67.9966 	EXP 	noise: tex = <class 'numpy.ndarray'>
68.0466 	EXP 	noise: tex = <class 'numpy.ndarray'>
68.0965 	EXP 	noise: tex = <class 'numpy.ndarray'>
68.1467 	EXP 	noise: tex = <class 'numpy.ndarray'>
68.1971 	EXP 	noise: tex = <class 'numpy.ndarray'>
68.2468 	EXP 	noise: tex = <class 'numpy.ndarray'>
68.2967 	EXP 	noise: tex = <class 'numpy.ndarray'>
68.3466 	EXP 	noise: tex = <class 'numpy.ndarray'>
68.3966 	EXP 	noise: tex = <class 'numpy.ndarray'>
68.4466 	EXP 	noise: tex = <class 'numpy.ndarray'>
68.4965 	EXP 	noise: tex = <class 'numpy.ndarray'>
68.5465 	EXP 	noise: tex = <class 'numpy.ndarray'>
68.5966 	EXP 	noise: tex = <class 'numpy.ndarray'>
68.6465 	EXP 	noise: tex = <class 'numpy.ndarray'>
68.6965 	EXP 	noise: tex = <class 'numpy.ndarray'>
68.7466 	EXP 	noise: tex = <class 'numpy.ndarray'>
68.7965 	EXP 	noise: tex = <class 'numpy.ndarray'>
68.8467 	EXP 	noise: tex = <class 'numpy.ndarray'>
68.8965 	EXP 	noise: tex = <class 'numpy.ndarray'>
68.9469 	EXP 	noise: tex = <class 'numpy.ndarray'>
68.9966 	EXP 	noise: tex = <class 'numpy.ndarray'>
69.0468 	EXP 	noise: tex = <class 'numpy.ndarray'>
69.0969 	EXP 	noise: tex = <class 'numpy.ndarray'>
69.1466 	EXP 	noise: tex = <class 'numpy.ndarray'>
69.1967 	EXP 	noise: tex = <class 'numpy.ndarray'>
69.2470 	EXP 	noise: tex = <class 'numpy.ndarray'>
69.2967 	EXP 	noise: tex = <class 'numpy.ndarray'>
69.3464 	EXP 	noise: tex = <class 'numpy.ndarray'>
69.3964 	EXP 	noise: tex = <class 'numpy.ndarray'>
69.4466 	EXP 	noise: tex = <class 'numpy.ndarray'>
69.4967 	EXP 	noise: tex = <class 'numpy.ndarray'>
69.5469 	EXP 	noise: tex = <class 'numpy.ndarray'>
69.5988 	EXP 	noise: tex = <class 'numpy.ndarray'>
69.6465 	EXP 	noise: tex = <class 'numpy.ndarray'>
69.6966 	EXP 	noise: tex = <class 'numpy.ndarray'>
69.7465 	EXP 	noise: tex = <class 'numpy.ndarray'>
69.7966 	EXP 	noise: tex = <class 'numpy.ndarray'>
69.8468 	EXP 	noise: tex = <class 'numpy.ndarray'>
69.8996 	EXP 	noise: tex = <class 'numpy.ndarray'>
69.9469 	EXP 	noise: tex = <class 'numpy.ndarray'>
69.9964 	EXP 	noise: tex = <class 'numpy.ndarray'>
70.0465 	EXP 	noise: tex = <class 'numpy.ndarray'>
70.0966 	EXP 	noise: tex = <class 'numpy.ndarray'>
70.1466 	EXP 	noise: tex = <class 'numpy.ndarray'>
70.1964 	EXP 	noise: tex = <class 'numpy.ndarray'>
70.2466 	EXP 	noise: tex = <class 'numpy.ndarray'>
70.2972 	EXP 	noise: tex = <class 'numpy.ndarray'>
70.3467 	EXP 	noise: tex = <class 'numpy.ndarray'>
70.3964 	EXP 	noise: tex = <class 'numpy.ndarray'>
70.4465 	EXP 	noise: tex = <class 'numpy.ndarray'>
70.4964 	EXP 	noise: tex = <class 'numpy.ndarray'>
70.5465 	EXP 	noise: tex = <class 'numpy.ndarray'>
70.5964 	EXP 	noise: tex = <class 'numpy.ndarray'>
70.6468 	EXP 	noise: tex = <class 'numpy.ndarray'>
70.6967 	EXP 	noise: tex = <class 'numpy.ndarray'>
70.7468 	EXP 	noise: tex = <class 'numpy.ndarray'>
70.7966 	EXP 	noise: tex = <class 'numpy.ndarray'>
70.8466 	EXP 	noise: tex = <class 'numpy.ndarray'>
70.8985 	EXP 	noise: tex = <class 'numpy.ndarray'>
70.9468 	EXP 	noise: tex = <class 'numpy.ndarray'>
70.9966 	EXP 	noise: tex = <class 'numpy.ndarray'>
71.0466 	EXP 	noise: tex = <class 'numpy.ndarray'>
71.0975 	EXP 	noise: tex = <class 'numpy.ndarray'>
71.1464 	EXP 	noise: tex = <class 'numpy.ndarray'>
71.1965 	EXP 	noise: tex = <class 'numpy.ndarray'>
71.2465 	EXP 	noise: tex = <class 'numpy.ndarray'>
71.2968 	EXP 	noise: tex = <class 'numpy.ndarray'>
71.3472 	EXP 	noise: tex = <class 'numpy.ndarray'>
71.3966 	EXP 	noise: tex = <class 'numpy.ndarray'>
71.4466 	EXP 	noise: tex = <class 'numpy.ndarray'>
71.4969 	EXP 	noise: tex = <class 'numpy.ndarray'>
71.5465 	EXP 	noise: tex = <class 'numpy.ndarray'>
71.5968 	EXP 	noise: tex = <class 'numpy.ndarray'>
71.6466 	EXP 	noise: tex = <class 'numpy.ndarray'>
71.6965 	EXP 	noise: tex = <class 'numpy.ndarray'>
71.7468 	EXP 	noise: tex = <class 'numpy.ndarray'>
71.7967 	EXP 	noise: tex = <class 'numpy.ndarray'>
71.8467 	EXP 	noise: tex = <class 'numpy.ndarray'>
71.8965 	EXP 	noise: tex = <class 'numpy.ndarray'>
71.9468 	EXP 	noise: tex = <class 'numpy.ndarray'>
71.9969 	EXP 	noise: tex = <class 'numpy.ndarray'>
72.0468 	EXP 	noise: tex = <class 'numpy.ndarray'>
72.0965 	EXP 	noise: tex = <class 'numpy.ndarray'>
72.1464 	EXP 	noise: tex = <class 'numpy.ndarray'>
72.1965 	EXP 	noise: tex = <class 'numpy.ndarray'>
72.2465 	EXP 	noise: tex = <class 'numpy.ndarray'>
72.2964 	EXP 	noise: tex = <class 'numpy.ndarray'>
72.3464 	EXP 	noise: tex = <class 'numpy.ndarray'>
72.3964 	EXP 	noise: tex = <class 'numpy.ndarray'>
72.4467 	EXP 	noise: tex = <class 'numpy.ndarray'>
72.4966 	EXP 	noise: tex = <class 'numpy.ndarray'>
72.5464 	EXP 	noise: tex = <class 'numpy.ndarray'>
72.5966 	EXP 	noise: tex = <class 'numpy.ndarray'>
72.6466 	EXP 	noise: tex = <class 'numpy.ndarray'>
72.6965 	EXP 	noise: tex = <class 'numpy.ndarray'>
72.7466 	EXP 	noise: tex = <class 'numpy.ndarray'>
72.7965 	EXP 	noise: tex = <class 'numpy.ndarray'>
72.8466 	EXP 	noise: tex = <class 'numpy.ndarray'>
72.8969 	EXP 	noise: tex = <class 'numpy.ndarray'>
72.9466 	EXP 	noise: tex = <class 'numpy.ndarray'>
72.9992 	EXP 	noise: tex = <class 'numpy.ndarray'>
73.0469 	EXP 	noise: tex = <class 'numpy.ndarray'>
73.0974 	EXP 	noise: tex = <class 'numpy.ndarray'>
73.1464 	EXP 	noise: tex = <class 'numpy.ndarray'>
73.1966 	EXP 	noise: tex = <class 'numpy.ndarray'>
73.2467 	EXP 	noise: tex = <class 'numpy.ndarray'>
73.2967 	EXP 	noise: tex = <class 'numpy.ndarray'>
73.3474 	EXP 	noise: tex = <class 'numpy.ndarray'>
73.3965 	EXP 	noise: tex = <class 'numpy.ndarray'>
73.4464 	EXP 	noise: tex = <class 'numpy.ndarray'>
73.4965 	EXP 	noise: tex = <class 'numpy.ndarray'>
73.5467 	EXP 	noise: tex = <class 'numpy.ndarray'>
73.5964 	EXP 	noise: tex = <class 'numpy.ndarray'>
73.6466 	EXP 	noise: tex = <class 'numpy.ndarray'>
73.6965 	EXP 	noise: tex = <class 'numpy.ndarray'>
73.7464 	EXP 	noise: tex = <class 'numpy.ndarray'>
73.7968 	EXP 	noise: tex = <class 'numpy.ndarray'>
73.8466 	EXP 	noise: tex = <class 'numpy.ndarray'>
73.8963 	EXP 	noise: tex = <class 'numpy.ndarray'>
73.9464 	EXP 	noise: tex = <class 'numpy.ndarray'>
73.9964 	EXP 	noise: tex = <class 'numpy.ndarray'>
74.0467 	EXP 	noise: tex = <class 'numpy.ndarray'>
74.0963 	EXP 	noise: tex = <class 'numpy.ndarray'>
74.1465 	EXP 	noise: tex = <class 'numpy.ndarray'>
74.1965 	EXP 	noise: tex = <class 'numpy.ndarray'>
74.2465 	EXP 	noise: tex = <class 'numpy.ndarray'>
74.2966 	EXP 	noise: tex = <class 'numpy.ndarray'>
74.3464 	EXP 	noise: tex = <class 'numpy.ndarray'>
74.3967 	EXP 	noise: tex = <class 'numpy.ndarray'>
74.4463 	EXP 	noise: tex = <class 'numpy.ndarray'>
74.4964 	EXP 	noise: tex = <class 'numpy.ndarray'>
74.5464 	EXP 	noise: tex = <class 'numpy.ndarray'>
74.5965 	EXP 	noise: tex = <class 'numpy.ndarray'>
74.6467 	EXP 	noise: tex = <class 'numpy.ndarray'>
74.6963 	EXP 	noise: tex = <class 'numpy.ndarray'>
74.7467 	EXP 	noise: tex = <class 'numpy.ndarray'>
74.7964 	EXP 	noise: tex = <class 'numpy.ndarray'>
74.8465 	EXP 	noise: tex = <class 'numpy.ndarray'>
74.8965 	EXP 	noise: tex = <class 'numpy.ndarray'>
74.9465 	EXP 	noise: tex = <class 'numpy.ndarray'>
74.9964 	EXP 	noise: tex = <class 'numpy.ndarray'>
75.0464 	EXP 	noise: tex = <class 'numpy.ndarray'>
75.0964 	EXP 	noise: tex = <class 'numpy.ndarray'>
75.1463 	EXP 	noise: tex = <class 'numpy.ndarray'>
75.1964 	EXP 	noise: tex = <class 'numpy.ndarray'>
75.2464 	EXP 	noise: tex = <class 'numpy.ndarray'>
75.2965 	EXP 	noise: tex = <class 'numpy.ndarray'>
75.3465 	EXP 	noise: tex = <class 'numpy.ndarray'>
75.3964 	EXP 	noise: tex = <class 'numpy.ndarray'>
75.4464 	EXP 	noise: tex = <class 'numpy.ndarray'>
75.4964 	EXP 	noise: tex = <class 'numpy.ndarray'>
75.5464 	EXP 	noise: tex = <class 'numpy.ndarray'>
75.5966 	EXP 	noise: tex = <class 'numpy.ndarray'>
75.6465 	EXP 	noise: tex = <class 'numpy.ndarray'>
75.6966 	EXP 	noise: tex = <class 'numpy.ndarray'>
75.7464 	EXP 	noise: tex = <class 'numpy.ndarray'>
75.7966 	EXP 	noise: tex = <class 'numpy.ndarray'>
75.8464 	EXP 	noise: tex = <class 'numpy.ndarray'>
75.8634 	EXP 	noise_0: autoDraw = False
75.8634 	EXP 	noise: autoDraw = False
75.8634 	EXP 	blob_0: autoDraw = False
75.8634 	EXP 	blob: autoDraw = False
75.8634 	EXP 	cursor: autoDraw = False
76.2031 	EXP 	window1: mouseVisible = True
